2022-11-10 11:49:28 INFO  cic.cs.unb.ca.jnetpcap.worker.TrafficFlowWorker    Pcap is listening...
2022-11-10 11:49:30 INFO  cic.cs.unb.ca.flow.ui.FlowMonitorPane    Pcap stop listening
2022-11-10 11:49:30 INFO  cic.cs.unb.ca.flow.ui.FlowMonitorPane    path:D:\Projects\Nokia\Network Intrusion Detection System\CICIDS\CICFlowMeter\bin\data\daily\2022-11-10_Flow.csv
2022-11-10 11:49:30 DEBUG cic.cs.unb.ca.jnetpcap.worker.TrafficFlowWorker    break Packet loop
2022-11-10 11:49:38 INFO  cic.cs.unb.ca.jnetpcap.worker.TrafficFlowWorker    Pcap is listening...
2022-11-10 11:50:03 DEBUG cic.cs.unb.ca.jnetpcap.FlowGenerator    FlagFIN current has 39 flow
2022-11-10 11:50:03 DEBUG cic.cs.unb.ca.jnetpcap.FlowGenerator    FlagFIN current has 39 flow
2022-11-10 11:50:03 DEBUG cic.cs.unb.ca.jnetpcap.FlowGenerator    FlagFIN current has 40 flow
2022-11-10 11:50:03 DEBUG cic.cs.unb.ca.jnetpcap.FlowGenerator    FlagFIN current has 41 flow
2022-11-10 11:50:03 DEBUG cic.cs.unb.ca.jnetpcap.FlowGenerator    FlagFIN current has 41 flow
2022-11-10 11:50:07 DEBUG cic.cs.unb.ca.jnetpcap.FlowGenerator    FlagFIN current has 48 flow
2022-11-10 11:50:08 DEBUG cic.cs.unb.ca.jnetpcap.FlowGenerator    FlagFIN current has 48 flow
2022-11-10 11:50:21 DEBUG cic.cs.unb.ca.jnetpcap.FlowGenerator    FlagFIN current has 52 flow
2022-11-10 11:50:28 DEBUG cic.cs.unb.ca.jnetpcap.FlowGenerator    FlagFIN current has 56 flow
2022-11-10 11:50:28 DEBUG cic.cs.unb.ca.jnetpcap.FlowGenerator    FlagFIN current has 56 flow
2022-11-10 11:50:38 DEBUG cic.cs.unb.ca.jnetpcap.FlowGenerator    FlagFIN current has 66 flow
2022-11-10 11:50:38 DEBUG cic.cs.unb.ca.jnetpcap.FlowGenerator    FlagFIN current has 65 flow
2022-11-10 11:50:42 DEBUG cic.cs.unb.ca.jnetpcap.FlowGenerator    FlagFIN current has 71 flow
2022-11-10 11:50:42 DEBUG cic.cs.unb.ca.jnetpcap.FlowGenerator    FlagFIN current has 70 flow
2022-11-10 11:50:42 DEBUG cic.cs.unb.ca.jnetpcap.FlowGenerator    FlagFIN current has 69 flow
2022-11-10 11:50:42 DEBUG cic.cs.unb.ca.jnetpcap.FlowGenerator    FlagFIN current has 71 flow
2022-11-10 11:50:44 DEBUG cic.cs.unb.ca.jnetpcap.FlowGenerator    FlagFIN current has 74 flow
2022-11-10 11:50:47 DEBUG cic.cs.unb.ca.jnetpcap.FlowGenerator    FlagFIN current has 76 flow
2022-11-10 11:50:47 DEBUG cic.cs.unb.ca.jnetpcap.FlowGenerator    FlagFIN current has 76 flow
2022-11-10 11:50:49 DEBUG cic.cs.unb.ca.jnetpcap.FlowGenerator    FlagFIN current has 76 flow
2022-11-10 11:50:55 DEBUG cic.cs.unb.ca.jnetpcap.FlowGenerator    FlagFIN current has 77 flow
2022-11-10 11:51:06 DEBUG cic.cs.unb.ca.jnetpcap.FlowGenerator    FlagFIN current has 78 flow
2022-11-10 11:51:06 DEBUG cic.cs.unb.ca.jnetpcap.FlowGenerator    FlagFIN current has 78 flow
2022-11-10 11:51:06 DEBUG cic.cs.unb.ca.jnetpcap.FlowGenerator    FlagFIN current has 78 flow
2022-11-10 11:51:06 DEBUG cic.cs.unb.ca.jnetpcap.FlowGenerator    FlagFIN current has 78 flow
2022-11-10 11:51:06 DEBUG cic.cs.unb.ca.jnetpcap.FlowGenerator    FlagFIN current has 78 flow
2022-11-10 11:51:06 DEBUG cic.cs.unb.ca.jnetpcap.FlowGenerator    FlagFIN current has 78 flow
2022-11-10 11:51:19 DEBUG cic.cs.unb.ca.jnetpcap.FlowGenerator    FlagFIN current has 79 flow
2022-11-10 11:51:19 DEBUG cic.cs.unb.ca.jnetpcap.FlowGenerator    FlagFIN current has 79 flow
2022-11-10 11:51:31 DEBUG cic.cs.unb.ca.jnetpcap.FlowGenerator    FlagFIN current has 84 flow
2022-11-10 11:51:31 DEBUG cic.cs.unb.ca.jnetpcap.FlowGenerator    FlagFIN current has 84 flow
2022-11-10 11:51:31 DEBUG cic.cs.unb.ca.jnetpcap.FlowGenerator    FlagFIN current has 84 flow
2022-11-10 11:51:31 DEBUG cic.cs.unb.ca.jnetpcap.FlowGenerator    FlagFIN current has 84 flow
2022-11-10 11:51:32 DEBUG cic.cs.unb.ca.jnetpcap.FlowGenerator    FlagFIN current has 84 flow
2022-11-10 11:51:32 DEBUG cic.cs.unb.ca.jnetpcap.FlowGenerator    FlagFIN current has 84 flow
2022-11-10 11:51:32 DEBUG cic.cs.unb.ca.jnetpcap.FlowGenerator    FlagFIN current has 83 flow
2022-11-10 11:51:32 DEBUG cic.cs.unb.ca.jnetpcap.FlowGenerator    FlagFIN current has 82 flow
2022-11-10 11:51:32 DEBUG cic.cs.unb.ca.jnetpcap.FlowGenerator    FlagFIN current has 81 flow
2022-11-10 11:51:32 DEBUG cic.cs.unb.ca.jnetpcap.FlowGenerator    FlagFIN current has 80 flow
2022-11-10 11:51:34 DEBUG cic.cs.unb.ca.jnetpcap.FlowGenerator    FlagFIN current has 86 flow
2022-11-10 11:51:35 DEBUG cic.cs.unb.ca.jnetpcap.FlowGenerator    FlagFIN current has 86 flow
2022-11-10 11:51:37 DEBUG cic.cs.unb.ca.jnetpcap.FlowGenerator    FlagFIN current has 86 flow
2022-11-10 11:51:37 DEBUG cic.cs.unb.ca.jnetpcap.FlowGenerator    FlagFIN current has 86 flow
2022-11-10 11:51:37 DEBUG cic.cs.unb.ca.jnetpcap.FlowGenerator    FlagFIN current has 85 flow
2022-11-10 11:51:38 DEBUG cic.cs.unb.ca.jnetpcap.FlowGenerator    FlagFIN current has 86 flow
2022-11-10 11:51:44 DEBUG cic.cs.unb.ca.jnetpcap.FlowGenerator    FlagFIN current has 88 flow
2022-11-10 11:51:48 DEBUG cic.cs.unb.ca.jnetpcap.FlowGenerator    FlagFIN current has 88 flow
2022-11-10 11:51:48 DEBUG cic.cs.unb.ca.jnetpcap.FlowGenerator    FlagFIN current has 87 flow
2022-11-10 11:51:50 DEBUG cic.cs.unb.ca.jnetpcap.FlowGenerator    FlagFIN current has 89 flow
2022-11-10 11:51:55 DEBUG cic.cs.unb.ca.jnetpcap.FlowGenerator    FlagFIN current has 89 flow
2022-11-10 11:51:55 DEBUG cic.cs.unb.ca.jnetpcap.FlowGenerator    FlagFIN current has 89 flow
2022-11-10 11:51:57 DEBUG cic.cs.unb.ca.jnetpcap.FlowGenerator    FlagFIN current has 89 flow
2022-11-10 11:52:20 DEBUG cic.cs.unb.ca.jnetpcap.FlowGenerator    FlagFIN current has 98 flow
2022-11-10 11:52:20 DEBUG cic.cs.unb.ca.jnetpcap.FlowGenerator    FlagFIN current has 98 flow
2022-11-10 11:52:20 DEBUG cic.cs.unb.ca.jnetpcap.FlowGenerator    FlagFIN current has 98 flow
2022-11-10 11:52:21 DEBUG cic.cs.unb.ca.jnetpcap.FlowGenerator    FlagFIN current has 98 flow
2022-11-10 11:52:21 DEBUG cic.cs.unb.ca.jnetpcap.FlowGenerator    FlagFIN current has 98 flow
2022-11-10 11:52:24 DEBUG cic.cs.unb.ca.jnetpcap.FlowGenerator    FlagFIN current has 98 flow
2022-11-10 11:52:24 DEBUG cic.cs.unb.ca.jnetpcap.FlowGenerator    FlagFIN current has 97 flow
2022-11-10 11:52:24 DEBUG cic.cs.unb.ca.jnetpcap.FlowGenerator    FlagFIN current has 96 flow
2022-11-10 11:52:24 DEBUG cic.cs.unb.ca.jnetpcap.FlowGenerator    FlagFIN current has 95 flow
2022-11-10 11:52:24 DEBUG cic.cs.unb.ca.jnetpcap.FlowGenerator    FlagFIN current has 94 flow
2022-11-10 11:52:26 DEBUG cic.cs.unb.ca.jnetpcap.FlowGenerator    FlagFIN current has 99 flow
2022-11-10 11:52:26 DEBUG cic.cs.unb.ca.jnetpcap.FlowGenerator    FlagFIN current has 98 flow
2022-11-10 11:52:26 DEBUG cic.cs.unb.ca.jnetpcap.FlowGenerator    FlagFIN current has 97 flow
2022-11-10 11:52:26 DEBUG cic.cs.unb.ca.jnetpcap.FlowGenerator    FlagFIN current has 96 flow
2022-11-10 11:52:26 DEBUG cic.cs.unb.ca.jnetpcap.FlowGenerator    FlagFIN current has 95 flow
2022-11-10 11:52:31 DEBUG cic.cs.unb.ca.jnetpcap.FlowGenerator    FlagFIN current has 99 flow
2022-11-10 11:52:32 DEBUG cic.cs.unb.ca.jnetpcap.FlowGenerator    FlagFIN current has 98 flow
2022-11-10 11:52:32 DEBUG cic.cs.unb.ca.jnetpcap.FlowGenerator    FlagFIN current has 98 flow
2022-11-10 11:52:33 DEBUG cic.cs.unb.ca.jnetpcap.FlowGenerator    FlagFIN current has 98 flow
2022-11-10 11:52:33 DEBUG cic.cs.unb.ca.jnetpcap.FlowGenerator    FlagFIN current has 97 flow
2022-11-10 11:52:33 DEBUG cic.cs.unb.ca.jnetpcap.FlowGenerator    FlagFIN current has 96 flow
2022-11-10 11:52:33 DEBUG cic.cs.unb.ca.jnetpcap.FlowGenerator    FlagFIN current has 95 flow
2022-11-10 11:52:59 DEBUG cic.cs.unb.ca.jnetpcap.FlowGenerator    Timeout current has 100 flow
2022-11-10 11:53:00 DEBUG cic.cs.unb.ca.jnetpcap.FlowGenerator    Timeout current has 100 flow
2022-11-10 11:53:44 DEBUG cic.cs.unb.ca.jnetpcap.FlowGenerator    FlagFIN current has 103 flow
2022-11-10 11:53:44 DEBUG cic.cs.unb.ca.jnetpcap.FlowGenerator    FlagFIN current has 103 flow
2022-11-10 11:53:45 DEBUG cic.cs.unb.ca.jnetpcap.FlowGenerator    FlagFIN current has 103 flow
2022-11-10 11:53:45 DEBUG cic.cs.unb.ca.jnetpcap.FlowGenerator    FlagFIN current has 103 flow
2022-11-10 11:53:59 DEBUG cic.cs.unb.ca.jnetpcap.FlowGenerator    FlagFIN current has 106 flow
2022-11-10 11:53:59 DEBUG cic.cs.unb.ca.jnetpcap.FlowGenerator    FlagFIN current has 106 flow
2022-11-10 11:54:29 DEBUG cic.cs.unb.ca.jnetpcap.FlowGenerator    FlagFIN current has 111 flow
2022-11-10 11:54:38 DEBUG cic.cs.unb.ca.jnetpcap.FlowGenerator    FlagFIN current has 112 flow
2022-11-10 11:54:38 DEBUG cic.cs.unb.ca.jnetpcap.FlowGenerator    FlagFIN current has 112 flow
2022-11-10 11:55:08 DEBUG cic.cs.unb.ca.jnetpcap.FlowGenerator    FlagFIN current has 118 flow
2022-11-10 11:55:08 DEBUG cic.cs.unb.ca.jnetpcap.FlowGenerator    FlagFIN current has 118 flow
2022-11-10 11:55:26 DEBUG cic.cs.unb.ca.jnetpcap.FlowGenerator    FlagFIN current has 123 flow
2022-11-10 11:55:26 DEBUG cic.cs.unb.ca.jnetpcap.FlowGenerator    FlagFIN current has 123 flow
2022-11-10 11:55:26 DEBUG cic.cs.unb.ca.jnetpcap.FlowGenerator    FlagFIN current has 123 flow
2022-11-10 11:55:52 DEBUG cic.cs.unb.ca.jnetpcap.FlowGenerator    FlagFIN current has 126 flow
2022-11-10 11:55:52 DEBUG cic.cs.unb.ca.jnetpcap.FlowGenerator    FlagFIN current has 126 flow
2022-11-10 11:56:46 DEBUG cic.cs.unb.ca.jnetpcap.FlowGenerator    FlagFIN current has 131 flow
2022-11-10 11:56:46 DEBUG cic.cs.unb.ca.jnetpcap.FlowGenerator    FlagFIN current has 131 flow
2022-11-10 11:56:46 DEBUG cic.cs.unb.ca.jnetpcap.FlowGenerator    FlagFIN current has 131 flow
2022-11-10 11:56:47 DEBUG cic.cs.unb.ca.jnetpcap.FlowGenerator    FlagFIN current has 131 flow
2022-11-10 11:56:47 DEBUG cic.cs.unb.ca.jnetpcap.FlowGenerator    FlagFIN current has 131 flow
2022-11-10 11:56:57 DEBUG cic.cs.unb.ca.jnetpcap.FlowGenerator    FlagFIN current has 132 flow
2022-11-10 11:56:57 DEBUG cic.cs.unb.ca.jnetpcap.FlowGenerator    FlagFIN current has 131 flow
2022-11-10 11:56:57 DEBUG cic.cs.unb.ca.jnetpcap.FlowGenerator    FlagFIN current has 131 flow
2022-11-10 11:57:08 DEBUG cic.cs.unb.ca.jnetpcap.FlowGenerator    FlagFIN current has 133 flow
2022-11-10 11:57:49 DEBUG cic.cs.unb.ca.jnetpcap.FlowGenerator    FlagFIN current has 138 flow
2022-11-10 11:57:49 DEBUG cic.cs.unb.ca.jnetpcap.FlowGenerator    FlagFIN current has 138 flow
2022-11-10 11:58:03 DEBUG cic.cs.unb.ca.jnetpcap.FlowGenerator    FlagFIN current has 146 flow
2022-11-10 11:58:03 DEBUG cic.cs.unb.ca.jnetpcap.FlowGenerator    FlagFIN current has 146 flow
2022-11-10 11:58:12 DEBUG cic.cs.unb.ca.jnetpcap.FlowGenerator    FlagFIN current has 146 flow
2022-11-10 11:58:12 DEBUG cic.cs.unb.ca.jnetpcap.FlowGenerator    FlagFIN current has 146 flow
2022-11-10 11:59:35 DEBUG cic.cs.unb.ca.jnetpcap.FlowGenerator    FlagFIN current has 157 flow
2022-11-10 12:00:36 DEBUG cic.cs.unb.ca.jnetpcap.FlowGenerator    FlagFIN current has 166 flow
2022-11-10 12:00:44 DEBUG cic.cs.unb.ca.jnetpcap.FlowGenerator    FlagFIN current has 168 flow
2022-11-10 12:00:44 DEBUG cic.cs.unb.ca.jnetpcap.FlowGenerator    FlagFIN current has 168 flow
2022-11-10 12:02:30 DEBUG cic.cs.unb.ca.jnetpcap.FlowGenerator    FlagFIN current has 188 flow
2022-11-10 12:02:30 DEBUG cic.cs.unb.ca.jnetpcap.FlowGenerator    FlagFIN current has 188 flow
2022-11-10 12:02:39 DEBUG cic.cs.unb.ca.jnetpcap.FlowGenerator    FlagFIN current has 188 flow
2022-11-10 12:02:40 DEBUG cic.cs.unb.ca.jnetpcap.FlowGenerator    FlagFIN current has 191 flow
2022-11-10 12:02:40 DEBUG cic.cs.unb.ca.jnetpcap.FlowGenerator    FlagFIN current has 191 flow
2022-11-10 12:02:54 DEBUG cic.cs.unb.ca.jnetpcap.FlowGenerator    FlagFIN current has 191 flow
2022-11-10 12:02:54 DEBUG cic.cs.unb.ca.jnetpcap.FlowGenerator    FlagFIN current has 190 flow
2022-11-10 12:03:08 DEBUG cic.cs.unb.ca.jnetpcap.FlowGenerator    FlagFIN current has 195 flow
2022-11-10 12:03:09 DEBUG cic.cs.unb.ca.jnetpcap.FlowGenerator    FlagFIN current has 195 flow
2022-11-10 12:03:40 DEBUG cic.cs.unb.ca.jnetpcap.FlowGenerator    FlagFIN current has 206 flow
2022-11-10 12:04:12 DEBUG cic.cs.unb.ca.jnetpcap.FlowGenerator    FlagFIN current has 237 flow
2022-11-10 12:04:12 DEBUG cic.cs.unb.ca.jnetpcap.FlowGenerator    FlagFIN current has 237 flow
2022-11-10 12:04:18 DEBUG cic.cs.unb.ca.jnetpcap.FlowGenerator    FlagFIN current has 239 flow
2022-11-10 12:04:28 DEBUG cic.cs.unb.ca.jnetpcap.FlowGenerator    FlagFIN current has 239 flow
2022-11-10 12:04:58 DEBUG cic.cs.unb.ca.jnetpcap.FlowGenerator    FlagFIN current has 244 flow
2022-11-10 12:05:04 DEBUG cic.cs.unb.ca.jnetpcap.FlowGenerator    FlagFIN current has 244 flow
2022-11-10 12:05:04 DEBUG cic.cs.unb.ca.jnetpcap.FlowGenerator    FlagFIN current has 244 flow
2022-11-10 12:05:05 DEBUG cic.cs.unb.ca.jnetpcap.FlowGenerator    FlagFIN current has 244 flow
2022-11-10 12:05:05 DEBUG cic.cs.unb.ca.jnetpcap.FlowGenerator    FlagFIN current has 244 flow
2022-11-10 12:05:14 DEBUG cic.cs.unb.ca.jnetpcap.FlowGenerator    Timeout current has 250 flow
2022-11-10 12:05:43 DEBUG cic.cs.unb.ca.jnetpcap.FlowGenerator    FlagFIN current has 254 flow
2022-11-10 12:06:59 DEBUG cic.cs.unb.ca.jnetpcap.FlowGenerator    FlagFIN current has 265 flow
2022-11-10 12:06:59 DEBUG cic.cs.unb.ca.jnetpcap.FlowGenerator    FlagFIN current has 265 flow
2022-11-10 12:07:18 DEBUG cic.cs.unb.ca.jnetpcap.FlowGenerator    FlagFIN current has 266 flow
2022-11-10 12:07:18 DEBUG cic.cs.unb.ca.jnetpcap.FlowGenerator    FlagFIN current has 266 flow
2022-11-10 12:07:18 DEBUG cic.cs.unb.ca.jnetpcap.FlowGenerator    FlagFIN current has 266 flow
2022-11-10 12:07:19 DEBUG cic.cs.unb.ca.jnetpcap.FlowGenerator    FlagFIN current has 266 flow
2022-11-10 12:07:19 DEBUG cic.cs.unb.ca.jnetpcap.FlowGenerator    FlagFIN current has 266 flow
2022-11-10 12:07:19 DEBUG cic.cs.unb.ca.jnetpcap.FlowGenerator    FlagFIN current has 267 flow
2022-11-10 12:08:08 DEBUG cic.cs.unb.ca.jnetpcap.FlowGenerator    FlagFIN current has 280 flow
2022-11-10 12:08:08 DEBUG cic.cs.unb.ca.jnetpcap.FlowGenerator    FlagFIN current has 280 flow
2022-11-10 12:08:15 DEBUG cic.cs.unb.ca.jnetpcap.FlowGenerator    FlagFIN current has 281 flow
2022-11-10 12:08:15 DEBUG cic.cs.unb.ca.jnetpcap.FlowGenerator    FlagFIN current has 281 flow
2022-11-10 12:09:07 DEBUG cic.cs.unb.ca.jnetpcap.FlowGenerator    FlagFIN current has 302 flow
2022-11-10 12:09:07 DEBUG cic.cs.unb.ca.jnetpcap.FlowGenerator    FlagFIN current has 301 flow
2022-11-10 12:09:07 DEBUG cic.cs.unb.ca.jnetpcap.FlowGenerator    FlagFIN current has 300 flow
2022-11-10 12:09:07 DEBUG cic.cs.unb.ca.jnetpcap.FlowGenerator    FlagFIN current has 299 flow
2022-11-10 12:09:07 DEBUG cic.cs.unb.ca.jnetpcap.FlowGenerator    FlagFIN current has 301 flow
2022-11-10 12:09:07 DEBUG cic.cs.unb.ca.jnetpcap.FlowGenerator    FlagFIN current has 300 flow
2022-11-10 12:09:07 DEBUG cic.cs.unb.ca.jnetpcap.FlowGenerator    FlagFIN current has 300 flow
2022-11-10 12:09:07 DEBUG cic.cs.unb.ca.jnetpcap.FlowGenerator    FlagFIN current has 299 flow
2022-11-10 12:09:09 DEBUG cic.cs.unb.ca.jnetpcap.FlowGenerator    FlagFIN current has 316 flow
2022-11-10 12:09:09 DEBUG cic.cs.unb.ca.jnetpcap.FlowGenerator    FlagFIN current has 315 flow
2022-11-10 12:09:09 DEBUG cic.cs.unb.ca.jnetpcap.FlowGenerator    FlagFIN current has 314 flow
2022-11-10 12:09:09 DEBUG cic.cs.unb.ca.jnetpcap.FlowGenerator    FlagFIN current has 315 flow
2022-11-10 12:09:09 DEBUG cic.cs.unb.ca.jnetpcap.FlowGenerator    FlagFIN current has 315 flow
2022-11-10 12:09:12 DEBUG cic.cs.unb.ca.jnetpcap.FlowGenerator    FlagFIN current has 327 flow
2022-11-10 12:09:12 DEBUG cic.cs.unb.ca.jnetpcap.FlowGenerator    FlagFIN current has 326 flow
2022-11-10 12:09:12 DEBUG cic.cs.unb.ca.jnetpcap.FlowGenerator    FlagFIN current has 325 flow
2022-11-10 12:09:12 DEBUG cic.cs.unb.ca.jnetpcap.FlowGenerator    FlagFIN current has 324 flow
2022-11-10 12:09:12 DEBUG cic.cs.unb.ca.jnetpcap.FlowGenerator    FlagFIN current has 323 flow
2022-11-10 12:09:12 DEBUG cic.cs.unb.ca.jnetpcap.FlowGenerator    FlagFIN current has 330 flow
2022-11-10 12:09:12 DEBUG cic.cs.unb.ca.jnetpcap.FlowGenerator    FlagFIN current has 329 flow
2022-11-10 12:09:12 DEBUG cic.cs.unb.ca.jnetpcap.FlowGenerator    FlagFIN current has 329 flow
2022-11-10 12:09:21 DEBUG cic.cs.unb.ca.jnetpcap.FlowGenerator    FlagFIN current has 332 flow
2022-11-10 12:09:28 DEBUG cic.cs.unb.ca.jnetpcap.FlowGenerator    FlagFIN current has 334 flow
2022-11-10 12:09:28 DEBUG cic.cs.unb.ca.jnetpcap.FlowGenerator    FlagFIN current has 333 flow
2022-11-10 12:09:44 DEBUG cic.cs.unb.ca.jnetpcap.FlowGenerator    FlagFIN current has 336 flow
2022-11-10 12:09:44 DEBUG cic.cs.unb.ca.jnetpcap.FlowGenerator    FlagFIN current has 336 flow
2022-11-10 12:09:47 DEBUG cic.cs.unb.ca.jnetpcap.FlowGenerator    FlagFIN current has 336 flow
2022-11-10 12:09:47 DEBUG cic.cs.unb.ca.jnetpcap.FlowGenerator    FlagFIN current has 336 flow
2022-11-10 12:10:02 DEBUG cic.cs.unb.ca.jnetpcap.FlowGenerator    FlagFIN current has 340 flow
2022-11-10 12:10:02 DEBUG cic.cs.unb.ca.jnetpcap.FlowGenerator    FlagFIN current has 340 flow
2022-11-10 12:10:02 DEBUG cic.cs.unb.ca.jnetpcap.FlowGenerator    FlagFIN current has 340 flow
2022-11-10 12:10:02 DEBUG cic.cs.unb.ca.jnetpcap.FlowGenerator    FlagFIN current has 340 flow
2022-11-10 12:10:02 DEBUG cic.cs.unb.ca.jnetpcap.FlowGenerator    FlagFIN current has 340 flow
2022-11-10 12:10:02 DEBUG cic.cs.unb.ca.jnetpcap.FlowGenerator    FlagFIN current has 339 flow
2022-11-10 12:10:04 DEBUG cic.cs.unb.ca.jnetpcap.FlowGenerator    FlagFIN current has 340 flow
2022-11-10 12:10:04 DEBUG cic.cs.unb.ca.jnetpcap.FlowGenerator    FlagFIN current has 340 flow
2022-11-10 12:10:07 DEBUG cic.cs.unb.ca.jnetpcap.FlowGenerator    FlagFIN current has 347 flow
2022-11-10 12:10:07 DEBUG cic.cs.unb.ca.jnetpcap.FlowGenerator    FlagFIN current has 347 flow
2022-11-10 12:10:10 DEBUG cic.cs.unb.ca.jnetpcap.FlowGenerator    FlagFIN current has 352 flow
2022-11-10 12:10:10 DEBUG cic.cs.unb.ca.jnetpcap.FlowGenerator    FlagFIN current has 352 flow
2022-11-10 12:10:11 DEBUG cic.cs.unb.ca.jnetpcap.FlowGenerator    FlagFIN current has 354 flow
2022-11-10 12:10:11 DEBUG cic.cs.unb.ca.jnetpcap.FlowGenerator    FlagFIN current has 354 flow
2022-11-10 12:10:11 DEBUG cic.cs.unb.ca.jnetpcap.FlowGenerator    FlagFIN current has 355 flow
2022-11-10 12:10:11 DEBUG cic.cs.unb.ca.jnetpcap.FlowGenerator    FlagFIN current has 356 flow
2022-11-10 12:10:11 DEBUG cic.cs.unb.ca.jnetpcap.FlowGenerator    FlagFIN current has 356 flow
2022-11-10 12:10:11 DEBUG cic.cs.unb.ca.jnetpcap.FlowGenerator    FlagFIN current has 357 flow
2022-11-10 12:10:11 DEBUG cic.cs.unb.ca.jnetpcap.FlowGenerator    FlagFIN current has 357 flow
2022-11-10 12:10:11 DEBUG cic.cs.unb.ca.jnetpcap.FlowGenerator    FlagFIN current has 358 flow
2022-11-10 12:10:11 DEBUG cic.cs.unb.ca.jnetpcap.FlowGenerator    FlagFIN current has 358 flow
2022-11-10 12:10:15 DEBUG cic.cs.unb.ca.jnetpcap.FlowGenerator    FlagFIN current has 359 flow
2022-11-10 12:10:15 DEBUG cic.cs.unb.ca.jnetpcap.FlowGenerator    FlagFIN current has 359 flow
2022-11-10 12:10:15 DEBUG cic.cs.unb.ca.jnetpcap.FlowGenerator    FlagFIN current has 359 flow
2022-11-10 12:10:16 DEBUG cic.cs.unb.ca.jnetpcap.FlowGenerator    FlagFIN current has 360 flow
2022-11-10 12:10:16 DEBUG cic.cs.unb.ca.jnetpcap.FlowGenerator    FlagFIN current has 361 flow
2022-11-10 12:10:16 DEBUG cic.cs.unb.ca.jnetpcap.FlowGenerator    FlagFIN current has 362 flow
2022-11-10 12:10:16 DEBUG cic.cs.unb.ca.jnetpcap.FlowGenerator    FlagFIN current has 362 flow
2022-11-10 12:10:16 DEBUG cic.cs.unb.ca.jnetpcap.FlowGenerator    FlagFIN current has 363 flow
2022-11-10 12:10:16 DEBUG cic.cs.unb.ca.jnetpcap.FlowGenerator    FlagFIN current has 363 flow
2022-11-10 12:10:16 DEBUG cic.cs.unb.ca.jnetpcap.FlowGenerator    FlagFIN current has 364 flow
2022-11-10 12:10:16 DEBUG cic.cs.unb.ca.jnetpcap.FlowGenerator    FlagFIN current has 364 flow
2022-11-10 12:10:16 DEBUG cic.cs.unb.ca.jnetpcap.FlowGenerator    FlagFIN current has 365 flow
2022-11-10 12:10:16 DEBUG cic.cs.unb.ca.jnetpcap.FlowGenerator    FlagFIN current has 365 flow
2022-11-10 12:10:16 DEBUG cic.cs.unb.ca.jnetpcap.FlowGenerator    FlagFIN current has 366 flow
2022-11-10 12:10:16 DEBUG cic.cs.unb.ca.jnetpcap.FlowGenerator    FlagFIN current has 366 flow
2022-11-10 12:10:16 DEBUG cic.cs.unb.ca.jnetpcap.FlowGenerator    FlagFIN current has 367 flow
2022-11-10 12:10:16 DEBUG cic.cs.unb.ca.jnetpcap.FlowGenerator    FlagFIN current has 367 flow
2022-11-10 12:10:16 DEBUG cic.cs.unb.ca.jnetpcap.FlowGenerator    FlagFIN current has 368 flow
2022-11-10 12:10:16 DEBUG cic.cs.unb.ca.jnetpcap.FlowGenerator    FlagFIN current has 368 flow
2022-11-10 12:10:16 DEBUG cic.cs.unb.ca.jnetpcap.FlowGenerator    FlagFIN current has 369 flow
2022-11-10 12:10:16 DEBUG cic.cs.unb.ca.jnetpcap.FlowGenerator    FlagFIN current has 369 flow
2022-11-10 12:10:16 DEBUG cic.cs.unb.ca.jnetpcap.FlowGenerator    FlagFIN current has 370 flow
2022-11-10 12:10:16 DEBUG cic.cs.unb.ca.jnetpcap.FlowGenerator    FlagFIN current has 370 flow
2022-11-10 12:10:16 DEBUG cic.cs.unb.ca.jnetpcap.FlowGenerator    FlagFIN current has 371 flow
2022-11-10 12:10:16 DEBUG cic.cs.unb.ca.jnetpcap.FlowGenerator    FlagFIN current has 371 flow
2022-11-10 12:10:16 DEBUG cic.cs.unb.ca.jnetpcap.FlowGenerator    FlagFIN current has 372 flow
2022-11-10 12:10:16 DEBUG cic.cs.unb.ca.jnetpcap.FlowGenerator    FlagFIN current has 372 flow
2022-11-10 12:10:17 DEBUG cic.cs.unb.ca.jnetpcap.FlowGenerator    FlagFIN current has 373 flow
2022-11-10 12:10:17 DEBUG cic.cs.unb.ca.jnetpcap.FlowGenerator    FlagFIN current has 373 flow
2022-11-10 12:10:18 DEBUG cic.cs.unb.ca.jnetpcap.FlowGenerator    FlagFIN current has 374 flow
2022-11-10 12:10:18 DEBUG cic.cs.unb.ca.jnetpcap.FlowGenerator    FlagFIN current has 374 flow
2022-11-10 12:10:18 DEBUG cic.cs.unb.ca.jnetpcap.FlowGenerator    FlagFIN current has 375 flow
2022-11-10 12:10:18 DEBUG cic.cs.unb.ca.jnetpcap.FlowGenerator    FlagFIN current has 375 flow
2022-11-10 12:10:18 DEBUG cic.cs.unb.ca.jnetpcap.FlowGenerator    FlagFIN current has 376 flow
2022-11-10 12:10:18 DEBUG cic.cs.unb.ca.jnetpcap.FlowGenerator    FlagFIN current has 376 flow
2022-11-10 12:10:18 DEBUG cic.cs.unb.ca.jnetpcap.FlowGenerator    FlagFIN current has 377 flow
2022-11-10 12:10:18 DEBUG cic.cs.unb.ca.jnetpcap.FlowGenerator    FlagFIN current has 377 flow
2022-11-10 12:10:19 DEBUG cic.cs.unb.ca.jnetpcap.FlowGenerator    FlagFIN current has 378 flow
2022-11-10 12:10:19 DEBUG cic.cs.unb.ca.jnetpcap.FlowGenerator    FlagFIN current has 378 flow
2022-11-10 12:10:19 DEBUG cic.cs.unb.ca.jnetpcap.FlowGenerator    FlagFIN current has 379 flow
2022-11-10 12:10:19 DEBUG cic.cs.unb.ca.jnetpcap.FlowGenerator    FlagFIN current has 380 flow
2022-11-10 12:10:19 DEBUG cic.cs.unb.ca.jnetpcap.FlowGenerator    FlagFIN current has 380 flow
2022-11-10 12:10:19 DEBUG cic.cs.unb.ca.jnetpcap.FlowGenerator    FlagFIN current has 381 flow
2022-11-10 12:10:19 DEBUG cic.cs.unb.ca.jnetpcap.FlowGenerator    FlagFIN current has 381 flow
2022-11-10 12:10:20 DEBUG cic.cs.unb.ca.jnetpcap.FlowGenerator    FlagFIN current has 382 flow
2022-11-10 12:10:20 DEBUG cic.cs.unb.ca.jnetpcap.FlowGenerator    FlagFIN current has 382 flow
2022-11-10 12:10:20 DEBUG cic.cs.unb.ca.jnetpcap.FlowGenerator    FlagFIN current has 383 flow
2022-11-10 12:10:20 DEBUG cic.cs.unb.ca.jnetpcap.FlowGenerator    FlagFIN current has 383 flow
2022-11-10 12:10:20 DEBUG cic.cs.unb.ca.jnetpcap.FlowGenerator    FlagFIN current has 384 flow
2022-11-10 12:10:20 DEBUG cic.cs.unb.ca.jnetpcap.FlowGenerator    FlagFIN current has 384 flow
2022-11-10 12:10:20 DEBUG cic.cs.unb.ca.jnetpcap.FlowGenerator    FlagFIN current has 385 flow
2022-11-10 12:10:20 DEBUG cic.cs.unb.ca.jnetpcap.FlowGenerator    FlagFIN current has 385 flow
2022-11-10 12:10:21 DEBUG cic.cs.unb.ca.jnetpcap.FlowGenerator    FlagFIN current has 387 flow
2022-11-10 12:10:21 DEBUG cic.cs.unb.ca.jnetpcap.FlowGenerator    FlagFIN current has 387 flow
2022-11-10 12:10:21 DEBUG cic.cs.unb.ca.jnetpcap.FlowGenerator    FlagFIN current has 388 flow
2022-11-10 12:10:21 DEBUG cic.cs.unb.ca.jnetpcap.FlowGenerator    FlagFIN current has 388 flow
2022-11-10 12:10:21 DEBUG cic.cs.unb.ca.jnetpcap.FlowGenerator    FlagFIN current has 389 flow
2022-11-10 12:10:21 DEBUG cic.cs.unb.ca.jnetpcap.FlowGenerator    FlagFIN current has 389 flow
2022-11-10 12:10:21 DEBUG cic.cs.unb.ca.jnetpcap.FlowGenerator    FlagFIN current has 390 flow
2022-11-10 12:10:21 DEBUG cic.cs.unb.ca.jnetpcap.FlowGenerator    FlagFIN current has 390 flow
2022-11-10 12:10:21 DEBUG cic.cs.unb.ca.jnetpcap.FlowGenerator    FlagFIN current has 390 flow
2022-11-10 12:10:21 DEBUG cic.cs.unb.ca.jnetpcap.FlowGenerator    FlagFIN current has 389 flow
2022-11-10 12:10:22 DEBUG cic.cs.unb.ca.jnetpcap.FlowGenerator    FlagFIN current has 391 flow
2022-11-10 12:10:22 DEBUG cic.cs.unb.ca.jnetpcap.FlowGenerator    FlagFIN current has 391 flow
2022-11-10 12:10:22 DEBUG cic.cs.unb.ca.jnetpcap.FlowGenerator    FlagFIN current has 392 flow
2022-11-10 12:10:22 DEBUG cic.cs.unb.ca.jnetpcap.FlowGenerator    FlagFIN current has 392 flow
2022-11-10 12:10:22 DEBUG cic.cs.unb.ca.jnetpcap.FlowGenerator    FlagFIN current has 393 flow
2022-11-10 12:10:22 DEBUG cic.cs.unb.ca.jnetpcap.FlowGenerator    FlagFIN current has 393 flow
2022-11-10 12:10:22 DEBUG cic.cs.unb.ca.jnetpcap.FlowGenerator    FlagFIN current has 394 flow
2022-11-10 12:10:22 DEBUG cic.cs.unb.ca.jnetpcap.FlowGenerator    FlagFIN current has 394 flow
2022-11-10 12:10:22 DEBUG cic.cs.unb.ca.jnetpcap.FlowGenerator    FlagFIN current has 395 flow
2022-11-10 12:10:22 DEBUG cic.cs.unb.ca.jnetpcap.FlowGenerator    FlagFIN current has 396 flow
2022-11-10 12:10:22 DEBUG cic.cs.unb.ca.jnetpcap.FlowGenerator    FlagFIN current has 396 flow
2022-11-10 12:10:22 DEBUG cic.cs.unb.ca.jnetpcap.FlowGenerator    FlagFIN current has 397 flow
2022-11-10 12:10:22 DEBUG cic.cs.unb.ca.jnetpcap.FlowGenerator    FlagFIN current has 397 flow
2022-11-10 12:10:22 DEBUG cic.cs.unb.ca.jnetpcap.FlowGenerator    FlagFIN current has 398 flow
2022-11-10 12:10:22 DEBUG cic.cs.unb.ca.jnetpcap.FlowGenerator    FlagFIN current has 398 flow
2022-11-10 12:10:23 DEBUG cic.cs.unb.ca.jnetpcap.FlowGenerator    FlagFIN current has 399 flow
2022-11-10 12:10:23 DEBUG cic.cs.unb.ca.jnetpcap.FlowGenerator    FlagFIN current has 399 flow
2022-11-10 12:10:23 DEBUG cic.cs.unb.ca.jnetpcap.FlowGenerator    FlagFIN current has 400 flow
2022-11-10 12:10:23 DEBUG cic.cs.unb.ca.jnetpcap.FlowGenerator    FlagFIN current has 400 flow
2022-11-10 12:10:23 DEBUG cic.cs.unb.ca.jnetpcap.FlowGenerator    FlagFIN current has 401 flow
2022-11-10 12:10:23 DEBUG cic.cs.unb.ca.jnetpcap.FlowGenerator    FlagFIN current has 401 flow
2022-11-10 12:10:23 DEBUG cic.cs.unb.ca.jnetpcap.FlowGenerator    FlagFIN current has 402 flow
2022-11-10 12:10:24 DEBUG cic.cs.unb.ca.jnetpcap.FlowGenerator    FlagFIN current has 403 flow
2022-11-10 12:10:24 DEBUG cic.cs.unb.ca.jnetpcap.FlowGenerator    FlagFIN current has 403 flow
2022-11-10 12:10:24 DEBUG cic.cs.unb.ca.jnetpcap.FlowGenerator    FlagFIN current has 404 flow
2022-11-10 12:10:24 DEBUG cic.cs.unb.ca.jnetpcap.FlowGenerator    FlagFIN current has 404 flow
2022-11-10 12:10:24 DEBUG cic.cs.unb.ca.jnetpcap.FlowGenerator    FlagFIN current has 405 flow
2022-11-10 12:10:24 DEBUG cic.cs.unb.ca.jnetpcap.FlowGenerator    FlagFIN current has 405 flow
2022-11-10 12:10:24 DEBUG cic.cs.unb.ca.jnetpcap.FlowGenerator    FlagFIN current has 406 flow
2022-11-10 12:10:24 DEBUG cic.cs.unb.ca.jnetpcap.FlowGenerator    FlagFIN current has 406 flow
2022-11-10 12:10:24 DEBUG cic.cs.unb.ca.jnetpcap.FlowGenerator    FlagFIN current has 407 flow
2022-11-10 12:10:24 DEBUG cic.cs.unb.ca.jnetpcap.FlowGenerator    FlagFIN current has 407 flow
2022-11-10 12:10:24 DEBUG cic.cs.unb.ca.jnetpcap.FlowGenerator    FlagFIN current has 408 flow
2022-11-10 12:10:24 DEBUG cic.cs.unb.ca.jnetpcap.FlowGenerator    FlagFIN current has 408 flow
2022-11-10 12:10:24 DEBUG cic.cs.unb.ca.jnetpcap.FlowGenerator    FlagFIN current has 409 flow
2022-11-10 12:10:24 DEBUG cic.cs.unb.ca.jnetpcap.FlowGenerator    FlagFIN current has 409 flow
2022-11-10 12:10:24 DEBUG cic.cs.unb.ca.jnetpcap.FlowGenerator    FlagFIN current has 410 flow
2022-11-10 12:10:24 DEBUG cic.cs.unb.ca.jnetpcap.FlowGenerator    FlagFIN current has 410 flow
2022-11-10 12:10:26 DEBUG cic.cs.unb.ca.jnetpcap.FlowGenerator    FlagFIN current has 411 flow
2022-11-10 12:10:26 DEBUG cic.cs.unb.ca.jnetpcap.FlowGenerator    FlagFIN current has 411 flow
2022-11-10 12:10:26 DEBUG cic.cs.unb.ca.jnetpcap.FlowGenerator    FlagFIN current has 412 flow
2022-11-10 12:10:26 DEBUG cic.cs.unb.ca.jnetpcap.FlowGenerator    FlagFIN current has 412 flow
2022-11-10 12:10:26 DEBUG cic.cs.unb.ca.jnetpcap.FlowGenerator    FlagFIN current has 413 flow
2022-11-10 12:10:26 DEBUG cic.cs.unb.ca.jnetpcap.FlowGenerator    FlagFIN current has 413 flow
2022-11-10 12:10:26 DEBUG cic.cs.unb.ca.jnetpcap.FlowGenerator    FlagFIN current has 414 flow
2022-11-10 12:10:26 DEBUG cic.cs.unb.ca.jnetpcap.FlowGenerator    FlagFIN current has 415 flow
2022-11-10 12:10:26 DEBUG cic.cs.unb.ca.jnetpcap.FlowGenerator    FlagFIN current has 415 flow
2022-11-10 12:10:26 DEBUG cic.cs.unb.ca.jnetpcap.FlowGenerator    FlagFIN current has 416 flow
2022-11-10 12:10:26 DEBUG cic.cs.unb.ca.jnetpcap.FlowGenerator    FlagFIN current has 416 flow
2022-11-10 12:10:26 DEBUG cic.cs.unb.ca.jnetpcap.FlowGenerator    FlagFIN current has 417 flow
2022-11-10 12:10:26 DEBUG cic.cs.unb.ca.jnetpcap.FlowGenerator    FlagFIN current has 417 flow
2022-11-10 12:10:26 DEBUG cic.cs.unb.ca.jnetpcap.FlowGenerator    FlagFIN current has 418 flow
2022-11-10 12:10:26 DEBUG cic.cs.unb.ca.jnetpcap.FlowGenerator    FlagFIN current has 418 flow
2022-11-10 12:10:26 DEBUG cic.cs.unb.ca.jnetpcap.FlowGenerator    FlagFIN current has 419 flow
2022-11-10 12:10:26 DEBUG cic.cs.unb.ca.jnetpcap.FlowGenerator    FlagFIN current has 419 flow
2022-11-10 12:10:26 DEBUG cic.cs.unb.ca.jnetpcap.FlowGenerator    FlagFIN current has 420 flow
2022-11-10 12:10:26 DEBUG cic.cs.unb.ca.jnetpcap.FlowGenerator    FlagFIN current has 420 flow
2022-11-10 12:10:27 DEBUG cic.cs.unb.ca.jnetpcap.FlowGenerator    FlagFIN current has 422 flow
2022-11-10 12:10:27 DEBUG cic.cs.unb.ca.jnetpcap.FlowGenerator    FlagFIN current has 422 flow
2022-11-10 12:10:28 DEBUG cic.cs.unb.ca.jnetpcap.FlowGenerator    FlagFIN current has 423 flow
2022-11-10 12:10:28 DEBUG cic.cs.unb.ca.jnetpcap.FlowGenerator    FlagFIN current has 424 flow
2022-11-10 12:10:28 DEBUG cic.cs.unb.ca.jnetpcap.FlowGenerator    FlagFIN current has 425 flow
2022-11-10 12:10:28 DEBUG cic.cs.unb.ca.jnetpcap.FlowGenerator    FlagFIN current has 425 flow
2022-11-10 12:10:28 DEBUG cic.cs.unb.ca.jnetpcap.FlowGenerator    FlagFIN current has 426 flow
2022-11-10 12:10:28 DEBUG cic.cs.unb.ca.jnetpcap.FlowGenerator    FlagFIN current has 426 flow
2022-11-10 12:10:28 DEBUG cic.cs.unb.ca.jnetpcap.FlowGenerator    FlagFIN current has 427 flow
2022-11-10 12:10:28 DEBUG cic.cs.unb.ca.jnetpcap.FlowGenerator    FlagFIN current has 428 flow
2022-11-10 12:10:28 DEBUG cic.cs.unb.ca.jnetpcap.FlowGenerator    FlagFIN current has 429 flow
2022-11-10 12:10:28 DEBUG cic.cs.unb.ca.jnetpcap.FlowGenerator    FlagFIN current has 429 flow
2022-11-10 12:10:28 DEBUG cic.cs.unb.ca.jnetpcap.FlowGenerator    FlagFIN current has 430 flow
2022-11-10 12:10:28 DEBUG cic.cs.unb.ca.jnetpcap.FlowGenerator    FlagFIN current has 430 flow
2022-11-10 12:10:28 DEBUG cic.cs.unb.ca.jnetpcap.FlowGenerator    FlagFIN current has 431 flow
2022-11-10 12:10:28 DEBUG cic.cs.unb.ca.jnetpcap.FlowGenerator    FlagFIN current has 431 flow
2022-11-10 12:10:28 DEBUG cic.cs.unb.ca.jnetpcap.FlowGenerator    FlagFIN current has 432 flow
2022-11-10 12:10:28 DEBUG cic.cs.unb.ca.jnetpcap.FlowGenerator    FlagFIN current has 432 flow
2022-11-10 12:10:28 DEBUG cic.cs.unb.ca.jnetpcap.FlowGenerator    FlagFIN current has 433 flow
2022-11-10 12:10:28 DEBUG cic.cs.unb.ca.jnetpcap.FlowGenerator    FlagFIN current has 433 flow
2022-11-10 12:10:28 DEBUG cic.cs.unb.ca.jnetpcap.FlowGenerator    FlagFIN current has 434 flow
2022-11-10 12:10:28 DEBUG cic.cs.unb.ca.jnetpcap.FlowGenerator    FlagFIN current has 434 flow
2022-11-10 12:10:28 DEBUG cic.cs.unb.ca.jnetpcap.FlowGenerator    FlagFIN current has 435 flow
2022-11-10 12:10:28 DEBUG cic.cs.unb.ca.jnetpcap.FlowGenerator    FlagFIN current has 435 flow
2022-11-10 12:10:28 DEBUG cic.cs.unb.ca.jnetpcap.FlowGenerator    FlagFIN current has 436 flow
2022-11-10 12:10:28 DEBUG cic.cs.unb.ca.jnetpcap.FlowGenerator    FlagFIN current has 436 flow
2022-11-10 12:10:28 DEBUG cic.cs.unb.ca.jnetpcap.FlowGenerator    FlagFIN current has 437 flow
2022-11-10 12:10:28 DEBUG cic.cs.unb.ca.jnetpcap.FlowGenerator    FlagFIN current has 437 flow
2022-11-10 12:10:28 DEBUG cic.cs.unb.ca.jnetpcap.FlowGenerator    FlagFIN current has 438 flow
2022-11-10 12:10:28 DEBUG cic.cs.unb.ca.jnetpcap.FlowGenerator    FlagFIN current has 438 flow
2022-11-10 12:10:28 DEBUG cic.cs.unb.ca.jnetpcap.FlowGenerator    FlagFIN current has 439 flow
2022-11-10 12:10:28 DEBUG cic.cs.unb.ca.jnetpcap.FlowGenerator    FlagFIN current has 439 flow
2022-11-10 12:10:28 DEBUG cic.cs.unb.ca.jnetpcap.FlowGenerator    FlagFIN current has 440 flow
2022-11-10 12:10:28 DEBUG cic.cs.unb.ca.jnetpcap.FlowGenerator    FlagFIN current has 440 flow
2022-11-10 12:10:28 DEBUG cic.cs.unb.ca.jnetpcap.FlowGenerator    FlagFIN current has 441 flow
2022-11-10 12:10:28 DEBUG cic.cs.unb.ca.jnetpcap.FlowGenerator    FlagFIN current has 441 flow
2022-11-10 12:10:29 DEBUG cic.cs.unb.ca.jnetpcap.FlowGenerator    FlagFIN current has 442 flow
2022-11-10 12:10:29 DEBUG cic.cs.unb.ca.jnetpcap.FlowGenerator    FlagFIN current has 442 flow
2022-11-10 12:10:29 DEBUG cic.cs.unb.ca.jnetpcap.FlowGenerator    FlagFIN current has 443 flow
2022-11-10 12:10:29 DEBUG cic.cs.unb.ca.jnetpcap.FlowGenerator    FlagFIN current has 443 flow
2022-11-10 12:10:29 DEBUG cic.cs.unb.ca.jnetpcap.FlowGenerator    FlagFIN current has 444 flow
2022-11-10 12:10:29 DEBUG cic.cs.unb.ca.jnetpcap.FlowGenerator    FlagFIN current has 444 flow
2022-11-10 12:10:29 DEBUG cic.cs.unb.ca.jnetpcap.FlowGenerator    FlagFIN current has 445 flow
2022-11-10 12:10:29 DEBUG cic.cs.unb.ca.jnetpcap.FlowGenerator    FlagFIN current has 445 flow
2022-11-10 12:10:30 DEBUG cic.cs.unb.ca.jnetpcap.FlowGenerator    FlagFIN current has 446 flow
2022-11-10 12:10:30 DEBUG cic.cs.unb.ca.jnetpcap.FlowGenerator    FlagFIN current has 446 flow
2022-11-10 12:10:30 DEBUG cic.cs.unb.ca.jnetpcap.FlowGenerator    FlagFIN current has 447 flow
2022-11-10 12:10:30 DEBUG cic.cs.unb.ca.jnetpcap.FlowGenerator    FlagFIN current has 447 flow
2022-11-10 12:10:30 DEBUG cic.cs.unb.ca.jnetpcap.FlowGenerator    FlagFIN current has 448 flow
2022-11-10 12:10:30 DEBUG cic.cs.unb.ca.jnetpcap.FlowGenerator    FlagFIN current has 448 flow
2022-11-10 12:10:30 DEBUG cic.cs.unb.ca.jnetpcap.FlowGenerator    FlagFIN current has 449 flow
2022-11-10 12:10:30 DEBUG cic.cs.unb.ca.jnetpcap.FlowGenerator    FlagFIN current has 449 flow
2022-11-10 12:10:31 DEBUG cic.cs.unb.ca.jnetpcap.FlowGenerator    FlagFIN current has 450 flow
2022-11-10 12:10:31 DEBUG cic.cs.unb.ca.jnetpcap.FlowGenerator    FlagFIN current has 451 flow
2022-11-10 12:10:31 DEBUG cic.cs.unb.ca.jnetpcap.FlowGenerator    FlagFIN current has 451 flow
2022-11-10 12:10:31 DEBUG cic.cs.unb.ca.jnetpcap.FlowGenerator    FlagFIN current has 452 flow
2022-11-10 12:10:31 DEBUG cic.cs.unb.ca.jnetpcap.FlowGenerator    FlagFIN current has 452 flow
2022-11-10 12:10:31 DEBUG cic.cs.unb.ca.jnetpcap.FlowGenerator    FlagFIN current has 453 flow
2022-11-10 12:10:31 DEBUG cic.cs.unb.ca.jnetpcap.FlowGenerator    FlagFIN current has 453 flow
2022-11-10 12:10:31 DEBUG cic.cs.unb.ca.jnetpcap.FlowGenerator    FlagFIN current has 454 flow
2022-11-10 12:10:31 DEBUG cic.cs.unb.ca.jnetpcap.FlowGenerator    FlagFIN current has 454 flow
2022-11-10 12:10:31 DEBUG cic.cs.unb.ca.jnetpcap.FlowGenerator    FlagFIN current has 455 flow
2022-11-10 12:10:31 DEBUG cic.cs.unb.ca.jnetpcap.FlowGenerator    FlagFIN current has 455 flow
2022-11-10 12:10:31 DEBUG cic.cs.unb.ca.jnetpcap.FlowGenerator    FlagFIN current has 456 flow
2022-11-10 12:10:31 DEBUG cic.cs.unb.ca.jnetpcap.FlowGenerator    FlagFIN current has 456 flow
2022-11-10 12:10:31 DEBUG cic.cs.unb.ca.jnetpcap.FlowGenerator    FlagFIN current has 457 flow
2022-11-10 12:10:31 DEBUG cic.cs.unb.ca.jnetpcap.FlowGenerator    FlagFIN current has 457 flow
2022-11-10 12:10:32 DEBUG cic.cs.unb.ca.jnetpcap.FlowGenerator    FlagFIN current has 458 flow
2022-11-10 12:10:32 DEBUG cic.cs.unb.ca.jnetpcap.FlowGenerator    FlagFIN current has 458 flow
2022-11-10 12:10:32 DEBUG cic.cs.unb.ca.jnetpcap.FlowGenerator    FlagFIN current has 459 flow
2022-11-10 12:10:32 DEBUG cic.cs.unb.ca.jnetpcap.FlowGenerator    FlagFIN current has 459 flow
2022-11-10 12:10:32 DEBUG cic.cs.unb.ca.jnetpcap.FlowGenerator    FlagFIN current has 460 flow
2022-11-10 12:10:32 DEBUG cic.cs.unb.ca.jnetpcap.FlowGenerator    FlagFIN current has 460 flow
2022-11-10 12:10:32 DEBUG cic.cs.unb.ca.jnetpcap.FlowGenerator    FlagFIN current has 461 flow
2022-11-10 12:10:32 DEBUG cic.cs.unb.ca.jnetpcap.FlowGenerator    FlagFIN current has 461 flow
2022-11-10 12:10:33 DEBUG cic.cs.unb.ca.jnetpcap.FlowGenerator    FlagFIN current has 462 flow
2022-11-10 12:10:33 DEBUG cic.cs.unb.ca.jnetpcap.FlowGenerator    FlagFIN current has 462 flow
2022-11-10 12:10:33 DEBUG cic.cs.unb.ca.jnetpcap.FlowGenerator    FlagFIN current has 463 flow
2022-11-10 12:10:33 DEBUG cic.cs.unb.ca.jnetpcap.FlowGenerator    FlagFIN current has 463 flow
2022-11-10 12:10:33 DEBUG cic.cs.unb.ca.jnetpcap.FlowGenerator    FlagFIN current has 464 flow
2022-11-10 12:10:33 DEBUG cic.cs.unb.ca.jnetpcap.FlowGenerator    FlagFIN current has 465 flow
2022-11-10 12:10:33 DEBUG cic.cs.unb.ca.jnetpcap.FlowGenerator    FlagFIN current has 465 flow
2022-11-10 12:10:33 DEBUG cic.cs.unb.ca.jnetpcap.FlowGenerator    FlagFIN current has 466 flow
2022-11-10 12:10:33 DEBUG cic.cs.unb.ca.jnetpcap.FlowGenerator    FlagFIN current has 466 flow
2022-11-10 12:10:33 DEBUG cic.cs.unb.ca.jnetpcap.FlowGenerator    FlagFIN current has 467 flow
2022-11-10 12:10:33 DEBUG cic.cs.unb.ca.jnetpcap.FlowGenerator    FlagFIN current has 467 flow
2022-11-10 12:10:33 DEBUG cic.cs.unb.ca.jnetpcap.FlowGenerator    FlagFIN current has 468 flow
2022-11-10 12:10:33 DEBUG cic.cs.unb.ca.jnetpcap.FlowGenerator    FlagFIN current has 468 flow
2022-11-10 12:10:33 DEBUG cic.cs.unb.ca.jnetpcap.FlowGenerator    FlagFIN current has 469 flow
2022-11-10 12:10:33 DEBUG cic.cs.unb.ca.jnetpcap.FlowGenerator    FlagFIN current has 469 flow
2022-11-10 12:10:34 DEBUG cic.cs.unb.ca.jnetpcap.FlowGenerator    FlagFIN current has 470 flow
2022-11-10 12:10:34 DEBUG cic.cs.unb.ca.jnetpcap.FlowGenerator    FlagFIN current has 470 flow
2022-11-10 12:10:34 DEBUG cic.cs.unb.ca.jnetpcap.FlowGenerator    FlagFIN current has 471 flow
2022-11-10 12:10:34 DEBUG cic.cs.unb.ca.jnetpcap.FlowGenerator    FlagFIN current has 472 flow
2022-11-10 12:10:34 DEBUG cic.cs.unb.ca.jnetpcap.FlowGenerator    FlagFIN current has 472 flow
2022-11-10 12:10:34 DEBUG cic.cs.unb.ca.jnetpcap.FlowGenerator    FlagFIN current has 473 flow
2022-11-10 12:10:34 DEBUG cic.cs.unb.ca.jnetpcap.FlowGenerator    FlagFIN current has 473 flow
2022-11-10 12:10:34 DEBUG cic.cs.unb.ca.jnetpcap.FlowGenerator    FlagFIN current has 474 flow
2022-11-10 12:10:34 DEBUG cic.cs.unb.ca.jnetpcap.FlowGenerator    FlagFIN current has 474 flow
2022-11-10 12:10:34 DEBUG cic.cs.unb.ca.jnetpcap.FlowGenerator    FlagFIN current has 475 flow
2022-11-10 12:10:34 DEBUG cic.cs.unb.ca.jnetpcap.FlowGenerator    FlagFIN current has 475 flow
2022-11-10 12:10:34 DEBUG cic.cs.unb.ca.jnetpcap.FlowGenerator    FlagFIN current has 476 flow
2022-11-10 12:10:34 DEBUG cic.cs.unb.ca.jnetpcap.FlowGenerator    FlagFIN current has 476 flow
2022-11-10 12:10:34 DEBUG cic.cs.unb.ca.jnetpcap.FlowGenerator    FlagFIN current has 477 flow
2022-11-10 12:10:34 DEBUG cic.cs.unb.ca.jnetpcap.FlowGenerator    FlagFIN current has 477 flow
2022-11-10 12:10:35 DEBUG cic.cs.unb.ca.jnetpcap.FlowGenerator    FlagFIN current has 478 flow
2022-11-10 12:10:35 DEBUG cic.cs.unb.ca.jnetpcap.FlowGenerator    FlagFIN current has 479 flow
2022-11-10 12:10:35 DEBUG cic.cs.unb.ca.jnetpcap.FlowGenerator    FlagFIN current has 479 flow
2022-11-10 12:10:35 DEBUG cic.cs.unb.ca.jnetpcap.FlowGenerator    FlagFIN current has 480 flow
2022-11-10 12:10:35 DEBUG cic.cs.unb.ca.jnetpcap.FlowGenerator    FlagFIN current has 480 flow
2022-11-10 12:10:35 DEBUG cic.cs.unb.ca.jnetpcap.FlowGenerator    FlagFIN current has 481 flow
2022-11-10 12:10:35 DEBUG cic.cs.unb.ca.jnetpcap.FlowGenerator    FlagFIN current has 481 flow
2022-11-10 12:10:35 DEBUG cic.cs.unb.ca.jnetpcap.FlowGenerator    FlagFIN current has 482 flow
2022-11-10 12:10:35 DEBUG cic.cs.unb.ca.jnetpcap.FlowGenerator    FlagFIN current has 482 flow
2022-11-10 12:10:35 DEBUG cic.cs.unb.ca.jnetpcap.FlowGenerator    FlagFIN current has 483 flow
2022-11-10 12:10:35 DEBUG cic.cs.unb.ca.jnetpcap.FlowGenerator    FlagFIN current has 483 flow
2022-11-10 12:10:35 DEBUG cic.cs.unb.ca.jnetpcap.FlowGenerator    FlagFIN current has 484 flow
2022-11-10 12:10:35 DEBUG cic.cs.unb.ca.jnetpcap.FlowGenerator    FlagFIN current has 484 flow
2022-11-10 12:10:35 DEBUG cic.cs.unb.ca.jnetpcap.FlowGenerator    FlagFIN current has 485 flow
2022-11-10 12:10:35 DEBUG cic.cs.unb.ca.jnetpcap.FlowGenerator    FlagFIN current has 485 flow
2022-11-10 12:10:36 DEBUG cic.cs.unb.ca.jnetpcap.FlowGenerator    FlagFIN current has 486 flow
2022-11-10 12:10:36 DEBUG cic.cs.unb.ca.jnetpcap.FlowGenerator    FlagFIN current has 486 flow
2022-11-10 12:10:36 DEBUG cic.cs.unb.ca.jnetpcap.FlowGenerator    FlagFIN current has 487 flow
2022-11-10 12:10:36 DEBUG cic.cs.unb.ca.jnetpcap.FlowGenerator    FlagFIN current has 488 flow
2022-11-10 12:10:36 DEBUG cic.cs.unb.ca.jnetpcap.FlowGenerator    FlagFIN current has 488 flow
2022-11-10 12:10:36 DEBUG cic.cs.unb.ca.jnetpcap.FlowGenerator    FlagFIN current has 489 flow
2022-11-10 12:10:36 DEBUG cic.cs.unb.ca.jnetpcap.FlowGenerator    FlagFIN current has 489 flow
2022-11-10 12:10:36 DEBUG cic.cs.unb.ca.jnetpcap.FlowGenerator    FlagFIN current has 490 flow
2022-11-10 12:10:36 DEBUG cic.cs.unb.ca.jnetpcap.FlowGenerator    FlagFIN current has 491 flow
2022-11-10 12:10:36 DEBUG cic.cs.unb.ca.jnetpcap.FlowGenerator    FlagFIN current has 491 flow
2022-11-10 12:10:36 DEBUG cic.cs.unb.ca.jnetpcap.FlowGenerator    FlagFIN current has 492 flow
2022-11-10 12:10:36 DEBUG cic.cs.unb.ca.jnetpcap.FlowGenerator    FlagFIN current has 492 flow
2022-11-10 12:10:36 DEBUG cic.cs.unb.ca.jnetpcap.FlowGenerator    FlagFIN current has 493 flow
2022-11-10 12:10:36 DEBUG cic.cs.unb.ca.jnetpcap.FlowGenerator    FlagFIN current has 493 flow
2022-11-10 12:10:37 DEBUG cic.cs.unb.ca.jnetpcap.FlowGenerator    FlagFIN current has 496 flow
2022-11-10 12:10:37 DEBUG cic.cs.unb.ca.jnetpcap.FlowGenerator    FlagFIN current has 496 flow
2022-11-10 12:10:37 DEBUG cic.cs.unb.ca.jnetpcap.FlowGenerator    FlagFIN current has 497 flow
2022-11-10 12:10:37 DEBUG cic.cs.unb.ca.jnetpcap.FlowGenerator    FlagFIN current has 497 flow
2022-11-10 12:10:37 DEBUG cic.cs.unb.ca.jnetpcap.FlowGenerator    FlagFIN current has 498 flow
2022-11-10 12:10:37 DEBUG cic.cs.unb.ca.jnetpcap.FlowGenerator    FlagFIN current has 499 flow
2022-11-10 12:10:37 DEBUG cic.cs.unb.ca.jnetpcap.FlowGenerator    FlagFIN current has 499 flow
2022-11-10 12:10:37 DEBUG cic.cs.unb.ca.jnetpcap.FlowGenerator    FlagFIN current has 500 flow
2022-11-10 12:10:37 DEBUG cic.cs.unb.ca.jnetpcap.FlowGenerator    FlagFIN current has 500 flow
2022-11-10 12:10:37 DEBUG cic.cs.unb.ca.jnetpcap.FlowGenerator    FlagFIN current has 501 flow
2022-11-10 12:10:37 DEBUG cic.cs.unb.ca.jnetpcap.FlowGenerator    FlagFIN current has 501 flow
2022-11-10 12:10:37 DEBUG cic.cs.unb.ca.jnetpcap.FlowGenerator    FlagFIN current has 502 flow
2022-11-10 12:10:37 DEBUG cic.cs.unb.ca.jnetpcap.FlowGenerator    FlagFIN current has 503 flow
2022-11-10 12:10:37 DEBUG cic.cs.unb.ca.jnetpcap.FlowGenerator    FlagFIN current has 503 flow
2022-11-10 12:10:37 DEBUG cic.cs.unb.ca.jnetpcap.FlowGenerator    FlagFIN current has 504 flow
2022-11-10 12:10:37 DEBUG cic.cs.unb.ca.jnetpcap.FlowGenerator    FlagFIN current has 504 flow
2022-11-10 12:10:37 DEBUG cic.cs.unb.ca.jnetpcap.FlowGenerator    FlagFIN current has 505 flow
2022-11-10 12:10:37 DEBUG cic.cs.unb.ca.jnetpcap.FlowGenerator    FlagFIN current has 505 flow
2022-11-10 12:10:38 DEBUG cic.cs.unb.ca.jnetpcap.FlowGenerator    FlagFIN current has 505 flow
2022-11-10 12:10:38 DEBUG cic.cs.unb.ca.jnetpcap.FlowGenerator    FlagFIN current has 505 flow
2022-11-10 12:10:38 DEBUG cic.cs.unb.ca.jnetpcap.FlowGenerator    FlagFIN current has 505 flow
2022-11-10 12:10:59 DEBUG cic.cs.unb.ca.jnetpcap.FlowGenerator    FlagFIN current has 510 flow
2022-11-10 12:10:59 DEBUG cic.cs.unb.ca.jnetpcap.FlowGenerator    FlagFIN current has 510 flow
2022-11-10 12:10:59 DEBUG cic.cs.unb.ca.jnetpcap.FlowGenerator    FlagFIN current has 510 flow
2022-11-10 12:10:59 DEBUG cic.cs.unb.ca.jnetpcap.FlowGenerator    FlagFIN current has 509 flow
2022-11-10 12:10:59 DEBUG cic.cs.unb.ca.jnetpcap.FlowGenerator    FlagFIN current has 508 flow
2022-11-10 12:10:59 DEBUG cic.cs.unb.ca.jnetpcap.FlowGenerator    FlagFIN current has 507 flow
2022-11-10 12:10:59 DEBUG cic.cs.unb.ca.jnetpcap.FlowGenerator    FlagFIN current has 506 flow
2022-11-10 12:10:59 DEBUG cic.cs.unb.ca.jnetpcap.FlowGenerator    FlagFIN current has 506 flow
2022-11-10 12:11:00 DEBUG cic.cs.unb.ca.jnetpcap.FlowGenerator    FlagFIN current has 510 flow
2022-11-10 12:11:04 DEBUG cic.cs.unb.ca.jnetpcap.FlowGenerator    FlagFIN current has 510 flow
2022-11-10 12:11:16 DEBUG cic.cs.unb.ca.jnetpcap.FlowGenerator    FlagFIN current has 516 flow
2022-11-10 12:11:16 DEBUG cic.cs.unb.ca.jnetpcap.FlowGenerator    FlagFIN current has 516 flow
2022-11-10 12:11:16 DEBUG cic.cs.unb.ca.jnetpcap.FlowGenerator    FlagFIN current has 517 flow
2022-11-10 12:11:16 DEBUG cic.cs.unb.ca.jnetpcap.FlowGenerator    FlagFIN current has 518 flow
2022-11-10 12:11:16 DEBUG cic.cs.unb.ca.jnetpcap.FlowGenerator    FlagFIN current has 518 flow
2022-11-10 12:11:16 DEBUG cic.cs.unb.ca.jnetpcap.FlowGenerator    FlagFIN current has 519 flow
2022-11-10 12:11:16 DEBUG cic.cs.unb.ca.jnetpcap.FlowGenerator    FlagFIN current has 519 flow
2022-11-10 12:11:16 DEBUG cic.cs.unb.ca.jnetpcap.FlowGenerator    FlagFIN current has 520 flow
2022-11-10 12:11:16 DEBUG cic.cs.unb.ca.jnetpcap.FlowGenerator    FlagFIN current has 520 flow
2022-11-10 12:11:16 DEBUG cic.cs.unb.ca.jnetpcap.FlowGenerator    FlagFIN current has 521 flow
2022-11-10 12:11:16 DEBUG cic.cs.unb.ca.jnetpcap.FlowGenerator    FlagFIN current has 521 flow
2022-11-10 12:11:16 DEBUG cic.cs.unb.ca.jnetpcap.FlowGenerator    FlagFIN current has 522 flow
2022-11-10 12:11:16 DEBUG cic.cs.unb.ca.jnetpcap.FlowGenerator    FlagFIN current has 523 flow
2022-11-10 12:11:16 DEBUG cic.cs.unb.ca.jnetpcap.FlowGenerator    FlagFIN current has 524 flow
2022-11-10 12:11:16 DEBUG cic.cs.unb.ca.jnetpcap.FlowGenerator    FlagFIN current has 524 flow
2022-11-10 12:11:16 DEBUG cic.cs.unb.ca.jnetpcap.FlowGenerator    FlagFIN current has 524 flow
2022-11-10 12:11:16 DEBUG cic.cs.unb.ca.jnetpcap.FlowGenerator    FlagFIN current has 525 flow
2022-11-10 12:11:16 DEBUG cic.cs.unb.ca.jnetpcap.FlowGenerator    FlagFIN current has 525 flow
2022-11-10 12:11:16 DEBUG cic.cs.unb.ca.jnetpcap.FlowGenerator    FlagFIN current has 526 flow
2022-11-10 12:11:16 DEBUG cic.cs.unb.ca.jnetpcap.FlowGenerator    FlagFIN current has 526 flow
2022-11-10 12:11:16 DEBUG cic.cs.unb.ca.jnetpcap.FlowGenerator    FlagFIN current has 527 flow
2022-11-10 12:11:16 DEBUG cic.cs.unb.ca.jnetpcap.FlowGenerator    FlagFIN current has 527 flow
2022-11-10 12:11:16 DEBUG cic.cs.unb.ca.jnetpcap.FlowGenerator    FlagFIN current has 528 flow
2022-11-10 12:11:16 DEBUG cic.cs.unb.ca.jnetpcap.FlowGenerator    FlagFIN current has 528 flow
2022-11-10 12:11:16 DEBUG cic.cs.unb.ca.jnetpcap.FlowGenerator    FlagFIN current has 529 flow
2022-11-10 12:11:16 DEBUG cic.cs.unb.ca.jnetpcap.FlowGenerator    FlagFIN current has 529 flow
2022-11-10 12:11:16 DEBUG cic.cs.unb.ca.jnetpcap.FlowGenerator    FlagFIN current has 530 flow
2022-11-10 12:11:16 DEBUG cic.cs.unb.ca.jnetpcap.FlowGenerator    FlagFIN current has 530 flow
2022-11-10 12:11:16 DEBUG cic.cs.unb.ca.jnetpcap.FlowGenerator    FlagFIN current has 531 flow
2022-11-10 12:11:16 DEBUG cic.cs.unb.ca.jnetpcap.FlowGenerator    FlagFIN current has 531 flow
2022-11-10 12:11:16 DEBUG cic.cs.unb.ca.jnetpcap.FlowGenerator    FlagFIN current has 532 flow
2022-11-10 12:11:16 DEBUG cic.cs.unb.ca.jnetpcap.FlowGenerator    FlagFIN current has 532 flow
2022-11-10 12:11:16 DEBUG cic.cs.unb.ca.jnetpcap.FlowGenerator    FlagFIN current has 533 flow
2022-11-10 12:11:16 DEBUG cic.cs.unb.ca.jnetpcap.FlowGenerator    FlagFIN current has 533 flow
2022-11-10 12:11:16 DEBUG cic.cs.unb.ca.jnetpcap.FlowGenerator    FlagFIN current has 534 flow
2022-11-10 12:11:16 DEBUG cic.cs.unb.ca.jnetpcap.FlowGenerator    FlagFIN current has 534 flow
2022-11-10 12:11:16 DEBUG cic.cs.unb.ca.jnetpcap.FlowGenerator    FlagFIN current has 535 flow
2022-11-10 12:11:16 DEBUG cic.cs.unb.ca.jnetpcap.FlowGenerator    FlagFIN current has 535 flow
2022-11-10 12:11:16 DEBUG cic.cs.unb.ca.jnetpcap.FlowGenerator    FlagFIN current has 536 flow
2022-11-10 12:11:16 DEBUG cic.cs.unb.ca.jnetpcap.FlowGenerator    FlagFIN current has 536 flow
2022-11-10 12:11:16 DEBUG cic.cs.unb.ca.jnetpcap.FlowGenerator    FlagFIN current has 537 flow
2022-11-10 12:11:16 DEBUG cic.cs.unb.ca.jnetpcap.FlowGenerator    FlagFIN current has 537 flow
2022-11-10 12:11:21 DEBUG cic.cs.unb.ca.jnetpcap.FlowGenerator    FlagFIN current has 537 flow
2022-11-10 12:11:47 DEBUG cic.cs.unb.ca.jnetpcap.FlowGenerator    FlagFIN current has 538 flow
2022-11-10 12:11:48 DEBUG cic.cs.unb.ca.jnetpcap.FlowGenerator    FlagFIN current has 539 flow
2022-11-10 12:11:48 DEBUG cic.cs.unb.ca.jnetpcap.FlowGenerator    FlagFIN current has 539 flow
2022-11-10 12:11:48 DEBUG cic.cs.unb.ca.jnetpcap.FlowGenerator    FlagFIN current has 540 flow
2022-11-10 12:11:48 DEBUG cic.cs.unb.ca.jnetpcap.FlowGenerator    FlagFIN current has 541 flow
2022-11-10 12:11:48 DEBUG cic.cs.unb.ca.jnetpcap.FlowGenerator    FlagFIN current has 541 flow
2022-11-10 12:11:48 DEBUG cic.cs.unb.ca.jnetpcap.FlowGenerator    FlagFIN current has 542 flow
2022-11-10 12:11:48 DEBUG cic.cs.unb.ca.jnetpcap.FlowGenerator    FlagFIN current has 542 flow
2022-11-10 12:11:48 DEBUG cic.cs.unb.ca.jnetpcap.FlowGenerator    FlagFIN current has 543 flow
2022-11-10 12:11:48 DEBUG cic.cs.unb.ca.jnetpcap.FlowGenerator    FlagFIN current has 543 flow
2022-11-10 12:11:48 DEBUG cic.cs.unb.ca.jnetpcap.FlowGenerator    FlagFIN current has 544 flow
2022-11-10 12:11:48 DEBUG cic.cs.unb.ca.jnetpcap.FlowGenerator    FlagFIN current has 544 flow
2022-11-10 12:11:48 DEBUG cic.cs.unb.ca.jnetpcap.FlowGenerator    FlagFIN current has 545 flow
2022-11-10 12:11:48 DEBUG cic.cs.unb.ca.jnetpcap.FlowGenerator    FlagFIN current has 546 flow
2022-11-10 12:11:48 DEBUG cic.cs.unb.ca.jnetpcap.FlowGenerator    FlagFIN current has 546 flow
2022-11-10 12:11:48 DEBUG cic.cs.unb.ca.jnetpcap.FlowGenerator    FlagFIN current has 547 flow
2022-11-10 12:11:48 DEBUG cic.cs.unb.ca.jnetpcap.FlowGenerator    FlagFIN current has 547 flow
2022-11-10 12:11:48 DEBUG cic.cs.unb.ca.jnetpcap.FlowGenerator    FlagFIN current has 548 flow
2022-11-10 12:11:48 DEBUG cic.cs.unb.ca.jnetpcap.FlowGenerator    FlagFIN current has 548 flow
2022-11-10 12:11:48 DEBUG cic.cs.unb.ca.jnetpcap.FlowGenerator    FlagFIN current has 549 flow
2022-11-10 12:11:48 DEBUG cic.cs.unb.ca.jnetpcap.FlowGenerator    FlagFIN current has 549 flow
2022-11-10 12:11:48 DEBUG cic.cs.unb.ca.jnetpcap.FlowGenerator    FlagFIN current has 550 flow
2022-11-10 12:11:48 DEBUG cic.cs.unb.ca.jnetpcap.FlowGenerator    FlagFIN current has 550 flow
2022-11-10 12:11:48 DEBUG cic.cs.unb.ca.jnetpcap.FlowGenerator    FlagFIN current has 551 flow
2022-11-10 12:11:48 DEBUG cic.cs.unb.ca.jnetpcap.FlowGenerator    FlagFIN current has 551 flow
2022-11-10 12:11:48 DEBUG cic.cs.unb.ca.jnetpcap.FlowGenerator    FlagFIN current has 552 flow
2022-11-10 12:11:48 DEBUG cic.cs.unb.ca.jnetpcap.FlowGenerator    FlagFIN current has 552 flow
2022-11-10 12:11:48 DEBUG cic.cs.unb.ca.jnetpcap.FlowGenerator    FlagFIN current has 553 flow
2022-11-10 12:11:48 DEBUG cic.cs.unb.ca.jnetpcap.FlowGenerator    FlagFIN current has 553 flow
2022-11-10 12:11:48 DEBUG cic.cs.unb.ca.jnetpcap.FlowGenerator    FlagFIN current has 554 flow
2022-11-10 12:11:48 DEBUG cic.cs.unb.ca.jnetpcap.FlowGenerator    FlagFIN current has 554 flow
2022-11-10 12:11:48 DEBUG cic.cs.unb.ca.jnetpcap.FlowGenerator    FlagFIN current has 555 flow
2022-11-10 12:11:48 DEBUG cic.cs.unb.ca.jnetpcap.FlowGenerator    FlagFIN current has 555 flow
2022-11-10 12:11:48 DEBUG cic.cs.unb.ca.jnetpcap.FlowGenerator    FlagFIN current has 556 flow
2022-11-10 12:11:48 DEBUG cic.cs.unb.ca.jnetpcap.FlowGenerator    FlagFIN current has 556 flow
2022-11-10 12:11:48 DEBUG cic.cs.unb.ca.jnetpcap.FlowGenerator    FlagFIN current has 557 flow
2022-11-10 12:11:48 DEBUG cic.cs.unb.ca.jnetpcap.FlowGenerator    FlagFIN current has 557 flow
2022-11-10 12:11:48 DEBUG cic.cs.unb.ca.jnetpcap.FlowGenerator    FlagFIN current has 558 flow
2022-11-10 12:11:49 DEBUG cic.cs.unb.ca.jnetpcap.FlowGenerator    FlagFIN current has 559 flow
2022-11-10 12:11:49 DEBUG cic.cs.unb.ca.jnetpcap.FlowGenerator    FlagFIN current has 559 flow
2022-11-10 12:11:49 DEBUG cic.cs.unb.ca.jnetpcap.FlowGenerator    FlagFIN current has 560 flow
2022-11-10 12:11:49 DEBUG cic.cs.unb.ca.jnetpcap.FlowGenerator    FlagFIN current has 560 flow
2022-11-10 12:11:53 DEBUG cic.cs.unb.ca.jnetpcap.FlowGenerator    FlagFIN current has 562 flow
2022-11-10 12:11:53 DEBUG cic.cs.unb.ca.jnetpcap.FlowGenerator    FlagFIN current has 562 flow
2022-11-10 12:11:53 DEBUG cic.cs.unb.ca.jnetpcap.FlowGenerator    FlagFIN current has 563 flow
2022-11-10 12:11:53 DEBUG cic.cs.unb.ca.jnetpcap.FlowGenerator    FlagFIN current has 564 flow
2022-11-10 12:11:53 DEBUG cic.cs.unb.ca.jnetpcap.FlowGenerator    FlagFIN current has 565 flow
2022-11-10 12:11:53 DEBUG cic.cs.unb.ca.jnetpcap.FlowGenerator    FlagFIN current has 565 flow
2022-11-10 12:11:53 DEBUG cic.cs.unb.ca.jnetpcap.FlowGenerator    FlagFIN current has 565 flow
2022-11-10 12:11:53 DEBUG cic.cs.unb.ca.jnetpcap.FlowGenerator    FlagFIN current has 566 flow
2022-11-10 12:11:53 DEBUG cic.cs.unb.ca.jnetpcap.FlowGenerator    FlagFIN current has 566 flow
2022-11-10 12:11:53 DEBUG cic.cs.unb.ca.jnetpcap.FlowGenerator    FlagFIN current has 567 flow
2022-11-10 12:11:53 DEBUG cic.cs.unb.ca.jnetpcap.FlowGenerator    FlagFIN current has 567 flow
2022-11-10 12:11:53 DEBUG cic.cs.unb.ca.jnetpcap.FlowGenerator    FlagFIN current has 568 flow
2022-11-10 12:11:53 DEBUG cic.cs.unb.ca.jnetpcap.FlowGenerator    FlagFIN current has 569 flow
2022-11-10 12:11:53 DEBUG cic.cs.unb.ca.jnetpcap.FlowGenerator    FlagFIN current has 569 flow
2022-11-10 12:11:53 DEBUG cic.cs.unb.ca.jnetpcap.FlowGenerator    FlagFIN current has 570 flow
2022-11-10 12:11:53 DEBUG cic.cs.unb.ca.jnetpcap.FlowGenerator    FlagFIN current has 570 flow
2022-11-10 12:11:53 DEBUG cic.cs.unb.ca.jnetpcap.FlowGenerator    FlagFIN current has 571 flow
2022-11-10 12:11:53 DEBUG cic.cs.unb.ca.jnetpcap.FlowGenerator    FlagFIN current has 571 flow
2022-11-10 12:11:53 DEBUG cic.cs.unb.ca.jnetpcap.FlowGenerator    FlagFIN current has 572 flow
2022-11-10 12:11:53 DEBUG cic.cs.unb.ca.jnetpcap.FlowGenerator    FlagFIN current has 572 flow
2022-11-10 12:11:53 DEBUG cic.cs.unb.ca.jnetpcap.FlowGenerator    FlagFIN current has 573 flow
2022-11-10 12:11:53 DEBUG cic.cs.unb.ca.jnetpcap.FlowGenerator    FlagFIN current has 573 flow
2022-11-10 12:11:53 DEBUG cic.cs.unb.ca.jnetpcap.FlowGenerator    FlagFIN current has 574 flow
2022-11-10 12:11:53 DEBUG cic.cs.unb.ca.jnetpcap.FlowGenerator    FlagFIN current has 574 flow
2022-11-10 12:11:53 DEBUG cic.cs.unb.ca.jnetpcap.FlowGenerator    FlagFIN current has 575 flow
2022-11-10 12:11:53 DEBUG cic.cs.unb.ca.jnetpcap.FlowGenerator    FlagFIN current has 576 flow
2022-11-10 12:11:53 DEBUG cic.cs.unb.ca.jnetpcap.FlowGenerator    FlagFIN current has 576 flow
2022-11-10 12:11:53 DEBUG cic.cs.unb.ca.jnetpcap.FlowGenerator    FlagFIN current has 577 flow
2022-11-10 12:11:53 DEBUG cic.cs.unb.ca.jnetpcap.FlowGenerator    FlagFIN current has 577 flow
2022-11-10 12:11:53 DEBUG cic.cs.unb.ca.jnetpcap.FlowGenerator    FlagFIN current has 578 flow
2022-11-10 12:11:53 DEBUG cic.cs.unb.ca.jnetpcap.FlowGenerator    FlagFIN current has 578 flow
2022-11-10 12:11:53 DEBUG cic.cs.unb.ca.jnetpcap.FlowGenerator    FlagFIN current has 579 flow
2022-11-10 12:11:53 DEBUG cic.cs.unb.ca.jnetpcap.FlowGenerator    FlagFIN current has 580 flow
2022-11-10 12:11:53 DEBUG cic.cs.unb.ca.jnetpcap.FlowGenerator    FlagFIN current has 580 flow
2022-11-10 12:11:53 DEBUG cic.cs.unb.ca.jnetpcap.FlowGenerator    FlagFIN current has 581 flow
2022-11-10 12:11:53 DEBUG cic.cs.unb.ca.jnetpcap.FlowGenerator    FlagFIN current has 581 flow
2022-11-10 12:11:53 DEBUG cic.cs.unb.ca.jnetpcap.FlowGenerator    FlagFIN current has 583 flow
2022-11-10 12:11:53 DEBUG cic.cs.unb.ca.jnetpcap.FlowGenerator    FlagFIN current has 583 flow
2022-11-10 12:11:53 DEBUG cic.cs.unb.ca.jnetpcap.FlowGenerator    FlagFIN current has 584 flow
2022-11-10 12:11:53 DEBUG cic.cs.unb.ca.jnetpcap.FlowGenerator    FlagFIN current has 584 flow
2022-11-10 12:12:01 DEBUG cic.cs.unb.ca.jnetpcap.FlowGenerator    FlagFIN current has 589 flow
2022-11-10 12:12:01 DEBUG cic.cs.unb.ca.jnetpcap.FlowGenerator    FlagFIN current has 589 flow
2022-11-10 12:12:01 DEBUG cic.cs.unb.ca.jnetpcap.FlowGenerator    FlagFIN current has 590 flow
2022-11-10 12:12:01 DEBUG cic.cs.unb.ca.jnetpcap.FlowGenerator    FlagFIN current has 591 flow
2022-11-10 12:12:01 DEBUG cic.cs.unb.ca.jnetpcap.FlowGenerator    FlagFIN current has 592 flow
2022-11-10 12:12:01 DEBUG cic.cs.unb.ca.jnetpcap.FlowGenerator    FlagFIN current has 592 flow
2022-11-10 12:12:01 DEBUG cic.cs.unb.ca.jnetpcap.FlowGenerator    FlagFIN current has 592 flow
2022-11-10 12:12:01 DEBUG cic.cs.unb.ca.jnetpcap.FlowGenerator    FlagFIN current has 593 flow
2022-11-10 12:12:01 DEBUG cic.cs.unb.ca.jnetpcap.FlowGenerator    FlagFIN current has 593 flow
2022-11-10 12:12:01 DEBUG cic.cs.unb.ca.jnetpcap.FlowGenerator    FlagFIN current has 594 flow
2022-11-10 12:12:01 DEBUG cic.cs.unb.ca.jnetpcap.FlowGenerator    FlagFIN current has 595 flow
2022-11-10 12:12:01 DEBUG cic.cs.unb.ca.jnetpcap.FlowGenerator    FlagFIN current has 596 flow
2022-11-10 12:12:01 DEBUG cic.cs.unb.ca.jnetpcap.FlowGenerator    FlagFIN current has 596 flow
2022-11-10 12:12:01 DEBUG cic.cs.unb.ca.jnetpcap.FlowGenerator    FlagFIN current has 597 flow
2022-11-10 12:12:01 DEBUG cic.cs.unb.ca.jnetpcap.FlowGenerator    FlagFIN current has 597 flow
2022-11-10 12:12:01 DEBUG cic.cs.unb.ca.jnetpcap.FlowGenerator    FlagFIN current has 598 flow
2022-11-10 12:12:01 DEBUG cic.cs.unb.ca.jnetpcap.FlowGenerator    FlagFIN current has 598 flow
2022-11-10 12:12:01 DEBUG cic.cs.unb.ca.jnetpcap.FlowGenerator    FlagFIN current has 599 flow
2022-11-10 12:12:01 DEBUG cic.cs.unb.ca.jnetpcap.FlowGenerator    FlagFIN current has 599 flow
2022-11-10 12:12:01 DEBUG cic.cs.unb.ca.jnetpcap.FlowGenerator    FlagFIN current has 600 flow
2022-11-10 12:12:01 DEBUG cic.cs.unb.ca.jnetpcap.FlowGenerator    FlagFIN current has 601 flow
2022-11-10 12:12:01 DEBUG cic.cs.unb.ca.jnetpcap.FlowGenerator    FlagFIN current has 601 flow
2022-11-10 12:12:01 DEBUG cic.cs.unb.ca.jnetpcap.FlowGenerator    FlagFIN current has 602 flow
2022-11-10 12:12:01 DEBUG cic.cs.unb.ca.jnetpcap.FlowGenerator    FlagFIN current has 602 flow
2022-11-10 12:12:01 DEBUG cic.cs.unb.ca.jnetpcap.FlowGenerator    FlagFIN current has 603 flow
2022-11-10 12:12:01 DEBUG cic.cs.unb.ca.jnetpcap.FlowGenerator    FlagFIN current has 603 flow
2022-11-10 12:12:01 DEBUG cic.cs.unb.ca.jnetpcap.FlowGenerator    FlagFIN current has 604 flow
2022-11-10 12:12:01 DEBUG cic.cs.unb.ca.jnetpcap.FlowGenerator    FlagFIN current has 605 flow
2022-11-10 12:12:01 DEBUG cic.cs.unb.ca.jnetpcap.FlowGenerator    FlagFIN current has 605 flow
2022-11-10 12:12:01 DEBUG cic.cs.unb.ca.jnetpcap.FlowGenerator    FlagFIN current has 606 flow
2022-11-10 12:12:01 DEBUG cic.cs.unb.ca.jnetpcap.FlowGenerator    FlagFIN current has 606 flow
2022-11-10 12:12:01 DEBUG cic.cs.unb.ca.jnetpcap.FlowGenerator    FlagFIN current has 607 flow
2022-11-10 12:12:01 DEBUG cic.cs.unb.ca.jnetpcap.FlowGenerator    FlagFIN current has 607 flow
2022-11-10 12:12:01 DEBUG cic.cs.unb.ca.jnetpcap.FlowGenerator    FlagFIN current has 608 flow
2022-11-10 12:12:01 DEBUG cic.cs.unb.ca.jnetpcap.FlowGenerator    FlagFIN current has 608 flow
2022-11-10 12:12:02 DEBUG cic.cs.unb.ca.jnetpcap.FlowGenerator    FlagFIN current has 609 flow
2022-11-10 12:12:02 DEBUG cic.cs.unb.ca.jnetpcap.FlowGenerator    FlagFIN current has 609 flow
2022-11-10 12:12:02 DEBUG cic.cs.unb.ca.jnetpcap.FlowGenerator    FlagFIN current has 610 flow
2022-11-10 12:12:02 DEBUG cic.cs.unb.ca.jnetpcap.FlowGenerator    FlagFIN current has 610 flow
2022-11-10 12:12:14 DEBUG cic.cs.unb.ca.jnetpcap.FlowGenerator    FlagFIN current has 612 flow
2022-11-10 12:12:14 DEBUG cic.cs.unb.ca.jnetpcap.FlowGenerator    FlagFIN current has 612 flow
2022-11-10 12:12:14 DEBUG cic.cs.unb.ca.jnetpcap.FlowGenerator    FlagFIN current has 613 flow
2022-11-10 12:12:14 DEBUG cic.cs.unb.ca.jnetpcap.FlowGenerator    FlagFIN current has 614 flow
2022-11-10 12:12:14 DEBUG cic.cs.unb.ca.jnetpcap.FlowGenerator    FlagFIN current has 614 flow
2022-11-10 12:12:14 DEBUG cic.cs.unb.ca.jnetpcap.FlowGenerator    FlagFIN current has 615 flow
2022-11-10 12:12:14 DEBUG cic.cs.unb.ca.jnetpcap.FlowGenerator    FlagFIN current has 615 flow
2022-11-10 12:12:14 DEBUG cic.cs.unb.ca.jnetpcap.FlowGenerator    FlagFIN current has 616 flow
2022-11-10 12:12:14 DEBUG cic.cs.unb.ca.jnetpcap.FlowGenerator    FlagFIN current has 616 flow
2022-11-10 12:12:14 DEBUG cic.cs.unb.ca.jnetpcap.FlowGenerator    FlagFIN current has 617 flow
2022-11-10 12:12:14 DEBUG cic.cs.unb.ca.jnetpcap.FlowGenerator    FlagFIN current has 618 flow
2022-11-10 12:12:14 DEBUG cic.cs.unb.ca.jnetpcap.FlowGenerator    FlagFIN current has 619 flow
2022-11-10 12:12:14 DEBUG cic.cs.unb.ca.jnetpcap.FlowGenerator    FlagFIN current has 619 flow
2022-11-10 12:12:14 DEBUG cic.cs.unb.ca.jnetpcap.FlowGenerator    FlagFIN current has 620 flow
2022-11-10 12:12:14 DEBUG cic.cs.unb.ca.jnetpcap.FlowGenerator    FlagFIN current has 620 flow
2022-11-10 12:12:14 DEBUG cic.cs.unb.ca.jnetpcap.FlowGenerator    FlagFIN current has 621 flow
2022-11-10 12:12:14 DEBUG cic.cs.unb.ca.jnetpcap.FlowGenerator    FlagFIN current has 621 flow
2022-11-10 12:12:14 DEBUG cic.cs.unb.ca.jnetpcap.FlowGenerator    FlagFIN current has 622 flow
2022-11-10 12:12:14 DEBUG cic.cs.unb.ca.jnetpcap.FlowGenerator    FlagFIN current has 622 flow
2022-11-10 12:12:14 DEBUG cic.cs.unb.ca.jnetpcap.FlowGenerator    FlagFIN current has 623 flow
2022-11-10 12:12:14 DEBUG cic.cs.unb.ca.jnetpcap.FlowGenerator    FlagFIN current has 623 flow
2022-11-10 12:12:14 DEBUG cic.cs.unb.ca.jnetpcap.FlowGenerator    FlagFIN current has 624 flow
2022-11-10 12:12:14 DEBUG cic.cs.unb.ca.jnetpcap.FlowGenerator    FlagFIN current has 624 flow
2022-11-10 12:12:14 DEBUG cic.cs.unb.ca.jnetpcap.FlowGenerator    FlagFIN current has 625 flow
2022-11-10 12:12:14 DEBUG cic.cs.unb.ca.jnetpcap.FlowGenerator    FlagFIN current has 625 flow
2022-11-10 12:12:14 DEBUG cic.cs.unb.ca.jnetpcap.FlowGenerator    FlagFIN current has 626 flow
2022-11-10 12:12:14 DEBUG cic.cs.unb.ca.jnetpcap.FlowGenerator    FlagFIN current has 626 flow
2022-11-10 12:12:14 DEBUG cic.cs.unb.ca.jnetpcap.FlowGenerator    FlagFIN current has 627 flow
2022-11-10 12:12:14 DEBUG cic.cs.unb.ca.jnetpcap.FlowGenerator    FlagFIN current has 627 flow
2022-11-10 12:12:14 DEBUG cic.cs.unb.ca.jnetpcap.FlowGenerator    FlagFIN current has 628 flow
2022-11-10 12:12:14 DEBUG cic.cs.unb.ca.jnetpcap.FlowGenerator    FlagFIN current has 628 flow
2022-11-10 12:12:14 DEBUG cic.cs.unb.ca.jnetpcap.FlowGenerator    FlagFIN current has 629 flow
2022-11-10 12:12:14 DEBUG cic.cs.unb.ca.jnetpcap.FlowGenerator    FlagFIN current has 629 flow
2022-11-10 12:12:14 DEBUG cic.cs.unb.ca.jnetpcap.FlowGenerator    FlagFIN current has 630 flow
2022-11-10 12:12:14 DEBUG cic.cs.unb.ca.jnetpcap.FlowGenerator    FlagFIN current has 630 flow
2022-11-10 12:12:14 DEBUG cic.cs.unb.ca.jnetpcap.FlowGenerator    FlagFIN current has 631 flow
2022-11-10 12:12:14 DEBUG cic.cs.unb.ca.jnetpcap.FlowGenerator    FlagFIN current has 631 flow
2022-11-10 12:12:15 DEBUG cic.cs.unb.ca.jnetpcap.FlowGenerator    FlagFIN current has 632 flow
2022-11-10 12:12:15 DEBUG cic.cs.unb.ca.jnetpcap.FlowGenerator    FlagFIN current has 632 flow
2022-11-10 12:12:15 DEBUG cic.cs.unb.ca.jnetpcap.FlowGenerator    FlagFIN current has 633 flow
2022-11-10 12:12:15 DEBUG cic.cs.unb.ca.jnetpcap.FlowGenerator    FlagFIN current has 633 flow
2022-11-10 12:12:31 DEBUG cic.cs.unb.ca.jnetpcap.FlowGenerator    FlagFIN current has 633 flow
2022-11-10 12:13:07 DEBUG cic.cs.unb.ca.jnetpcap.FlowGenerator    FlagFIN current has 638 flow
2022-11-10 12:13:07 DEBUG cic.cs.unb.ca.jnetpcap.FlowGenerator    FlagFIN current has 638 flow
2022-11-10 12:13:07 DEBUG cic.cs.unb.ca.jnetpcap.FlowGenerator    FlagFIN current has 638 flow
2022-11-10 12:13:09 DEBUG cic.cs.unb.ca.jnetpcap.FlowGenerator    FlagFIN current has 638 flow
2022-11-10 12:13:10 DEBUG cic.cs.unb.ca.jnetpcap.FlowGenerator    FlagFIN current has 638 flow
2022-11-10 12:13:11 DEBUG cic.cs.unb.ca.jnetpcap.FlowGenerator    FlagFIN current has 638 flow
2022-11-10 12:13:12 DEBUG cic.cs.unb.ca.jnetpcap.FlowGenerator    FlagFIN current has 639 flow
2022-11-10 12:13:12 DEBUG cic.cs.unb.ca.jnetpcap.FlowGenerator    FlagFIN current has 639 flow
2022-11-10 12:13:12 DEBUG cic.cs.unb.ca.jnetpcap.FlowGenerator    FlagFIN current has 638 flow
2022-11-10 12:13:12 DEBUG cic.cs.unb.ca.jnetpcap.FlowGenerator    FlagFIN current has 638 flow
2022-11-10 12:13:14 DEBUG cic.cs.unb.ca.jnetpcap.FlowGenerator    FlagFIN current has 640 flow
2022-11-10 12:13:16 DEBUG cic.cs.unb.ca.jnetpcap.FlowGenerator    FlagFIN current has 641 flow
2022-11-10 12:13:16 DEBUG cic.cs.unb.ca.jnetpcap.FlowGenerator    FlagFIN current has 640 flow
2022-11-10 12:13:16 DEBUG cic.cs.unb.ca.jnetpcap.FlowGenerator    FlagFIN current has 639 flow
2022-11-10 12:13:16 DEBUG cic.cs.unb.ca.jnetpcap.FlowGenerator    FlagFIN current has 638 flow
2022-11-10 12:13:16 DEBUG cic.cs.unb.ca.jnetpcap.FlowGenerator    FlagFIN current has 637 flow
2022-11-10 12:13:16 DEBUG cic.cs.unb.ca.jnetpcap.FlowGenerator    FlagFIN current has 636 flow
2022-11-10 12:13:16 DEBUG cic.cs.unb.ca.jnetpcap.FlowGenerator    FlagFIN current has 635 flow
2022-11-10 12:13:16 DEBUG cic.cs.unb.ca.jnetpcap.FlowGenerator    FlagFIN current has 634 flow
2022-11-10 12:13:16 DEBUG cic.cs.unb.ca.jnetpcap.FlowGenerator    FlagFIN current has 634 flow
2022-11-10 12:13:17 DEBUG cic.cs.unb.ca.jnetpcap.FlowGenerator    FlagFIN current has 636 flow
2022-11-10 12:13:17 DEBUG cic.cs.unb.ca.jnetpcap.FlowGenerator    FlagFIN current has 639 flow
2022-11-10 12:13:23 DEBUG cic.cs.unb.ca.jnetpcap.FlowGenerator    FlagFIN current has 641 flow
2022-11-10 12:13:23 DEBUG cic.cs.unb.ca.jnetpcap.FlowGenerator    FlagFIN current has 641 flow
2022-11-10 12:13:51 DEBUG cic.cs.unb.ca.jnetpcap.FlowGenerator    FlagFIN current has 646 flow
2022-11-10 12:14:05 DEBUG cic.cs.unb.ca.jnetpcap.FlowGenerator    Timeout current has 650 flow
2022-11-10 12:14:18 DEBUG cic.cs.unb.ca.jnetpcap.FlowGenerator    FlagFIN current has 652 flow
2022-11-10 12:14:18 DEBUG cic.cs.unb.ca.jnetpcap.FlowGenerator    FlagFIN current has 652 flow
2022-11-10 12:14:22 DEBUG cic.cs.unb.ca.jnetpcap.FlowGenerator    FlagFIN current has 652 flow
2022-11-10 12:14:45 DEBUG cic.cs.unb.ca.jnetpcap.FlowGenerator    FlagFIN current has 652 flow
2022-11-10 12:14:45 DEBUG cic.cs.unb.ca.jnetpcap.FlowGenerator    FlagFIN current has 652 flow
2022-11-10 12:15:03 DEBUG cic.cs.unb.ca.jnetpcap.FlowGenerator    FlagFIN current has 660 flow
2022-11-10 12:15:04 DEBUG cic.cs.unb.ca.jnetpcap.FlowGenerator    FlagFIN current has 660 flow
2022-11-10 12:15:22 DEBUG cic.cs.unb.ca.jnetpcap.FlowGenerator    FlagFIN current has 662 flow
2022-11-10 12:15:28 DEBUG cic.cs.unb.ca.jnetpcap.FlowGenerator    FlagFIN current has 662 flow
2022-11-10 12:15:28 DEBUG cic.cs.unb.ca.jnetpcap.FlowGenerator    FlagFIN current has 662 flow
2022-11-10 12:16:22 DEBUG cic.cs.unb.ca.jnetpcap.FlowGenerator    FlagFIN current has 672 flow
2022-11-10 12:16:30 DEBUG cic.cs.unb.ca.jnetpcap.FlowGenerator    FlagFIN current has 673 flow
2022-11-10 12:16:30 DEBUG cic.cs.unb.ca.jnetpcap.FlowGenerator    FlagFIN current has 673 flow
2022-11-10 12:16:50 DEBUG cic.cs.unb.ca.jnetpcap.FlowGenerator    FlagFIN current has 674 flow
2022-11-10 12:16:57 DEBUG cic.cs.unb.ca.jnetpcap.FlowGenerator    FlagFIN current has 678 flow
2022-11-10 12:17:08 DEBUG cic.cs.unb.ca.jnetpcap.FlowGenerator    FlagFIN current has 682 flow
2022-11-10 12:17:21 DEBUG cic.cs.unb.ca.jnetpcap.FlowGenerator    FlagFIN current has 690 flow
2022-11-10 12:17:21 DEBUG cic.cs.unb.ca.jnetpcap.FlowGenerator    FlagFIN current has 690 flow
2022-11-10 12:17:22 DEBUG cic.cs.unb.ca.jnetpcap.FlowGenerator    FlagFIN current has 691 flow
2022-11-10 12:17:22 DEBUG cic.cs.unb.ca.jnetpcap.FlowGenerator    FlagFIN current has 692 flow
2022-11-10 12:17:23 INFO  cic.cs.unb.ca.flow.ui.FlowMonitorPane    Pcap stop listening
2022-11-10 12:17:23 INFO  cic.cs.unb.ca.flow.ui.FlowMonitorPane    path:D:\Projects\Nokia\Network Intrusion Detection System\CICIDS\CICFlowMeter\bin\data\daily\2022-11-10_Flow.csv
2022-11-10 12:17:23 DEBUG cic.cs.unb.ca.jnetpcap.worker.TrafficFlowWorker    break Packet loop
