2022-10-26 21:31:00 INFO  cic.cs.unb.ca.jnetpcap.worker.TrafficFlowWorker    Pcap is listening...
2022-10-26 21:31:13 DEBUG cic.cs.unb.ca.jnetpcap.FlowGenerator    FlagFIN current has 10 flow
2022-10-26 21:31:13 DEBUG cic.cs.unb.ca.jnetpcap.FlowGenerator    FlagFIN current has 11 flow
2022-10-26 21:31:13 DEBUG cic.cs.unb.ca.jnetpcap.FlowGenerator    FlagFIN current has 10 flow
2022-10-26 21:31:13 DEBUG cic.cs.unb.ca.jnetpcap.FlowGenerator    FlagFIN current has 11 flow
2022-10-26 21:31:23 DEBUG cic.cs.unb.ca.jnetpcap.FlowGenerator    FlagFIN current has 21 flow
2022-10-26 21:31:23 DEBUG cic.cs.unb.ca.jnetpcap.FlowGenerator    FlagFIN current has 21 flow
2022-10-26 21:31:30 DEBUG cic.cs.unb.ca.jnetpcap.FlowGenerator    FlagFIN current has 86 flow
2022-10-26 21:31:39 DEBUG cic.cs.unb.ca.jnetpcap.FlowGenerator    FlagFIN current has 86 flow
2022-10-26 21:31:39 DEBUG cic.cs.unb.ca.jnetpcap.FlowGenerator    FlagFIN current has 86 flow
2022-10-26 21:31:40 DEBUG cic.cs.unb.ca.jnetpcap.FlowGenerator    FlagFIN current has 90 flow
2022-10-26 21:32:00 DEBUG cic.cs.unb.ca.jnetpcap.FlowGenerator    FlagFIN current has 105 flow
2022-10-26 21:32:00 DEBUG cic.cs.unb.ca.jnetpcap.FlowGenerator    FlagFIN current has 106 flow
2022-10-26 21:32:15 DEBUG cic.cs.unb.ca.jnetpcap.FlowGenerator    FlagFIN current has 115 flow
2022-10-26 21:32:29 DEBUG cic.cs.unb.ca.jnetpcap.FlowGenerator    FlagFIN current has 122 flow
2022-10-26 21:32:30 DEBUG cic.cs.unb.ca.jnetpcap.FlowGenerator    FlagFIN current has 123 flow
2022-10-26 21:32:30 DEBUG cic.cs.unb.ca.jnetpcap.FlowGenerator    FlagFIN current has 123 flow
2022-10-26 21:32:37 DEBUG cic.cs.unb.ca.jnetpcap.FlowGenerator    FlagFIN current has 124 flow
2022-10-26 21:32:37 DEBUG cic.cs.unb.ca.jnetpcap.FlowGenerator    FlagFIN current has 123 flow
2022-10-26 21:32:37 DEBUG cic.cs.unb.ca.jnetpcap.FlowGenerator    FlagFIN current has 122 flow
2022-10-26 21:32:37 DEBUG cic.cs.unb.ca.jnetpcap.FlowGenerator    FlagFIN current has 121 flow
2022-10-26 21:32:37 DEBUG cic.cs.unb.ca.jnetpcap.FlowGenerator    FlagFIN current has 120 flow
2022-10-26 21:32:37 DEBUG cic.cs.unb.ca.jnetpcap.FlowGenerator    FlagFIN current has 119 flow
2022-10-26 21:32:37 DEBUG cic.cs.unb.ca.jnetpcap.FlowGenerator    FlagFIN current has 118 flow
2022-10-26 21:32:37 DEBUG cic.cs.unb.ca.jnetpcap.FlowGenerator    FlagFIN current has 117 flow
2022-10-26 21:32:37 DEBUG cic.cs.unb.ca.jnetpcap.FlowGenerator    FlagFIN current has 116 flow
2022-10-26 21:32:37 DEBUG cic.cs.unb.ca.jnetpcap.FlowGenerator    FlagFIN current has 115 flow
2022-10-26 21:32:37 DEBUG cic.cs.unb.ca.jnetpcap.FlowGenerator    FlagFIN current has 114 flow
2022-10-26 21:32:37 DEBUG cic.cs.unb.ca.jnetpcap.FlowGenerator    FlagFIN current has 113 flow
2022-10-26 21:32:37 DEBUG cic.cs.unb.ca.jnetpcap.FlowGenerator    FlagFIN current has 112 flow
2022-10-26 21:32:37 DEBUG cic.cs.unb.ca.jnetpcap.FlowGenerator    FlagFIN current has 111 flow
2022-10-26 21:32:37 DEBUG cic.cs.unb.ca.jnetpcap.FlowGenerator    FlagFIN current has 110 flow
2022-10-26 21:32:37 DEBUG cic.cs.unb.ca.jnetpcap.FlowGenerator    FlagFIN current has 109 flow
2022-10-26 21:32:37 DEBUG cic.cs.unb.ca.jnetpcap.FlowGenerator    FlagFIN current has 108 flow
2022-10-26 21:32:37 DEBUG cic.cs.unb.ca.jnetpcap.FlowGenerator    FlagFIN current has 107 flow
2022-10-26 21:32:37 DEBUG cic.cs.unb.ca.jnetpcap.FlowGenerator    FlagFIN current has 125 flow
2022-10-26 21:33:04 DEBUG cic.cs.unb.ca.jnetpcap.FlowGenerator    FlagFIN current has 129 flow
2022-10-26 21:33:04 DEBUG cic.cs.unb.ca.jnetpcap.FlowGenerator    FlagFIN current has 128 flow
2022-10-26 21:33:33 DEBUG cic.cs.unb.ca.jnetpcap.FlowGenerator    FlagFIN current has 141 flow
2022-10-26 21:33:33 DEBUG cic.cs.unb.ca.jnetpcap.FlowGenerator    FlagFIN current has 141 flow
2022-10-26 21:34:44 DEBUG cic.cs.unb.ca.jnetpcap.FlowGenerator    FlagFIN current has 154 flow
2022-10-26 21:34:44 DEBUG cic.cs.unb.ca.jnetpcap.FlowGenerator    FlagFIN current has 154 flow
2022-10-26 21:34:54 DEBUG cic.cs.unb.ca.jnetpcap.FlowGenerator    FlagFIN current has 156 flow
2022-10-26 21:34:54 DEBUG cic.cs.unb.ca.jnetpcap.FlowGenerator    FlagFIN current has 156 flow
2022-10-26 21:34:54 DEBUG cic.cs.unb.ca.jnetpcap.FlowGenerator    FlagFIN current has 156 flow
2022-10-26 21:34:58 DEBUG cic.cs.unb.ca.jnetpcap.FlowGenerator    FlagFIN current has 164 flow
2022-10-26 21:35:45 INFO  cic.cs.unb.ca.flow.ui.FlowMonitorPane    Pcap stop listening
2022-10-26 21:35:45 INFO  cic.cs.unb.ca.flow.ui.FlowMonitorPane    path:D:\Projects\Nokia\Network Intrusion Detection System\CICIDS\CICFlowMeter\bin\data\daily\2022-10-26_Flow.csv
2022-10-26 21:35:47 DEBUG cic.cs.unb.ca.jnetpcap.worker.TrafficFlowWorker    break Packet loop
2022-10-26 21:36:03 INFO  cic.cs.unb.ca.jnetpcap.worker.TrafficFlowWorker    Pcap is listening...
2022-10-26 21:36:15 DEBUG cic.cs.unb.ca.jnetpcap.FlowGenerator    FlagFIN current has 6 flow
2022-10-26 21:36:30 DEBUG cic.cs.unb.ca.jnetpcap.FlowGenerator    FlagFIN current has 29 flow
2022-10-26 21:36:30 DEBUG cic.cs.unb.ca.jnetpcap.FlowGenerator    FlagFIN current has 28 flow
2022-10-26 21:36:30 DEBUG cic.cs.unb.ca.jnetpcap.FlowGenerator    FlagFIN current has 36 flow
2022-10-26 21:36:30 DEBUG cic.cs.unb.ca.jnetpcap.FlowGenerator    FlagFIN current has 35 flow
2022-10-26 21:36:30 DEBUG cic.cs.unb.ca.jnetpcap.FlowGenerator    FlagFIN current has 34 flow
2022-10-26 21:36:30 DEBUG cic.cs.unb.ca.jnetpcap.FlowGenerator    FlagFIN current has 33 flow
2022-10-26 21:36:30 DEBUG cic.cs.unb.ca.jnetpcap.FlowGenerator    FlagFIN current has 32 flow
2022-10-26 21:36:30 DEBUG cic.cs.unb.ca.jnetpcap.FlowGenerator    FlagFIN current has 36 flow
2022-10-26 21:36:30 DEBUG cic.cs.unb.ca.jnetpcap.FlowGenerator    FlagFIN current has 38 flow
2022-10-26 21:36:30 DEBUG cic.cs.unb.ca.jnetpcap.FlowGenerator    FlagFIN current has 38 flow
2022-10-26 21:36:38 DEBUG cic.cs.unb.ca.jnetpcap.FlowGenerator    FlagFIN current has 68 flow
2022-10-26 21:37:11 DEBUG cic.cs.unb.ca.jnetpcap.FlowGenerator    FlagFIN current has 77 flow
2022-10-26 21:37:11 DEBUG cic.cs.unb.ca.jnetpcap.FlowGenerator    FlagFIN current has 78 flow
2022-10-26 21:37:21 DEBUG cic.cs.unb.ca.jnetpcap.FlowGenerator    FlagFIN current has 81 flow
2022-10-26 21:37:21 DEBUG cic.cs.unb.ca.jnetpcap.FlowGenerator    FlagFIN current has 80 flow
2022-10-26 21:37:21 DEBUG cic.cs.unb.ca.jnetpcap.FlowGenerator    FlagFIN current has 79 flow
2022-10-26 21:37:21 DEBUG cic.cs.unb.ca.jnetpcap.FlowGenerator    FlagFIN current has 78 flow
2022-10-26 21:37:21 DEBUG cic.cs.unb.ca.jnetpcap.FlowGenerator    FlagFIN current has 77 flow
2022-10-26 21:37:21 DEBUG cic.cs.unb.ca.jnetpcap.FlowGenerator    FlagFIN current has 77 flow
2022-10-26 21:37:21 DEBUG cic.cs.unb.ca.jnetpcap.FlowGenerator    FlagFIN current has 78 flow
2022-10-26 21:37:21 DEBUG cic.cs.unb.ca.jnetpcap.FlowGenerator    FlagFIN current has 78 flow
2022-10-26 21:37:21 DEBUG cic.cs.unb.ca.jnetpcap.FlowGenerator    FlagFIN current has 78 flow
2022-10-26 21:37:21 DEBUG cic.cs.unb.ca.jnetpcap.FlowGenerator    FlagFIN current has 78 flow
2022-10-26 21:37:43 DEBUG cic.cs.unb.ca.jnetpcap.FlowGenerator    FlagFIN current has 83 flow
2022-10-26 21:37:43 DEBUG cic.cs.unb.ca.jnetpcap.FlowGenerator    FlagFIN current has 82 flow
2022-10-26 21:37:43 DEBUG cic.cs.unb.ca.jnetpcap.FlowGenerator    FlagFIN current has 83 flow
2022-10-26 21:39:31 DEBUG cic.cs.unb.ca.jnetpcap.FlowGenerator    Timeout current has 100 flow
2022-10-26 21:39:41 DEBUG cic.cs.unb.ca.jnetpcap.FlowGenerator    FlagFIN current has 106 flow
2022-10-26 21:39:41 DEBUG cic.cs.unb.ca.jnetpcap.FlowGenerator    FlagFIN current has 106 flow
2022-10-26 21:39:42 DEBUG cic.cs.unb.ca.jnetpcap.FlowGenerator    FlagFIN current has 108 flow
2022-10-26 21:39:42 DEBUG cic.cs.unb.ca.jnetpcap.FlowGenerator    FlagFIN current has 108 flow
2022-10-26 21:40:41 DEBUG cic.cs.unb.ca.jnetpcap.FlowGenerator    FlagFIN current has 115 flow
2022-10-26 21:40:41 DEBUG cic.cs.unb.ca.jnetpcap.FlowGenerator    FlagFIN current has 117 flow
2022-10-26 21:41:17 DEBUG cic.cs.unb.ca.jnetpcap.FlowGenerator    FlagFIN current has 123 flow
2022-10-26 21:41:47 DEBUG cic.cs.unb.ca.jnetpcap.FlowGenerator    FlagFIN current has 125 flow
2022-10-26 21:41:59 DEBUG cic.cs.unb.ca.jnetpcap.FlowGenerator    FlagFIN current has 128 flow
2022-10-26 21:41:59 DEBUG cic.cs.unb.ca.jnetpcap.FlowGenerator    FlagFIN current has 128 flow
2022-10-26 21:42:06 DEBUG cic.cs.unb.ca.jnetpcap.FlowGenerator    FlagFIN current has 133 flow
2022-10-26 21:42:06 DEBUG cic.cs.unb.ca.jnetpcap.FlowGenerator    FlagFIN current has 133 flow
2022-10-26 21:42:06 DEBUG cic.cs.unb.ca.jnetpcap.FlowGenerator    FlagFIN current has 133 flow
2022-10-26 21:42:06 DEBUG cic.cs.unb.ca.jnetpcap.FlowGenerator    FlagFIN current has 133 flow
2022-10-26 21:42:10 DEBUG cic.cs.unb.ca.jnetpcap.FlowGenerator    FlagFIN current has 134 flow
2022-10-26 21:42:10 DEBUG cic.cs.unb.ca.jnetpcap.FlowGenerator    FlagFIN current has 133 flow
2022-10-26 21:42:10 DEBUG cic.cs.unb.ca.jnetpcap.FlowGenerator    FlagFIN current has 134 flow
2022-10-26 21:42:10 DEBUG cic.cs.unb.ca.jnetpcap.FlowGenerator    FlagFIN current has 133 flow
2022-10-26 21:42:10 DEBUG cic.cs.unb.ca.jnetpcap.FlowGenerator    FlagFIN current has 157 flow
2022-10-26 21:42:10 DEBUG cic.cs.unb.ca.jnetpcap.FlowGenerator    FlagFIN current has 157 flow
2022-10-26 21:43:20 DEBUG cic.cs.unb.ca.jnetpcap.FlowGenerator    FlagFIN current has 236 flow
2022-10-26 21:43:20 DEBUG cic.cs.unb.ca.jnetpcap.FlowGenerator    FlagFIN current has 236 flow
2022-10-26 21:43:20 DEBUG cic.cs.unb.ca.jnetpcap.FlowGenerator    FlagFIN current has 236 flow
2022-10-26 21:43:20 DEBUG cic.cs.unb.ca.jnetpcap.FlowGenerator    FlagFIN current has 236 flow
2022-10-26 21:43:20 DEBUG cic.cs.unb.ca.jnetpcap.FlowGenerator    FlagFIN current has 236 flow
2022-10-26 21:43:47 DEBUG cic.cs.unb.ca.jnetpcap.FlowGenerator    FlagFIN current has 258 flow
2022-10-26 21:44:10 DEBUG cic.cs.unb.ca.jnetpcap.FlowGenerator    FlagFIN current has 286 flow
2022-10-26 21:44:10 DEBUG cic.cs.unb.ca.jnetpcap.FlowGenerator    FlagFIN current has 285 flow
2022-10-26 21:44:10 DEBUG cic.cs.unb.ca.jnetpcap.FlowGenerator    FlagFIN current has 284 flow
2022-10-26 21:44:10 DEBUG cic.cs.unb.ca.jnetpcap.FlowGenerator    FlagFIN current has 283 flow
2022-10-26 21:44:10 DEBUG cic.cs.unb.ca.jnetpcap.FlowGenerator    FlagFIN current has 282 flow
2022-10-26 21:44:10 DEBUG cic.cs.unb.ca.jnetpcap.FlowGenerator    FlagFIN current has 281 flow
2022-10-26 21:44:10 DEBUG cic.cs.unb.ca.jnetpcap.FlowGenerator    FlagFIN current has 280 flow
2022-10-26 21:44:10 DEBUG cic.cs.unb.ca.jnetpcap.FlowGenerator    FlagFIN current has 279 flow
2022-10-26 21:44:10 DEBUG cic.cs.unb.ca.jnetpcap.FlowGenerator    FlagFIN current has 278 flow
2022-10-26 21:44:10 DEBUG cic.cs.unb.ca.jnetpcap.FlowGenerator    FlagFIN current has 277 flow
2022-10-26 21:44:10 DEBUG cic.cs.unb.ca.jnetpcap.FlowGenerator    FlagFIN current has 276 flow
2022-10-26 21:44:10 DEBUG cic.cs.unb.ca.jnetpcap.FlowGenerator    FlagFIN current has 275 flow
2022-10-26 21:44:10 DEBUG cic.cs.unb.ca.jnetpcap.FlowGenerator    FlagFIN current has 274 flow
2022-10-26 21:44:10 DEBUG cic.cs.unb.ca.jnetpcap.FlowGenerator    FlagFIN current has 273 flow
2022-10-26 21:44:10 DEBUG cic.cs.unb.ca.jnetpcap.FlowGenerator    FlagFIN current has 272 flow
2022-10-26 21:44:10 DEBUG cic.cs.unb.ca.jnetpcap.FlowGenerator    FlagFIN current has 271 flow
2022-10-26 21:44:10 DEBUG cic.cs.unb.ca.jnetpcap.FlowGenerator    FlagFIN current has 270 flow
2022-10-26 21:44:10 DEBUG cic.cs.unb.ca.jnetpcap.FlowGenerator    FlagFIN current has 269 flow
2022-10-26 21:44:10 DEBUG cic.cs.unb.ca.jnetpcap.FlowGenerator    FlagFIN current has 268 flow
2022-10-26 21:44:10 DEBUG cic.cs.unb.ca.jnetpcap.FlowGenerator    FlagFIN current has 268 flow
2022-10-26 21:44:10 DEBUG cic.cs.unb.ca.jnetpcap.FlowGenerator    FlagFIN current has 276 flow
2022-10-26 21:44:10 DEBUG cic.cs.unb.ca.jnetpcap.FlowGenerator    FlagFIN current has 275 flow
2022-10-26 21:44:10 DEBUG cic.cs.unb.ca.jnetpcap.FlowGenerator    FlagFIN current has 274 flow
2022-10-26 21:44:10 DEBUG cic.cs.unb.ca.jnetpcap.FlowGenerator    FlagFIN current has 273 flow
2022-10-26 21:44:10 DEBUG cic.cs.unb.ca.jnetpcap.FlowGenerator    FlagFIN current has 272 flow
2022-10-26 21:44:10 DEBUG cic.cs.unb.ca.jnetpcap.FlowGenerator    FlagFIN current has 271 flow
2022-10-26 21:44:10 DEBUG cic.cs.unb.ca.jnetpcap.FlowGenerator    FlagFIN current has 270 flow
2022-10-26 21:44:10 DEBUG cic.cs.unb.ca.jnetpcap.FlowGenerator    FlagFIN current has 272 flow
2022-10-26 21:44:10 DEBUG cic.cs.unb.ca.jnetpcap.FlowGenerator    FlagFIN current has 271 flow
2022-10-26 21:44:10 DEBUG cic.cs.unb.ca.jnetpcap.FlowGenerator    FlagFIN current has 271 flow
2022-10-26 21:44:10 DEBUG cic.cs.unb.ca.jnetpcap.FlowGenerator    FlagFIN current has 274 flow
2022-10-26 21:44:10 DEBUG cic.cs.unb.ca.jnetpcap.FlowGenerator    FlagFIN current has 275 flow
2022-10-26 21:44:10 DEBUG cic.cs.unb.ca.jnetpcap.FlowGenerator    FlagFIN current has 276 flow
2022-10-26 21:44:10 DEBUG cic.cs.unb.ca.jnetpcap.FlowGenerator    FlagFIN current has 276 flow
2022-10-26 21:44:10 DEBUG cic.cs.unb.ca.jnetpcap.FlowGenerator    FlagFIN current has 276 flow
2022-10-26 21:44:10 DEBUG cic.cs.unb.ca.jnetpcap.FlowGenerator    FlagFIN current has 278 flow
2022-10-26 21:44:10 DEBUG cic.cs.unb.ca.jnetpcap.FlowGenerator    FlagFIN current has 277 flow
2022-10-26 21:44:10 DEBUG cic.cs.unb.ca.jnetpcap.FlowGenerator    FlagFIN current has 278 flow
2022-10-26 21:44:10 DEBUG cic.cs.unb.ca.jnetpcap.FlowGenerator    FlagFIN current has 279 flow
2022-10-26 21:44:10 DEBUG cic.cs.unb.ca.jnetpcap.FlowGenerator    FlagFIN current has 282 flow
2022-10-26 21:44:10 DEBUG cic.cs.unb.ca.jnetpcap.FlowGenerator    FlagFIN current has 284 flow
2022-10-26 21:44:10 DEBUG cic.cs.unb.ca.jnetpcap.FlowGenerator    FlagFIN current has 285 flow
2022-10-26 21:44:10 DEBUG cic.cs.unb.ca.jnetpcap.FlowGenerator    FlagFIN current has 287 flow
2022-10-26 21:44:42 DEBUG cic.cs.unb.ca.jnetpcap.FlowGenerator    FlagFIN current has 315 flow
2022-10-26 21:44:42 DEBUG cic.cs.unb.ca.jnetpcap.FlowGenerator    FlagFIN current has 315 flow
2022-10-26 21:44:42 DEBUG cic.cs.unb.ca.jnetpcap.FlowGenerator    FlagFIN current has 315 flow
2022-10-26 21:44:42 DEBUG cic.cs.unb.ca.jnetpcap.FlowGenerator    FlagFIN current has 314 flow
2022-10-26 21:44:42 DEBUG cic.cs.unb.ca.jnetpcap.FlowGenerator    FlagFIN current has 313 flow
2022-10-26 21:44:42 DEBUG cic.cs.unb.ca.jnetpcap.FlowGenerator    FlagFIN current has 312 flow
2022-10-26 21:44:42 DEBUG cic.cs.unb.ca.jnetpcap.FlowGenerator    FlagFIN current has 311 flow
2022-10-26 21:44:42 DEBUG cic.cs.unb.ca.jnetpcap.FlowGenerator    FlagFIN current has 310 flow
2022-10-26 21:44:42 DEBUG cic.cs.unb.ca.jnetpcap.FlowGenerator    FlagFIN current has 309 flow
2022-10-26 21:44:42 DEBUG cic.cs.unb.ca.jnetpcap.FlowGenerator    FlagFIN current has 309 flow
2022-10-26 21:44:42 DEBUG cic.cs.unb.ca.jnetpcap.FlowGenerator    FlagFIN current has 308 flow
2022-10-26 21:44:42 DEBUG cic.cs.unb.ca.jnetpcap.FlowGenerator    FlagFIN current has 307 flow
2022-10-26 21:44:42 DEBUG cic.cs.unb.ca.jnetpcap.FlowGenerator    FlagFIN current has 306 flow
2022-10-26 21:44:42 DEBUG cic.cs.unb.ca.jnetpcap.FlowGenerator    FlagFIN current has 305 flow
2022-10-26 21:44:42 DEBUG cic.cs.unb.ca.jnetpcap.FlowGenerator    FlagFIN current has 304 flow
2022-10-26 21:44:42 DEBUG cic.cs.unb.ca.jnetpcap.FlowGenerator    FlagFIN current has 304 flow
2022-10-26 21:44:42 DEBUG cic.cs.unb.ca.jnetpcap.FlowGenerator    FlagFIN current has 306 flow
2022-10-26 21:44:42 DEBUG cic.cs.unb.ca.jnetpcap.FlowGenerator    FlagFIN current has 307 flow
2022-10-26 21:44:42 DEBUG cic.cs.unb.ca.jnetpcap.FlowGenerator    FlagFIN current has 308 flow
2022-10-26 21:44:42 DEBUG cic.cs.unb.ca.jnetpcap.FlowGenerator    FlagFIN current has 312 flow
2022-10-26 21:44:42 DEBUG cic.cs.unb.ca.jnetpcap.FlowGenerator    FlagFIN current has 313 flow
2022-10-26 21:44:42 DEBUG cic.cs.unb.ca.jnetpcap.FlowGenerator    FlagFIN current has 314 flow
2022-10-26 21:44:42 DEBUG cic.cs.unb.ca.jnetpcap.FlowGenerator    FlagFIN current has 314 flow
2022-10-26 21:44:42 DEBUG cic.cs.unb.ca.jnetpcap.FlowGenerator    FlagFIN current has 314 flow
2022-10-26 21:44:42 DEBUG cic.cs.unb.ca.jnetpcap.FlowGenerator    FlagFIN current has 314 flow
2022-10-26 21:44:42 DEBUG cic.cs.unb.ca.jnetpcap.FlowGenerator    FlagFIN current has 314 flow
2022-10-26 21:44:43 DEBUG cic.cs.unb.ca.jnetpcap.FlowGenerator    FlagFIN current has 322 flow
2022-10-26 21:44:43 DEBUG cic.cs.unb.ca.jnetpcap.FlowGenerator    FlagFIN current has 322 flow
2022-10-26 21:44:43 DEBUG cic.cs.unb.ca.jnetpcap.FlowGenerator    FlagFIN current has 325 flow
2022-10-26 21:44:43 DEBUG cic.cs.unb.ca.jnetpcap.FlowGenerator    FlagFIN current has 325 flow
2022-10-26 21:45:00 DEBUG cic.cs.unb.ca.jnetpcap.FlowGenerator    FlagFIN current has 329 flow
2022-10-26 21:45:00 DEBUG cic.cs.unb.ca.jnetpcap.FlowGenerator    FlagFIN current has 329 flow
2022-10-26 21:45:07 DEBUG cic.cs.unb.ca.jnetpcap.FlowGenerator    FlagFIN current has 411 flow
2022-10-26 21:45:08 DEBUG cic.cs.unb.ca.jnetpcap.FlowGenerator    FlagFIN current has 416 flow
2022-10-26 21:45:09 DEBUG cic.cs.unb.ca.jnetpcap.FlowGenerator    FlagFIN current has 422 flow
2022-10-26 21:45:09 DEBUG cic.cs.unb.ca.jnetpcap.FlowGenerator    FlagFIN current has 422 flow
2022-10-26 21:45:09 DEBUG cic.cs.unb.ca.jnetpcap.FlowGenerator    FlagFIN current has 570 flow
2022-10-26 21:45:09 DEBUG cic.cs.unb.ca.jnetpcap.FlowGenerator    FlagFIN current has 570 flow
2022-10-26 21:45:10 DEBUG cic.cs.unb.ca.jnetpcap.FlowGenerator    FlagFIN current has 576 flow
2022-10-26 21:45:10 DEBUG cic.cs.unb.ca.jnetpcap.FlowGenerator    FlagFIN current has 577 flow
2022-10-26 21:45:10 DEBUG cic.cs.unb.ca.jnetpcap.FlowGenerator    FlagFIN current has 578 flow
2022-10-26 21:45:10 DEBUG cic.cs.unb.ca.jnetpcap.FlowGenerator    FlagFIN current has 578 flow
2022-10-26 21:45:10 DEBUG cic.cs.unb.ca.jnetpcap.FlowGenerator    FlagFIN current has 582 flow
2022-10-26 21:45:10 DEBUG cic.cs.unb.ca.jnetpcap.FlowGenerator    FlagFIN current has 583 flow
2022-10-26 21:45:11 DEBUG cic.cs.unb.ca.jnetpcap.FlowGenerator    FlagFIN current has 584 flow
2022-10-26 21:45:11 DEBUG cic.cs.unb.ca.jnetpcap.FlowGenerator    FlagFIN current has 584 flow
2022-10-26 21:45:11 DEBUG cic.cs.unb.ca.jnetpcap.FlowGenerator    FlagFIN current has 586 flow
2022-10-26 21:45:11 DEBUG cic.cs.unb.ca.jnetpcap.FlowGenerator    FlagFIN current has 587 flow
2022-10-26 21:45:11 DEBUG cic.cs.unb.ca.jnetpcap.FlowGenerator    FlagFIN current has 588 flow
2022-10-26 21:45:11 DEBUG cic.cs.unb.ca.jnetpcap.FlowGenerator    FlagFIN current has 589 flow
2022-10-26 21:45:11 DEBUG cic.cs.unb.ca.jnetpcap.FlowGenerator    FlagFIN current has 590 flow
2022-10-26 21:45:11 DEBUG cic.cs.unb.ca.jnetpcap.FlowGenerator    FlagFIN current has 591 flow
2022-10-26 21:45:11 DEBUG cic.cs.unb.ca.jnetpcap.FlowGenerator    FlagFIN current has 592 flow
2022-10-26 21:45:11 DEBUG cic.cs.unb.ca.jnetpcap.FlowGenerator    FlagFIN current has 595 flow
2022-10-26 21:45:11 DEBUG cic.cs.unb.ca.jnetpcap.FlowGenerator    FlagFIN current has 596 flow
2022-10-26 21:45:11 DEBUG cic.cs.unb.ca.jnetpcap.FlowGenerator    FlagFIN current has 597 flow
2022-10-26 21:45:12 DEBUG cic.cs.unb.ca.jnetpcap.FlowGenerator    FlagFIN current has 598 flow
2022-10-26 21:45:12 DEBUG cic.cs.unb.ca.jnetpcap.FlowGenerator    FlagFIN current has 599 flow
2022-10-26 21:45:12 DEBUG cic.cs.unb.ca.jnetpcap.FlowGenerator    FlagFIN current has 600 flow
2022-10-26 21:45:12 DEBUG cic.cs.unb.ca.jnetpcap.FlowGenerator    FlagFIN current has 601 flow
2022-10-26 21:45:12 DEBUG cic.cs.unb.ca.jnetpcap.FlowGenerator    FlagFIN current has 602 flow
2022-10-26 21:45:12 DEBUG cic.cs.unb.ca.jnetpcap.FlowGenerator    FlagFIN current has 603 flow
2022-10-26 21:45:12 DEBUG cic.cs.unb.ca.jnetpcap.FlowGenerator    FlagFIN current has 604 flow
2022-10-26 21:45:12 DEBUG cic.cs.unb.ca.jnetpcap.FlowGenerator    FlagFIN current has 605 flow
2022-10-26 21:45:12 DEBUG cic.cs.unb.ca.jnetpcap.FlowGenerator    FlagFIN current has 606 flow
2022-10-26 21:45:12 DEBUG cic.cs.unb.ca.jnetpcap.FlowGenerator    FlagFIN current has 607 flow
2022-10-26 21:45:12 DEBUG cic.cs.unb.ca.jnetpcap.FlowGenerator    FlagFIN current has 608 flow
2022-10-26 21:45:12 DEBUG cic.cs.unb.ca.jnetpcap.FlowGenerator    FlagFIN current has 609 flow
2022-10-26 21:45:12 DEBUG cic.cs.unb.ca.jnetpcap.FlowGenerator    FlagFIN current has 610 flow
2022-10-26 21:45:13 DEBUG cic.cs.unb.ca.jnetpcap.FlowGenerator    FlagFIN current has 611 flow
2022-10-26 21:45:13 DEBUG cic.cs.unb.ca.jnetpcap.FlowGenerator    FlagFIN current has 612 flow
2022-10-26 21:45:13 DEBUG cic.cs.unb.ca.jnetpcap.FlowGenerator    FlagFIN current has 613 flow
2022-10-26 21:45:13 DEBUG cic.cs.unb.ca.jnetpcap.FlowGenerator    FlagFIN current has 614 flow
2022-10-26 21:45:13 DEBUG cic.cs.unb.ca.jnetpcap.FlowGenerator    FlagFIN current has 615 flow
2022-10-26 21:45:13 DEBUG cic.cs.unb.ca.jnetpcap.FlowGenerator    FlagFIN current has 616 flow
2022-10-26 21:45:13 DEBUG cic.cs.unb.ca.jnetpcap.FlowGenerator    FlagFIN current has 617 flow
2022-10-26 21:45:13 DEBUG cic.cs.unb.ca.jnetpcap.FlowGenerator    FlagFIN current has 618 flow
2022-10-26 21:45:13 DEBUG cic.cs.unb.ca.jnetpcap.FlowGenerator    FlagFIN current has 619 flow
2022-10-26 21:45:13 DEBUG cic.cs.unb.ca.jnetpcap.FlowGenerator    FlagFIN current has 619 flow
2022-10-26 21:45:13 DEBUG cic.cs.unb.ca.jnetpcap.FlowGenerator    FlagFIN current has 620 flow
2022-10-26 21:45:14 DEBUG cic.cs.unb.ca.jnetpcap.FlowGenerator    FlagFIN current has 622 flow
2022-10-26 21:45:14 DEBUG cic.cs.unb.ca.jnetpcap.FlowGenerator    FlagFIN current has 623 flow
2022-10-26 21:45:14 DEBUG cic.cs.unb.ca.jnetpcap.FlowGenerator    FlagFIN current has 624 flow
2022-10-26 21:45:14 DEBUG cic.cs.unb.ca.jnetpcap.FlowGenerator    FlagFIN current has 625 flow
2022-10-26 21:45:14 DEBUG cic.cs.unb.ca.jnetpcap.FlowGenerator    FlagFIN current has 626 flow
2022-10-26 21:45:14 DEBUG cic.cs.unb.ca.jnetpcap.FlowGenerator    FlagFIN current has 627 flow
2022-10-26 21:45:14 DEBUG cic.cs.unb.ca.jnetpcap.FlowGenerator    FlagFIN current has 628 flow
2022-10-26 21:45:14 DEBUG cic.cs.unb.ca.jnetpcap.FlowGenerator    FlagFIN current has 628 flow
2022-10-26 21:45:14 DEBUG cic.cs.unb.ca.jnetpcap.FlowGenerator    FlagFIN current has 629 flow
2022-10-26 21:45:14 DEBUG cic.cs.unb.ca.jnetpcap.FlowGenerator    FlagFIN current has 630 flow
2022-10-26 21:45:14 DEBUG cic.cs.unb.ca.jnetpcap.FlowGenerator    FlagFIN current has 632 flow
2022-10-26 21:45:14 DEBUG cic.cs.unb.ca.jnetpcap.FlowGenerator    FlagFIN current has 633 flow
2022-10-26 21:45:15 DEBUG cic.cs.unb.ca.jnetpcap.FlowGenerator    FlagFIN current has 634 flow
2022-10-26 21:45:15 DEBUG cic.cs.unb.ca.jnetpcap.FlowGenerator    FlagFIN current has 635 flow
2022-10-26 21:45:15 DEBUG cic.cs.unb.ca.jnetpcap.FlowGenerator    FlagFIN current has 636 flow
2022-10-26 21:45:15 DEBUG cic.cs.unb.ca.jnetpcap.FlowGenerator    FlagFIN current has 636 flow
2022-10-26 21:45:15 DEBUG cic.cs.unb.ca.jnetpcap.FlowGenerator    FlagFIN current has 637 flow
2022-10-26 21:45:15 DEBUG cic.cs.unb.ca.jnetpcap.FlowGenerator    FlagFIN current has 638 flow
2022-10-26 21:45:15 DEBUG cic.cs.unb.ca.jnetpcap.FlowGenerator    FlagFIN current has 639 flow
2022-10-26 21:45:15 DEBUG cic.cs.unb.ca.jnetpcap.FlowGenerator    FlagFIN current has 640 flow
2022-10-26 21:45:15 DEBUG cic.cs.unb.ca.jnetpcap.FlowGenerator    FlagFIN current has 641 flow
2022-10-26 21:45:15 DEBUG cic.cs.unb.ca.jnetpcap.FlowGenerator    FlagFIN current has 642 flow
2022-10-26 21:45:15 DEBUG cic.cs.unb.ca.jnetpcap.FlowGenerator    FlagFIN current has 643 flow
2022-10-26 21:45:15 DEBUG cic.cs.unb.ca.jnetpcap.FlowGenerator    FlagFIN current has 644 flow
2022-10-26 21:45:15 DEBUG cic.cs.unb.ca.jnetpcap.FlowGenerator    FlagFIN current has 645 flow
2022-10-26 21:45:15 DEBUG cic.cs.unb.ca.jnetpcap.FlowGenerator    FlagFIN current has 646 flow
2022-10-26 21:45:16 DEBUG cic.cs.unb.ca.jnetpcap.FlowGenerator    FlagFIN current has 647 flow
2022-10-26 21:45:16 DEBUG cic.cs.unb.ca.jnetpcap.FlowGenerator    FlagFIN current has 648 flow
2022-10-26 21:45:16 DEBUG cic.cs.unb.ca.jnetpcap.FlowGenerator    FlagFIN current has 649 flow
2022-10-26 21:45:16 DEBUG cic.cs.unb.ca.jnetpcap.FlowGenerator    FlagFIN current has 650 flow
2022-10-26 21:45:16 DEBUG cic.cs.unb.ca.jnetpcap.FlowGenerator    FlagFIN current has 651 flow
2022-10-26 21:45:16 DEBUG cic.cs.unb.ca.jnetpcap.FlowGenerator    FlagFIN current has 652 flow
2022-10-26 21:45:16 DEBUG cic.cs.unb.ca.jnetpcap.FlowGenerator    FlagFIN current has 653 flow
2022-10-26 21:45:16 DEBUG cic.cs.unb.ca.jnetpcap.FlowGenerator    FlagFIN current has 653 flow
2022-10-26 21:45:16 DEBUG cic.cs.unb.ca.jnetpcap.FlowGenerator    FlagFIN current has 655 flow
2022-10-26 21:45:16 DEBUG cic.cs.unb.ca.jnetpcap.FlowGenerator    FlagFIN current has 656 flow
2022-10-26 21:45:16 DEBUG cic.cs.unb.ca.jnetpcap.FlowGenerator    FlagFIN current has 657 flow
2022-10-26 21:45:16 DEBUG cic.cs.unb.ca.jnetpcap.FlowGenerator    FlagFIN current has 658 flow
2022-10-26 21:45:17 DEBUG cic.cs.unb.ca.jnetpcap.FlowGenerator    FlagFIN current has 659 flow
2022-10-26 21:45:17 DEBUG cic.cs.unb.ca.jnetpcap.FlowGenerator    FlagFIN current has 660 flow
2022-10-26 21:45:17 DEBUG cic.cs.unb.ca.jnetpcap.FlowGenerator    FlagFIN current has 661 flow
2022-10-26 21:45:17 DEBUG cic.cs.unb.ca.jnetpcap.FlowGenerator    FlagFIN current has 662 flow
2022-10-26 21:45:17 DEBUG cic.cs.unb.ca.jnetpcap.FlowGenerator    FlagFIN current has 662 flow
2022-10-26 21:45:17 DEBUG cic.cs.unb.ca.jnetpcap.FlowGenerator    FlagFIN current has 663 flow
2022-10-26 21:45:17 DEBUG cic.cs.unb.ca.jnetpcap.FlowGenerator    FlagFIN current has 664 flow
2022-10-26 21:45:17 DEBUG cic.cs.unb.ca.jnetpcap.FlowGenerator    FlagFIN current has 665 flow
2022-10-26 21:45:17 DEBUG cic.cs.unb.ca.jnetpcap.FlowGenerator    FlagFIN current has 666 flow
2022-10-26 21:45:17 DEBUG cic.cs.unb.ca.jnetpcap.FlowGenerator    FlagFIN current has 666 flow
2022-10-26 21:45:17 DEBUG cic.cs.unb.ca.jnetpcap.FlowGenerator    FlagFIN current has 666 flow
2022-10-26 21:45:18 DEBUG cic.cs.unb.ca.jnetpcap.FlowGenerator    FlagFIN current has 668 flow
2022-10-26 21:45:18 DEBUG cic.cs.unb.ca.jnetpcap.FlowGenerator    FlagFIN current has 669 flow
2022-10-26 21:45:18 DEBUG cic.cs.unb.ca.jnetpcap.FlowGenerator    FlagFIN current has 670 flow
2022-10-26 21:45:18 DEBUG cic.cs.unb.ca.jnetpcap.FlowGenerator    FlagFIN current has 671 flow
2022-10-26 21:45:18 DEBUG cic.cs.unb.ca.jnetpcap.FlowGenerator    FlagFIN current has 672 flow
2022-10-26 21:45:18 DEBUG cic.cs.unb.ca.jnetpcap.FlowGenerator    FlagFIN current has 673 flow
2022-10-26 21:45:18 DEBUG cic.cs.unb.ca.jnetpcap.FlowGenerator    FlagFIN current has 674 flow
2022-10-26 21:45:18 DEBUG cic.cs.unb.ca.jnetpcap.FlowGenerator    FlagFIN current has 675 flow
2022-10-26 21:45:18 DEBUG cic.cs.unb.ca.jnetpcap.FlowGenerator    FlagFIN current has 676 flow
2022-10-26 21:45:18 DEBUG cic.cs.unb.ca.jnetpcap.FlowGenerator    FlagFIN current has 678 flow
2022-10-26 21:45:18 DEBUG cic.cs.unb.ca.jnetpcap.FlowGenerator    FlagFIN current has 679 flow
2022-10-26 21:45:18 DEBUG cic.cs.unb.ca.jnetpcap.FlowGenerator    FlagFIN current has 680 flow
2022-10-26 21:45:19 DEBUG cic.cs.unb.ca.jnetpcap.FlowGenerator    FlagFIN current has 681 flow
2022-10-26 21:45:19 DEBUG cic.cs.unb.ca.jnetpcap.FlowGenerator    FlagFIN current has 681 flow
2022-10-26 21:45:19 DEBUG cic.cs.unb.ca.jnetpcap.FlowGenerator    FlagFIN current has 682 flow
2022-10-26 21:45:19 DEBUG cic.cs.unb.ca.jnetpcap.FlowGenerator    FlagFIN current has 683 flow
2022-10-26 21:45:19 DEBUG cic.cs.unb.ca.jnetpcap.FlowGenerator    FlagFIN current has 684 flow
2022-10-26 21:45:19 DEBUG cic.cs.unb.ca.jnetpcap.FlowGenerator    FlagFIN current has 685 flow
2022-10-26 21:45:19 DEBUG cic.cs.unb.ca.jnetpcap.FlowGenerator    FlagFIN current has 686 flow
2022-10-26 21:45:19 DEBUG cic.cs.unb.ca.jnetpcap.FlowGenerator    FlagFIN current has 687 flow
2022-10-26 21:45:19 DEBUG cic.cs.unb.ca.jnetpcap.FlowGenerator    FlagFIN current has 688 flow
2022-10-26 21:45:19 DEBUG cic.cs.unb.ca.jnetpcap.FlowGenerator    FlagFIN current has 689 flow
2022-10-26 21:45:19 DEBUG cic.cs.unb.ca.jnetpcap.FlowGenerator    FlagFIN current has 690 flow
2022-10-26 21:45:20 DEBUG cic.cs.unb.ca.jnetpcap.FlowGenerator    FlagFIN current has 691 flow
2022-10-26 21:45:20 DEBUG cic.cs.unb.ca.jnetpcap.FlowGenerator    FlagFIN current has 692 flow
2022-10-26 21:45:20 DEBUG cic.cs.unb.ca.jnetpcap.FlowGenerator    FlagFIN current has 693 flow
2022-10-26 21:45:20 DEBUG cic.cs.unb.ca.jnetpcap.FlowGenerator    FlagFIN current has 694 flow
2022-10-26 21:45:20 DEBUG cic.cs.unb.ca.jnetpcap.FlowGenerator    FlagFIN current has 695 flow
2022-10-26 21:45:20 DEBUG cic.cs.unb.ca.jnetpcap.FlowGenerator    FlagFIN current has 696 flow
2022-10-26 21:45:20 DEBUG cic.cs.unb.ca.jnetpcap.FlowGenerator    FlagFIN current has 697 flow
2022-10-26 21:45:20 DEBUG cic.cs.unb.ca.jnetpcap.FlowGenerator    FlagFIN current has 698 flow
2022-10-26 21:45:20 DEBUG cic.cs.unb.ca.jnetpcap.FlowGenerator    FlagFIN current has 699 flow
2022-10-26 21:45:20 DEBUG cic.cs.unb.ca.jnetpcap.FlowGenerator    FlagFIN current has 700 flow
2022-10-26 21:45:20 DEBUG cic.cs.unb.ca.jnetpcap.FlowGenerator    FlagFIN current has 701 flow
2022-10-26 21:45:20 DEBUG cic.cs.unb.ca.jnetpcap.FlowGenerator    FlagFIN current has 702 flow
2022-10-26 21:45:20 DEBUG cic.cs.unb.ca.jnetpcap.FlowGenerator    FlagFIN current has 703 flow
2022-10-26 21:45:21 DEBUG cic.cs.unb.ca.jnetpcap.FlowGenerator    FlagFIN current has 704 flow
2022-10-26 21:45:21 DEBUG cic.cs.unb.ca.jnetpcap.FlowGenerator    FlagFIN current has 704 flow
2022-10-26 21:45:21 DEBUG cic.cs.unb.ca.jnetpcap.FlowGenerator    FlagFIN current has 706 flow
2022-10-26 21:45:21 DEBUG cic.cs.unb.ca.jnetpcap.FlowGenerator    FlagFIN current has 706 flow
2022-10-26 21:45:21 DEBUG cic.cs.unb.ca.jnetpcap.FlowGenerator    FlagFIN current has 707 flow
2022-10-26 21:45:21 DEBUG cic.cs.unb.ca.jnetpcap.FlowGenerator    FlagFIN current has 708 flow
2022-10-26 21:45:21 DEBUG cic.cs.unb.ca.jnetpcap.FlowGenerator    FlagFIN current has 709 flow
2022-10-26 21:45:21 DEBUG cic.cs.unb.ca.jnetpcap.FlowGenerator    FlagFIN current has 710 flow
2022-10-26 21:45:21 DEBUG cic.cs.unb.ca.jnetpcap.FlowGenerator    FlagFIN current has 711 flow
2022-10-26 21:45:21 DEBUG cic.cs.unb.ca.jnetpcap.FlowGenerator    FlagFIN current has 711 flow
2022-10-26 21:45:22 DEBUG cic.cs.unb.ca.jnetpcap.FlowGenerator    FlagFIN current has 713 flow
2022-10-26 21:45:22 DEBUG cic.cs.unb.ca.jnetpcap.FlowGenerator    FlagFIN current has 713 flow
2022-10-26 21:45:22 DEBUG cic.cs.unb.ca.jnetpcap.FlowGenerator    FlagFIN current has 715 flow
2022-10-26 21:45:22 DEBUG cic.cs.unb.ca.jnetpcap.FlowGenerator    FlagFIN current has 716 flow
2022-10-26 21:45:22 DEBUG cic.cs.unb.ca.jnetpcap.FlowGenerator    FlagFIN current has 717 flow
2022-10-26 21:45:22 DEBUG cic.cs.unb.ca.jnetpcap.FlowGenerator    FlagFIN current has 718 flow
2022-10-26 21:45:22 DEBUG cic.cs.unb.ca.jnetpcap.FlowGenerator    FlagFIN current has 719 flow
2022-10-26 21:45:22 DEBUG cic.cs.unb.ca.jnetpcap.FlowGenerator    FlagFIN current has 719 flow
2022-10-26 21:45:22 DEBUG cic.cs.unb.ca.jnetpcap.FlowGenerator    FlagFIN current has 720 flow
2022-10-26 21:45:22 DEBUG cic.cs.unb.ca.jnetpcap.FlowGenerator    FlagFIN current has 721 flow
2022-10-26 21:45:22 DEBUG cic.cs.unb.ca.jnetpcap.FlowGenerator    FlagFIN current has 722 flow
2022-10-26 21:45:22 DEBUG cic.cs.unb.ca.jnetpcap.FlowGenerator    FlagFIN current has 723 flow
2022-10-26 21:45:22 DEBUG cic.cs.unb.ca.jnetpcap.FlowGenerator    FlagFIN current has 724 flow
2022-10-26 21:45:22 DEBUG cic.cs.unb.ca.jnetpcap.FlowGenerator    FlagFIN current has 725 flow
2022-10-26 21:45:23 DEBUG cic.cs.unb.ca.jnetpcap.FlowGenerator    FlagFIN current has 726 flow
2022-10-26 21:45:23 DEBUG cic.cs.unb.ca.jnetpcap.FlowGenerator    FlagFIN current has 727 flow
2022-10-26 21:45:23 DEBUG cic.cs.unb.ca.jnetpcap.FlowGenerator    FlagFIN current has 728 flow
2022-10-26 21:45:23 DEBUG cic.cs.unb.ca.jnetpcap.FlowGenerator    FlagFIN current has 729 flow
2022-10-26 21:45:23 DEBUG cic.cs.unb.ca.jnetpcap.FlowGenerator    FlagFIN current has 729 flow
2022-10-26 21:45:23 DEBUG cic.cs.unb.ca.jnetpcap.FlowGenerator    FlagFIN current has 730 flow
2022-10-26 21:45:23 DEBUG cic.cs.unb.ca.jnetpcap.FlowGenerator    FlagFIN current has 731 flow
2022-10-26 21:45:23 DEBUG cic.cs.unb.ca.jnetpcap.FlowGenerator    FlagFIN current has 731 flow
2022-10-26 21:45:23 DEBUG cic.cs.unb.ca.jnetpcap.FlowGenerator    FlagFIN current has 733 flow
2022-10-26 21:45:23 DEBUG cic.cs.unb.ca.jnetpcap.FlowGenerator    FlagFIN current has 734 flow
2022-10-26 21:45:23 DEBUG cic.cs.unb.ca.jnetpcap.FlowGenerator    FlagFIN current has 734 flow
2022-10-26 21:45:23 DEBUG cic.cs.unb.ca.jnetpcap.FlowGenerator    FlagFIN current has 735 flow
2022-10-26 21:45:24 DEBUG cic.cs.unb.ca.jnetpcap.FlowGenerator    FlagFIN current has 736 flow
2022-10-26 21:45:24 DEBUG cic.cs.unb.ca.jnetpcap.FlowGenerator    FlagFIN current has 737 flow
2022-10-26 21:45:24 DEBUG cic.cs.unb.ca.jnetpcap.FlowGenerator    FlagFIN current has 738 flow
2022-10-26 21:45:24 DEBUG cic.cs.unb.ca.jnetpcap.FlowGenerator    FlagFIN current has 739 flow
2022-10-26 21:45:24 DEBUG cic.cs.unb.ca.jnetpcap.FlowGenerator    FlagFIN current has 739 flow
2022-10-26 21:45:24 DEBUG cic.cs.unb.ca.jnetpcap.FlowGenerator    FlagFIN current has 741 flow
2022-10-26 21:45:24 DEBUG cic.cs.unb.ca.jnetpcap.FlowGenerator    FlagFIN current has 742 flow
2022-10-26 21:45:24 DEBUG cic.cs.unb.ca.jnetpcap.FlowGenerator    FlagFIN current has 743 flow
2022-10-26 21:45:24 DEBUG cic.cs.unb.ca.jnetpcap.FlowGenerator    FlagFIN current has 744 flow
2022-10-26 21:45:24 DEBUG cic.cs.unb.ca.jnetpcap.FlowGenerator    FlagFIN current has 745 flow
2022-10-26 21:45:24 DEBUG cic.cs.unb.ca.jnetpcap.FlowGenerator    FlagFIN current has 746 flow
2022-10-26 21:45:24 DEBUG cic.cs.unb.ca.jnetpcap.FlowGenerator    FlagFIN current has 747 flow
2022-10-26 21:45:24 DEBUG cic.cs.unb.ca.jnetpcap.FlowGenerator    FlagFIN current has 748 flow
2022-10-26 21:45:24 DEBUG cic.cs.unb.ca.jnetpcap.FlowGenerator    FlagFIN current has 749 flow
2022-10-26 21:45:25 DEBUG cic.cs.unb.ca.jnetpcap.FlowGenerator    FlagFIN current has 750 flow
2022-10-26 21:45:25 DEBUG cic.cs.unb.ca.jnetpcap.FlowGenerator    FlagFIN current has 751 flow
2022-10-26 21:45:25 DEBUG cic.cs.unb.ca.jnetpcap.FlowGenerator    FlagFIN current has 752 flow
2022-10-26 21:45:25 DEBUG cic.cs.unb.ca.jnetpcap.FlowGenerator    FlagFIN current has 753 flow
2022-10-26 21:45:25 DEBUG cic.cs.unb.ca.jnetpcap.FlowGenerator    FlagFIN current has 753 flow
2022-10-26 21:45:25 DEBUG cic.cs.unb.ca.jnetpcap.FlowGenerator    FlagFIN current has 754 flow
2022-10-26 21:45:25 DEBUG cic.cs.unb.ca.jnetpcap.FlowGenerator    FlagFIN current has 755 flow
2022-10-26 21:45:25 DEBUG cic.cs.unb.ca.jnetpcap.FlowGenerator    FlagFIN current has 756 flow
2022-10-26 21:45:25 DEBUG cic.cs.unb.ca.jnetpcap.FlowGenerator    FlagFIN current has 756 flow
2022-10-26 21:45:25 DEBUG cic.cs.unb.ca.jnetpcap.FlowGenerator    FlagFIN current has 756 flow
2022-10-26 21:45:26 DEBUG cic.cs.unb.ca.jnetpcap.FlowGenerator    FlagFIN current has 758 flow
2022-10-26 21:45:26 DEBUG cic.cs.unb.ca.jnetpcap.FlowGenerator    FlagFIN current has 759 flow
2022-10-26 21:45:26 DEBUG cic.cs.unb.ca.jnetpcap.FlowGenerator    FlagFIN current has 760 flow
2022-10-26 21:45:26 DEBUG cic.cs.unb.ca.jnetpcap.FlowGenerator    FlagFIN current has 761 flow
2022-10-26 21:45:26 DEBUG cic.cs.unb.ca.jnetpcap.FlowGenerator    FlagFIN current has 762 flow
2022-10-26 21:45:26 DEBUG cic.cs.unb.ca.jnetpcap.FlowGenerator    FlagFIN current has 763 flow
2022-10-26 21:45:26 DEBUG cic.cs.unb.ca.jnetpcap.FlowGenerator    FlagFIN current has 764 flow
2022-10-26 21:45:26 DEBUG cic.cs.unb.ca.jnetpcap.FlowGenerator    FlagFIN current has 765 flow
2022-10-26 21:45:26 DEBUG cic.cs.unb.ca.jnetpcap.FlowGenerator    FlagFIN current has 766 flow
2022-10-26 21:45:26 DEBUG cic.cs.unb.ca.jnetpcap.FlowGenerator    FlagFIN current has 767 flow
2022-10-26 21:45:26 DEBUG cic.cs.unb.ca.jnetpcap.FlowGenerator    FlagFIN current has 768 flow
2022-10-26 21:45:26 DEBUG cic.cs.unb.ca.jnetpcap.FlowGenerator    FlagFIN current has 768 flow
2022-10-26 21:45:26 DEBUG cic.cs.unb.ca.jnetpcap.FlowGenerator    FlagFIN current has 769 flow
2022-10-26 21:45:26 DEBUG cic.cs.unb.ca.jnetpcap.FlowGenerator    FlagFIN current has 771 flow
2022-10-26 21:45:27 DEBUG cic.cs.unb.ca.jnetpcap.FlowGenerator    FlagFIN current has 772 flow
2022-10-26 21:45:27 DEBUG cic.cs.unb.ca.jnetpcap.FlowGenerator    FlagFIN current has 773 flow
2022-10-26 21:45:27 DEBUG cic.cs.unb.ca.jnetpcap.FlowGenerator    FlagFIN current has 774 flow
2022-10-26 21:45:27 DEBUG cic.cs.unb.ca.jnetpcap.FlowGenerator    FlagFIN current has 775 flow
2022-10-26 21:45:27 DEBUG cic.cs.unb.ca.jnetpcap.FlowGenerator    FlagFIN current has 776 flow
2022-10-26 21:45:27 DEBUG cic.cs.unb.ca.jnetpcap.FlowGenerator    FlagFIN current has 777 flow
2022-10-26 21:45:27 DEBUG cic.cs.unb.ca.jnetpcap.FlowGenerator    FlagFIN current has 778 flow
2022-10-26 21:45:27 DEBUG cic.cs.unb.ca.jnetpcap.FlowGenerator    FlagFIN current has 779 flow
2022-10-26 21:45:27 DEBUG cic.cs.unb.ca.jnetpcap.FlowGenerator    FlagFIN current has 780 flow
2022-10-26 21:45:28 DEBUG cic.cs.unb.ca.jnetpcap.FlowGenerator    FlagFIN current has 781 flow
2022-10-26 21:45:28 DEBUG cic.cs.unb.ca.jnetpcap.FlowGenerator    FlagFIN current has 782 flow
2022-10-26 21:45:28 DEBUG cic.cs.unb.ca.jnetpcap.FlowGenerator    FlagFIN current has 784 flow
2022-10-26 21:45:28 DEBUG cic.cs.unb.ca.jnetpcap.FlowGenerator    FlagFIN current has 785 flow
2022-10-26 21:45:28 DEBUG cic.cs.unb.ca.jnetpcap.FlowGenerator    FlagFIN current has 786 flow
2022-10-26 21:45:28 DEBUG cic.cs.unb.ca.jnetpcap.FlowGenerator    FlagFIN current has 787 flow
2022-10-26 21:45:28 DEBUG cic.cs.unb.ca.jnetpcap.FlowGenerator    FlagFIN current has 788 flow
2022-10-26 21:45:28 DEBUG cic.cs.unb.ca.jnetpcap.FlowGenerator    FlagFIN current has 789 flow
2022-10-26 21:45:28 DEBUG cic.cs.unb.ca.jnetpcap.FlowGenerator    FlagFIN current has 790 flow
2022-10-26 21:45:29 DEBUG cic.cs.unb.ca.jnetpcap.FlowGenerator    FlagFIN current has 791 flow
2022-10-26 21:45:29 DEBUG cic.cs.unb.ca.jnetpcap.FlowGenerator    FlagFIN current has 792 flow
2022-10-26 21:45:29 DEBUG cic.cs.unb.ca.jnetpcap.FlowGenerator    FlagFIN current has 793 flow
2022-10-26 21:45:29 DEBUG cic.cs.unb.ca.jnetpcap.FlowGenerator    FlagFIN current has 794 flow
2022-10-26 21:45:29 DEBUG cic.cs.unb.ca.jnetpcap.FlowGenerator    FlagFIN current has 795 flow
2022-10-26 21:45:29 DEBUG cic.cs.unb.ca.jnetpcap.FlowGenerator    FlagFIN current has 796 flow
2022-10-26 21:45:29 DEBUG cic.cs.unb.ca.jnetpcap.FlowGenerator    FlagFIN current has 797 flow
2022-10-26 21:45:29 DEBUG cic.cs.unb.ca.jnetpcap.FlowGenerator    FlagFIN current has 797 flow
2022-10-26 21:45:29 DEBUG cic.cs.unb.ca.jnetpcap.FlowGenerator    FlagFIN current has 799 flow
2022-10-26 21:45:30 DEBUG cic.cs.unb.ca.jnetpcap.FlowGenerator    FlagFIN current has 799 flow
2022-10-26 21:45:30 DEBUG cic.cs.unb.ca.jnetpcap.FlowGenerator    FlagFIN current has 800 flow
2022-10-26 21:45:30 DEBUG cic.cs.unb.ca.jnetpcap.FlowGenerator    FlagFIN current has 802 flow
2022-10-26 21:45:30 DEBUG cic.cs.unb.ca.jnetpcap.FlowGenerator    FlagFIN current has 802 flow
2022-10-26 21:45:30 DEBUG cic.cs.unb.ca.jnetpcap.FlowGenerator    FlagFIN current has 805 flow
2022-10-26 21:45:30 DEBUG cic.cs.unb.ca.jnetpcap.FlowGenerator    FlagFIN current has 806 flow
2022-10-26 21:45:30 DEBUG cic.cs.unb.ca.jnetpcap.FlowGenerator    FlagFIN current has 807 flow
2022-10-26 21:45:30 DEBUG cic.cs.unb.ca.jnetpcap.FlowGenerator    FlagFIN current has 808 flow
2022-10-26 21:45:30 DEBUG cic.cs.unb.ca.jnetpcap.FlowGenerator    FlagFIN current has 809 flow
2022-10-26 21:45:30 DEBUG cic.cs.unb.ca.jnetpcap.FlowGenerator    FlagFIN current has 810 flow
2022-10-26 21:45:30 DEBUG cic.cs.unb.ca.jnetpcap.FlowGenerator    FlagFIN current has 811 flow
2022-10-26 21:45:30 DEBUG cic.cs.unb.ca.jnetpcap.FlowGenerator    FlagFIN current has 812 flow
2022-10-26 21:45:30 DEBUG cic.cs.unb.ca.jnetpcap.FlowGenerator    FlagFIN current has 813 flow
2022-10-26 21:45:31 DEBUG cic.cs.unb.ca.jnetpcap.FlowGenerator    FlagFIN current has 814 flow
2022-10-26 21:45:31 DEBUG cic.cs.unb.ca.jnetpcap.FlowGenerator    FlagFIN current has 816 flow
2022-10-26 21:45:31 DEBUG cic.cs.unb.ca.jnetpcap.FlowGenerator    FlagFIN current has 817 flow
2022-10-26 21:45:31 DEBUG cic.cs.unb.ca.jnetpcap.FlowGenerator    FlagFIN current has 818 flow
2022-10-26 21:45:31 DEBUG cic.cs.unb.ca.jnetpcap.FlowGenerator    FlagFIN current has 819 flow
2022-10-26 21:45:31 DEBUG cic.cs.unb.ca.jnetpcap.FlowGenerator    FlagFIN current has 821 flow
2022-10-26 21:45:31 DEBUG cic.cs.unb.ca.jnetpcap.FlowGenerator    FlagFIN current has 822 flow
2022-10-26 21:45:31 DEBUG cic.cs.unb.ca.jnetpcap.FlowGenerator    FlagFIN current has 823 flow
2022-10-26 21:45:31 DEBUG cic.cs.unb.ca.jnetpcap.FlowGenerator    FlagFIN current has 824 flow
2022-10-26 21:45:31 DEBUG cic.cs.unb.ca.jnetpcap.FlowGenerator    FlagFIN current has 825 flow
2022-10-26 21:45:31 DEBUG cic.cs.unb.ca.jnetpcap.FlowGenerator    FlagFIN current has 825 flow
2022-10-26 21:45:31 DEBUG cic.cs.unb.ca.jnetpcap.FlowGenerator    FlagFIN current has 827 flow
2022-10-26 21:45:32 DEBUG cic.cs.unb.ca.jnetpcap.FlowGenerator    FlagFIN current has 828 flow
2022-10-26 21:45:32 DEBUG cic.cs.unb.ca.jnetpcap.FlowGenerator    FlagFIN current has 829 flow
2022-10-26 21:45:32 DEBUG cic.cs.unb.ca.jnetpcap.FlowGenerator    FlagFIN current has 830 flow
2022-10-26 21:45:32 DEBUG cic.cs.unb.ca.jnetpcap.FlowGenerator    FlagFIN current has 830 flow
2022-10-26 21:45:32 DEBUG cic.cs.unb.ca.jnetpcap.FlowGenerator    FlagFIN current has 831 flow
2022-10-26 21:45:32 DEBUG cic.cs.unb.ca.jnetpcap.FlowGenerator    FlagFIN current has 832 flow
2022-10-26 21:45:32 DEBUG cic.cs.unb.ca.jnetpcap.FlowGenerator    FlagFIN current has 833 flow
2022-10-26 21:45:32 DEBUG cic.cs.unb.ca.jnetpcap.FlowGenerator    FlagFIN current has 834 flow
2022-10-26 21:45:32 DEBUG cic.cs.unb.ca.jnetpcap.FlowGenerator    FlagFIN current has 834 flow
2022-10-26 21:45:32 DEBUG cic.cs.unb.ca.jnetpcap.FlowGenerator    FlagFIN current has 836 flow
2022-10-26 21:45:33 DEBUG cic.cs.unb.ca.jnetpcap.FlowGenerator    FlagFIN current has 837 flow
2022-10-26 21:45:33 DEBUG cic.cs.unb.ca.jnetpcap.FlowGenerator    FlagFIN current has 838 flow
2022-10-26 21:45:33 DEBUG cic.cs.unb.ca.jnetpcap.FlowGenerator    FlagFIN current has 839 flow
2022-10-26 21:45:33 DEBUG cic.cs.unb.ca.jnetpcap.FlowGenerator    FlagFIN current has 840 flow
2022-10-26 21:45:33 DEBUG cic.cs.unb.ca.jnetpcap.FlowGenerator    FlagFIN current has 841 flow
2022-10-26 21:45:34 DEBUG cic.cs.unb.ca.jnetpcap.FlowGenerator    FlagFIN current has 841 flow
2022-10-26 21:45:34 DEBUG cic.cs.unb.ca.jnetpcap.FlowGenerator    FlagFIN current has 842 flow
2022-10-26 21:45:34 DEBUG cic.cs.unb.ca.jnetpcap.FlowGenerator    FlagFIN current has 843 flow
2022-10-26 21:45:34 DEBUG cic.cs.unb.ca.jnetpcap.FlowGenerator    FlagFIN current has 844 flow
2022-10-26 21:45:34 DEBUG cic.cs.unb.ca.jnetpcap.FlowGenerator    FlagFIN current has 844 flow
2022-10-26 21:45:34 DEBUG cic.cs.unb.ca.jnetpcap.FlowGenerator    FlagFIN current has 845 flow
2022-10-26 21:45:34 DEBUG cic.cs.unb.ca.jnetpcap.FlowGenerator    FlagFIN current has 845 flow
2022-10-26 21:45:34 DEBUG cic.cs.unb.ca.jnetpcap.FlowGenerator    FlagFIN current has 847 flow
2022-10-26 21:45:34 DEBUG cic.cs.unb.ca.jnetpcap.FlowGenerator    FlagFIN current has 848 flow
2022-10-26 21:45:34 DEBUG cic.cs.unb.ca.jnetpcap.FlowGenerator    FlagFIN current has 849 flow
2022-10-26 21:45:34 DEBUG cic.cs.unb.ca.jnetpcap.FlowGenerator    FlagFIN current has 850 flow
2022-10-26 21:45:34 DEBUG cic.cs.unb.ca.jnetpcap.FlowGenerator    FlagFIN current has 851 flow
2022-10-26 21:45:34 DEBUG cic.cs.unb.ca.jnetpcap.FlowGenerator    FlagFIN current has 852 flow
2022-10-26 21:45:34 DEBUG cic.cs.unb.ca.jnetpcap.FlowGenerator    FlagFIN current has 852 flow
2022-10-26 21:45:34 DEBUG cic.cs.unb.ca.jnetpcap.FlowGenerator    FlagFIN current has 854 flow
2022-10-26 21:45:35 DEBUG cic.cs.unb.ca.jnetpcap.FlowGenerator    FlagFIN current has 854 flow
2022-10-26 21:45:35 DEBUG cic.cs.unb.ca.jnetpcap.FlowGenerator    FlagFIN current has 855 flow
2022-10-26 21:45:35 DEBUG cic.cs.unb.ca.jnetpcap.FlowGenerator    FlagFIN current has 856 flow
2022-10-26 21:45:35 DEBUG cic.cs.unb.ca.jnetpcap.FlowGenerator    FlagFIN current has 857 flow
2022-10-26 21:45:35 DEBUG cic.cs.unb.ca.jnetpcap.FlowGenerator    FlagFIN current has 858 flow
2022-10-26 21:45:35 DEBUG cic.cs.unb.ca.jnetpcap.FlowGenerator    FlagFIN current has 859 flow
2022-10-26 21:45:35 DEBUG cic.cs.unb.ca.jnetpcap.FlowGenerator    FlagFIN current has 860 flow
2022-10-26 21:45:35 DEBUG cic.cs.unb.ca.jnetpcap.FlowGenerator    FlagFIN current has 861 flow
2022-10-26 21:45:35 DEBUG cic.cs.unb.ca.jnetpcap.FlowGenerator    FlagFIN current has 862 flow
2022-10-26 21:45:35 DEBUG cic.cs.unb.ca.jnetpcap.FlowGenerator    FlagFIN current has 862 flow
2022-10-26 21:45:36 DEBUG cic.cs.unb.ca.jnetpcap.FlowGenerator    FlagFIN current has 864 flow
2022-10-26 21:45:36 DEBUG cic.cs.unb.ca.jnetpcap.FlowGenerator    FlagFIN current has 866 flow
2022-10-26 21:45:36 DEBUG cic.cs.unb.ca.jnetpcap.FlowGenerator    FlagFIN current has 867 flow
2022-10-26 21:45:36 DEBUG cic.cs.unb.ca.jnetpcap.FlowGenerator    FlagFIN current has 869 flow
2022-10-26 21:45:36 DEBUG cic.cs.unb.ca.jnetpcap.FlowGenerator    FlagFIN current has 870 flow
2022-10-26 21:45:36 DEBUG cic.cs.unb.ca.jnetpcap.FlowGenerator    FlagFIN current has 871 flow
2022-10-26 21:45:36 DEBUG cic.cs.unb.ca.jnetpcap.FlowGenerator    FlagFIN current has 872 flow
2022-10-26 21:45:36 DEBUG cic.cs.unb.ca.jnetpcap.FlowGenerator    FlagFIN current has 873 flow
2022-10-26 21:45:36 DEBUG cic.cs.unb.ca.jnetpcap.FlowGenerator    FlagFIN current has 874 flow
2022-10-26 21:45:36 DEBUG cic.cs.unb.ca.jnetpcap.FlowGenerator    FlagFIN current has 875 flow
2022-10-26 21:45:36 DEBUG cic.cs.unb.ca.jnetpcap.FlowGenerator    FlagFIN current has 876 flow
2022-10-26 21:45:36 DEBUG cic.cs.unb.ca.jnetpcap.FlowGenerator    FlagFIN current has 877 flow
2022-10-26 21:45:37 DEBUG cic.cs.unb.ca.jnetpcap.FlowGenerator    FlagFIN current has 878 flow
2022-10-26 21:45:37 DEBUG cic.cs.unb.ca.jnetpcap.FlowGenerator    FlagFIN current has 879 flow
2022-10-26 21:45:37 DEBUG cic.cs.unb.ca.jnetpcap.FlowGenerator    FlagFIN current has 880 flow
2022-10-26 21:45:37 DEBUG cic.cs.unb.ca.jnetpcap.FlowGenerator    FlagFIN current has 881 flow
2022-10-26 21:45:37 DEBUG cic.cs.unb.ca.jnetpcap.FlowGenerator    FlagFIN current has 882 flow
2022-10-26 21:45:37 DEBUG cic.cs.unb.ca.jnetpcap.FlowGenerator    FlagFIN current has 883 flow
2022-10-26 21:45:37 DEBUG cic.cs.unb.ca.jnetpcap.FlowGenerator    FlagFIN current has 884 flow
2022-10-26 21:45:37 DEBUG cic.cs.unb.ca.jnetpcap.FlowGenerator    FlagFIN current has 885 flow
2022-10-26 21:45:37 DEBUG cic.cs.unb.ca.jnetpcap.FlowGenerator    FlagFIN current has 885 flow
2022-10-26 21:45:37 DEBUG cic.cs.unb.ca.jnetpcap.FlowGenerator    FlagFIN current has 886 flow
2022-10-26 21:45:38 DEBUG cic.cs.unb.ca.jnetpcap.FlowGenerator    FlagFIN current has 887 flow
2022-10-26 21:45:38 DEBUG cic.cs.unb.ca.jnetpcap.FlowGenerator    FlagFIN current has 887 flow
2022-10-26 21:45:38 DEBUG cic.cs.unb.ca.jnetpcap.FlowGenerator    FlagFIN current has 887 flow
2022-10-26 21:45:38 DEBUG cic.cs.unb.ca.jnetpcap.FlowGenerator    FlagFIN current has 888 flow
2022-10-26 21:45:38 DEBUG cic.cs.unb.ca.jnetpcap.FlowGenerator    FlagFIN current has 888 flow
2022-10-26 21:45:38 DEBUG cic.cs.unb.ca.jnetpcap.FlowGenerator    FlagFIN current has 889 flow
2022-10-26 21:45:38 DEBUG cic.cs.unb.ca.jnetpcap.FlowGenerator    FlagFIN current has 899 flow
2022-10-26 21:45:38 DEBUG cic.cs.unb.ca.jnetpcap.FlowGenerator    FlagFIN current has 901 flow
2022-10-26 21:45:38 DEBUG cic.cs.unb.ca.jnetpcap.FlowGenerator    FlagFIN current has 902 flow
2022-10-26 21:45:39 DEBUG cic.cs.unb.ca.jnetpcap.FlowGenerator    FlagFIN current has 903 flow
2022-10-26 21:45:39 DEBUG cic.cs.unb.ca.jnetpcap.FlowGenerator    FlagFIN current has 902 flow
2022-10-26 21:45:39 DEBUG cic.cs.unb.ca.jnetpcap.FlowGenerator    FlagFIN current has 907 flow
2022-10-26 21:45:39 DEBUG cic.cs.unb.ca.jnetpcap.FlowGenerator    FlagFIN current has 907 flow
2022-10-26 21:45:39 DEBUG cic.cs.unb.ca.jnetpcap.FlowGenerator    FlagFIN current has 908 flow
2022-10-26 21:45:39 DEBUG cic.cs.unb.ca.jnetpcap.FlowGenerator    FlagFIN current has 909 flow
2022-10-26 21:45:39 DEBUG cic.cs.unb.ca.jnetpcap.FlowGenerator    FlagFIN current has 909 flow
2022-10-26 21:45:39 DEBUG cic.cs.unb.ca.jnetpcap.FlowGenerator    FlagFIN current has 916 flow
2022-10-26 21:45:39 DEBUG cic.cs.unb.ca.jnetpcap.FlowGenerator    FlagFIN current has 920 flow
2022-10-26 21:45:39 DEBUG cic.cs.unb.ca.jnetpcap.FlowGenerator    FlagFIN current has 924 flow
2022-10-26 21:45:39 DEBUG cic.cs.unb.ca.jnetpcap.FlowGenerator    FlagFIN current has 929 flow
2022-10-26 21:45:39 DEBUG cic.cs.unb.ca.jnetpcap.FlowGenerator    FlagFIN current has 930 flow
2022-10-26 21:45:40 DEBUG cic.cs.unb.ca.jnetpcap.FlowGenerator    FlagFIN current has 934 flow
2022-10-26 21:45:40 DEBUG cic.cs.unb.ca.jnetpcap.FlowGenerator    FlagFIN current has 934 flow
2022-10-26 21:45:40 DEBUG cic.cs.unb.ca.jnetpcap.FlowGenerator    FlagFIN current has 934 flow
2022-10-26 21:45:40 DEBUG cic.cs.unb.ca.jnetpcap.FlowGenerator    FlagFIN current has 934 flow
2022-10-26 21:45:40 DEBUG cic.cs.unb.ca.jnetpcap.FlowGenerator    FlagFIN current has 934 flow
2022-10-26 21:45:40 DEBUG cic.cs.unb.ca.jnetpcap.FlowGenerator    FlagFIN current has 940 flow
2022-10-26 21:45:40 DEBUG cic.cs.unb.ca.jnetpcap.FlowGenerator    FlagFIN current has 940 flow
2022-10-26 21:45:42 DEBUG cic.cs.unb.ca.jnetpcap.FlowGenerator    FlagFIN current has 952 flow
2022-10-26 21:45:43 DEBUG cic.cs.unb.ca.jnetpcap.FlowGenerator    FlagFIN current has 952 flow
2022-10-26 21:45:43 DEBUG cic.cs.unb.ca.jnetpcap.FlowGenerator    FlagFIN current has 952 flow
2022-10-26 21:45:43 DEBUG cic.cs.unb.ca.jnetpcap.FlowGenerator    FlagFIN current has 956 flow
2022-10-26 21:45:43 DEBUG cic.cs.unb.ca.jnetpcap.FlowGenerator    FlagFIN current has 956 flow
2022-10-26 21:45:46 DEBUG cic.cs.unb.ca.jnetpcap.FlowGenerator    FlagFIN current has 973 flow
2022-10-26 21:45:46 DEBUG cic.cs.unb.ca.jnetpcap.FlowGenerator    FlagFIN current has 973 flow
2022-10-26 21:45:47 DEBUG cic.cs.unb.ca.jnetpcap.FlowGenerator    FlagFIN current has 979 flow
2022-10-26 21:45:47 DEBUG cic.cs.unb.ca.jnetpcap.FlowGenerator    FlagFIN current has 979 flow
2022-10-26 21:45:47 DEBUG cic.cs.unb.ca.jnetpcap.FlowGenerator    FlagFIN current has 984 flow
2022-10-26 21:45:47 DEBUG cic.cs.unb.ca.jnetpcap.FlowGenerator    FlagFIN current has 984 flow
2022-10-26 21:45:49 DEBUG cic.cs.unb.ca.jnetpcap.FlowGenerator    FlagFIN current has 993 flow
2022-10-26 21:45:49 DEBUG cic.cs.unb.ca.jnetpcap.FlowGenerator    FlagFIN current has 993 flow
2022-10-26 21:45:49 DEBUG cic.cs.unb.ca.jnetpcap.FlowGenerator    FlagFIN current has 993 flow
2022-10-26 21:45:50 DEBUG cic.cs.unb.ca.jnetpcap.FlowGenerator    FlagFIN current has 1000 flow
2022-10-26 21:45:50 DEBUG cic.cs.unb.ca.jnetpcap.FlowGenerator    FlagFIN current has 1000 flow
2022-10-26 21:45:52 DEBUG cic.cs.unb.ca.jnetpcap.FlowGenerator    FlagFIN current has 1003 flow
2022-10-26 21:45:52 DEBUG cic.cs.unb.ca.jnetpcap.FlowGenerator    FlagFIN current has 1013 flow
2022-10-26 21:45:53 DEBUG cic.cs.unb.ca.jnetpcap.FlowGenerator    FlagFIN current has 1016 flow
2022-10-26 21:45:53 DEBUG cic.cs.unb.ca.jnetpcap.FlowGenerator    FlagFIN current has 1016 flow
2022-10-26 21:45:53 DEBUG cic.cs.unb.ca.jnetpcap.FlowGenerator    FlagFIN current has 1016 flow
2022-10-26 21:45:53 DEBUG cic.cs.unb.ca.jnetpcap.FlowGenerator    FlagFIN current has 1020 flow
2022-10-26 21:45:53 DEBUG cic.cs.unb.ca.jnetpcap.FlowGenerator    FlagFIN current has 1020 flow
2022-10-26 21:45:53 DEBUG cic.cs.unb.ca.jnetpcap.FlowGenerator    FlagFIN current has 1025 flow
2022-10-26 21:45:54 DEBUG cic.cs.unb.ca.jnetpcap.FlowGenerator    FlagFIN current has 1028 flow
2022-10-26 21:45:54 DEBUG cic.cs.unb.ca.jnetpcap.FlowGenerator    FlagFIN current has 1027 flow
2022-10-26 21:45:56 DEBUG cic.cs.unb.ca.jnetpcap.FlowGenerator    FlagFIN current has 1028 flow
2022-10-26 21:45:59 DEBUG cic.cs.unb.ca.jnetpcap.FlowGenerator    FlagFIN current has 1035 flow
2022-10-26 21:45:59 DEBUG cic.cs.unb.ca.jnetpcap.FlowGenerator    FlagFIN current has 1035 flow
2022-10-26 21:46:00 DEBUG cic.cs.unb.ca.jnetpcap.FlowGenerator    FlagFIN current has 1039 flow
2022-10-26 21:46:00 DEBUG cic.cs.unb.ca.jnetpcap.FlowGenerator    FlagFIN current has 1039 flow
2022-10-26 21:46:02 DEBUG cic.cs.unb.ca.jnetpcap.FlowGenerator    FlagFIN current has 1052 flow
2022-10-26 21:46:02 DEBUG cic.cs.unb.ca.jnetpcap.FlowGenerator    FlagFIN current has 1051 flow
2022-10-26 21:46:02 DEBUG cic.cs.unb.ca.jnetpcap.FlowGenerator    FlagFIN current has 1050 flow
2022-10-26 21:46:02 DEBUG cic.cs.unb.ca.jnetpcap.FlowGenerator    FlagFIN current has 1049 flow
2022-10-26 21:46:02 DEBUG cic.cs.unb.ca.jnetpcap.FlowGenerator    FlagFIN current has 1048 flow
2022-10-26 21:46:02 DEBUG cic.cs.unb.ca.jnetpcap.FlowGenerator    FlagFIN current has 1047 flow
2022-10-26 21:46:02 DEBUG cic.cs.unb.ca.jnetpcap.FlowGenerator    FlagFIN current has 1047 flow
2022-10-26 21:46:02 DEBUG cic.cs.unb.ca.jnetpcap.FlowGenerator    FlagFIN current has 1048 flow
2022-10-26 21:46:02 DEBUG cic.cs.unb.ca.jnetpcap.FlowGenerator    FlagFIN current has 1048 flow
2022-10-26 21:46:02 DEBUG cic.cs.unb.ca.jnetpcap.FlowGenerator    FlagFIN current has 1049 flow
2022-10-26 21:46:02 DEBUG cic.cs.unb.ca.jnetpcap.FlowGenerator    FlagFIN current has 1048 flow
2022-10-26 21:46:02 DEBUG cic.cs.unb.ca.jnetpcap.FlowGenerator    FlagFIN current has 1047 flow
2022-10-26 21:46:02 DEBUG cic.cs.unb.ca.jnetpcap.FlowGenerator    FlagFIN current has 1046 flow
2022-10-26 21:46:02 DEBUG cic.cs.unb.ca.jnetpcap.FlowGenerator    FlagFIN current has 1048 flow
2022-10-26 21:46:02 DEBUG cic.cs.unb.ca.jnetpcap.FlowGenerator    FlagFIN current has 1048 flow
2022-10-26 21:46:02 DEBUG cic.cs.unb.ca.jnetpcap.FlowGenerator    FlagFIN current has 1047 flow
2022-10-26 21:46:02 DEBUG cic.cs.unb.ca.jnetpcap.FlowGenerator    FlagFIN current has 1047 flow
2022-10-26 21:46:02 DEBUG cic.cs.unb.ca.jnetpcap.FlowGenerator    FlagFIN current has 1048 flow
2022-10-26 21:46:02 DEBUG cic.cs.unb.ca.jnetpcap.FlowGenerator    FlagFIN current has 1049 flow
2022-10-26 21:46:02 DEBUG cic.cs.unb.ca.jnetpcap.FlowGenerator    FlagFIN current has 1051 flow
2022-10-26 21:46:02 DEBUG cic.cs.unb.ca.jnetpcap.FlowGenerator    FlagFIN current has 1051 flow
2022-10-26 21:46:02 DEBUG cic.cs.unb.ca.jnetpcap.FlowGenerator    FlagFIN current has 1050 flow
2022-10-26 21:46:02 DEBUG cic.cs.unb.ca.jnetpcap.FlowGenerator    FlagFIN current has 1051 flow
2022-10-26 21:46:02 DEBUG cic.cs.unb.ca.jnetpcap.FlowGenerator    FlagFIN current has 1050 flow
2022-10-26 21:46:02 DEBUG cic.cs.unb.ca.jnetpcap.FlowGenerator    FlagFIN current has 1049 flow
2022-10-26 21:46:02 DEBUG cic.cs.unb.ca.jnetpcap.FlowGenerator    FlagFIN current has 1049 flow
2022-10-26 21:46:02 DEBUG cic.cs.unb.ca.jnetpcap.FlowGenerator    FlagFIN current has 1049 flow
2022-10-26 21:46:02 DEBUG cic.cs.unb.ca.jnetpcap.FlowGenerator    FlagFIN current has 1050 flow
2022-10-26 21:46:02 DEBUG cic.cs.unb.ca.jnetpcap.FlowGenerator    FlagFIN current has 1052 flow
2022-10-26 21:46:02 DEBUG cic.cs.unb.ca.jnetpcap.FlowGenerator    FlagFIN current has 1056 flow
2022-10-26 21:46:02 DEBUG cic.cs.unb.ca.jnetpcap.FlowGenerator    FlagFIN current has 1056 flow
2022-10-26 21:46:03 DEBUG cic.cs.unb.ca.jnetpcap.FlowGenerator    FlagFIN current has 1059 flow
2022-10-26 21:46:03 DEBUG cic.cs.unb.ca.jnetpcap.FlowGenerator    FlagFIN current has 1059 flow
2022-10-26 21:46:05 INFO  cic.cs.unb.ca.flow.ui.FlowMonitorPane    Pcap stop listening
2022-10-26 21:46:05 INFO  cic.cs.unb.ca.flow.ui.FlowMonitorPane    path:D:\Projects\Nokia\Network Intrusion Detection System\CICIDS\CICFlowMeter\bin\data\daily\2022-10-26_Flow.csv
2022-10-26 21:46:08 DEBUG cic.cs.unb.ca.jnetpcap.worker.TrafficFlowWorker    break Packet loop
