2022-06-27 17:45:52 INFO  cic.cs.unb.ca.jnetpcap.worker.TrafficFlowWorker    Pcap is listening...
2022-06-27 17:45:59 DEBUG cic.cs.unb.ca.jnetpcap.FlowGenerator    FlagFIN current has 12 flow
2022-06-27 17:45:59 DEBUG cic.cs.unb.ca.jnetpcap.FlowGenerator    FlagFIN current has 12 flow
2022-06-27 17:45:59 DEBUG cic.cs.unb.ca.jnetpcap.FlowGenerator    FlagFIN current has 11 flow
2022-06-27 17:45:59 DEBUG cic.cs.unb.ca.jnetpcap.FlowGenerator    FlagFIN current has 13 flow
2022-06-27 17:45:59 DEBUG cic.cs.unb.ca.jnetpcap.FlowGenerator    FlagFIN current has 13 flow
2022-06-27 17:46:01 DEBUG cic.cs.unb.ca.jnetpcap.FlowGenerator    FlagFIN current has 13 flow
2022-06-27 17:46:01 DEBUG cic.cs.unb.ca.jnetpcap.FlowGenerator    FlagFIN current has 12 flow
2022-06-27 17:46:08 DEBUG cic.cs.unb.ca.jnetpcap.FlowGenerator    FlagFIN current has 16 flow
2022-06-27 17:46:08 DEBUG cic.cs.unb.ca.jnetpcap.FlowGenerator    FlagFIN current has 15 flow
2022-06-27 17:46:23 DEBUG cic.cs.unb.ca.jnetpcap.FlowGenerator    FlagFIN current has 29 flow
2022-06-27 17:46:23 DEBUG cic.cs.unb.ca.jnetpcap.FlowGenerator    FlagFIN current has 29 flow
2022-06-27 17:46:34 DEBUG cic.cs.unb.ca.jnetpcap.FlowGenerator    FlagFIN current has 31 flow
2022-06-27 17:46:34 DEBUG cic.cs.unb.ca.jnetpcap.FlowGenerator    FlagFIN current has 31 flow
2022-06-27 17:46:54 DEBUG cic.cs.unb.ca.jnetpcap.FlowGenerator    FlagFIN current has 36 flow
2022-06-27 17:46:54 DEBUG cic.cs.unb.ca.jnetpcap.FlowGenerator    FlagFIN current has 36 flow
2022-06-27 17:47:00 INFO  cic.cs.unb.ca.flow.ui.FlowMonitorPane    Pcap stop listening
2022-06-27 17:47:00 INFO  cic.cs.unb.ca.flow.ui.FlowMonitorPane    path:C:\Users\kiran\Downloads\drive-download-20220627T111447Z-001\bin\data\daily\2022-06-27_Flow.csv
2022-06-27 17:47:00 DEBUG cic.cs.unb.ca.jnetpcap.worker.TrafficFlowWorker    break Packet loop
2022-06-27 17:49:40 INFO  cic.cs.unb.ca.jnetpcap.worker.TrafficFlowWorker    Pcap is listening...
2022-06-27 17:49:42 DEBUG cic.cs.unb.ca.jnetpcap.FlowGenerator    FlagFIN current has 5 flow
2022-06-27 17:49:42 DEBUG cic.cs.unb.ca.jnetpcap.FlowGenerator    FlagFIN current has 5 flow
2022-06-27 17:49:47 DEBUG cic.cs.unb.ca.jnetpcap.FlowGenerator    FlagFIN current has 12 flow
2022-06-27 17:49:47 DEBUG cic.cs.unb.ca.jnetpcap.FlowGenerator    FlagFIN current has 12 flow
2022-06-27 17:49:52 DEBUG cic.cs.unb.ca.jnetpcap.FlowGenerator    FlagFIN current has 20 flow
2022-06-27 17:49:52 DEBUG cic.cs.unb.ca.jnetpcap.FlowGenerator    FlagFIN current has 20 flow
2022-06-27 17:50:25 DEBUG cic.cs.unb.ca.jnetpcap.FlowGenerator    FlagFIN current has 30 flow
2022-06-27 17:50:25 DEBUG cic.cs.unb.ca.jnetpcap.FlowGenerator    FlagFIN current has 30 flow
2022-06-27 17:50:37 DEBUG cic.cs.unb.ca.jnetpcap.FlowGenerator    FlagFIN current has 38 flow
2022-06-27 17:50:37 DEBUG cic.cs.unb.ca.jnetpcap.FlowGenerator    FlagFIN current has 38 flow
2022-06-27 17:50:38 DEBUG cic.cs.unb.ca.jnetpcap.FlowGenerator    FlagFIN current has 39 flow
2022-06-27 17:50:38 DEBUG cic.cs.unb.ca.jnetpcap.FlowGenerator    FlagFIN current has 39 flow
2022-06-27 17:50:40 DEBUG cic.cs.unb.ca.jnetpcap.FlowGenerator    FlagFIN current has 39 flow
2022-06-27 17:50:40 DEBUG cic.cs.unb.ca.jnetpcap.FlowGenerator    FlagFIN current has 39 flow
2022-06-27 17:50:53 DEBUG cic.cs.unb.ca.jnetpcap.FlowGenerator    FlagFIN current has 42 flow
2022-06-27 17:50:53 DEBUG cic.cs.unb.ca.jnetpcap.FlowGenerator    FlagFIN current has 42 flow
2022-06-27 17:50:53 DEBUG cic.cs.unb.ca.jnetpcap.FlowGenerator    FlagFIN current has 41 flow
2022-06-27 17:50:53 DEBUG cic.cs.unb.ca.jnetpcap.FlowGenerator    FlagFIN current has 41 flow
2022-06-27 17:51:13 DEBUG cic.cs.unb.ca.jnetpcap.FlowGenerator    FlagFIN current has 47 flow
2022-06-27 17:51:13 DEBUG cic.cs.unb.ca.jnetpcap.FlowGenerator    FlagFIN current has 47 flow
2022-06-27 17:51:30 DEBUG cic.cs.unb.ca.jnetpcap.FlowGenerator    FlagFIN current has 55 flow
2022-06-27 17:51:30 DEBUG cic.cs.unb.ca.jnetpcap.FlowGenerator    FlagFIN current has 55 flow
2022-06-27 17:51:30 DEBUG cic.cs.unb.ca.jnetpcap.FlowGenerator    FlagFIN current has 55 flow
2022-06-27 17:51:30 DEBUG cic.cs.unb.ca.jnetpcap.FlowGenerator    FlagFIN current has 55 flow
2022-06-27 17:51:30 DEBUG cic.cs.unb.ca.jnetpcap.FlowGenerator    FlagFIN current has 55 flow
2022-06-27 17:51:30 DEBUG cic.cs.unb.ca.jnetpcap.FlowGenerator    FlagFIN current has 55 flow
2022-06-27 17:51:31 DEBUG cic.cs.unb.ca.jnetpcap.FlowGenerator    FlagFIN current has 55 flow
2022-06-27 17:51:47 DEBUG cic.cs.unb.ca.jnetpcap.FlowGenerator    FlagFIN current has 58 flow
2022-06-27 17:51:47 DEBUG cic.cs.unb.ca.jnetpcap.FlowGenerator    FlagFIN current has 58 flow
2022-06-27 17:52:03 DEBUG cic.cs.unb.ca.jnetpcap.FlowGenerator    FlagFIN current has 62 flow
2022-06-27 17:52:03 DEBUG cic.cs.unb.ca.jnetpcap.FlowGenerator    FlagFIN current has 62 flow
2022-06-27 17:52:15 DEBUG cic.cs.unb.ca.jnetpcap.FlowGenerator    FlagFIN current has 62 flow
2022-06-27 17:52:15 DEBUG cic.cs.unb.ca.jnetpcap.FlowGenerator    FlagFIN current has 62 flow
2022-06-27 17:52:20 DEBUG cic.cs.unb.ca.jnetpcap.FlowGenerator    FlagFIN current has 66 flow
2022-06-27 17:52:20 DEBUG cic.cs.unb.ca.jnetpcap.FlowGenerator    FlagFIN current has 66 flow
2022-06-27 17:52:37 DEBUG cic.cs.unb.ca.jnetpcap.FlowGenerator    FlagFIN current has 69 flow
2022-06-27 17:52:37 DEBUG cic.cs.unb.ca.jnetpcap.FlowGenerator    FlagFIN current has 69 flow
2022-06-27 17:52:56 DEBUG cic.cs.unb.ca.jnetpcap.FlowGenerator    FlagFIN current has 72 flow
2022-06-27 17:52:56 DEBUG cic.cs.unb.ca.jnetpcap.FlowGenerator    FlagFIN current has 72 flow
2022-06-27 17:53:12 DEBUG cic.cs.unb.ca.jnetpcap.FlowGenerator    FlagFIN current has 77 flow
2022-06-27 17:53:12 DEBUG cic.cs.unb.ca.jnetpcap.FlowGenerator    FlagFIN current has 77 flow
2022-06-27 17:53:29 DEBUG cic.cs.unb.ca.jnetpcap.FlowGenerator    FlagFIN current has 80 flow
2022-06-27 17:53:29 DEBUG cic.cs.unb.ca.jnetpcap.FlowGenerator    FlagFIN current has 80 flow
2022-06-27 17:53:34 DEBUG cic.cs.unb.ca.jnetpcap.FlowGenerator    FlagFIN current has 81 flow
2022-06-27 17:53:34 DEBUG cic.cs.unb.ca.jnetpcap.FlowGenerator    FlagFIN current has 81 flow
2022-06-27 17:53:35 DEBUG cic.cs.unb.ca.jnetpcap.FlowGenerator    FlagFIN current has 81 flow
2022-06-27 17:53:39 DEBUG cic.cs.unb.ca.jnetpcap.FlowGenerator    FlagFIN current has 88 flow
2022-06-27 17:53:44 DEBUG cic.cs.unb.ca.jnetpcap.FlowGenerator    FlagFIN current has 90 flow
2022-06-27 17:53:44 DEBUG cic.cs.unb.ca.jnetpcap.FlowGenerator    FlagFIN current has 90 flow
2022-06-27 17:53:47 DEBUG cic.cs.unb.ca.jnetpcap.FlowGenerator    FlagFIN current has 91 flow
2022-06-27 17:53:47 DEBUG cic.cs.unb.ca.jnetpcap.FlowGenerator    FlagFIN current has 91 flow
2022-06-27 17:53:48 DEBUG cic.cs.unb.ca.jnetpcap.FlowGenerator    FlagFIN current has 92 flow
2022-06-27 17:54:03 DEBUG cic.cs.unb.ca.jnetpcap.FlowGenerator    FlagFIN current has 94 flow
2022-06-27 17:54:03 DEBUG cic.cs.unb.ca.jnetpcap.FlowGenerator    FlagFIN current has 94 flow
2022-06-27 17:54:20 DEBUG cic.cs.unb.ca.jnetpcap.FlowGenerator    FlagFIN current has 96 flow
2022-06-27 17:54:20 DEBUG cic.cs.unb.ca.jnetpcap.FlowGenerator    FlagFIN current has 96 flow
2022-06-27 17:54:38 DEBUG cic.cs.unb.ca.jnetpcap.FlowGenerator    FlagFIN current has 99 flow
2022-06-27 17:54:38 DEBUG cic.cs.unb.ca.jnetpcap.FlowGenerator    FlagFIN current has 99 flow
2022-06-27 17:54:43 DEBUG cic.cs.unb.ca.jnetpcap.FlowGenerator    FlagFIN current has 99 flow
2022-06-27 17:54:43 DEBUG cic.cs.unb.ca.jnetpcap.FlowGenerator    FlagFIN current has 99 flow
2022-06-27 17:54:52 DEBUG cic.cs.unb.ca.jnetpcap.FlowGenerator    FlagFIN current has 100 flow
2022-06-27 17:54:52 DEBUG cic.cs.unb.ca.jnetpcap.FlowGenerator    FlagFIN current has 100 flow
2022-06-27 17:55:01 DEBUG cic.cs.unb.ca.jnetpcap.FlowGenerator    FlagFIN current has 100 flow
2022-06-27 17:55:01 DEBUG cic.cs.unb.ca.jnetpcap.FlowGenerator    FlagFIN current has 100 flow
2022-06-27 17:55:10 DEBUG cic.cs.unb.ca.jnetpcap.FlowGenerator    FlagFIN current has 104 flow
2022-06-27 17:55:10 DEBUG cic.cs.unb.ca.jnetpcap.FlowGenerator    FlagFIN current has 104 flow
2022-06-27 17:55:25 DEBUG cic.cs.unb.ca.jnetpcap.FlowGenerator    FlagFIN current has 107 flow
2022-06-27 17:55:25 DEBUG cic.cs.unb.ca.jnetpcap.FlowGenerator    FlagFIN current has 107 flow
2022-06-27 17:55:42 DEBUG cic.cs.unb.ca.jnetpcap.FlowGenerator    FlagFIN current has 112 flow
2022-06-27 17:55:42 DEBUG cic.cs.unb.ca.jnetpcap.FlowGenerator    FlagFIN current has 112 flow
2022-06-27 17:55:52 DEBUG cic.cs.unb.ca.jnetpcap.FlowGenerator    FlagFIN current has 113 flow
2022-06-27 17:55:52 DEBUG cic.cs.unb.ca.jnetpcap.FlowGenerator    FlagFIN current has 113 flow
2022-06-27 17:55:57 DEBUG cic.cs.unb.ca.jnetpcap.FlowGenerator    FlagFIN current has 115 flow
2022-06-27 17:55:57 DEBUG cic.cs.unb.ca.jnetpcap.FlowGenerator    FlagFIN current has 115 flow
2022-06-27 17:56:14 DEBUG cic.cs.unb.ca.jnetpcap.FlowGenerator    FlagFIN current has 118 flow
2022-06-27 17:56:14 DEBUG cic.cs.unb.ca.jnetpcap.FlowGenerator    FlagFIN current has 118 flow
2022-06-27 17:56:17 DEBUG cic.cs.unb.ca.jnetpcap.FlowGenerator    FlagFIN current has 122 flow
2022-06-27 17:56:34 DEBUG cic.cs.unb.ca.jnetpcap.FlowGenerator    FlagFIN current has 124 flow
2022-06-27 17:56:34 DEBUG cic.cs.unb.ca.jnetpcap.FlowGenerator    FlagFIN current has 124 flow
2022-06-27 17:56:52 DEBUG cic.cs.unb.ca.jnetpcap.FlowGenerator    FlagFIN current has 130 flow
2022-06-27 17:56:52 DEBUG cic.cs.unb.ca.jnetpcap.FlowGenerator    FlagFIN current has 130 flow
2022-06-27 17:57:05 DEBUG cic.cs.unb.ca.jnetpcap.FlowGenerator    FlagFIN current has 132 flow
2022-06-27 17:57:05 DEBUG cic.cs.unb.ca.jnetpcap.FlowGenerator    FlagFIN current has 132 flow
2022-06-27 17:57:09 DEBUG cic.cs.unb.ca.jnetpcap.FlowGenerator    FlagFIN current has 133 flow
2022-06-27 17:57:09 DEBUG cic.cs.unb.ca.jnetpcap.FlowGenerator    FlagFIN current has 133 flow
2022-06-27 17:57:18 DEBUG cic.cs.unb.ca.jnetpcap.FlowGenerator    FlagFIN current has 133 flow
2022-06-27 17:57:18 DEBUG cic.cs.unb.ca.jnetpcap.FlowGenerator    FlagFIN current has 133 flow
2022-06-27 17:57:18 DEBUG cic.cs.unb.ca.jnetpcap.FlowGenerator    FlagFIN current has 133 flow
2022-06-27 17:57:26 DEBUG cic.cs.unb.ca.jnetpcap.FlowGenerator    FlagFIN current has 135 flow
2022-06-27 17:57:26 DEBUG cic.cs.unb.ca.jnetpcap.FlowGenerator    FlagFIN current has 135 flow
2022-06-27 17:57:42 DEBUG cic.cs.unb.ca.jnetpcap.FlowGenerator    FlagFIN current has 137 flow
2022-06-27 17:57:42 DEBUG cic.cs.unb.ca.jnetpcap.FlowGenerator    FlagFIN current has 137 flow
2022-06-27 17:57:46 DEBUG cic.cs.unb.ca.jnetpcap.FlowGenerator    FlagFIN current has 140 flow
2022-06-27 17:57:48 DEBUG cic.cs.unb.ca.jnetpcap.FlowGenerator    FlagFIN current has 142 flow
2022-06-27 17:57:48 DEBUG cic.cs.unb.ca.jnetpcap.FlowGenerator    FlagFIN current has 142 flow
2022-06-27 17:58:01 DEBUG cic.cs.unb.ca.jnetpcap.FlowGenerator    FlagFIN current has 149 flow
2022-06-27 17:58:01 DEBUG cic.cs.unb.ca.jnetpcap.FlowGenerator    FlagFIN current has 149 flow
2022-06-27 17:58:19 DEBUG cic.cs.unb.ca.jnetpcap.FlowGenerator    FlagFIN current has 150 flow
2022-06-27 17:58:19 DEBUG cic.cs.unb.ca.jnetpcap.FlowGenerator    FlagFIN current has 150 flow
2022-06-27 17:58:36 DEBUG cic.cs.unb.ca.jnetpcap.FlowGenerator    FlagFIN current has 152 flow
2022-06-27 17:58:36 DEBUG cic.cs.unb.ca.jnetpcap.FlowGenerator    FlagFIN current has 152 flow
2022-06-27 17:58:45 DEBUG cic.cs.unb.ca.jnetpcap.FlowGenerator    FlagFIN current has 159 flow
2022-06-27 17:58:45 DEBUG cic.cs.unb.ca.jnetpcap.FlowGenerator    FlagFIN current has 159 flow
2022-06-27 17:58:47 DEBUG cic.cs.unb.ca.jnetpcap.FlowGenerator    FlagFIN current has 159 flow
2022-06-27 17:58:47 DEBUG cic.cs.unb.ca.jnetpcap.FlowGenerator    FlagFIN current has 159 flow
2022-06-27 17:58:50 DEBUG cic.cs.unb.ca.jnetpcap.FlowGenerator    FlagFIN current has 159 flow
2022-06-27 17:58:55 DEBUG cic.cs.unb.ca.jnetpcap.FlowGenerator    FlagFIN current has 161 flow
2022-06-27 17:58:55 DEBUG cic.cs.unb.ca.jnetpcap.FlowGenerator    FlagFIN current has 161 flow
2022-06-27 17:58:56 DEBUG cic.cs.unb.ca.jnetpcap.FlowGenerator    FlagFIN current has 161 flow
2022-06-27 17:58:56 DEBUG cic.cs.unb.ca.jnetpcap.FlowGenerator    FlagFIN current has 161 flow
2022-06-27 17:59:12 DEBUG cic.cs.unb.ca.jnetpcap.FlowGenerator    FlagFIN current has 166 flow
2022-06-27 17:59:12 DEBUG cic.cs.unb.ca.jnetpcap.FlowGenerator    FlagFIN current has 166 flow
2022-06-27 17:59:28 DEBUG cic.cs.unb.ca.jnetpcap.FlowGenerator    FlagFIN current has 168 flow
2022-06-27 17:59:28 DEBUG cic.cs.unb.ca.jnetpcap.FlowGenerator    FlagFIN current has 168 flow
2022-06-27 17:59:31 DEBUG cic.cs.unb.ca.jnetpcap.FlowGenerator    FlagFIN current has 169 flow
2022-06-27 17:59:33 DEBUG cic.cs.unb.ca.jnetpcap.FlowGenerator    FlagFIN current has 170 flow
2022-06-27 17:59:33 DEBUG cic.cs.unb.ca.jnetpcap.FlowGenerator    FlagFIN current has 170 flow
2022-06-27 17:59:35 DEBUG cic.cs.unb.ca.jnetpcap.FlowGenerator    FlagFIN current has 170 flow
2022-06-27 17:59:35 DEBUG cic.cs.unb.ca.jnetpcap.FlowGenerator    FlagFIN current has 170 flow
2022-06-27 17:59:39 INFO  cic.cs.unb.ca.flow.ui.FlowMonitorPane    Pcap stop listening
2022-06-27 17:59:39 INFO  cic.cs.unb.ca.flow.ui.FlowMonitorPane    path:C:\Users\kiran\Desktop\Nokia\CICIDS\CICFlowMeter\bin\data\daily\2022-06-27_Flow.csv
2022-06-27 17:59:39 DEBUG cic.cs.unb.ca.jnetpcap.worker.TrafficFlowWorker    break Packet loop
2022-06-27 18:03:01 INFO  cic.cs.unb.ca.flow.ui.FlowMonitorPane    path:C:\Users\kiran\Desktop\Nokia\CICIDS\CICFlowMeter\bin\data\daily\2022-06-27_Flow.csv
2022-06-27 18:03:37 INFO  cic.cs.unb.ca.jnetpcap.worker.TrafficFlowWorker    Pcap is listening...
2022-06-27 18:03:42 DEBUG cic.cs.unb.ca.jnetpcap.FlowGenerator    FlagFIN current has 13 flow
2022-06-27 18:03:44 DEBUG cic.cs.unb.ca.jnetpcap.FlowGenerator    FlagFIN current has 19 flow
2022-06-27 18:03:44 DEBUG cic.cs.unb.ca.jnetpcap.FlowGenerator    FlagFIN current has 19 flow
2022-06-27 18:03:46 DEBUG cic.cs.unb.ca.jnetpcap.FlowGenerator    FlagFIN current has 19 flow
2022-06-27 18:03:46 DEBUG cic.cs.unb.ca.jnetpcap.FlowGenerator    FlagFIN current has 19 flow
2022-06-27 18:03:50 DEBUG cic.cs.unb.ca.jnetpcap.FlowGenerator    FlagFIN current has 25 flow
2022-06-27 18:04:04 DEBUG cic.cs.unb.ca.jnetpcap.FlowGenerator    FlagFIN current has 28 flow
2022-06-27 18:04:04 DEBUG cic.cs.unb.ca.jnetpcap.FlowGenerator    FlagFIN current has 28 flow
2022-06-27 18:04:21 DEBUG cic.cs.unb.ca.jnetpcap.FlowGenerator    FlagFIN current has 32 flow
2022-06-27 18:04:21 DEBUG cic.cs.unb.ca.jnetpcap.FlowGenerator    FlagFIN current has 32 flow
2022-06-27 18:04:39 DEBUG cic.cs.unb.ca.jnetpcap.FlowGenerator    FlagFIN current has 36 flow
2022-06-27 18:04:39 DEBUG cic.cs.unb.ca.jnetpcap.FlowGenerator    FlagFIN current has 36 flow
2022-06-27 18:04:40 INFO  cic.cs.unb.ca.flow.ui.FlowMonitorPane    Pcap stop listening
2022-06-27 18:04:40 INFO  cic.cs.unb.ca.flow.ui.FlowMonitorPane    path:C:\Users\kiran\Desktop\Nokia\CICIDS\CICFlowMeter\bin\data\daily\2022-06-27_Flow.csv
2022-06-27 18:04:40 DEBUG cic.cs.unb.ca.jnetpcap.worker.TrafficFlowWorker    break Packet loop
2022-06-27 18:09:14 INFO  cic.cs.unb.ca.flow.ui.FlowMonitorPane    path:C:\Users\kiran\Desktop\Nokia\CICIDS\CICFlowMeter\bin\data\daily\2022-06-27_Flow.csv
2022-06-27 18:09:23 INFO  cic.cs.unb.ca.jnetpcap.worker.TrafficFlowWorker    Pcap is listening...
2022-06-27 18:09:36 DEBUG cic.cs.unb.ca.jnetpcap.FlowGenerator    FlagFIN current has 15 flow
2022-06-27 18:09:36 DEBUG cic.cs.unb.ca.jnetpcap.FlowGenerator    FlagFIN current has 15 flow
2022-06-27 18:09:46 DEBUG cic.cs.unb.ca.jnetpcap.FlowGenerator    FlagFIN current has 19 flow
2022-06-27 18:09:46 DEBUG cic.cs.unb.ca.jnetpcap.FlowGenerator    FlagFIN current has 19 flow
2022-06-27 18:09:48 DEBUG cic.cs.unb.ca.jnetpcap.FlowGenerator    FlagFIN current has 20 flow
2022-06-27 18:09:48 DEBUG cic.cs.unb.ca.jnetpcap.FlowGenerator    FlagFIN current has 20 flow
2022-06-27 18:09:48 DEBUG cic.cs.unb.ca.jnetpcap.FlowGenerator    FlagFIN current has 20 flow
2022-06-27 18:09:49 DEBUG cic.cs.unb.ca.jnetpcap.FlowGenerator    FlagFIN current has 26 flow
2022-06-27 18:09:49 DEBUG cic.cs.unb.ca.jnetpcap.FlowGenerator    FlagFIN current has 26 flow
2022-06-27 18:09:52 INFO  cic.cs.unb.ca.flow.ui.FlowMonitorPane    Pcap stop listening
2022-06-27 18:09:52 INFO  cic.cs.unb.ca.flow.ui.FlowMonitorPane    path:C:\Users\kiran\Desktop\Nokia\CICIDS\CICFlowMeter\bin\data\daily\2022-06-27_Flow.csv
2022-06-27 18:09:52 DEBUG cic.cs.unb.ca.jnetpcap.worker.TrafficFlowWorker    break Packet loop
2022-06-27 18:10:50 INFO  cic.cs.unb.ca.jnetpcap.worker.TrafficFlowWorker    Pcap is listening...
2022-06-27 18:10:51 DEBUG cic.cs.unb.ca.jnetpcap.FlowGenerator    FlagFIN current has 3 flow
2022-06-27 18:10:51 DEBUG cic.cs.unb.ca.jnetpcap.FlowGenerator    FlagFIN current has 3 flow
2022-06-27 18:10:53 DEBUG cic.cs.unb.ca.jnetpcap.FlowGenerator    FlagFIN current has 10 flow
2022-06-27 18:10:53 DEBUG cic.cs.unb.ca.jnetpcap.FlowGenerator    FlagFIN current has 11 flow
2022-06-27 18:10:53 DEBUG cic.cs.unb.ca.jnetpcap.FlowGenerator    FlagFIN current has 11 flow
2022-06-27 18:11:00 DEBUG cic.cs.unb.ca.jnetpcap.FlowGenerator    FlagFIN current has 15 flow
2022-06-27 18:11:00 DEBUG cic.cs.unb.ca.jnetpcap.FlowGenerator    FlagFIN current has 15 flow
2022-06-27 18:11:10 INFO  cic.cs.unb.ca.flow.ui.FlowMonitorPane    Pcap stop listening
2022-06-27 18:11:10 INFO  cic.cs.unb.ca.flow.ui.FlowMonitorPane    path:C:\Users\kiran\Desktop\Nokia\CICIDS\CICFlowMeter\bin\data\daily\2022-06-27_Flow.csv
2022-06-27 18:11:10 DEBUG cic.cs.unb.ca.jnetpcap.worker.TrafficFlowWorker    break Packet loop
2022-06-27 18:49:23 INFO  cic.cs.unb.ca.jnetpcap.worker.TrafficFlowWorker    Pcap is listening...
2022-06-27 18:49:38 DEBUG cic.cs.unb.ca.jnetpcap.FlowGenerator    FlagFIN current has 30 flow
2022-06-27 18:49:38 DEBUG cic.cs.unb.ca.jnetpcap.FlowGenerator    FlagFIN current has 30 flow
2022-06-27 18:49:53 DEBUG cic.cs.unb.ca.jnetpcap.FlowGenerator    FlagFIN current has 49 flow
2022-06-27 18:50:37 DEBUG cic.cs.unb.ca.jnetpcap.FlowGenerator    FlagFIN current has 100 flow
2022-06-27 18:50:54 DEBUG cic.cs.unb.ca.jnetpcap.FlowGenerator    FlagFIN current has 111 flow
2022-06-27 18:50:55 DEBUG cic.cs.unb.ca.jnetpcap.FlowGenerator    FlagFIN current has 113 flow
2022-06-27 18:50:55 DEBUG cic.cs.unb.ca.jnetpcap.FlowGenerator    FlagFIN current has 113 flow
2022-06-27 18:51:06 DEBUG cic.cs.unb.ca.jnetpcap.FlowGenerator    FlagFIN current has 118 flow
2022-06-27 18:51:06 DEBUG cic.cs.unb.ca.jnetpcap.FlowGenerator    FlagFIN current has 118 flow
2022-06-27 18:51:07 DEBUG cic.cs.unb.ca.jnetpcap.FlowGenerator    FlagFIN current has 118 flow
2022-06-27 18:51:10 DEBUG cic.cs.unb.ca.jnetpcap.FlowGenerator    FlagFIN current has 119 flow
2022-06-27 18:51:10 DEBUG cic.cs.unb.ca.jnetpcap.FlowGenerator    FlagFIN current has 119 flow
2022-06-27 18:51:13 DEBUG cic.cs.unb.ca.jnetpcap.FlowGenerator    FlagFIN current has 119 flow
2022-06-27 18:51:13 DEBUG cic.cs.unb.ca.jnetpcap.FlowGenerator    FlagFIN current has 118 flow
2022-06-27 18:51:13 DEBUG cic.cs.unb.ca.jnetpcap.FlowGenerator    FlagFIN current has 117 flow
2022-06-27 18:51:14 DEBUG cic.cs.unb.ca.jnetpcap.FlowGenerator    FlagFIN current has 120 flow
2022-06-27 18:51:37 DEBUG cic.cs.unb.ca.jnetpcap.FlowGenerator    FlagFIN current has 128 flow
2022-06-27 18:51:37 DEBUG cic.cs.unb.ca.jnetpcap.FlowGenerator    FlagFIN current has 128 flow
2022-06-27 18:52:16 INFO  cic.cs.unb.ca.flow.ui.FlowMonitorPane    Pcap stop listening
2022-06-27 18:52:16 INFO  cic.cs.unb.ca.flow.ui.FlowMonitorPane    path:C:\Users\kiran\Desktop\Nokia\CICIDS\CICFlowMeter\bin\data\daily\2022-06-27_Flow.csv
2022-06-27 19:12:31 INFO  cic.cs.unb.ca.jnetpcap.worker.TrafficFlowWorker    Pcap is listening...
2022-06-27 19:13:33 INFO  cic.cs.unb.ca.flow.ui.FlowMonitorPane    Pcap stop listening
2022-06-27 19:13:33 INFO  cic.cs.unb.ca.flow.ui.FlowMonitorPane    path:C:\Users\kiran\Desktop\Nokia\CICIDS\CICFlowMeter\bin\data\daily\2022-06-27_Flow.csv
2022-06-27 19:13:49 INFO  cic.cs.unb.ca.jnetpcap.worker.TrafficFlowWorker    Pcap is listening...
2022-06-27 19:13:58 DEBUG cic.cs.unb.ca.jnetpcap.FlowGenerator    FlagFIN current has 8 flow
2022-06-27 19:13:58 DEBUG cic.cs.unb.ca.jnetpcap.FlowGenerator    FlagFIN current has 8 flow
2022-06-27 19:14:07 DEBUG cic.cs.unb.ca.jnetpcap.FlowGenerator    FlagFIN current has 22 flow
2022-06-27 19:14:07 DEBUG cic.cs.unb.ca.jnetpcap.FlowGenerator    FlagFIN current has 24 flow
2022-06-27 19:14:07 DEBUG cic.cs.unb.ca.jnetpcap.FlowGenerator    FlagFIN current has 24 flow
2022-06-27 19:14:07 DEBUG cic.cs.unb.ca.jnetpcap.FlowGenerator    FlagFIN current has 26 flow
2022-06-27 19:14:07 DEBUG cic.cs.unb.ca.jnetpcap.FlowGenerator    FlagFIN current has 26 flow
2022-06-27 19:14:07 DEBUG cic.cs.unb.ca.jnetpcap.FlowGenerator    FlagFIN current has 28 flow
2022-06-27 19:14:07 DEBUG cic.cs.unb.ca.jnetpcap.FlowGenerator    FlagFIN current has 28 flow
2022-06-27 19:14:09 DEBUG cic.cs.unb.ca.jnetpcap.FlowGenerator    FlagFIN current has 30 flow
2022-06-27 19:14:09 DEBUG cic.cs.unb.ca.jnetpcap.FlowGenerator    FlagFIN current has 30 flow
2022-06-27 19:14:15 DEBUG cic.cs.unb.ca.jnetpcap.FlowGenerator    FlagFIN current has 32 flow
2022-06-27 19:14:15 DEBUG cic.cs.unb.ca.jnetpcap.FlowGenerator    FlagFIN current has 37 flow
2022-06-27 19:14:15 DEBUG cic.cs.unb.ca.jnetpcap.FlowGenerator    FlagFIN current has 37 flow
2022-06-27 19:14:15 DEBUG cic.cs.unb.ca.jnetpcap.FlowGenerator    FlagFIN current has 37 flow
2022-06-27 19:14:15 DEBUG cic.cs.unb.ca.jnetpcap.FlowGenerator    FlagFIN current has 37 flow
2022-06-27 19:14:15 DEBUG cic.cs.unb.ca.jnetpcap.FlowGenerator    FlagFIN current has 36 flow
2022-06-27 19:14:28 DEBUG cic.cs.unb.ca.jnetpcap.FlowGenerator    FlagFIN current has 67 flow
2022-06-27 19:14:28 DEBUG cic.cs.unb.ca.jnetpcap.FlowGenerator    FlagFIN current has 67 flow
2022-06-27 19:14:38 DEBUG cic.cs.unb.ca.jnetpcap.FlowGenerator    FlagFIN current has 85 flow
2022-06-27 19:14:39 DEBUG cic.cs.unb.ca.jnetpcap.FlowGenerator    FlagFIN current has 86 flow
2022-06-27 19:14:40 DEBUG cic.cs.unb.ca.jnetpcap.FlowGenerator    FlagFIN current has 88 flow
2022-06-27 19:14:42 DEBUG cic.cs.unb.ca.jnetpcap.FlowGenerator    FlagFIN current has 91 flow
2022-06-27 19:14:42 DEBUG cic.cs.unb.ca.jnetpcap.FlowGenerator    FlagFIN current has 92 flow
2022-06-27 19:14:42 DEBUG cic.cs.unb.ca.jnetpcap.FlowGenerator    FlagFIN current has 94 flow
2022-06-27 19:14:43 DEBUG cic.cs.unb.ca.jnetpcap.FlowGenerator    FlagFIN current has 94 flow
2022-06-27 19:14:49 DEBUG cic.cs.unb.ca.jnetpcap.FlowGenerator    FlagFIN current has 97 flow
2022-06-27 19:14:49 DEBUG cic.cs.unb.ca.jnetpcap.FlowGenerator    FlagFIN current has 97 flow
2022-06-27 19:14:50 DEBUG cic.cs.unb.ca.jnetpcap.FlowGenerator    FlagFIN current has 101 flow
2022-06-27 19:14:50 DEBUG cic.cs.unb.ca.jnetpcap.FlowGenerator    FlagFIN current has 101 flow
2022-06-27 19:14:51 DEBUG cic.cs.unb.ca.jnetpcap.FlowGenerator    FlagFIN current has 103 flow
2022-06-27 19:14:54 DEBUG cic.cs.unb.ca.jnetpcap.FlowGenerator    FlagFIN current has 111 flow
2022-06-27 19:14:54 DEBUG cic.cs.unb.ca.jnetpcap.FlowGenerator    FlagFIN current has 111 flow
2022-06-27 19:14:54 DEBUG cic.cs.unb.ca.jnetpcap.FlowGenerator    FlagFIN current has 111 flow
2022-06-27 19:15:13 DEBUG cic.cs.unb.ca.jnetpcap.FlowGenerator    FlagFIN current has 111 flow
2022-06-27 19:15:13 DEBUG cic.cs.unb.ca.jnetpcap.FlowGenerator    FlagFIN current has 114 flow
2022-06-27 19:15:13 DEBUG cic.cs.unb.ca.jnetpcap.FlowGenerator    FlagFIN current has 114 flow
2022-06-27 19:15:42 DEBUG cic.cs.unb.ca.jnetpcap.FlowGenerator    FlagFIN current has 136 flow
2022-06-27 19:15:42 DEBUG cic.cs.unb.ca.jnetpcap.FlowGenerator    FlagFIN current has 136 flow
2022-06-27 19:15:42 DEBUG cic.cs.unb.ca.jnetpcap.FlowGenerator    FlagFIN current has 136 flow
2022-06-27 19:16:10 DEBUG cic.cs.unb.ca.jnetpcap.FlowGenerator    FlagFIN current has 147 flow
2022-06-27 19:16:10 DEBUG cic.cs.unb.ca.jnetpcap.FlowGenerator    Timeout current has 150 flow
2022-06-27 19:16:10 DEBUG cic.cs.unb.ca.jnetpcap.FlowGenerator    Timeout current has 150 flow
2022-06-27 19:16:18 DEBUG cic.cs.unb.ca.jnetpcap.FlowGenerator    FlagFIN current has 154 flow
2022-06-27 19:16:40 DEBUG cic.cs.unb.ca.jnetpcap.FlowGenerator    FlagFIN current has 172 flow
2022-06-27 19:16:40 DEBUG cic.cs.unb.ca.jnetpcap.FlowGenerator    FlagFIN current has 171 flow
2022-06-27 19:16:40 DEBUG cic.cs.unb.ca.jnetpcap.FlowGenerator    FlagFIN current has 170 flow
2022-06-27 19:16:40 DEBUG cic.cs.unb.ca.jnetpcap.FlowGenerator    FlagFIN current has 169 flow
2022-06-27 19:16:40 DEBUG cic.cs.unb.ca.jnetpcap.FlowGenerator    FlagFIN current has 168 flow
2022-06-27 19:16:40 DEBUG cic.cs.unb.ca.jnetpcap.FlowGenerator    FlagFIN current has 167 flow
2022-06-27 19:16:40 DEBUG cic.cs.unb.ca.jnetpcap.FlowGenerator    FlagFIN current has 171 flow
2022-06-27 19:16:40 DEBUG cic.cs.unb.ca.jnetpcap.FlowGenerator    FlagFIN current has 172 flow
2022-06-27 19:16:40 DEBUG cic.cs.unb.ca.jnetpcap.FlowGenerator    FlagFIN current has 172 flow
2022-06-27 19:16:40 DEBUG cic.cs.unb.ca.jnetpcap.FlowGenerator    FlagFIN current has 172 flow
2022-06-27 19:16:40 DEBUG cic.cs.unb.ca.jnetpcap.FlowGenerator    FlagFIN current has 172 flow
2022-06-27 19:16:40 DEBUG cic.cs.unb.ca.jnetpcap.FlowGenerator    FlagFIN current has 172 flow
2022-06-27 19:16:40 DEBUG cic.cs.unb.ca.jnetpcap.FlowGenerator    FlagFIN current has 175 flow
2022-06-27 19:16:41 DEBUG cic.cs.unb.ca.jnetpcap.FlowGenerator    FlagFIN current has 175 flow
2022-06-27 19:16:47 DEBUG cic.cs.unb.ca.jnetpcap.FlowGenerator    FlagFIN current has 175 flow
2022-06-27 19:16:47 DEBUG cic.cs.unb.ca.jnetpcap.FlowGenerator    FlagFIN current has 175 flow
2022-06-27 19:16:47 DEBUG cic.cs.unb.ca.jnetpcap.FlowGenerator    FlagFIN current has 174 flow
2022-06-27 19:16:53 DEBUG cic.cs.unb.ca.jnetpcap.FlowGenerator    FlagFIN current has 179 flow
2022-06-27 19:16:53 DEBUG cic.cs.unb.ca.jnetpcap.FlowGenerator    FlagFIN current has 179 flow
2022-06-27 19:16:57 DEBUG cic.cs.unb.ca.jnetpcap.FlowGenerator    FlagFIN current has 179 flow
2022-06-27 19:17:29 DEBUG cic.cs.unb.ca.jnetpcap.FlowGenerator    FlagFIN current has 206 flow
2022-06-27 19:17:29 DEBUG cic.cs.unb.ca.jnetpcap.FlowGenerator    FlagFIN current has 208 flow
2022-06-27 19:17:29 DEBUG cic.cs.unb.ca.jnetpcap.FlowGenerator    FlagFIN current has 207 flow
2022-06-27 19:17:29 DEBUG cic.cs.unb.ca.jnetpcap.FlowGenerator    FlagFIN current has 206 flow
2022-06-27 19:17:29 DEBUG cic.cs.unb.ca.jnetpcap.FlowGenerator    FlagFIN current has 205 flow
2022-06-27 19:17:29 DEBUG cic.cs.unb.ca.jnetpcap.FlowGenerator    FlagFIN current has 204 flow
2022-06-27 19:17:29 DEBUG cic.cs.unb.ca.jnetpcap.FlowGenerator    FlagFIN current has 203 flow
2022-06-27 19:17:29 DEBUG cic.cs.unb.ca.jnetpcap.FlowGenerator    FlagFIN current has 202 flow
2022-06-27 19:17:42 DEBUG cic.cs.unb.ca.jnetpcap.FlowGenerator    FlagFIN current has 211 flow
2022-06-27 19:17:45 INFO  cic.cs.unb.ca.flow.ui.FlowMonitorPane    Pcap stop listening
2022-06-27 19:17:45 INFO  cic.cs.unb.ca.flow.ui.FlowMonitorPane    path:C:\Users\kiran\Desktop\Nokia\CICIDS\CICFlowMeter\bin\data\daily\2022-06-27_Flow.csv
2022-06-27 19:44:14 INFO  cic.cs.unb.ca.jnetpcap.worker.TrafficFlowWorker    Pcap is listening...
2022-06-27 19:44:42 INFO  cic.cs.unb.ca.jnetpcap.worker.TrafficFlowWorker    Pcap is listening...
2022-06-27 19:44:55 DEBUG cic.cs.unb.ca.jnetpcap.FlowGenerator    FlagFIN current has 3 flow
2022-06-27 19:44:55 DEBUG cic.cs.unb.ca.jnetpcap.FlowGenerator    FlagFIN current has 2 flow
2022-06-27 19:45:08 DEBUG cic.cs.unb.ca.jnetpcap.FlowGenerator    FlagFIN current has 29 flow
2022-06-27 19:45:08 DEBUG cic.cs.unb.ca.jnetpcap.FlowGenerator    FlagFIN current has 29 flow
2022-06-27 19:45:08 DEBUG cic.cs.unb.ca.jnetpcap.FlowGenerator    FlagFIN current has 33 flow
2022-06-27 19:45:08 DEBUG cic.cs.unb.ca.jnetpcap.FlowGenerator    FlagFIN current has 33 flow
2022-06-27 19:45:08 DEBUG cic.cs.unb.ca.jnetpcap.FlowGenerator    FlagFIN current has 33 flow
2022-06-27 19:45:08 DEBUG cic.cs.unb.ca.jnetpcap.FlowGenerator    FlagFIN current has 33 flow
2022-06-27 19:45:08 DEBUG cic.cs.unb.ca.jnetpcap.FlowGenerator    FlagFIN current has 34 flow
2022-06-27 19:45:08 DEBUG cic.cs.unb.ca.jnetpcap.FlowGenerator    FlagFIN current has 36 flow
2022-06-27 19:45:08 DEBUG cic.cs.unb.ca.jnetpcap.FlowGenerator    FlagFIN current has 36 flow
2022-06-27 19:45:08 DEBUG cic.cs.unb.ca.jnetpcap.FlowGenerator    FlagFIN current has 36 flow
2022-06-27 19:45:08 DEBUG cic.cs.unb.ca.jnetpcap.FlowGenerator    FlagFIN current has 36 flow
2022-06-27 19:45:18 DEBUG cic.cs.unb.ca.jnetpcap.FlowGenerator    FlagFIN current has 40 flow
2022-06-27 19:45:18 DEBUG cic.cs.unb.ca.jnetpcap.FlowGenerator    FlagFIN current has 40 flow
2022-06-27 19:45:18 DEBUG cic.cs.unb.ca.jnetpcap.FlowGenerator    FlagFIN current has 43 flow
2022-06-27 19:45:18 DEBUG cic.cs.unb.ca.jnetpcap.FlowGenerator    FlagFIN current has 43 flow
2022-06-27 19:45:27 DEBUG cic.cs.unb.ca.jnetpcap.FlowGenerator    FlagFIN current has 52 flow
2022-06-27 19:45:27 DEBUG cic.cs.unb.ca.jnetpcap.FlowGenerator    FlagFIN current has 52 flow
2022-06-27 19:45:27 DEBUG cic.cs.unb.ca.jnetpcap.FlowGenerator    FlagFIN current has 51 flow
2022-06-27 19:45:27 DEBUG cic.cs.unb.ca.jnetpcap.FlowGenerator    FlagFIN current has 51 flow
2022-06-27 19:45:27 DEBUG cic.cs.unb.ca.jnetpcap.FlowGenerator    FlagFIN current has 52 flow
2022-06-27 19:45:37 DEBUG cic.cs.unb.ca.jnetpcap.FlowGenerator    FlagFIN current has 56 flow
2022-06-27 19:45:40 DEBUG cic.cs.unb.ca.jnetpcap.FlowGenerator    FlagFIN current has 56 flow
2022-06-27 19:45:40 DEBUG cic.cs.unb.ca.jnetpcap.FlowGenerator    FlagFIN current has 57 flow
2022-06-27 19:45:44 DEBUG cic.cs.unb.ca.jnetpcap.FlowGenerator    FlagFIN current has 60 flow
2022-06-27 19:45:44 DEBUG cic.cs.unb.ca.jnetpcap.FlowGenerator    FlagFIN current has 60 flow
2022-06-27 19:45:44 DEBUG cic.cs.unb.ca.jnetpcap.FlowGenerator    FlagFIN current has 61 flow
2022-06-27 19:45:45 DEBUG cic.cs.unb.ca.jnetpcap.FlowGenerator    FlagFIN current has 61 flow
2022-06-27 19:45:50 DEBUG cic.cs.unb.ca.jnetpcap.FlowGenerator    FlagFIN current has 62 flow
2022-06-27 19:45:50 DEBUG cic.cs.unb.ca.jnetpcap.FlowGenerator    FlagFIN current has 62 flow
2022-06-27 19:45:50 DEBUG cic.cs.unb.ca.jnetpcap.FlowGenerator    FlagFIN current has 64 flow
2022-06-27 19:46:10 DEBUG cic.cs.unb.ca.jnetpcap.FlowGenerator    FlagFIN current has 66 flow
2022-06-27 19:46:10 DEBUG cic.cs.unb.ca.jnetpcap.FlowGenerator    FlagFIN current has 66 flow
2022-06-27 19:46:10 DEBUG cic.cs.unb.ca.jnetpcap.FlowGenerator    FlagFIN current has 66 flow
2022-06-27 19:46:10 DEBUG cic.cs.unb.ca.jnetpcap.FlowGenerator    FlagFIN current has 65 flow
2022-06-27 19:46:15 DEBUG cic.cs.unb.ca.jnetpcap.FlowGenerator    FlagFIN current has 79 flow
2022-06-27 19:46:15 DEBUG cic.cs.unb.ca.jnetpcap.FlowGenerator    FlagFIN current has 79 flow
2022-06-27 19:46:25 DEBUG cic.cs.unb.ca.jnetpcap.FlowGenerator    FlagFIN current has 80 flow
2022-06-27 19:46:25 DEBUG cic.cs.unb.ca.jnetpcap.FlowGenerator    FlagFIN current has 80 flow
2022-06-27 19:46:25 DEBUG cic.cs.unb.ca.jnetpcap.FlowGenerator    FlagFIN current has 80 flow
2022-06-27 19:46:25 DEBUG cic.cs.unb.ca.jnetpcap.FlowGenerator    FlagFIN current has 80 flow
2022-06-27 19:47:00 DEBUG cic.cs.unb.ca.jnetpcap.FlowGenerator    FlagFIN current has 89 flow
2022-06-27 19:47:00 DEBUG cic.cs.unb.ca.jnetpcap.FlowGenerator    FlagFIN current has 88 flow
2022-06-27 19:47:00 DEBUG cic.cs.unb.ca.jnetpcap.FlowGenerator    FlagFIN current has 87 flow
2022-06-27 19:47:00 DEBUG cic.cs.unb.ca.jnetpcap.FlowGenerator    FlagFIN current has 87 flow
2022-06-27 19:47:00 DEBUG cic.cs.unb.ca.jnetpcap.FlowGenerator    FlagFIN current has 86 flow
2022-06-27 19:47:00 DEBUG cic.cs.unb.ca.jnetpcap.FlowGenerator    FlagFIN current has 88 flow
2022-06-27 19:47:00 DEBUG cic.cs.unb.ca.jnetpcap.FlowGenerator    FlagFIN current has 88 flow
2022-06-27 19:47:00 DEBUG cic.cs.unb.ca.jnetpcap.FlowGenerator    FlagFIN current has 89 flow
2022-06-27 19:47:00 DEBUG cic.cs.unb.ca.jnetpcap.FlowGenerator    FlagFIN current has 88 flow
2022-06-27 19:47:00 DEBUG cic.cs.unb.ca.jnetpcap.FlowGenerator    FlagFIN current has 87 flow
2022-06-27 19:47:01 DEBUG cic.cs.unb.ca.jnetpcap.FlowGenerator    FlagFIN current has 91 flow
2022-06-27 19:47:01 DEBUG cic.cs.unb.ca.jnetpcap.FlowGenerator    FlagFIN current has 91 flow
2022-06-27 19:47:01 DEBUG cic.cs.unb.ca.jnetpcap.FlowGenerator    FlagFIN current has 91 flow
2022-06-27 19:47:22 DEBUG cic.cs.unb.ca.jnetpcap.FlowGenerator    FlagFIN current has 122 flow
2022-06-27 19:47:22 DEBUG cic.cs.unb.ca.jnetpcap.FlowGenerator    FlagFIN current has 121 flow
2022-06-27 19:47:22 DEBUG cic.cs.unb.ca.jnetpcap.FlowGenerator    FlagFIN current has 120 flow
2022-06-27 19:47:22 DEBUG cic.cs.unb.ca.jnetpcap.FlowGenerator    FlagFIN current has 119 flow
2022-06-27 19:47:22 DEBUG cic.cs.unb.ca.jnetpcap.FlowGenerator    FlagFIN current has 118 flow
2022-06-27 19:47:22 DEBUG cic.cs.unb.ca.jnetpcap.FlowGenerator    FlagFIN current has 117 flow
2022-06-27 19:47:22 DEBUG cic.cs.unb.ca.jnetpcap.FlowGenerator    FlagFIN current has 116 flow
2022-06-27 19:47:22 DEBUG cic.cs.unb.ca.jnetpcap.FlowGenerator    FlagFIN current has 115 flow
2022-06-27 19:47:22 DEBUG cic.cs.unb.ca.jnetpcap.FlowGenerator    FlagFIN current has 114 flow
2022-06-27 19:47:22 DEBUG cic.cs.unb.ca.jnetpcap.FlowGenerator    FlagFIN current has 113 flow
2022-06-27 19:47:22 DEBUG cic.cs.unb.ca.jnetpcap.FlowGenerator    FlagFIN current has 112 flow
2022-06-27 19:47:22 DEBUG cic.cs.unb.ca.jnetpcap.FlowGenerator    FlagFIN current has 111 flow
2022-06-27 19:47:22 DEBUG cic.cs.unb.ca.jnetpcap.FlowGenerator    FlagFIN current has 110 flow
2022-06-27 19:47:22 DEBUG cic.cs.unb.ca.jnetpcap.FlowGenerator    FlagFIN current has 109 flow
2022-06-27 19:47:24 DEBUG cic.cs.unb.ca.jnetpcap.FlowGenerator    FlagFIN current has 117 flow
2022-06-27 19:47:24 DEBUG cic.cs.unb.ca.jnetpcap.FlowGenerator    FlagFIN current has 121 flow
2022-06-27 19:47:24 DEBUG cic.cs.unb.ca.jnetpcap.FlowGenerator    FlagFIN current has 122 flow
2022-06-27 19:47:36 DEBUG cic.cs.unb.ca.jnetpcap.FlowGenerator    FlagFIN current has 127 flow
2022-06-27 19:47:36 DEBUG cic.cs.unb.ca.jnetpcap.FlowGenerator    FlagFIN current has 127 flow
2022-06-27 19:47:40 DEBUG cic.cs.unb.ca.jnetpcap.FlowGenerator    FlagFIN current has 141 flow
2022-06-27 19:47:40 DEBUG cic.cs.unb.ca.jnetpcap.FlowGenerator    FlagFIN current has 140 flow
2022-06-27 19:47:40 DEBUG cic.cs.unb.ca.jnetpcap.FlowGenerator    FlagFIN current has 139 flow
2022-06-27 19:47:40 DEBUG cic.cs.unb.ca.jnetpcap.FlowGenerator    FlagFIN current has 138 flow
2022-06-27 19:47:40 DEBUG cic.cs.unb.ca.jnetpcap.FlowGenerator    FlagFIN current has 137 flow
2022-06-27 19:47:40 DEBUG cic.cs.unb.ca.jnetpcap.FlowGenerator    FlagFIN current has 139 flow
2022-06-27 19:47:40 DEBUG cic.cs.unb.ca.jnetpcap.FlowGenerator    FlagFIN current has 138 flow
2022-06-27 19:47:40 DEBUG cic.cs.unb.ca.jnetpcap.FlowGenerator    FlagFIN current has 138 flow
2022-06-27 19:47:40 DEBUG cic.cs.unb.ca.jnetpcap.FlowGenerator    FlagFIN current has 138 flow
2022-06-27 19:47:40 DEBUG cic.cs.unb.ca.jnetpcap.FlowGenerator    FlagFIN current has 137 flow
2022-06-27 19:47:41 DEBUG cic.cs.unb.ca.jnetpcap.FlowGenerator    FlagFIN current has 147 flow
2022-06-27 19:47:41 DEBUG cic.cs.unb.ca.jnetpcap.FlowGenerator    FlagFIN current has 147 flow
2022-06-27 19:47:57 DEBUG cic.cs.unb.ca.jnetpcap.FlowGenerator    FlagFIN current has 151 flow
2022-06-27 19:47:57 DEBUG cic.cs.unb.ca.jnetpcap.FlowGenerator    FlagFIN current has 151 flow
2022-06-27 19:47:57 DEBUG cic.cs.unb.ca.jnetpcap.FlowGenerator    FlagFIN current has 150 flow
2022-06-27 19:47:58 DEBUG cic.cs.unb.ca.jnetpcap.FlowGenerator    FlagFIN current has 152 flow
2022-06-27 19:47:58 DEBUG cic.cs.unb.ca.jnetpcap.FlowGenerator    FlagFIN current has 152 flow
2022-06-27 19:48:03 DEBUG cic.cs.unb.ca.jnetpcap.FlowGenerator    FlagFIN current has 154 flow
2022-06-27 19:48:03 DEBUG cic.cs.unb.ca.jnetpcap.FlowGenerator    FlagFIN current has 153 flow
2022-06-27 19:48:03 DEBUG cic.cs.unb.ca.jnetpcap.FlowGenerator    FlagFIN current has 155 flow
2022-06-27 19:48:03 DEBUG cic.cs.unb.ca.jnetpcap.FlowGenerator    FlagFIN current has 155 flow
2022-06-27 19:48:08 DEBUG cic.cs.unb.ca.jnetpcap.FlowGenerator    FlagFIN current has 158 flow
2022-06-27 19:48:08 DEBUG cic.cs.unb.ca.jnetpcap.FlowGenerator    FlagFIN current has 158 flow
2022-06-27 19:48:38 INFO  cic.cs.unb.ca.flow.ui.FlowMonitorPane    Pcap stop listening
2022-06-27 19:48:38 INFO  cic.cs.unb.ca.flow.ui.FlowMonitorPane    path:C:\Users\kiran\Desktop\Nokia\CICIDS\CICFlowMeter\bin\data\daily\2022-06-27_Flow.csv
2022-06-27 19:48:40 DEBUG cic.cs.unb.ca.jnetpcap.worker.TrafficFlowWorker    break Packet loop
2022-06-27 19:54:27 INFO  cic.cs.unb.ca.jnetpcap.worker.TrafficFlowWorker    Pcap is listening...
2022-06-27 19:55:17 INFO  cic.cs.unb.ca.flow.ui.FlowMonitorPane    Pcap stop listening
2022-06-27 19:55:17 INFO  cic.cs.unb.ca.flow.ui.FlowMonitorPane    path:C:\Users\kiran\Desktop\Nokia\CICIDS\CICFlowMeter\bin\data\daily\2022-06-27_Flow.csv
2022-06-27 19:55:30 INFO  cic.cs.unb.ca.jnetpcap.worker.TrafficFlowWorker    Pcap is listening...
2022-06-27 19:55:40 DEBUG cic.cs.unb.ca.jnetpcap.FlowGenerator    FlagFIN current has 11 flow
2022-06-27 19:55:40 DEBUG cic.cs.unb.ca.jnetpcap.FlowGenerator    FlagFIN current has 11 flow
2022-06-27 19:55:43 DEBUG cic.cs.unb.ca.jnetpcap.FlowGenerator    FlagFIN current has 26 flow
2022-06-27 19:55:43 DEBUG cic.cs.unb.ca.jnetpcap.FlowGenerator    FlagFIN current has 25 flow
2022-06-27 19:55:43 DEBUG cic.cs.unb.ca.jnetpcap.FlowGenerator    FlagFIN current has 24 flow
2022-06-27 19:55:43 DEBUG cic.cs.unb.ca.jnetpcap.FlowGenerator    FlagFIN current has 23 flow
2022-06-27 19:55:43 DEBUG cic.cs.unb.ca.jnetpcap.FlowGenerator    FlagFIN current has 22 flow
2022-06-27 19:55:43 DEBUG cic.cs.unb.ca.jnetpcap.FlowGenerator    FlagFIN current has 23 flow
2022-06-27 19:55:43 DEBUG cic.cs.unb.ca.jnetpcap.FlowGenerator    FlagFIN current has 23 flow
2022-06-27 19:55:43 DEBUG cic.cs.unb.ca.jnetpcap.FlowGenerator    FlagFIN current has 24 flow
2022-06-27 19:55:43 DEBUG cic.cs.unb.ca.jnetpcap.FlowGenerator    FlagFIN current has 26 flow
2022-06-27 19:55:43 DEBUG cic.cs.unb.ca.jnetpcap.FlowGenerator    FlagFIN current has 25 flow
2022-06-27 19:55:44 DEBUG cic.cs.unb.ca.jnetpcap.FlowGenerator    FlagFIN current has 31 flow
2022-06-27 19:55:44 DEBUG cic.cs.unb.ca.jnetpcap.FlowGenerator    FlagFIN current has 31 flow
2022-06-27 19:56:10 DEBUG cic.cs.unb.ca.jnetpcap.FlowGenerator    FlagFIN current has 38 flow
2022-06-27 19:56:10 DEBUG cic.cs.unb.ca.jnetpcap.FlowGenerator    FlagFIN current has 38 flow
2022-06-27 19:56:10 DEBUG cic.cs.unb.ca.jnetpcap.FlowGenerator    FlagFIN current has 37 flow
2022-06-27 19:56:10 DEBUG cic.cs.unb.ca.jnetpcap.FlowGenerator    FlagFIN current has 37 flow
2022-06-27 19:56:10 DEBUG cic.cs.unb.ca.jnetpcap.FlowGenerator    FlagFIN current has 38 flow
2022-06-27 19:56:10 DEBUG cic.cs.unb.ca.jnetpcap.FlowGenerator    FlagFIN current has 38 flow
2022-06-27 19:56:19 DEBUG cic.cs.unb.ca.jnetpcap.FlowGenerator    FlagFIN current has 40 flow
2022-06-27 19:56:19 DEBUG cic.cs.unb.ca.jnetpcap.FlowGenerator    FlagFIN current has 40 flow
2022-06-27 19:56:41 DEBUG cic.cs.unb.ca.jnetpcap.FlowGenerator    FlagFIN current has 50 flow
2022-06-27 19:56:45 DEBUG cic.cs.unb.ca.jnetpcap.FlowGenerator    FlagFIN current has 51 flow
2022-06-27 19:56:45 DEBUG cic.cs.unb.ca.jnetpcap.FlowGenerator    FlagFIN current has 51 flow
2022-06-27 19:56:54 DEBUG cic.cs.unb.ca.jnetpcap.FlowGenerator    FlagFIN current has 52 flow
2022-06-27 19:56:54 DEBUG cic.cs.unb.ca.jnetpcap.FlowGenerator    FlagFIN current has 52 flow
2022-06-27 19:56:54 DEBUG cic.cs.unb.ca.jnetpcap.FlowGenerator    FlagFIN current has 52 flow
2022-06-27 19:57:02 DEBUG cic.cs.unb.ca.jnetpcap.FlowGenerator    FlagFIN current has 56 flow
2022-06-27 19:57:02 DEBUG cic.cs.unb.ca.jnetpcap.FlowGenerator    FlagFIN current has 56 flow
2022-06-27 19:57:09 DEBUG cic.cs.unb.ca.jnetpcap.FlowGenerator    FlagFIN current has 58 flow
2022-06-27 19:57:12 DEBUG cic.cs.unb.ca.jnetpcap.FlowGenerator    FlagFIN current has 62 flow
2022-06-27 19:57:12 DEBUG cic.cs.unb.ca.jnetpcap.FlowGenerator    FlagFIN current has 62 flow
2022-06-27 19:57:20 DEBUG cic.cs.unb.ca.jnetpcap.FlowGenerator    FlagFIN current has 64 flow
2022-06-27 19:57:20 DEBUG cic.cs.unb.ca.jnetpcap.FlowGenerator    FlagFIN current has 64 flow
2022-06-27 19:57:33 DEBUG cic.cs.unb.ca.jnetpcap.FlowGenerator    FlagFIN current has 67 flow
2022-06-27 19:57:33 DEBUG cic.cs.unb.ca.jnetpcap.FlowGenerator    FlagFIN current has 67 flow
2022-06-27 19:57:51 DEBUG cic.cs.unb.ca.jnetpcap.FlowGenerator    FlagFIN current has 70 flow
2022-06-27 19:57:51 DEBUG cic.cs.unb.ca.jnetpcap.FlowGenerator    FlagFIN current has 70 flow
2022-06-27 19:58:11 DEBUG cic.cs.unb.ca.jnetpcap.FlowGenerator    FlagFIN current has 73 flow
2022-06-27 19:58:11 DEBUG cic.cs.unb.ca.jnetpcap.FlowGenerator    FlagFIN current has 73 flow
2022-06-27 19:58:20 DEBUG cic.cs.unb.ca.jnetpcap.FlowGenerator    FlagFIN current has 77 flow
2022-06-27 19:58:20 DEBUG cic.cs.unb.ca.jnetpcap.FlowGenerator    FlagFIN current has 77 flow
2022-06-27 19:58:45 DEBUG cic.cs.unb.ca.jnetpcap.FlowGenerator    FlagFIN current has 89 flow
2022-06-27 19:58:45 DEBUG cic.cs.unb.ca.jnetpcap.FlowGenerator    FlagFIN current has 93 flow
2022-06-27 19:58:45 DEBUG cic.cs.unb.ca.jnetpcap.FlowGenerator    FlagFIN current has 93 flow
2022-06-27 19:59:24 DEBUG cic.cs.unb.ca.jnetpcap.FlowGenerator    FlagFIN current has 102 flow
2022-06-27 19:59:45 DEBUG cic.cs.unb.ca.jnetpcap.FlowGenerator    FlagFIN current has 102 flow
2022-06-27 19:59:46 DEBUG cic.cs.unb.ca.jnetpcap.FlowGenerator    FlagFIN current has 105 flow
2022-06-27 19:59:46 DEBUG cic.cs.unb.ca.jnetpcap.FlowGenerator    FlagFIN current has 105 flow
2022-06-27 19:59:46 DEBUG cic.cs.unb.ca.jnetpcap.FlowGenerator    FlagFIN current has 105 flow
2022-06-27 19:59:50 DEBUG cic.cs.unb.ca.jnetpcap.FlowGenerator    FlagFIN current has 107 flow
2022-06-27 19:59:50 DEBUG cic.cs.unb.ca.jnetpcap.FlowGenerator    FlagFIN current has 107 flow
2022-06-27 20:00:06 DEBUG cic.cs.unb.ca.jnetpcap.FlowGenerator    FlagFIN current has 111 flow
2022-06-27 20:00:06 DEBUG cic.cs.unb.ca.jnetpcap.FlowGenerator    FlagFIN current has 111 flow
2022-06-27 20:00:06 DEBUG cic.cs.unb.ca.jnetpcap.FlowGenerator    FlagFIN current has 112 flow
2022-06-27 20:00:06 DEBUG cic.cs.unb.ca.jnetpcap.FlowGenerator    FlagFIN current has 112 flow
2022-06-27 20:00:10 DEBUG cic.cs.unb.ca.jnetpcap.FlowGenerator    FlagFIN current has 115 flow
2022-06-27 20:00:10 DEBUG cic.cs.unb.ca.jnetpcap.FlowGenerator    FlagFIN current has 115 flow
2022-06-27 20:00:11 DEBUG cic.cs.unb.ca.jnetpcap.FlowGenerator    FlagFIN current has 116 flow
2022-06-27 20:00:11 DEBUG cic.cs.unb.ca.jnetpcap.FlowGenerator    FlagFIN current has 115 flow
2022-06-27 20:00:11 DEBUG cic.cs.unb.ca.jnetpcap.FlowGenerator    FlagFIN current has 118 flow
2022-06-27 20:00:11 DEBUG cic.cs.unb.ca.jnetpcap.FlowGenerator    FlagFIN current has 118 flow
2022-06-27 20:00:11 DEBUG cic.cs.unb.ca.jnetpcap.FlowGenerator    FlagFIN current has 118 flow
2022-06-27 20:00:11 DEBUG cic.cs.unb.ca.jnetpcap.FlowGenerator    FlagFIN current has 119 flow
2022-06-27 20:00:11 DEBUG cic.cs.unb.ca.jnetpcap.FlowGenerator    FlagFIN current has 119 flow
2022-06-27 20:00:44 DEBUG cic.cs.unb.ca.jnetpcap.FlowGenerator    FlagFIN current has 128 flow
2022-06-27 20:00:44 DEBUG cic.cs.unb.ca.jnetpcap.FlowGenerator    FlagFIN current has 128 flow
2022-06-27 20:00:44 DEBUG cic.cs.unb.ca.jnetpcap.FlowGenerator    FlagFIN current has 129 flow
2022-06-27 20:00:57 DEBUG cic.cs.unb.ca.jnetpcap.FlowGenerator    FlagFIN current has 131 flow
2022-06-27 20:00:57 DEBUG cic.cs.unb.ca.jnetpcap.FlowGenerator    FlagFIN current has 131 flow
2022-06-27 20:01:11 DEBUG cic.cs.unb.ca.jnetpcap.FlowGenerator    FlagFIN current has 133 flow
2022-06-27 20:01:11 DEBUG cic.cs.unb.ca.jnetpcap.FlowGenerator    FlagFIN current has 133 flow
2022-06-27 20:01:11 DEBUG cic.cs.unb.ca.jnetpcap.FlowGenerator    FlagFIN current has 134 flow
2022-06-27 20:01:11 DEBUG cic.cs.unb.ca.jnetpcap.FlowGenerator    FlagFIN current has 134 flow
2022-06-27 20:01:11 DEBUG cic.cs.unb.ca.jnetpcap.FlowGenerator    FlagFIN current has 137 flow
2022-06-27 20:01:11 DEBUG cic.cs.unb.ca.jnetpcap.FlowGenerator    FlagFIN current has 137 flow
2022-06-27 20:01:16 DEBUG cic.cs.unb.ca.jnetpcap.FlowGenerator    FlagFIN current has 141 flow
2022-06-27 20:01:16 DEBUG cic.cs.unb.ca.jnetpcap.FlowGenerator    FlagFIN current has 141 flow
2022-06-27 20:01:26 DEBUG cic.cs.unb.ca.jnetpcap.FlowGenerator    FlagFIN current has 145 flow
2022-06-27 20:01:26 DEBUG cic.cs.unb.ca.jnetpcap.FlowGenerator    FlagFIN current has 145 flow
2022-06-27 20:01:31 DEBUG cic.cs.unb.ca.jnetpcap.FlowGenerator    FlagFIN current has 156 flow
2022-06-27 20:01:31 DEBUG cic.cs.unb.ca.jnetpcap.FlowGenerator    FlagFIN current has 156 flow
2022-06-27 20:01:35 DEBUG cic.cs.unb.ca.jnetpcap.FlowGenerator    FlagFIN current has 158 flow
2022-06-27 20:01:35 DEBUG cic.cs.unb.ca.jnetpcap.FlowGenerator    FlagFIN current has 158 flow
2022-06-27 20:01:35 DEBUG cic.cs.unb.ca.jnetpcap.FlowGenerator    FlagFIN current has 158 flow
2022-06-27 20:01:35 DEBUG cic.cs.unb.ca.jnetpcap.FlowGenerator    FlagFIN current has 158 flow
2022-06-27 20:01:47 DEBUG cic.cs.unb.ca.jnetpcap.FlowGenerator    FlagFIN current has 159 flow
2022-06-27 20:01:47 DEBUG cic.cs.unb.ca.jnetpcap.FlowGenerator    FlagFIN current has 159 flow
2022-06-27 20:02:18 DEBUG cic.cs.unb.ca.jnetpcap.FlowGenerator    FlagFIN current has 166 flow
2022-06-27 20:03:03 DEBUG cic.cs.unb.ca.jnetpcap.FlowGenerator    FlagFIN current has 173 flow
2022-06-27 20:03:03 DEBUG cic.cs.unb.ca.jnetpcap.FlowGenerator    FlagFIN current has 173 flow
2022-06-27 20:03:38 DEBUG cic.cs.unb.ca.jnetpcap.FlowGenerator    FlagFIN current has 185 flow
2022-06-27 20:03:38 DEBUG cic.cs.unb.ca.jnetpcap.FlowGenerator    FlagFIN current has 184 flow
2022-06-27 20:04:10 DEBUG cic.cs.unb.ca.jnetpcap.FlowGenerator    FlagFIN current has 195 flow
2022-06-27 20:04:10 DEBUG cic.cs.unb.ca.jnetpcap.FlowGenerator    FlagFIN current has 195 flow
2022-06-27 20:04:10 DEBUG cic.cs.unb.ca.jnetpcap.FlowGenerator    FlagFIN current has 198 flow
2022-06-27 20:04:10 DEBUG cic.cs.unb.ca.jnetpcap.FlowGenerator    FlagFIN current has 198 flow
2022-06-27 20:04:45 INFO  cic.cs.unb.ca.flow.ui.FlowMonitorPane    Pcap stop listening
2022-06-27 20:04:45 INFO  cic.cs.unb.ca.flow.ui.FlowMonitorPane    path:C:\Users\kiran\Desktop\Nokia\CICIDS\CICFlowMeter\bin\data\daily\2022-06-27_Flow.csv
