2022-06-28 06:42:49 INFO  cic.cs.unb.ca.jnetpcap.worker.TrafficFlowWorker    Pcap is listening...
2022-06-28 06:43:05 INFO  cic.cs.unb.ca.flow.ui.FlowMonitorPane    Pcap stop listening
2022-06-28 06:43:05 INFO  cic.cs.unb.ca.flow.ui.FlowMonitorPane    path:C:\Users\kiran\Desktop\Nokia\CICIDS\CICFlowMeter\bin\data\daily\2022-06-28_Flow.csv
2022-06-28 06:43:20 INFO  cic.cs.unb.ca.jnetpcap.worker.TrafficFlowWorker    Pcap is listening...
2022-06-28 06:43:39 DEBUG cic.cs.unb.ca.jnetpcap.FlowGenerator    FlagFIN current has 5 flow
2022-06-28 06:43:39 DEBUG cic.cs.unb.ca.jnetpcap.FlowGenerator    FlagFIN current has 5 flow
2022-06-28 06:43:39 DEBUG cic.cs.unb.ca.jnetpcap.FlowGenerator    FlagFIN current has 6 flow
2022-06-28 06:43:39 DEBUG cic.cs.unb.ca.jnetpcap.FlowGenerator    FlagFIN current has 6 flow
2022-06-28 06:43:39 DEBUG cic.cs.unb.ca.jnetpcap.FlowGenerator    FlagFIN current has 7 flow
2022-06-28 06:43:39 DEBUG cic.cs.unb.ca.jnetpcap.FlowGenerator    FlagFIN current has 7 flow
2022-06-28 06:43:39 DEBUG cic.cs.unb.ca.jnetpcap.FlowGenerator    FlagFIN current has 9 flow
2022-06-28 06:43:39 DEBUG cic.cs.unb.ca.jnetpcap.FlowGenerator    FlagFIN current has 9 flow
2022-06-28 06:43:47 DEBUG cic.cs.unb.ca.jnetpcap.FlowGenerator    FlagFIN current has 28 flow
2022-06-28 06:43:52 DEBUG cic.cs.unb.ca.jnetpcap.FlowGenerator    FlagFIN current has 30 flow
2022-06-28 06:43:52 DEBUG cic.cs.unb.ca.jnetpcap.FlowGenerator    FlagFIN current has 30 flow
2022-06-28 06:44:16 DEBUG cic.cs.unb.ca.jnetpcap.FlowGenerator    FlagFIN current has 39 flow
2022-06-28 06:44:16 DEBUG cic.cs.unb.ca.jnetpcap.FlowGenerator    FlagFIN current has 39 flow
2022-06-28 06:44:16 DEBUG cic.cs.unb.ca.jnetpcap.FlowGenerator    FlagFIN current has 40 flow
2022-06-28 06:44:16 DEBUG cic.cs.unb.ca.jnetpcap.FlowGenerator    FlagFIN current has 40 flow
2022-06-28 06:44:16 DEBUG cic.cs.unb.ca.jnetpcap.FlowGenerator    FlagFIN current has 39 flow
2022-06-28 06:44:16 DEBUG cic.cs.unb.ca.jnetpcap.FlowGenerator    FlagFIN current has 39 flow
2022-06-28 06:44:31 DEBUG cic.cs.unb.ca.jnetpcap.FlowGenerator    FlagFIN current has 43 flow
2022-06-28 06:44:55 DEBUG cic.cs.unb.ca.jnetpcap.FlowGenerator    FlagFIN current has 46 flow
2022-06-28 06:44:55 DEBUG cic.cs.unb.ca.jnetpcap.FlowGenerator    FlagFIN current has 46 flow
2022-06-28 06:45:11 DEBUG cic.cs.unb.ca.jnetpcap.FlowGenerator    FlagFIN current has 51 flow
2022-06-28 06:45:11 DEBUG cic.cs.unb.ca.jnetpcap.FlowGenerator    FlagFIN current has 50 flow
2022-06-28 06:45:12 DEBUG cic.cs.unb.ca.jnetpcap.FlowGenerator    FlagFIN current has 52 flow
2022-06-28 06:45:12 DEBUG cic.cs.unb.ca.jnetpcap.FlowGenerator    FlagFIN current has 52 flow
2022-06-28 06:45:16 DEBUG cic.cs.unb.ca.jnetpcap.FlowGenerator    FlagFIN current has 55 flow
2022-06-28 06:45:16 DEBUG cic.cs.unb.ca.jnetpcap.FlowGenerator    FlagFIN current has 55 flow
2022-06-28 06:45:29 DEBUG cic.cs.unb.ca.jnetpcap.FlowGenerator    FlagFIN current has 56 flow
2022-06-28 06:45:32 DEBUG cic.cs.unb.ca.jnetpcap.FlowGenerator    FlagFIN current has 58 flow
2022-06-28 06:45:32 DEBUG cic.cs.unb.ca.jnetpcap.FlowGenerator    FlagFIN current has 58 flow
2022-06-28 06:45:44 DEBUG cic.cs.unb.ca.jnetpcap.FlowGenerator    FlagFIN current has 58 flow
2022-06-28 06:45:44 DEBUG cic.cs.unb.ca.jnetpcap.FlowGenerator    FlagFIN current has 58 flow
2022-06-28 06:45:44 DEBUG cic.cs.unb.ca.jnetpcap.FlowGenerator    FlagFIN current has 59 flow
2022-06-28 06:45:44 DEBUG cic.cs.unb.ca.jnetpcap.FlowGenerator    FlagFIN current has 59 flow
2022-06-28 06:45:44 DEBUG cic.cs.unb.ca.jnetpcap.FlowGenerator    FlagFIN current has 59 flow
2022-06-28 06:45:44 DEBUG cic.cs.unb.ca.jnetpcap.FlowGenerator    FlagFIN current has 59 flow
2022-06-28 06:46:01 DEBUG cic.cs.unb.ca.jnetpcap.FlowGenerator    FlagFIN current has 60 flow
2022-06-28 06:46:01 DEBUG cic.cs.unb.ca.jnetpcap.FlowGenerator    FlagFIN current has 60 flow
2022-06-28 06:46:31 DEBUG cic.cs.unb.ca.jnetpcap.FlowGenerator    FlagFIN current has 63 flow
2022-06-28 06:46:31 DEBUG cic.cs.unb.ca.jnetpcap.FlowGenerator    FlagFIN current has 62 flow
2022-06-28 06:46:31 DEBUG cic.cs.unb.ca.jnetpcap.FlowGenerator    FlagFIN current has 62 flow
2022-06-28 06:46:31 DEBUG cic.cs.unb.ca.jnetpcap.FlowGenerator    FlagFIN current has 62 flow
2022-06-28 06:46:31 DEBUG cic.cs.unb.ca.jnetpcap.FlowGenerator    FlagFIN current has 62 flow
2022-06-28 06:46:31 DEBUG cic.cs.unb.ca.jnetpcap.FlowGenerator    FlagFIN current has 64 flow
2022-06-28 06:46:38 DEBUG cic.cs.unb.ca.jnetpcap.FlowGenerator    FlagFIN current has 68 flow
2022-06-28 06:46:38 DEBUG cic.cs.unb.ca.jnetpcap.FlowGenerator    FlagFIN current has 68 flow
2022-06-28 06:46:58 DEBUG cic.cs.unb.ca.jnetpcap.FlowGenerator    FlagFIN current has 68 flow
2022-06-28 06:46:58 DEBUG cic.cs.unb.ca.jnetpcap.FlowGenerator    FlagFIN current has 68 flow
2022-06-28 06:46:58 DEBUG cic.cs.unb.ca.jnetpcap.FlowGenerator    FlagFIN current has 68 flow
2022-06-28 06:46:58 DEBUG cic.cs.unb.ca.jnetpcap.FlowGenerator    FlagFIN current has 68 flow
2022-06-28 06:47:24 DEBUG cic.cs.unb.ca.jnetpcap.FlowGenerator    FlagFIN current has 76 flow
2022-06-28 06:47:42 DEBUG cic.cs.unb.ca.jnetpcap.FlowGenerator    FlagFIN current has 77 flow
2022-06-28 06:47:42 DEBUG cic.cs.unb.ca.jnetpcap.FlowGenerator    FlagFIN current has 77 flow
2022-06-28 06:47:42 DEBUG cic.cs.unb.ca.jnetpcap.FlowGenerator    FlagFIN current has 77 flow
2022-06-28 06:47:42 DEBUG cic.cs.unb.ca.jnetpcap.FlowGenerator    FlagFIN current has 78 flow
2022-06-28 06:48:37 DEBUG cic.cs.unb.ca.jnetpcap.FlowGenerator    FlagFIN current has 79 flow
2022-06-28 06:48:37 DEBUG cic.cs.unb.ca.jnetpcap.FlowGenerator    FlagFIN current has 79 flow
2022-06-28 06:48:37 DEBUG cic.cs.unb.ca.jnetpcap.FlowGenerator    FlagFIN current has 80 flow
2022-06-28 06:48:37 DEBUG cic.cs.unb.ca.jnetpcap.FlowGenerator    FlagFIN current has 80 flow
2022-06-28 06:51:44 DEBUG cic.cs.unb.ca.jnetpcap.FlowGenerator    FlagFIN current has 98 flow
2022-06-28 06:51:44 DEBUG cic.cs.unb.ca.jnetpcap.FlowGenerator    FlagFIN current has 98 flow
2022-06-28 06:51:52 DEBUG cic.cs.unb.ca.jnetpcap.FlowGenerator    FlagFIN current has 100 flow
2022-06-28 06:51:52 DEBUG cic.cs.unb.ca.jnetpcap.FlowGenerator    FlagFIN current has 100 flow
2022-06-28 06:52:02 DEBUG cic.cs.unb.ca.jnetpcap.FlowGenerator    FlagFIN current has 103 flow
2022-06-28 06:52:05 DEBUG cic.cs.unb.ca.jnetpcap.FlowGenerator    FlagFIN current has 106 flow
2022-06-28 06:52:37 DEBUG cic.cs.unb.ca.jnetpcap.FlowGenerator    FlagFIN current has 116 flow
2022-06-28 06:52:37 DEBUG cic.cs.unb.ca.jnetpcap.FlowGenerator    FlagFIN current has 116 flow
2022-06-28 06:53:14 DEBUG cic.cs.unb.ca.jnetpcap.FlowGenerator    FlagFIN current has 118 flow
2022-06-28 06:53:14 DEBUG cic.cs.unb.ca.jnetpcap.FlowGenerator    FlagFIN current has 118 flow
2022-06-28 06:53:14 DEBUG cic.cs.unb.ca.jnetpcap.FlowGenerator    FlagFIN current has 118 flow
2022-06-28 06:53:14 DEBUG cic.cs.unb.ca.jnetpcap.FlowGenerator    FlagFIN current has 118 flow
2022-06-28 06:53:14 DEBUG cic.cs.unb.ca.jnetpcap.FlowGenerator    FlagFIN current has 119 flow
2022-06-28 06:53:14 DEBUG cic.cs.unb.ca.jnetpcap.FlowGenerator    FlagFIN current has 119 flow
2022-06-28 06:53:44 DEBUG cic.cs.unb.ca.jnetpcap.FlowGenerator    FlagFIN current has 123 flow
2022-06-28 06:53:44 DEBUG cic.cs.unb.ca.jnetpcap.FlowGenerator    FlagFIN current has 123 flow
2022-06-28 06:53:44 DEBUG cic.cs.unb.ca.jnetpcap.FlowGenerator    FlagFIN current has 124 flow
2022-06-28 06:53:44 DEBUG cic.cs.unb.ca.jnetpcap.FlowGenerator    FlagFIN current has 124 flow
2022-06-28 06:53:44 DEBUG cic.cs.unb.ca.jnetpcap.FlowGenerator    FlagFIN current has 125 flow
2022-06-28 06:53:52 DEBUG cic.cs.unb.ca.jnetpcap.FlowGenerator    FlagFIN current has 125 flow
2022-06-28 06:53:52 DEBUG cic.cs.unb.ca.jnetpcap.FlowGenerator    FlagFIN current has 125 flow
2022-06-28 06:53:52 DEBUG cic.cs.unb.ca.jnetpcap.FlowGenerator    FlagFIN current has 125 flow
2022-06-28 06:53:52 DEBUG cic.cs.unb.ca.jnetpcap.FlowGenerator    FlagFIN current has 125 flow
2022-06-28 06:53:52 DEBUG cic.cs.unb.ca.jnetpcap.FlowGenerator    FlagFIN current has 127 flow
2022-06-28 06:53:53 DEBUG cic.cs.unb.ca.jnetpcap.FlowGenerator    FlagFIN current has 127 flow
2022-06-28 06:53:53 DEBUG cic.cs.unb.ca.jnetpcap.FlowGenerator    FlagFIN current has 128 flow
2022-06-28 06:53:53 DEBUG cic.cs.unb.ca.jnetpcap.FlowGenerator    FlagFIN current has 128 flow
2022-06-28 06:54:11 DEBUG cic.cs.unb.ca.jnetpcap.FlowGenerator    FlagFIN current has 129 flow
2022-06-28 06:54:11 DEBUG cic.cs.unb.ca.jnetpcap.FlowGenerator    FlagFIN current has 129 flow
2022-06-28 06:54:22 DEBUG cic.cs.unb.ca.jnetpcap.FlowGenerator    FlagFIN current has 132 flow
2022-06-28 06:54:22 DEBUG cic.cs.unb.ca.jnetpcap.FlowGenerator    FlagFIN current has 132 flow
2022-06-28 06:54:22 DEBUG cic.cs.unb.ca.jnetpcap.FlowGenerator    FlagFIN current has 132 flow
2022-06-28 06:54:22 DEBUG cic.cs.unb.ca.jnetpcap.FlowGenerator    FlagFIN current has 131 flow
2022-06-28 06:54:22 DEBUG cic.cs.unb.ca.jnetpcap.FlowGenerator    FlagFIN current has 132 flow
2022-06-28 06:55:14 DEBUG cic.cs.unb.ca.jnetpcap.FlowGenerator    FlagFIN current has 138 flow
2022-06-28 06:55:14 DEBUG cic.cs.unb.ca.jnetpcap.FlowGenerator    FlagFIN current has 138 flow
2022-06-28 06:55:14 DEBUG cic.cs.unb.ca.jnetpcap.FlowGenerator    FlagFIN current has 138 flow
2022-06-28 06:55:15 DEBUG cic.cs.unb.ca.jnetpcap.FlowGenerator    FlagFIN current has 138 flow
2022-06-28 06:55:45 DEBUG cic.cs.unb.ca.jnetpcap.FlowGenerator    FlagFIN current has 139 flow
2022-06-28 06:55:45 DEBUG cic.cs.unb.ca.jnetpcap.FlowGenerator    FlagFIN current has 139 flow
2022-06-28 06:56:15 DEBUG cic.cs.unb.ca.jnetpcap.FlowGenerator    FlagFIN current has 139 flow
2022-06-28 06:56:15 DEBUG cic.cs.unb.ca.jnetpcap.FlowGenerator    FlagFIN current has 139 flow
2022-06-28 06:56:15 DEBUG cic.cs.unb.ca.jnetpcap.FlowGenerator    FlagFIN current has 139 flow
2022-06-28 06:56:15 DEBUG cic.cs.unb.ca.jnetpcap.FlowGenerator    FlagFIN current has 139 flow
2022-06-28 06:56:20 DEBUG cic.cs.unb.ca.jnetpcap.FlowGenerator    FlagFIN current has 139 flow
2022-06-28 06:56:34 DEBUG cic.cs.unb.ca.jnetpcap.FlowGenerator    FlagFIN current has 143 flow
2022-06-28 06:56:34 DEBUG cic.cs.unb.ca.jnetpcap.FlowGenerator    FlagFIN current has 143 flow
2022-06-28 06:56:34 DEBUG cic.cs.unb.ca.jnetpcap.FlowGenerator    FlagFIN current has 143 flow
2022-06-28 06:56:34 DEBUG cic.cs.unb.ca.jnetpcap.FlowGenerator    FlagFIN current has 143 flow
2022-06-28 06:56:34 DEBUG cic.cs.unb.ca.jnetpcap.FlowGenerator    FlagFIN current has 144 flow
2022-06-28 06:56:34 DEBUG cic.cs.unb.ca.jnetpcap.FlowGenerator    FlagFIN current has 144 flow
2022-06-28 06:56:34 DEBUG cic.cs.unb.ca.jnetpcap.FlowGenerator    FlagFIN current has 144 flow
2022-06-28 06:56:34 DEBUG cic.cs.unb.ca.jnetpcap.FlowGenerator    FlagFIN current has 144 flow
2022-06-28 06:56:37 DEBUG cic.cs.unb.ca.jnetpcap.FlowGenerator    Timeout current has 150 flow
2022-06-28 06:56:37 DEBUG cic.cs.unb.ca.jnetpcap.FlowGenerator    Timeout current has 150 flow
2022-06-28 06:56:37 DEBUG cic.cs.unb.ca.jnetpcap.FlowGenerator    FlagFIN current has 150 flow
2022-06-28 06:56:37 DEBUG cic.cs.unb.ca.jnetpcap.FlowGenerator    FlagFIN current has 150 flow
2022-06-28 06:56:59 DEBUG cic.cs.unb.ca.jnetpcap.FlowGenerator    FlagFIN current has 150 flow
2022-06-28 06:56:59 DEBUG cic.cs.unb.ca.jnetpcap.FlowGenerator    FlagFIN current has 150 flow
2022-06-28 06:56:59 DEBUG cic.cs.unb.ca.jnetpcap.FlowGenerator    FlagFIN current has 150 flow
2022-06-28 06:56:59 DEBUG cic.cs.unb.ca.jnetpcap.FlowGenerator    FlagFIN current has 150 flow
2022-06-28 06:56:59 DEBUG cic.cs.unb.ca.jnetpcap.FlowGenerator    FlagFIN current has 150 flow
2022-06-28 06:56:59 DEBUG cic.cs.unb.ca.jnetpcap.FlowGenerator    FlagFIN current has 150 flow
2022-06-28 06:57:45 DEBUG cic.cs.unb.ca.jnetpcap.FlowGenerator    FlagFIN current has 155 flow
2022-06-28 06:57:45 DEBUG cic.cs.unb.ca.jnetpcap.FlowGenerator    FlagFIN current has 155 flow
2022-06-28 06:57:45 DEBUG cic.cs.unb.ca.jnetpcap.FlowGenerator    FlagFIN current has 155 flow
2022-06-28 06:57:45 DEBUG cic.cs.unb.ca.jnetpcap.FlowGenerator    FlagFIN current has 155 flow
2022-06-28 06:57:45 DEBUG cic.cs.unb.ca.jnetpcap.FlowGenerator    FlagFIN current has 155 flow
2022-06-28 06:57:45 DEBUG cic.cs.unb.ca.jnetpcap.FlowGenerator    FlagFIN current has 155 flow
2022-06-28 06:58:15 DEBUG cic.cs.unb.ca.jnetpcap.FlowGenerator    FlagFIN current has 157 flow
2022-06-28 06:58:15 DEBUG cic.cs.unb.ca.jnetpcap.FlowGenerator    FlagFIN current has 157 flow
2022-06-28 06:58:15 DEBUG cic.cs.unb.ca.jnetpcap.FlowGenerator    FlagFIN current has 157 flow
2022-06-28 06:58:15 DEBUG cic.cs.unb.ca.jnetpcap.FlowGenerator    FlagFIN current has 157 flow
2022-06-28 06:58:23 DEBUG cic.cs.unb.ca.jnetpcap.FlowGenerator    FlagFIN current has 160 flow
2022-06-28 06:58:23 DEBUG cic.cs.unb.ca.jnetpcap.FlowGenerator    FlagFIN current has 160 flow
2022-06-28 06:58:23 DEBUG cic.cs.unb.ca.jnetpcap.FlowGenerator    FlagFIN current has 160 flow
2022-06-28 06:58:23 DEBUG cic.cs.unb.ca.jnetpcap.FlowGenerator    FlagFIN current has 160 flow
2022-06-28 06:58:40 DEBUG cic.cs.unb.ca.jnetpcap.FlowGenerator    FlagFIN current has 162 flow
2022-06-28 06:58:40 DEBUG cic.cs.unb.ca.jnetpcap.FlowGenerator    FlagFIN current has 162 flow
2022-06-28 06:59:45 DEBUG cic.cs.unb.ca.jnetpcap.FlowGenerator    FlagFIN current has 176 flow
2022-06-28 06:59:45 DEBUG cic.cs.unb.ca.jnetpcap.FlowGenerator    FlagFIN current has 176 flow
2022-06-28 07:00:11 DEBUG cic.cs.unb.ca.jnetpcap.FlowGenerator    FlagFIN current has 176 flow
2022-06-28 07:00:11 DEBUG cic.cs.unb.ca.jnetpcap.FlowGenerator    FlagFIN current has 176 flow
2022-06-28 07:00:11 DEBUG cic.cs.unb.ca.jnetpcap.FlowGenerator    FlagFIN current has 176 flow
2022-06-28 07:00:11 DEBUG cic.cs.unb.ca.jnetpcap.FlowGenerator    FlagFIN current has 176 flow
2022-06-28 07:00:12 DEBUG cic.cs.unb.ca.jnetpcap.FlowGenerator    FlagFIN current has 180 flow
2022-06-28 07:00:12 DEBUG cic.cs.unb.ca.jnetpcap.FlowGenerator    FlagFIN current has 180 flow
2022-06-28 07:00:18 DEBUG cic.cs.unb.ca.jnetpcap.FlowGenerator    FlagFIN current has 180 flow
2022-06-28 07:00:18 DEBUG cic.cs.unb.ca.jnetpcap.FlowGenerator    FlagFIN current has 180 flow
2022-06-28 07:00:18 DEBUG cic.cs.unb.ca.jnetpcap.FlowGenerator    FlagFIN current has 180 flow
2022-06-28 07:00:18 DEBUG cic.cs.unb.ca.jnetpcap.FlowGenerator    FlagFIN current has 180 flow
2022-06-28 07:00:37 DEBUG cic.cs.unb.ca.jnetpcap.FlowGenerator    FlagFIN current has 181 flow
2022-06-28 07:00:37 DEBUG cic.cs.unb.ca.jnetpcap.FlowGenerator    FlagFIN current has 181 flow
2022-06-28 07:00:37 DEBUG cic.cs.unb.ca.jnetpcap.FlowGenerator    FlagFIN current has 182 flow
2022-06-28 07:00:37 DEBUG cic.cs.unb.ca.jnetpcap.FlowGenerator    FlagFIN current has 182 flow
2022-06-28 07:00:43 INFO  cic.cs.unb.ca.flow.ui.FlowMonitorPane    Pcap stop listening
2022-06-28 07:00:43 INFO  cic.cs.unb.ca.flow.ui.FlowMonitorPane    path:C:\Users\kiran\Desktop\Nokia\CICIDS\CICFlowMeter\bin\data\daily\2022-06-28_Flow.csv
2022-06-28 07:00:45 DEBUG cic.cs.unb.ca.jnetpcap.worker.TrafficFlowWorker    break Packet loop
2022-06-28 13:42:50 INFO  cic.cs.unb.ca.jnetpcap.worker.TrafficFlowWorker    Pcap is listening...
2022-06-28 13:43:13 INFO  cic.cs.unb.ca.flow.ui.FlowMonitorPane    Pcap stop listening
2022-06-28 13:43:13 INFO  cic.cs.unb.ca.flow.ui.FlowMonitorPane    path:C:\Users\kiran\Desktop\Nokia\CICIDS\CICFlowMeter\bin\data\daily\2022-06-28_Flow.csv
2022-06-28 13:43:27 INFO  cic.cs.unb.ca.jnetpcap.worker.TrafficFlowWorker    Pcap is listening...
2022-06-28 13:43:36 DEBUG cic.cs.unb.ca.jnetpcap.FlowGenerator    FlagFIN current has 25 flow
2022-06-28 13:43:36 DEBUG cic.cs.unb.ca.jnetpcap.FlowGenerator    FlagFIN current has 25 flow
2022-06-28 13:44:03 DEBUG cic.cs.unb.ca.jnetpcap.FlowGenerator    FlagFIN current has 54 flow
2022-06-28 13:44:03 DEBUG cic.cs.unb.ca.jnetpcap.FlowGenerator    FlagFIN current has 54 flow
2022-06-28 13:44:07 DEBUG cic.cs.unb.ca.jnetpcap.FlowGenerator    FlagFIN current has 56 flow
2022-06-28 13:44:07 DEBUG cic.cs.unb.ca.jnetpcap.FlowGenerator    FlagFIN current has 56 flow
2022-06-28 13:44:07 DEBUG cic.cs.unb.ca.jnetpcap.FlowGenerator    FlagFIN current has 57 flow
2022-06-28 13:44:07 DEBUG cic.cs.unb.ca.jnetpcap.FlowGenerator    FlagFIN current has 57 flow
2022-06-28 13:44:09 DEBUG cic.cs.unb.ca.jnetpcap.FlowGenerator    FlagFIN current has 59 flow
2022-06-28 13:44:09 DEBUG cic.cs.unb.ca.jnetpcap.FlowGenerator    FlagFIN current has 59 flow
2022-06-28 13:44:10 DEBUG cic.cs.unb.ca.jnetpcap.FlowGenerator    FlagFIN current has 60 flow
2022-06-28 13:44:10 DEBUG cic.cs.unb.ca.jnetpcap.FlowGenerator    FlagFIN current has 60 flow
2022-06-28 13:44:13 DEBUG cic.cs.unb.ca.jnetpcap.FlowGenerator    FlagFIN current has 63 flow
2022-06-28 13:44:13 DEBUG cic.cs.unb.ca.jnetpcap.FlowGenerator    FlagFIN current has 63 flow
2022-06-28 13:44:14 DEBUG cic.cs.unb.ca.jnetpcap.FlowGenerator    FlagFIN current has 67 flow
2022-06-28 13:44:14 DEBUG cic.cs.unb.ca.jnetpcap.FlowGenerator    FlagFIN current has 67 flow
2022-06-28 13:44:24 DEBUG cic.cs.unb.ca.jnetpcap.FlowGenerator    FlagFIN current has 80 flow
2022-06-28 13:44:35 DEBUG cic.cs.unb.ca.jnetpcap.FlowGenerator    FlagFIN current has 107 flow
2022-06-28 13:44:39 DEBUG cic.cs.unb.ca.jnetpcap.FlowGenerator    FlagFIN current has 109 flow
2022-06-28 13:44:40 DEBUG cic.cs.unb.ca.jnetpcap.FlowGenerator    FlagFIN current has 110 flow
2022-06-28 13:44:40 DEBUG cic.cs.unb.ca.jnetpcap.FlowGenerator    FlagFIN current has 110 flow
2022-06-28 13:44:40 DEBUG cic.cs.unb.ca.jnetpcap.FlowGenerator    FlagFIN current has 113 flow
2022-06-28 13:44:40 DEBUG cic.cs.unb.ca.jnetpcap.FlowGenerator    FlagFIN current has 113 flow
2022-06-28 13:45:19 DEBUG cic.cs.unb.ca.jnetpcap.FlowGenerator    FlagFIN current has 139 flow
2022-06-28 13:45:19 DEBUG cic.cs.unb.ca.jnetpcap.FlowGenerator    FlagFIN current has 139 flow
2022-06-28 13:46:19 DEBUG cic.cs.unb.ca.jnetpcap.FlowGenerator    FlagFIN current has 172 flow
2022-06-28 13:46:19 DEBUG cic.cs.unb.ca.jnetpcap.FlowGenerator    FlagFIN current has 172 flow
2022-06-28 13:46:19 DEBUG cic.cs.unb.ca.jnetpcap.FlowGenerator    FlagFIN current has 172 flow
2022-06-28 13:46:19 DEBUG cic.cs.unb.ca.jnetpcap.FlowGenerator    FlagFIN current has 172 flow
2022-06-28 13:46:19 DEBUG cic.cs.unb.ca.jnetpcap.FlowGenerator    FlagFIN current has 172 flow
2022-06-28 13:46:24 DEBUG cic.cs.unb.ca.jnetpcap.FlowGenerator    FlagFIN current has 175 flow
2022-06-28 13:46:24 DEBUG cic.cs.unb.ca.jnetpcap.FlowGenerator    FlagFIN current has 175 flow
2022-06-28 13:46:34 DEBUG cic.cs.unb.ca.jnetpcap.FlowGenerator    FlagFIN current has 192 flow
2022-06-28 13:46:34 DEBUG cic.cs.unb.ca.jnetpcap.FlowGenerator    FlagFIN current has 191 flow
2022-06-28 13:46:34 DEBUG cic.cs.unb.ca.jnetpcap.FlowGenerator    FlagFIN current has 190 flow
2022-06-28 13:46:34 DEBUG cic.cs.unb.ca.jnetpcap.FlowGenerator    FlagFIN current has 189 flow
2022-06-28 13:46:34 DEBUG cic.cs.unb.ca.jnetpcap.FlowGenerator    FlagFIN current has 188 flow
2022-06-28 13:46:34 DEBUG cic.cs.unb.ca.jnetpcap.FlowGenerator    FlagFIN current has 190 flow
2022-06-28 13:46:34 DEBUG cic.cs.unb.ca.jnetpcap.FlowGenerator    FlagFIN current has 192 flow
2022-06-28 13:46:34 DEBUG cic.cs.unb.ca.jnetpcap.FlowGenerator    FlagFIN current has 195 flow
2022-06-28 13:46:35 DEBUG cic.cs.unb.ca.jnetpcap.FlowGenerator    FlagFIN current has 196 flow
2022-06-28 13:46:44 DEBUG cic.cs.unb.ca.jnetpcap.FlowGenerator    Timeout current has 200 flow
2022-06-28 13:46:49 INFO  cic.cs.unb.ca.flow.ui.FlowMonitorPane    Pcap stop listening
2022-06-28 13:46:49 INFO  cic.cs.unb.ca.flow.ui.FlowMonitorPane    path:C:\Users\kiran\Desktop\Nokia\CICIDS\CICFlowMeter\bin\data\daily\2022-06-28_Flow.csv
2022-06-28 13:46:49 DEBUG cic.cs.unb.ca.jnetpcap.worker.TrafficFlowWorker    break Packet loop
2022-06-28 15:21:23 INFO  cic.cs.unb.ca.jnetpcap.worker.TrafficFlowWorker    Pcap is listening...
2022-06-28 15:21:42 INFO  cic.cs.unb.ca.flow.ui.FlowMonitorPane    Pcap stop listening
2022-06-28 15:21:42 INFO  cic.cs.unb.ca.flow.ui.FlowMonitorPane    path:C:\Users\kiran\Desktop\Nokia\CICIDS\CICFlowMeter\bin\data\daily\2022-06-28_Flow.csv
2022-06-28 15:22:37 INFO  cic.cs.unb.ca.jnetpcap.worker.TrafficFlowWorker    Pcap is listening...
2022-06-28 15:23:07 INFO  cic.cs.unb.ca.flow.ui.FlowMonitorPane    Pcap stop listening
2022-06-28 15:23:07 INFO  cic.cs.unb.ca.flow.ui.FlowMonitorPane    path:C:\Users\kiran\Desktop\Nokia\CICIDS\CICFlowMeter\bin\data\daily\2022-06-28_Flow.csv
2022-06-28 15:23:37 INFO  cic.cs.unb.ca.jnetpcap.worker.TrafficFlowWorker    Pcap is listening...
2022-06-28 15:23:49 DEBUG cic.cs.unb.ca.jnetpcap.FlowGenerator    FlagFIN current has 8 flow
2022-06-28 15:23:49 DEBUG cic.cs.unb.ca.jnetpcap.FlowGenerator    FlagFIN current has 9 flow
2022-06-28 15:23:49 DEBUG cic.cs.unb.ca.jnetpcap.FlowGenerator    FlagFIN current has 9 flow
2022-06-28 15:23:49 DEBUG cic.cs.unb.ca.jnetpcap.FlowGenerator    FlagFIN current has 11 flow
2022-06-28 15:23:49 DEBUG cic.cs.unb.ca.jnetpcap.FlowGenerator    FlagFIN current has 11 flow
2022-06-28 15:23:51 DEBUG cic.cs.unb.ca.jnetpcap.FlowGenerator    FlagFIN current has 41 flow
2022-06-28 15:23:51 DEBUG cic.cs.unb.ca.jnetpcap.FlowGenerator    FlagFIN current has 40 flow
2022-06-28 15:23:51 DEBUG cic.cs.unb.ca.jnetpcap.FlowGenerator    FlagFIN current has 39 flow
2022-06-28 15:23:51 DEBUG cic.cs.unb.ca.jnetpcap.FlowGenerator    FlagFIN current has 38 flow
2022-06-28 15:23:51 DEBUG cic.cs.unb.ca.jnetpcap.FlowGenerator    FlagFIN current has 37 flow
2022-06-28 15:23:51 DEBUG cic.cs.unb.ca.jnetpcap.FlowGenerator    FlagFIN current has 36 flow
2022-06-28 15:23:51 DEBUG cic.cs.unb.ca.jnetpcap.FlowGenerator    FlagFIN current has 38 flow
2022-06-28 15:23:51 DEBUG cic.cs.unb.ca.jnetpcap.FlowGenerator    FlagFIN current has 37 flow
2022-06-28 15:23:51 DEBUG cic.cs.unb.ca.jnetpcap.FlowGenerator    FlagFIN current has 36 flow
2022-06-28 15:23:51 DEBUG cic.cs.unb.ca.jnetpcap.FlowGenerator    FlagFIN current has 39 flow
2022-06-28 15:23:51 DEBUG cic.cs.unb.ca.jnetpcap.FlowGenerator    FlagFIN current has 38 flow
2022-06-28 15:23:51 DEBUG cic.cs.unb.ca.jnetpcap.FlowGenerator    FlagFIN current has 38 flow
2022-06-28 15:23:53 DEBUG cic.cs.unb.ca.jnetpcap.FlowGenerator    FlagFIN current has 44 flow
2022-06-28 15:23:53 DEBUG cic.cs.unb.ca.jnetpcap.FlowGenerator    FlagFIN current has 45 flow
2022-06-28 15:24:00 DEBUG cic.cs.unb.ca.jnetpcap.FlowGenerator    FlagFIN current has 46 flow
2022-06-28 15:24:00 DEBUG cic.cs.unb.ca.jnetpcap.FlowGenerator    FlagFIN current has 45 flow
2022-06-28 15:24:00 DEBUG cic.cs.unb.ca.jnetpcap.FlowGenerator    FlagFIN current has 44 flow
2022-06-28 15:24:00 DEBUG cic.cs.unb.ca.jnetpcap.FlowGenerator    FlagFIN current has 43 flow
2022-06-28 15:24:00 DEBUG cic.cs.unb.ca.jnetpcap.FlowGenerator    FlagFIN current has 42 flow
2022-06-28 15:24:00 DEBUG cic.cs.unb.ca.jnetpcap.FlowGenerator    FlagFIN current has 41 flow
2022-06-28 15:24:00 DEBUG cic.cs.unb.ca.jnetpcap.FlowGenerator    FlagFIN current has 40 flow
2022-06-28 15:24:00 DEBUG cic.cs.unb.ca.jnetpcap.FlowGenerator    FlagFIN current has 39 flow
2022-06-28 15:24:00 DEBUG cic.cs.unb.ca.jnetpcap.FlowGenerator    FlagFIN current has 38 flow
2022-06-28 15:24:00 DEBUG cic.cs.unb.ca.jnetpcap.FlowGenerator    FlagFIN current has 37 flow
2022-06-28 15:24:11 DEBUG cic.cs.unb.ca.jnetpcap.FlowGenerator    FlagFIN current has 61 flow
2022-06-28 15:24:32 DEBUG cic.cs.unb.ca.jnetpcap.FlowGenerator    FlagFIN current has 81 flow
2022-06-28 15:24:32 DEBUG cic.cs.unb.ca.jnetpcap.FlowGenerator    FlagFIN current has 80 flow
2022-06-28 15:24:32 DEBUG cic.cs.unb.ca.jnetpcap.FlowGenerator    FlagFIN current has 79 flow
2022-06-28 15:24:32 DEBUG cic.cs.unb.ca.jnetpcap.FlowGenerator    FlagFIN current has 78 flow
2022-06-28 15:24:32 DEBUG cic.cs.unb.ca.jnetpcap.FlowGenerator    FlagFIN current has 77 flow
2022-06-28 15:24:32 DEBUG cic.cs.unb.ca.jnetpcap.FlowGenerator    FlagFIN current has 76 flow
2022-06-28 15:24:32 DEBUG cic.cs.unb.ca.jnetpcap.FlowGenerator    FlagFIN current has 75 flow
2022-06-28 15:24:32 DEBUG cic.cs.unb.ca.jnetpcap.FlowGenerator    FlagFIN current has 74 flow
2022-06-28 15:24:32 DEBUG cic.cs.unb.ca.jnetpcap.FlowGenerator    FlagFIN current has 81 flow
2022-06-28 15:24:32 DEBUG cic.cs.unb.ca.jnetpcap.FlowGenerator    FlagFIN current has 81 flow
2022-06-28 15:24:32 DEBUG cic.cs.unb.ca.jnetpcap.FlowGenerator    FlagFIN current has 81 flow
2022-06-28 15:24:32 DEBUG cic.cs.unb.ca.jnetpcap.FlowGenerator    FlagFIN current has 80 flow
2022-06-28 15:24:32 DEBUG cic.cs.unb.ca.jnetpcap.FlowGenerator    FlagFIN current has 79 flow
2022-06-28 15:24:32 DEBUG cic.cs.unb.ca.jnetpcap.FlowGenerator    FlagFIN current has 78 flow
2022-06-28 15:24:32 DEBUG cic.cs.unb.ca.jnetpcap.FlowGenerator    FlagFIN current has 77 flow
2022-06-28 15:24:32 DEBUG cic.cs.unb.ca.jnetpcap.FlowGenerator    FlagFIN current has 79 flow
2022-06-28 15:24:53 DEBUG cic.cs.unb.ca.jnetpcap.FlowGenerator    FlagFIN current has 92 flow
2022-06-28 15:24:53 DEBUG cic.cs.unb.ca.jnetpcap.FlowGenerator    FlagFIN current has 92 flow
2022-06-28 15:24:58 DEBUG cic.cs.unb.ca.jnetpcap.FlowGenerator    FlagFIN current has 95 flow
2022-06-28 15:25:08 DEBUG cic.cs.unb.ca.jnetpcap.FlowGenerator    FlagFIN current has 114 flow
2022-06-28 15:25:30 DEBUG cic.cs.unb.ca.jnetpcap.FlowGenerator    FlagFIN current has 120 flow
2022-06-28 15:25:30 DEBUG cic.cs.unb.ca.jnetpcap.FlowGenerator    FlagFIN current has 122 flow
2022-06-28 15:25:30 DEBUG cic.cs.unb.ca.jnetpcap.FlowGenerator    FlagFIN current has 121 flow
2022-06-28 15:25:30 DEBUG cic.cs.unb.ca.jnetpcap.FlowGenerator    FlagFIN current has 120 flow
2022-06-28 15:25:30 DEBUG cic.cs.unb.ca.jnetpcap.FlowGenerator    FlagFIN current has 119 flow
2022-06-28 15:25:30 DEBUG cic.cs.unb.ca.jnetpcap.FlowGenerator    FlagFIN current has 118 flow
2022-06-28 15:25:30 DEBUG cic.cs.unb.ca.jnetpcap.FlowGenerator    FlagFIN current has 117 flow
2022-06-28 15:25:30 DEBUG cic.cs.unb.ca.jnetpcap.FlowGenerator    FlagFIN current has 116 flow
2022-06-28 15:25:40 DEBUG cic.cs.unb.ca.jnetpcap.FlowGenerator    FlagFIN current has 133 flow
2022-06-28 15:25:40 DEBUG cic.cs.unb.ca.jnetpcap.FlowGenerator    FlagFIN current has 132 flow
2022-06-28 15:25:40 DEBUG cic.cs.unb.ca.jnetpcap.FlowGenerator    FlagFIN current has 134 flow
2022-06-28 15:25:56 DEBUG cic.cs.unb.ca.jnetpcap.FlowGenerator    FlagFIN current has 148 flow
2022-06-28 15:25:56 DEBUG cic.cs.unb.ca.jnetpcap.FlowGenerator    FlagFIN current has 147 flow
2022-06-28 15:25:56 DEBUG cic.cs.unb.ca.jnetpcap.FlowGenerator    FlagFIN current has 146 flow
2022-06-28 15:25:56 DEBUG cic.cs.unb.ca.jnetpcap.FlowGenerator    FlagFIN current has 145 flow
2022-06-28 15:25:56 DEBUG cic.cs.unb.ca.jnetpcap.FlowGenerator    FlagFIN current has 144 flow
2022-06-28 15:25:56 DEBUG cic.cs.unb.ca.jnetpcap.FlowGenerator    FlagFIN current has 143 flow
2022-06-28 15:25:56 DEBUG cic.cs.unb.ca.jnetpcap.FlowGenerator    FlagFIN current has 142 flow
2022-06-28 15:26:00 DEBUG cic.cs.unb.ca.jnetpcap.FlowGenerator    FlagFIN current has 153 flow
2022-06-28 15:26:00 DEBUG cic.cs.unb.ca.jnetpcap.FlowGenerator    FlagFIN current has 153 flow
2022-06-28 15:26:16 INFO  cic.cs.unb.ca.flow.ui.FlowMonitorPane    Pcap stop listening
2022-06-28 15:26:16 INFO  cic.cs.unb.ca.flow.ui.FlowMonitorPane    path:C:\Users\kiran\Desktop\Nokia\CICIDS\CICFlowMeter\bin\data\daily\2022-06-28_Flow.csv
2022-06-28 15:26:17 DEBUG cic.cs.unb.ca.jnetpcap.worker.TrafficFlowWorker    break Packet loop
