2022-06-29 15:20:21 INFO  cic.cs.unb.ca.jnetpcap.worker.TrafficFlowWorker    Pcap is listening...
2022-06-29 15:21:06 INFO  cic.cs.unb.ca.flow.ui.FlowMonitorPane    Pcap stop listening
2022-06-29 15:21:06 INFO  cic.cs.unb.ca.flow.ui.FlowMonitorPane    path:C:\Users\kiran\Desktop\Nokia\CICIDS\CICFlowMeter\bin\data\daily\2022-06-29_Flow.csv
2022-06-29 15:21:16 INFO  cic.cs.unb.ca.jnetpcap.worker.TrafficFlowWorker    Pcap is listening...
2022-06-29 15:21:24 DEBUG cic.cs.unb.ca.jnetpcap.FlowGenerator    FlagFIN current has 21 flow
2022-06-29 15:21:24 DEBUG cic.cs.unb.ca.jnetpcap.FlowGenerator    FlagFIN current has 20 flow
2022-06-29 15:21:24 DEBUG cic.cs.unb.ca.jnetpcap.FlowGenerator    FlagFIN current has 19 flow
2022-06-29 15:21:24 DEBUG cic.cs.unb.ca.jnetpcap.FlowGenerator    FlagFIN current has 18 flow
2022-06-29 15:21:24 DEBUG cic.cs.unb.ca.jnetpcap.FlowGenerator    FlagFIN current has 19 flow
2022-06-29 15:21:24 DEBUG cic.cs.unb.ca.jnetpcap.FlowGenerator    FlagFIN current has 18 flow
2022-06-29 15:21:24 DEBUG cic.cs.unb.ca.jnetpcap.FlowGenerator    FlagFIN current has 18 flow
2022-06-29 15:21:24 DEBUG cic.cs.unb.ca.jnetpcap.FlowGenerator    FlagFIN current has 18 flow
2022-06-29 15:21:39 DEBUG cic.cs.unb.ca.jnetpcap.FlowGenerator    FlagFIN current has 45 flow
2022-06-29 15:21:39 DEBUG cic.cs.unb.ca.jnetpcap.FlowGenerator    FlagFIN current has 45 flow
2022-06-29 15:21:51 DEBUG cic.cs.unb.ca.jnetpcap.FlowGenerator    FlagFIN current has 56 flow
2022-06-29 15:21:51 DEBUG cic.cs.unb.ca.jnetpcap.FlowGenerator    FlagFIN current has 56 flow
2022-06-29 15:21:55 DEBUG cic.cs.unb.ca.jnetpcap.FlowGenerator    FlagFIN current has 74 flow
2022-06-29 15:21:55 DEBUG cic.cs.unb.ca.jnetpcap.FlowGenerator    FlagFIN current has 73 flow
2022-06-29 15:21:55 DEBUG cic.cs.unb.ca.jnetpcap.FlowGenerator    FlagFIN current has 72 flow
2022-06-29 15:21:55 DEBUG cic.cs.unb.ca.jnetpcap.FlowGenerator    FlagFIN current has 71 flow
2022-06-29 15:21:55 DEBUG cic.cs.unb.ca.jnetpcap.FlowGenerator    FlagFIN current has 70 flow
2022-06-29 15:21:55 DEBUG cic.cs.unb.ca.jnetpcap.FlowGenerator    FlagFIN current has 69 flow
2022-06-29 15:21:55 DEBUG cic.cs.unb.ca.jnetpcap.FlowGenerator    FlagFIN current has 73 flow
2022-06-29 15:21:55 DEBUG cic.cs.unb.ca.jnetpcap.FlowGenerator    FlagFIN current has 72 flow
2022-06-29 15:21:55 DEBUG cic.cs.unb.ca.jnetpcap.FlowGenerator    FlagFIN current has 71 flow
2022-06-29 15:21:55 DEBUG cic.cs.unb.ca.jnetpcap.FlowGenerator    FlagFIN current has 70 flow
2022-06-29 15:21:55 DEBUG cic.cs.unb.ca.jnetpcap.FlowGenerator    FlagFIN current has 70 flow
2022-06-29 15:21:55 DEBUG cic.cs.unb.ca.jnetpcap.FlowGenerator    FlagFIN current has 69 flow
2022-06-29 15:22:05 DEBUG cic.cs.unb.ca.jnetpcap.FlowGenerator    FlagFIN current has 81 flow
2022-06-29 15:22:05 DEBUG cic.cs.unb.ca.jnetpcap.FlowGenerator    FlagFIN current has 80 flow
2022-06-29 15:22:05 DEBUG cic.cs.unb.ca.jnetpcap.FlowGenerator    FlagFIN current has 79 flow
2022-06-29 15:22:05 DEBUG cic.cs.unb.ca.jnetpcap.FlowGenerator    FlagFIN current has 78 flow
2022-06-29 15:22:05 DEBUG cic.cs.unb.ca.jnetpcap.FlowGenerator    FlagFIN current has 77 flow
2022-06-29 15:22:05 DEBUG cic.cs.unb.ca.jnetpcap.FlowGenerator    FlagFIN current has 76 flow
2022-06-29 15:22:05 DEBUG cic.cs.unb.ca.jnetpcap.FlowGenerator    FlagFIN current has 75 flow
2022-06-29 15:22:05 DEBUG cic.cs.unb.ca.jnetpcap.FlowGenerator    FlagFIN current has 74 flow
2022-06-29 15:22:05 DEBUG cic.cs.unb.ca.jnetpcap.FlowGenerator    FlagFIN current has 73 flow
2022-06-29 15:22:23 DEBUG cic.cs.unb.ca.jnetpcap.FlowGenerator    FlagFIN current has 89 flow
2022-06-29 15:22:25 DEBUG cic.cs.unb.ca.jnetpcap.FlowGenerator    FlagFIN current has 100 flow
2022-06-29 15:22:25 DEBUG cic.cs.unb.ca.jnetpcap.FlowGenerator    FlagFIN current has 99 flow
2022-06-29 15:22:25 DEBUG cic.cs.unb.ca.jnetpcap.FlowGenerator    FlagFIN current has 98 flow
2022-06-29 15:22:25 DEBUG cic.cs.unb.ca.jnetpcap.FlowGenerator    FlagFIN current has 97 flow
2022-06-29 15:22:25 DEBUG cic.cs.unb.ca.jnetpcap.FlowGenerator    FlagFIN current has 98 flow
2022-06-29 15:22:25 DEBUG cic.cs.unb.ca.jnetpcap.FlowGenerator    FlagFIN current has 98 flow
2022-06-29 15:22:25 DEBUG cic.cs.unb.ca.jnetpcap.FlowGenerator    FlagFIN current has 98 flow
2022-06-29 15:22:25 DEBUG cic.cs.unb.ca.jnetpcap.FlowGenerator    FlagFIN current has 98 flow
2022-06-29 15:22:31 DEBUG cic.cs.unb.ca.jnetpcap.FlowGenerator    FlagFIN current has 132 flow
2022-06-29 15:22:38 DEBUG cic.cs.unb.ca.jnetpcap.FlowGenerator    FlagFIN current has 144 flow
2022-06-29 15:22:38 DEBUG cic.cs.unb.ca.jnetpcap.FlowGenerator    FlagFIN current has 144 flow
2022-06-29 15:23:37 DEBUG cic.cs.unb.ca.jnetpcap.FlowGenerator    FlagFIN current has 170 flow
2022-06-29 15:23:37 DEBUG cic.cs.unb.ca.jnetpcap.FlowGenerator    FlagFIN current has 170 flow
2022-06-29 15:23:40 DEBUG cic.cs.unb.ca.jnetpcap.FlowGenerator    FlagFIN current has 174 flow
2022-06-29 15:23:40 DEBUG cic.cs.unb.ca.jnetpcap.FlowGenerator    FlagFIN current has 174 flow
2022-06-29 15:23:40 DEBUG cic.cs.unb.ca.jnetpcap.FlowGenerator    FlagFIN current has 173 flow
2022-06-29 15:23:40 DEBUG cic.cs.unb.ca.jnetpcap.FlowGenerator    FlagFIN current has 172 flow
2022-06-29 15:23:40 DEBUG cic.cs.unb.ca.jnetpcap.FlowGenerator    FlagFIN current has 171 flow
2022-06-29 15:23:40 DEBUG cic.cs.unb.ca.jnetpcap.FlowGenerator    FlagFIN current has 170 flow
2022-06-29 15:23:40 DEBUG cic.cs.unb.ca.jnetpcap.FlowGenerator    FlagFIN current has 169 flow
2022-06-29 15:23:40 DEBUG cic.cs.unb.ca.jnetpcap.FlowGenerator    FlagFIN current has 173 flow
2022-06-29 15:23:40 DEBUG cic.cs.unb.ca.jnetpcap.FlowGenerator    FlagFIN current has 176 flow
2022-06-29 15:24:47 DEBUG cic.cs.unb.ca.jnetpcap.FlowGenerator    FlagFIN current has 224 flow
2022-06-29 15:24:47 DEBUG cic.cs.unb.ca.jnetpcap.FlowGenerator    FlagFIN current has 223 flow
2022-06-29 15:24:47 DEBUG cic.cs.unb.ca.jnetpcap.FlowGenerator    FlagFIN current has 222 flow
2022-06-29 15:24:47 DEBUG cic.cs.unb.ca.jnetpcap.FlowGenerator    FlagFIN current has 221 flow
2022-06-29 15:24:47 DEBUG cic.cs.unb.ca.jnetpcap.FlowGenerator    FlagFIN current has 220 flow
2022-06-29 15:24:47 DEBUG cic.cs.unb.ca.jnetpcap.FlowGenerator    FlagFIN current has 219 flow
2022-06-29 15:24:47 DEBUG cic.cs.unb.ca.jnetpcap.FlowGenerator    FlagFIN current has 222 flow
2022-06-29 15:24:47 DEBUG cic.cs.unb.ca.jnetpcap.FlowGenerator    FlagFIN current has 223 flow
2022-06-29 15:24:47 DEBUG cic.cs.unb.ca.jnetpcap.FlowGenerator    FlagFIN current has 222 flow
2022-06-29 15:24:47 DEBUG cic.cs.unb.ca.jnetpcap.FlowGenerator    FlagFIN current has 222 flow
2022-06-29 15:24:57 DEBUG cic.cs.unb.ca.jnetpcap.FlowGenerator    FlagFIN current has 239 flow
2022-06-29 15:25:24 DEBUG cic.cs.unb.ca.jnetpcap.FlowGenerator    Timeout current has 250 flow
2022-06-29 15:25:24 DEBUG cic.cs.unb.ca.jnetpcap.FlowGenerator    Timeout current has 250 flow
2022-06-29 15:25:24 DEBUG cic.cs.unb.ca.jnetpcap.FlowGenerator    FlagFIN current has 251 flow
2022-06-29 15:25:24 DEBUG cic.cs.unb.ca.jnetpcap.FlowGenerator    FlagFIN current has 252 flow
2022-06-29 15:25:24 DEBUG cic.cs.unb.ca.jnetpcap.FlowGenerator    FlagFIN current has 252 flow
2022-06-29 15:25:25 DEBUG cic.cs.unb.ca.jnetpcap.FlowGenerator    FlagFIN current has 257 flow
2022-06-29 15:25:25 DEBUG cic.cs.unb.ca.jnetpcap.FlowGenerator    FlagFIN current has 257 flow
2022-06-29 15:25:29 DEBUG cic.cs.unb.ca.jnetpcap.FlowGenerator    FlagFIN current has 265 flow
2022-06-29 15:25:37 DEBUG cic.cs.unb.ca.jnetpcap.FlowGenerator    FlagFIN current has 275 flow
2022-06-29 15:25:37 DEBUG cic.cs.unb.ca.jnetpcap.FlowGenerator    FlagFIN current has 274 flow
2022-06-29 15:25:37 DEBUG cic.cs.unb.ca.jnetpcap.FlowGenerator    FlagFIN current has 273 flow
2022-06-29 15:25:37 DEBUG cic.cs.unb.ca.jnetpcap.FlowGenerator    FlagFIN current has 272 flow
2022-06-29 15:25:37 DEBUG cic.cs.unb.ca.jnetpcap.FlowGenerator    FlagFIN current has 271 flow
2022-06-29 15:25:37 DEBUG cic.cs.unb.ca.jnetpcap.FlowGenerator    FlagFIN current has 272 flow
2022-06-29 15:25:37 DEBUG cic.cs.unb.ca.jnetpcap.FlowGenerator    FlagFIN current has 275 flow
2022-06-29 15:25:37 DEBUG cic.cs.unb.ca.jnetpcap.FlowGenerator    FlagFIN current has 274 flow
2022-06-29 15:25:37 DEBUG cic.cs.unb.ca.jnetpcap.FlowGenerator    FlagFIN current has 273 flow
2022-06-29 15:25:38 DEBUG cic.cs.unb.ca.jnetpcap.FlowGenerator    FlagFIN current has 279 flow
2022-06-29 15:25:41 DEBUG cic.cs.unb.ca.jnetpcap.FlowGenerator    FlagFIN current has 286 flow
2022-06-29 15:25:41 DEBUG cic.cs.unb.ca.jnetpcap.FlowGenerator    FlagFIN current has 285 flow
2022-06-29 15:25:41 DEBUG cic.cs.unb.ca.jnetpcap.FlowGenerator    FlagFIN current has 286 flow
2022-06-29 15:25:56 DEBUG cic.cs.unb.ca.jnetpcap.FlowGenerator    FlagFIN current has 301 flow
2022-06-29 15:25:56 DEBUG cic.cs.unb.ca.jnetpcap.FlowGenerator    FlagFIN current has 301 flow
2022-06-29 15:25:56 DEBUG cic.cs.unb.ca.jnetpcap.FlowGenerator    FlagFIN current has 300 flow
2022-06-29 15:25:56 DEBUG cic.cs.unb.ca.jnetpcap.FlowGenerator    FlagFIN current has 300 flow
2022-06-29 15:26:09 DEBUG cic.cs.unb.ca.jnetpcap.FlowGenerator    FlagFIN current has 316 flow
2022-06-29 15:26:09 DEBUG cic.cs.unb.ca.jnetpcap.FlowGenerator    FlagFIN current has 315 flow
2022-06-29 15:26:09 DEBUG cic.cs.unb.ca.jnetpcap.FlowGenerator    FlagFIN current has 314 flow
2022-06-29 15:26:09 DEBUG cic.cs.unb.ca.jnetpcap.FlowGenerator    FlagFIN current has 313 flow
2022-06-29 15:26:09 DEBUG cic.cs.unb.ca.jnetpcap.FlowGenerator    FlagFIN current has 312 flow
2022-06-29 15:26:09 DEBUG cic.cs.unb.ca.jnetpcap.FlowGenerator    FlagFIN current has 317 flow
2022-06-29 15:26:09 DEBUG cic.cs.unb.ca.jnetpcap.FlowGenerator    FlagFIN current has 316 flow
2022-06-29 15:26:09 DEBUG cic.cs.unb.ca.jnetpcap.FlowGenerator    FlagFIN current has 317 flow
2022-06-29 15:26:09 DEBUG cic.cs.unb.ca.jnetpcap.FlowGenerator    FlagFIN current has 316 flow
2022-06-29 15:26:09 DEBUG cic.cs.unb.ca.jnetpcap.FlowGenerator    FlagFIN current has 317 flow
2022-06-29 15:26:23 DEBUG cic.cs.unb.ca.jnetpcap.FlowGenerator    FlagFIN current has 325 flow
2022-06-29 15:26:25 DEBUG cic.cs.unb.ca.jnetpcap.FlowGenerator    FlagFIN current has 326 flow
2022-06-29 15:26:25 DEBUG cic.cs.unb.ca.jnetpcap.FlowGenerator    FlagFIN current has 326 flow
2022-06-29 15:26:25 DEBUG cic.cs.unb.ca.jnetpcap.FlowGenerator    FlagFIN current has 325 flow
2022-06-29 15:26:26 DEBUG cic.cs.unb.ca.jnetpcap.FlowGenerator    FlagFIN current has 326 flow
2022-06-29 15:26:26 DEBUG cic.cs.unb.ca.jnetpcap.FlowGenerator    FlagFIN current has 326 flow
2022-06-29 15:26:26 DEBUG cic.cs.unb.ca.jnetpcap.FlowGenerator    FlagFIN current has 327 flow
2022-06-29 15:26:27 DEBUG cic.cs.unb.ca.jnetpcap.FlowGenerator    FlagFIN current has 327 flow
2022-06-29 15:26:27 DEBUG cic.cs.unb.ca.jnetpcap.FlowGenerator    FlagFIN current has 327 flow
2022-06-29 15:26:27 DEBUG cic.cs.unb.ca.jnetpcap.FlowGenerator    FlagFIN current has 327 flow
2022-06-29 15:26:30 DEBUG cic.cs.unb.ca.jnetpcap.FlowGenerator    FlagFIN current has 328 flow
2022-06-29 15:26:38 DEBUG cic.cs.unb.ca.jnetpcap.FlowGenerator    FlagFIN current has 333 flow
2022-06-29 15:26:38 DEBUG cic.cs.unb.ca.jnetpcap.FlowGenerator    FlagFIN current has 333 flow
2022-06-29 15:26:39 DEBUG cic.cs.unb.ca.jnetpcap.FlowGenerator    FlagFIN current has 334 flow
2022-06-29 15:27:10 DEBUG cic.cs.unb.ca.jnetpcap.FlowGenerator    FlagFIN current has 346 flow
2022-06-29 15:27:10 DEBUG cic.cs.unb.ca.jnetpcap.FlowGenerator    FlagFIN current has 345 flow
2022-06-29 15:27:16 DEBUG cic.cs.unb.ca.jnetpcap.FlowGenerator    Timeout current has 350 flow
2022-06-29 15:27:20 DEBUG cic.cs.unb.ca.jnetpcap.FlowGenerator    FlagFIN current has 351 flow
2022-06-29 15:27:20 DEBUG cic.cs.unb.ca.jnetpcap.FlowGenerator    FlagFIN current has 350 flow
2022-06-29 15:27:20 DEBUG cic.cs.unb.ca.jnetpcap.FlowGenerator    FlagFIN current has 349 flow
2022-06-29 15:27:20 DEBUG cic.cs.unb.ca.jnetpcap.FlowGenerator    FlagFIN current has 348 flow
2022-06-29 15:27:20 DEBUG cic.cs.unb.ca.jnetpcap.FlowGenerator    FlagFIN current has 347 flow
2022-06-29 15:27:20 DEBUG cic.cs.unb.ca.jnetpcap.FlowGenerator    FlagFIN current has 346 flow
2022-06-29 15:27:20 DEBUG cic.cs.unb.ca.jnetpcap.FlowGenerator    FlagFIN current has 345 flow
2022-06-29 15:27:20 DEBUG cic.cs.unb.ca.jnetpcap.FlowGenerator    FlagFIN current has 344 flow
2022-06-29 15:27:20 DEBUG cic.cs.unb.ca.jnetpcap.FlowGenerator    FlagFIN current has 343 flow
2022-06-29 15:27:20 DEBUG cic.cs.unb.ca.jnetpcap.FlowGenerator    FlagFIN current has 342 flow
2022-06-29 15:27:20 DEBUG cic.cs.unb.ca.jnetpcap.FlowGenerator    FlagFIN current has 341 flow
2022-06-29 15:27:20 DEBUG cic.cs.unb.ca.jnetpcap.FlowGenerator    FlagFIN current has 340 flow
2022-06-29 15:27:20 DEBUG cic.cs.unb.ca.jnetpcap.FlowGenerator    FlagFIN current has 339 flow
2022-06-29 15:27:20 DEBUG cic.cs.unb.ca.jnetpcap.FlowGenerator    FlagFIN current has 338 flow
2022-06-29 15:27:20 DEBUG cic.cs.unb.ca.jnetpcap.FlowGenerator    FlagFIN current has 337 flow
2022-06-29 15:27:20 DEBUG cic.cs.unb.ca.jnetpcap.FlowGenerator    FlagFIN current has 336 flow
2022-06-29 15:27:20 DEBUG cic.cs.unb.ca.jnetpcap.FlowGenerator    FlagFIN current has 335 flow
2022-06-29 15:27:20 DEBUG cic.cs.unb.ca.jnetpcap.FlowGenerator    FlagFIN current has 334 flow
2022-06-29 15:27:20 DEBUG cic.cs.unb.ca.jnetpcap.FlowGenerator    FlagFIN current has 333 flow
2022-06-29 15:27:20 DEBUG cic.cs.unb.ca.jnetpcap.FlowGenerator    FlagFIN current has 332 flow
2022-06-29 15:27:20 DEBUG cic.cs.unb.ca.jnetpcap.FlowGenerator    FlagFIN current has 331 flow
2022-06-29 15:27:20 DEBUG cic.cs.unb.ca.jnetpcap.FlowGenerator    FlagFIN current has 330 flow
2022-06-29 15:27:20 DEBUG cic.cs.unb.ca.jnetpcap.FlowGenerator    FlagFIN current has 329 flow
2022-06-29 15:27:20 DEBUG cic.cs.unb.ca.jnetpcap.FlowGenerator    FlagFIN current has 328 flow
2022-06-29 15:27:20 DEBUG cic.cs.unb.ca.jnetpcap.FlowGenerator    FlagFIN current has 327 flow
2022-06-29 15:27:20 DEBUG cic.cs.unb.ca.jnetpcap.FlowGenerator    FlagFIN current has 326 flow
2022-06-29 15:27:20 DEBUG cic.cs.unb.ca.jnetpcap.FlowGenerator    FlagFIN current has 325 flow
2022-06-29 15:27:20 DEBUG cic.cs.unb.ca.jnetpcap.FlowGenerator    FlagFIN current has 324 flow
2022-06-29 15:27:20 DEBUG cic.cs.unb.ca.jnetpcap.FlowGenerator    FlagFIN current has 323 flow
2022-06-29 15:27:20 DEBUG cic.cs.unb.ca.jnetpcap.FlowGenerator    FlagFIN current has 322 flow
2022-06-29 15:27:20 DEBUG cic.cs.unb.ca.jnetpcap.FlowGenerator    FlagFIN current has 321 flow
2022-06-29 15:27:20 DEBUG cic.cs.unb.ca.jnetpcap.FlowGenerator    FlagFIN current has 320 flow
2022-06-29 15:27:20 DEBUG cic.cs.unb.ca.jnetpcap.FlowGenerator    FlagFIN current has 319 flow
2022-06-29 15:27:20 DEBUG cic.cs.unb.ca.jnetpcap.FlowGenerator    FlagFIN current has 319 flow
2022-06-29 15:27:20 DEBUG cic.cs.unb.ca.jnetpcap.FlowGenerator    FlagFIN current has 318 flow
2022-06-29 15:27:20 DEBUG cic.cs.unb.ca.jnetpcap.FlowGenerator    FlagFIN current has 317 flow
2022-06-29 15:27:20 DEBUG cic.cs.unb.ca.jnetpcap.FlowGenerator    FlagFIN current has 317 flow
2022-06-29 15:27:20 DEBUG cic.cs.unb.ca.jnetpcap.FlowGenerator    FlagFIN current has 325 flow
2022-06-29 15:27:20 DEBUG cic.cs.unb.ca.jnetpcap.FlowGenerator    FlagFIN current has 332 flow
2022-06-29 15:27:20 DEBUG cic.cs.unb.ca.jnetpcap.FlowGenerator    FlagFIN current has 331 flow
2022-06-29 15:27:20 DEBUG cic.cs.unb.ca.jnetpcap.FlowGenerator    FlagFIN current has 333 flow
2022-06-29 15:27:20 DEBUG cic.cs.unb.ca.jnetpcap.FlowGenerator    FlagFIN current has 337 flow
2022-06-29 15:27:20 DEBUG cic.cs.unb.ca.jnetpcap.FlowGenerator    FlagFIN current has 337 flow
2022-06-29 15:27:20 DEBUG cic.cs.unb.ca.jnetpcap.FlowGenerator    FlagFIN current has 337 flow
2022-06-29 15:27:20 DEBUG cic.cs.unb.ca.jnetpcap.FlowGenerator    FlagFIN current has 337 flow
2022-06-29 15:27:20 DEBUG cic.cs.unb.ca.jnetpcap.FlowGenerator    FlagFIN current has 339 flow
2022-06-29 15:27:20 DEBUG cic.cs.unb.ca.jnetpcap.FlowGenerator    FlagFIN current has 340 flow
2022-06-29 15:27:20 DEBUG cic.cs.unb.ca.jnetpcap.FlowGenerator    FlagFIN current has 341 flow
2022-06-29 15:27:20 DEBUG cic.cs.unb.ca.jnetpcap.FlowGenerator    FlagFIN current has 342 flow
2022-06-29 15:27:20 DEBUG cic.cs.unb.ca.jnetpcap.FlowGenerator    FlagFIN current has 342 flow
2022-06-29 15:27:20 DEBUG cic.cs.unb.ca.jnetpcap.FlowGenerator    FlagFIN current has 345 flow
2022-06-29 15:27:20 DEBUG cic.cs.unb.ca.jnetpcap.FlowGenerator    FlagFIN current has 346 flow
2022-06-29 15:27:20 DEBUG cic.cs.unb.ca.jnetpcap.FlowGenerator    FlagFIN current has 346 flow
2022-06-29 15:27:38 INFO  cic.cs.unb.ca.flow.ui.FlowMonitorPane    Pcap stop listening
2022-06-29 15:27:38 INFO  cic.cs.unb.ca.flow.ui.FlowMonitorPane    path:C:\Users\kiran\Desktop\Nokia\CICIDS\CICFlowMeter\bin\data\daily\2022-06-29_Flow.csv
2022-06-29 15:27:38 DEBUG cic.cs.unb.ca.jnetpcap.worker.TrafficFlowWorker    break Packet loop
2022-06-29 15:29:27 INFO  cic.cs.unb.ca.jnetpcap.worker.TrafficFlowWorker    Pcap is listening...
2022-06-29 15:29:36 DEBUG cic.cs.unb.ca.jnetpcap.FlowGenerator    FlagFIN current has 33 flow
2022-06-29 15:29:36 DEBUG cic.cs.unb.ca.jnetpcap.FlowGenerator    FlagFIN current has 32 flow
2022-06-29 15:29:36 DEBUG cic.cs.unb.ca.jnetpcap.FlowGenerator    FlagFIN current has 31 flow
2022-06-29 15:29:36 DEBUG cic.cs.unb.ca.jnetpcap.FlowGenerator    FlagFIN current has 30 flow
2022-06-29 15:29:36 DEBUG cic.cs.unb.ca.jnetpcap.FlowGenerator    FlagFIN current has 29 flow
2022-06-29 15:29:36 DEBUG cic.cs.unb.ca.jnetpcap.FlowGenerator    FlagFIN current has 28 flow
2022-06-29 15:29:36 DEBUG cic.cs.unb.ca.jnetpcap.FlowGenerator    FlagFIN current has 28 flow
2022-06-29 15:29:36 DEBUG cic.cs.unb.ca.jnetpcap.FlowGenerator    FlagFIN current has 28 flow
2022-06-29 15:29:36 DEBUG cic.cs.unb.ca.jnetpcap.FlowGenerator    FlagFIN current has 29 flow
2022-06-29 15:29:36 DEBUG cic.cs.unb.ca.jnetpcap.FlowGenerator    FlagFIN current has 29 flow
2022-06-29 15:29:36 DEBUG cic.cs.unb.ca.jnetpcap.FlowGenerator    FlagFIN current has 28 flow
2022-06-29 15:29:36 DEBUG cic.cs.unb.ca.jnetpcap.FlowGenerator    FlagFIN current has 28 flow
2022-06-29 15:30:14 DEBUG cic.cs.unb.ca.jnetpcap.FlowGenerator    FlagFIN current has 76 flow
2022-06-29 15:30:14 DEBUG cic.cs.unb.ca.jnetpcap.FlowGenerator    FlagFIN current has 76 flow
2022-06-29 15:30:21 DEBUG cic.cs.unb.ca.jnetpcap.FlowGenerator    FlagFIN current has 87 flow
2022-06-29 15:30:21 DEBUG cic.cs.unb.ca.jnetpcap.FlowGenerator    FlagFIN current has 86 flow
2022-06-29 15:30:21 DEBUG cic.cs.unb.ca.jnetpcap.FlowGenerator    FlagFIN current has 85 flow
2022-06-29 15:30:21 DEBUG cic.cs.unb.ca.jnetpcap.FlowGenerator    FlagFIN current has 84 flow
2022-06-29 15:30:21 DEBUG cic.cs.unb.ca.jnetpcap.FlowGenerator    FlagFIN current has 83 flow
2022-06-29 15:30:21 DEBUG cic.cs.unb.ca.jnetpcap.FlowGenerator    FlagFIN current has 88 flow
2022-06-29 15:30:21 DEBUG cic.cs.unb.ca.jnetpcap.FlowGenerator    FlagFIN current has 87 flow
2022-06-29 15:30:21 DEBUG cic.cs.unb.ca.jnetpcap.FlowGenerator    FlagFIN current has 88 flow
2022-06-29 15:30:21 DEBUG cic.cs.unb.ca.jnetpcap.FlowGenerator    FlagFIN current has 88 flow
2022-06-29 15:30:47 DEBUG cic.cs.unb.ca.jnetpcap.FlowGenerator    FlagFIN current has 129 flow
2022-06-29 15:30:47 DEBUG cic.cs.unb.ca.jnetpcap.FlowGenerator    FlagFIN current has 129 flow
2022-06-29 15:30:47 DEBUG cic.cs.unb.ca.jnetpcap.FlowGenerator    FlagFIN current has 130 flow
2022-06-29 15:30:47 DEBUG cic.cs.unb.ca.jnetpcap.FlowGenerator    FlagFIN current has 130 flow
2022-06-29 15:30:47 DEBUG cic.cs.unb.ca.jnetpcap.FlowGenerator    FlagFIN current has 131 flow
2022-06-29 15:30:47 DEBUG cic.cs.unb.ca.jnetpcap.FlowGenerator    FlagFIN current has 131 flow
2022-06-29 15:30:47 DEBUG cic.cs.unb.ca.jnetpcap.FlowGenerator    FlagFIN current has 131 flow
2022-06-29 15:30:47 DEBUG cic.cs.unb.ca.jnetpcap.FlowGenerator    FlagFIN current has 131 flow
2022-06-29 15:30:48 DEBUG cic.cs.unb.ca.jnetpcap.FlowGenerator    FlagFIN current has 134 flow
2022-06-29 15:30:48 DEBUG cic.cs.unb.ca.jnetpcap.FlowGenerator    FlagFIN current has 134 flow
2022-06-29 15:30:48 DEBUG cic.cs.unb.ca.jnetpcap.FlowGenerator    FlagFIN current has 134 flow
2022-06-29 15:30:48 DEBUG cic.cs.unb.ca.jnetpcap.FlowGenerator    FlagFIN current has 134 flow
2022-06-29 15:30:49 DEBUG cic.cs.unb.ca.jnetpcap.FlowGenerator    FlagFIN current has 136 flow
2022-06-29 15:30:49 DEBUG cic.cs.unb.ca.jnetpcap.FlowGenerator    FlagFIN current has 136 flow
2022-06-29 15:30:49 DEBUG cic.cs.unb.ca.jnetpcap.FlowGenerator    FlagFIN current has 135 flow
2022-06-29 15:30:49 DEBUG cic.cs.unb.ca.jnetpcap.FlowGenerator    FlagFIN current has 135 flow
2022-06-29 15:30:49 DEBUG cic.cs.unb.ca.jnetpcap.FlowGenerator    FlagFIN current has 134 flow
2022-06-29 15:30:49 DEBUG cic.cs.unb.ca.jnetpcap.FlowGenerator    FlagFIN current has 134 flow
2022-06-29 15:30:49 DEBUG cic.cs.unb.ca.jnetpcap.FlowGenerator    FlagFIN current has 133 flow
2022-06-29 15:30:49 DEBUG cic.cs.unb.ca.jnetpcap.FlowGenerator    FlagFIN current has 133 flow
2022-06-29 15:30:49 DEBUG cic.cs.unb.ca.jnetpcap.FlowGenerator    FlagFIN current has 133 flow
2022-06-29 15:30:49 DEBUG cic.cs.unb.ca.jnetpcap.FlowGenerator    FlagFIN current has 133 flow
2022-06-29 15:30:49 DEBUG cic.cs.unb.ca.jnetpcap.FlowGenerator    FlagFIN current has 136 flow
2022-06-29 15:30:49 DEBUG cic.cs.unb.ca.jnetpcap.FlowGenerator    FlagFIN current has 136 flow
2022-06-29 15:30:50 DEBUG cic.cs.unb.ca.jnetpcap.FlowGenerator    FlagFIN current has 138 flow
2022-06-29 15:30:50 DEBUG cic.cs.unb.ca.jnetpcap.FlowGenerator    FlagFIN current has 138 flow
2022-06-29 15:31:04 DEBUG cic.cs.unb.ca.jnetpcap.FlowGenerator    FlagFIN current has 143 flow
2022-06-29 15:31:04 DEBUG cic.cs.unb.ca.jnetpcap.FlowGenerator    FlagFIN current has 142 flow
2022-06-29 15:31:04 DEBUG cic.cs.unb.ca.jnetpcap.FlowGenerator    FlagFIN current has 141 flow
2022-06-29 15:31:04 DEBUG cic.cs.unb.ca.jnetpcap.FlowGenerator    FlagFIN current has 140 flow
2022-06-29 15:31:04 DEBUG cic.cs.unb.ca.jnetpcap.FlowGenerator    FlagFIN current has 139 flow
2022-06-29 15:31:04 DEBUG cic.cs.unb.ca.jnetpcap.FlowGenerator    FlagFIN current has 138 flow
2022-06-29 15:31:04 DEBUG cic.cs.unb.ca.jnetpcap.FlowGenerator    FlagFIN current has 137 flow
2022-06-29 15:31:04 DEBUG cic.cs.unb.ca.jnetpcap.FlowGenerator    FlagFIN current has 136 flow
2022-06-29 15:31:04 DEBUG cic.cs.unb.ca.jnetpcap.FlowGenerator    FlagFIN current has 135 flow
2022-06-29 15:31:04 DEBUG cic.cs.unb.ca.jnetpcap.FlowGenerator    FlagFIN current has 134 flow
2022-06-29 15:31:04 DEBUG cic.cs.unb.ca.jnetpcap.FlowGenerator    FlagFIN current has 133 flow
2022-06-29 15:31:04 DEBUG cic.cs.unb.ca.jnetpcap.FlowGenerator    FlagFIN current has 132 flow
2022-06-29 15:31:04 DEBUG cic.cs.unb.ca.jnetpcap.FlowGenerator    FlagFIN current has 131 flow
2022-06-29 15:31:04 DEBUG cic.cs.unb.ca.jnetpcap.FlowGenerator    FlagFIN current has 130 flow
2022-06-29 15:31:04 DEBUG cic.cs.unb.ca.jnetpcap.FlowGenerator    FlagFIN current has 129 flow
2022-06-29 15:31:04 DEBUG cic.cs.unb.ca.jnetpcap.FlowGenerator    FlagFIN current has 128 flow
2022-06-29 15:31:04 DEBUG cic.cs.unb.ca.jnetpcap.FlowGenerator    FlagFIN current has 127 flow
2022-06-29 15:31:04 DEBUG cic.cs.unb.ca.jnetpcap.FlowGenerator    FlagFIN current has 126 flow
2022-06-29 15:31:04 DEBUG cic.cs.unb.ca.jnetpcap.FlowGenerator    FlagFIN current has 125 flow
2022-06-29 15:31:04 DEBUG cic.cs.unb.ca.jnetpcap.FlowGenerator    FlagFIN current has 124 flow
2022-06-29 15:31:04 DEBUG cic.cs.unb.ca.jnetpcap.FlowGenerator    FlagFIN current has 123 flow
2022-06-29 15:31:04 DEBUG cic.cs.unb.ca.jnetpcap.FlowGenerator    FlagFIN current has 122 flow
2022-06-29 15:31:04 DEBUG cic.cs.unb.ca.jnetpcap.FlowGenerator    FlagFIN current has 121 flow
2022-06-29 15:31:04 DEBUG cic.cs.unb.ca.jnetpcap.FlowGenerator    FlagFIN current has 120 flow
2022-06-29 15:31:04 DEBUG cic.cs.unb.ca.jnetpcap.FlowGenerator    FlagFIN current has 119 flow
2022-06-29 15:31:04 DEBUG cic.cs.unb.ca.jnetpcap.FlowGenerator    FlagFIN current has 118 flow
2022-06-29 15:31:04 DEBUG cic.cs.unb.ca.jnetpcap.FlowGenerator    FlagFIN current has 117 flow
2022-06-29 15:31:04 DEBUG cic.cs.unb.ca.jnetpcap.FlowGenerator    FlagFIN current has 116 flow
2022-06-29 15:31:04 DEBUG cic.cs.unb.ca.jnetpcap.FlowGenerator    FlagFIN current has 115 flow
2022-06-29 15:31:04 DEBUG cic.cs.unb.ca.jnetpcap.FlowGenerator    FlagFIN current has 114 flow
2022-06-29 15:31:04 DEBUG cic.cs.unb.ca.jnetpcap.FlowGenerator    FlagFIN current has 113 flow
2022-06-29 15:31:04 DEBUG cic.cs.unb.ca.jnetpcap.FlowGenerator    FlagFIN current has 112 flow
2022-06-29 15:31:04 DEBUG cic.cs.unb.ca.jnetpcap.FlowGenerator    FlagFIN current has 111 flow
2022-06-29 15:31:04 DEBUG cic.cs.unb.ca.jnetpcap.FlowGenerator    FlagFIN current has 110 flow
2022-06-29 15:31:04 DEBUG cic.cs.unb.ca.jnetpcap.FlowGenerator    FlagFIN current has 109 flow
2022-06-29 15:31:04 DEBUG cic.cs.unb.ca.jnetpcap.FlowGenerator    FlagFIN current has 108 flow
2022-06-29 15:31:04 DEBUG cic.cs.unb.ca.jnetpcap.FlowGenerator    FlagFIN current has 107 flow
2022-06-29 15:31:04 DEBUG cic.cs.unb.ca.jnetpcap.FlowGenerator    FlagFIN current has 106 flow
2022-06-29 15:31:04 DEBUG cic.cs.unb.ca.jnetpcap.FlowGenerator    FlagFIN current has 105 flow
2022-06-29 15:31:04 DEBUG cic.cs.unb.ca.jnetpcap.FlowGenerator    FlagFIN current has 104 flow
2022-06-29 15:31:04 DEBUG cic.cs.unb.ca.jnetpcap.FlowGenerator    FlagFIN current has 128 flow
2022-06-29 15:31:04 DEBUG cic.cs.unb.ca.jnetpcap.FlowGenerator    FlagFIN current has 128 flow
2022-06-29 15:31:04 DEBUG cic.cs.unb.ca.jnetpcap.FlowGenerator    FlagFIN current has 130 flow
2022-06-29 15:31:04 DEBUG cic.cs.unb.ca.jnetpcap.FlowGenerator    FlagFIN current has 130 flow
2022-06-29 15:31:04 DEBUG cic.cs.unb.ca.jnetpcap.FlowGenerator    FlagFIN current has 132 flow
2022-06-29 15:31:04 DEBUG cic.cs.unb.ca.jnetpcap.FlowGenerator    FlagFIN current has 135 flow
2022-06-29 15:31:04 DEBUG cic.cs.unb.ca.jnetpcap.FlowGenerator    FlagFIN current has 136 flow
2022-06-29 15:31:04 DEBUG cic.cs.unb.ca.jnetpcap.FlowGenerator    FlagFIN current has 137 flow
2022-06-29 15:31:04 DEBUG cic.cs.unb.ca.jnetpcap.FlowGenerator    FlagFIN current has 138 flow
2022-06-29 15:31:04 DEBUG cic.cs.unb.ca.jnetpcap.FlowGenerator    FlagFIN current has 142 flow
2022-06-29 15:31:39 DEBUG cic.cs.unb.ca.jnetpcap.FlowGenerator    FlagFIN current has 155 flow
2022-06-29 15:31:39 DEBUG cic.cs.unb.ca.jnetpcap.FlowGenerator    FlagFIN current has 155 flow
2022-06-29 15:32:00 DEBUG cic.cs.unb.ca.jnetpcap.FlowGenerator    FlagFIN current has 169 flow
2022-06-29 15:32:00 DEBUG cic.cs.unb.ca.jnetpcap.FlowGenerator    FlagFIN current has 169 flow
2022-06-29 15:32:09 DEBUG cic.cs.unb.ca.jnetpcap.FlowGenerator    FlagFIN current has 172 flow
2022-06-29 15:32:09 DEBUG cic.cs.unb.ca.jnetpcap.FlowGenerator    FlagFIN current has 172 flow
2022-06-29 15:32:09 DEBUG cic.cs.unb.ca.jnetpcap.FlowGenerator    FlagFIN current has 173 flow
2022-06-29 15:32:09 DEBUG cic.cs.unb.ca.jnetpcap.FlowGenerator    FlagFIN current has 173 flow
2022-06-29 15:32:26 DEBUG cic.cs.unb.ca.jnetpcap.FlowGenerator    FlagFIN current has 186 flow
2022-06-29 15:32:26 DEBUG cic.cs.unb.ca.jnetpcap.FlowGenerator    FlagFIN current has 185 flow
2022-06-29 15:32:26 DEBUG cic.cs.unb.ca.jnetpcap.FlowGenerator    FlagFIN current has 185 flow
2022-06-29 15:32:26 DEBUG cic.cs.unb.ca.jnetpcap.FlowGenerator    FlagFIN current has 186 flow
2022-06-29 15:32:27 DEBUG cic.cs.unb.ca.jnetpcap.FlowGenerator    FlagFIN current has 208 flow
2022-06-29 15:32:27 DEBUG cic.cs.unb.ca.jnetpcap.FlowGenerator    FlagFIN current has 207 flow
2022-06-29 15:32:27 DEBUG cic.cs.unb.ca.jnetpcap.FlowGenerator    FlagFIN current has 206 flow
2022-06-29 15:32:27 DEBUG cic.cs.unb.ca.jnetpcap.FlowGenerator    FlagFIN current has 205 flow
2022-06-29 15:32:27 DEBUG cic.cs.unb.ca.jnetpcap.FlowGenerator    FlagFIN current has 204 flow
2022-06-29 15:32:27 DEBUG cic.cs.unb.ca.jnetpcap.FlowGenerator    FlagFIN current has 206 flow
2022-06-29 15:32:27 DEBUG cic.cs.unb.ca.jnetpcap.FlowGenerator    FlagFIN current has 207 flow
2022-06-29 15:32:27 DEBUG cic.cs.unb.ca.jnetpcap.FlowGenerator    FlagFIN current has 206 flow
2022-06-29 15:32:27 DEBUG cic.cs.unb.ca.jnetpcap.FlowGenerator    FlagFIN current has 206 flow
2022-06-29 15:32:27 DEBUG cic.cs.unb.ca.jnetpcap.FlowGenerator    FlagFIN current has 205 flow
2022-06-29 15:32:30 DEBUG cic.cs.unb.ca.jnetpcap.FlowGenerator    FlagFIN current has 221 flow
2022-06-29 15:32:30 DEBUG cic.cs.unb.ca.jnetpcap.FlowGenerator    FlagFIN current has 220 flow
2022-06-29 15:32:30 DEBUG cic.cs.unb.ca.jnetpcap.FlowGenerator    FlagFIN current has 219 flow
2022-06-29 15:32:30 DEBUG cic.cs.unb.ca.jnetpcap.FlowGenerator    FlagFIN current has 220 flow
2022-06-29 15:32:30 DEBUG cic.cs.unb.ca.jnetpcap.FlowGenerator    FlagFIN current has 221 flow
2022-06-29 15:32:30 DEBUG cic.cs.unb.ca.jnetpcap.FlowGenerator    FlagFIN current has 220 flow
2022-06-29 15:32:53 DEBUG cic.cs.unb.ca.jnetpcap.FlowGenerator    FlagFIN current has 245 flow
2022-06-29 15:32:53 DEBUG cic.cs.unb.ca.jnetpcap.FlowGenerator    FlagFIN current has 244 flow
2022-06-29 15:32:53 DEBUG cic.cs.unb.ca.jnetpcap.FlowGenerator    FlagFIN current has 243 flow
2022-06-29 15:32:53 DEBUG cic.cs.unb.ca.jnetpcap.FlowGenerator    FlagFIN current has 242 flow
2022-06-29 15:32:53 DEBUG cic.cs.unb.ca.jnetpcap.FlowGenerator    FlagFIN current has 244 flow
2022-06-29 15:32:53 DEBUG cic.cs.unb.ca.jnetpcap.FlowGenerator    FlagFIN current has 243 flow
2022-06-29 15:32:53 DEBUG cic.cs.unb.ca.jnetpcap.FlowGenerator    FlagFIN current has 242 flow
2022-06-29 15:32:53 DEBUG cic.cs.unb.ca.jnetpcap.FlowGenerator    FlagFIN current has 245 flow
2022-06-29 15:33:18 DEBUG cic.cs.unb.ca.jnetpcap.FlowGenerator    FlagFIN current has 260 flow
2022-06-29 15:33:18 DEBUG cic.cs.unb.ca.jnetpcap.FlowGenerator    FlagFIN current has 259 flow
2022-06-29 15:33:18 DEBUG cic.cs.unb.ca.jnetpcap.FlowGenerator    FlagFIN current has 258 flow
2022-06-29 15:33:18 DEBUG cic.cs.unb.ca.jnetpcap.FlowGenerator    FlagFIN current has 258 flow
2022-06-29 15:33:18 DEBUG cic.cs.unb.ca.jnetpcap.FlowGenerator    FlagFIN current has 260 flow
2022-06-29 15:33:18 DEBUG cic.cs.unb.ca.jnetpcap.FlowGenerator    FlagFIN current has 259 flow
2022-06-29 15:33:28 DEBUG cic.cs.unb.ca.jnetpcap.FlowGenerator    FlagFIN current has 268 flow
2022-06-29 15:33:31 DEBUG cic.cs.unb.ca.jnetpcap.FlowGenerator    FlagFIN current has 284 flow
2022-06-29 15:33:31 DEBUG cic.cs.unb.ca.jnetpcap.FlowGenerator    FlagFIN current has 283 flow
2022-06-29 15:33:31 DEBUG cic.cs.unb.ca.jnetpcap.FlowGenerator    FlagFIN current has 282 flow
2022-06-29 15:33:31 DEBUG cic.cs.unb.ca.jnetpcap.FlowGenerator    FlagFIN current has 281 flow
2022-06-29 15:33:31 DEBUG cic.cs.unb.ca.jnetpcap.FlowGenerator    FlagFIN current has 280 flow
2022-06-29 15:33:31 DEBUG cic.cs.unb.ca.jnetpcap.FlowGenerator    FlagFIN current has 279 flow
2022-06-29 15:33:31 DEBUG cic.cs.unb.ca.jnetpcap.FlowGenerator    FlagFIN current has 281 flow
2022-06-29 15:33:31 DEBUG cic.cs.unb.ca.jnetpcap.FlowGenerator    FlagFIN current has 280 flow
2022-06-29 15:33:31 DEBUG cic.cs.unb.ca.jnetpcap.FlowGenerator    FlagFIN current has 279 flow
2022-06-29 15:33:31 DEBUG cic.cs.unb.ca.jnetpcap.FlowGenerator    FlagFIN current has 280 flow
2022-06-29 15:33:31 DEBUG cic.cs.unb.ca.jnetpcap.FlowGenerator    FlagFIN current has 283 flow
2022-06-29 15:33:31 DEBUG cic.cs.unb.ca.jnetpcap.FlowGenerator    FlagFIN current has 283 flow
2022-06-29 15:33:37 DEBUG cic.cs.unb.ca.jnetpcap.FlowGenerator    FlagFIN current has 292 flow
2022-06-29 15:33:37 DEBUG cic.cs.unb.ca.jnetpcap.FlowGenerator    FlagFIN current has 291 flow
2022-06-29 15:33:37 DEBUG cic.cs.unb.ca.jnetpcap.FlowGenerator    FlagFIN current has 290 flow
2022-06-29 15:33:37 DEBUG cic.cs.unb.ca.jnetpcap.FlowGenerator    FlagFIN current has 289 flow
2022-06-29 15:33:37 DEBUG cic.cs.unb.ca.jnetpcap.FlowGenerator    FlagFIN current has 288 flow
2022-06-29 15:33:37 DEBUG cic.cs.unb.ca.jnetpcap.FlowGenerator    FlagFIN current has 287 flow
2022-06-29 15:33:37 DEBUG cic.cs.unb.ca.jnetpcap.FlowGenerator    FlagFIN current has 286 flow
2022-06-29 15:33:37 DEBUG cic.cs.unb.ca.jnetpcap.FlowGenerator    FlagFIN current has 285 flow
2022-06-29 15:33:38 DEBUG cic.cs.unb.ca.jnetpcap.FlowGenerator    FlagFIN current has 284 flow
2022-06-29 15:33:41 INFO  cic.cs.unb.ca.flow.ui.FlowMonitorPane    Pcap stop listening
2022-06-29 15:33:41 INFO  cic.cs.unb.ca.flow.ui.FlowMonitorPane    path:C:\Users\kiran\Desktop\Nokia\CICIDS\CICFlowMeter\bin\data\daily\2022-06-29_Flow.csv
2022-06-29 15:33:41 DEBUG cic.cs.unb.ca.jnetpcap.worker.TrafficFlowWorker    break Packet loop
2022-06-29 15:34:47 INFO  cic.cs.unb.ca.jnetpcap.worker.TrafficFlowWorker    Pcap is listening...
2022-06-29 15:35:06 INFO  cic.cs.unb.ca.flow.ui.FlowMonitorPane    Pcap stop listening
2022-06-29 15:35:06 INFO  cic.cs.unb.ca.flow.ui.FlowMonitorPane    path:C:\Users\kiran\Desktop\Nokia\CICIDS\CICFlowMeter\bin\data\daily\2022-06-29_Flow.csv
2022-06-29 15:35:08 INFO  cic.cs.unb.ca.jnetpcap.worker.TrafficFlowWorker    Pcap is listening...
2022-06-29 15:35:39 INFO  cic.cs.unb.ca.jnetpcap.worker.TrafficFlowWorker    Pcap is listening...
2022-06-29 15:36:20 INFO  cic.cs.unb.ca.flow.ui.FlowMonitorPane    Pcap stop listening
2022-06-29 15:36:20 INFO  cic.cs.unb.ca.flow.ui.FlowMonitorPane    path:C:\Users\kiran\Desktop\Nokia\CICIDS\CICFlowMeter\bin\data\daily\2022-06-29_Flow.csv
2022-06-29 15:37:13 INFO  cic.cs.unb.ca.jnetpcap.worker.TrafficFlowWorker    Pcap is listening...
2022-06-29 15:37:50 INFO  cic.cs.unb.ca.flow.ui.FlowMonitorPane    Pcap stop listening
2022-06-29 15:37:50 INFO  cic.cs.unb.ca.flow.ui.FlowMonitorPane    path:C:\Users\kiran\Desktop\Nokia\CICIDS\CICFlowMeter\bin\data\daily\2022-06-29_Flow.csv
2022-06-29 15:38:04 INFO  cic.cs.unb.ca.jnetpcap.worker.TrafficFlowWorker    Pcap is listening...
2022-06-29 15:38:09 DEBUG cic.cs.unb.ca.jnetpcap.FlowGenerator    FlagFIN current has 15 flow
2022-06-29 15:38:09 DEBUG cic.cs.unb.ca.jnetpcap.FlowGenerator    FlagFIN current has 15 flow
2022-06-29 15:38:15 DEBUG cic.cs.unb.ca.jnetpcap.FlowGenerator    FlagFIN current has 35 flow
2022-06-29 15:38:15 DEBUG cic.cs.unb.ca.jnetpcap.FlowGenerator    FlagFIN current has 34 flow
2022-06-29 15:38:15 DEBUG cic.cs.unb.ca.jnetpcap.FlowGenerator    FlagFIN current has 33 flow
2022-06-29 15:38:15 DEBUG cic.cs.unb.ca.jnetpcap.FlowGenerator    FlagFIN current has 32 flow
2022-06-29 15:38:15 DEBUG cic.cs.unb.ca.jnetpcap.FlowGenerator    FlagFIN current has 31 flow
2022-06-29 15:38:15 DEBUG cic.cs.unb.ca.jnetpcap.FlowGenerator    FlagFIN current has 30 flow
2022-06-29 15:38:15 DEBUG cic.cs.unb.ca.jnetpcap.FlowGenerator    FlagFIN current has 31 flow
2022-06-29 15:38:15 DEBUG cic.cs.unb.ca.jnetpcap.FlowGenerator    FlagFIN current has 33 flow
2022-06-29 15:38:15 DEBUG cic.cs.unb.ca.jnetpcap.FlowGenerator    FlagFIN current has 33 flow
2022-06-29 15:38:15 DEBUG cic.cs.unb.ca.jnetpcap.FlowGenerator    FlagFIN current has 32 flow
2022-06-29 15:38:15 DEBUG cic.cs.unb.ca.jnetpcap.FlowGenerator    FlagFIN current has 32 flow
2022-06-29 15:38:15 DEBUG cic.cs.unb.ca.jnetpcap.FlowGenerator    FlagFIN current has 31 flow
2022-06-29 15:38:20 DEBUG cic.cs.unb.ca.jnetpcap.FlowGenerator    FlagFIN current has 35 flow
2022-06-29 15:38:20 DEBUG cic.cs.unb.ca.jnetpcap.FlowGenerator    FlagFIN current has 34 flow
2022-06-29 15:38:20 DEBUG cic.cs.unb.ca.jnetpcap.FlowGenerator    FlagFIN current has 33 flow
2022-06-29 15:38:20 DEBUG cic.cs.unb.ca.jnetpcap.FlowGenerator    FlagFIN current has 32 flow
2022-06-29 15:38:20 DEBUG cic.cs.unb.ca.jnetpcap.FlowGenerator    FlagFIN current has 31 flow
2022-06-29 15:38:20 DEBUG cic.cs.unb.ca.jnetpcap.FlowGenerator    FlagFIN current has 30 flow
2022-06-29 15:38:20 DEBUG cic.cs.unb.ca.jnetpcap.FlowGenerator    FlagFIN current has 29 flow
2022-06-29 15:38:20 DEBUG cic.cs.unb.ca.jnetpcap.FlowGenerator    FlagFIN current has 28 flow
2022-06-29 15:38:20 DEBUG cic.cs.unb.ca.jnetpcap.FlowGenerator    FlagFIN current has 27 flow
2022-06-29 15:38:58 DEBUG cic.cs.unb.ca.jnetpcap.FlowGenerator    FlagFIN current has 61 flow
2022-06-29 15:39:05 DEBUG cic.cs.unb.ca.jnetpcap.FlowGenerator    FlagFIN current has 63 flow
2022-06-29 15:39:05 DEBUG cic.cs.unb.ca.jnetpcap.FlowGenerator    FlagFIN current has 63 flow
2022-06-29 15:39:09 DEBUG cic.cs.unb.ca.jnetpcap.FlowGenerator    FlagFIN current has 65 flow
2022-06-29 15:39:09 DEBUG cic.cs.unb.ca.jnetpcap.FlowGenerator    FlagFIN current has 65 flow
2022-06-29 15:39:09 DEBUG cic.cs.unb.ca.jnetpcap.FlowGenerator    FlagFIN current has 65 flow
2022-06-29 15:39:09 DEBUG cic.cs.unb.ca.jnetpcap.FlowGenerator    FlagFIN current has 65 flow
2022-06-29 15:39:09 DEBUG cic.cs.unb.ca.jnetpcap.FlowGenerator    FlagFIN current has 65 flow
2022-06-29 15:39:12 DEBUG cic.cs.unb.ca.jnetpcap.FlowGenerator    FlagFIN current has 66 flow
2022-06-29 15:39:12 DEBUG cic.cs.unb.ca.jnetpcap.FlowGenerator    FlagFIN current has 68 flow
2022-06-29 15:39:12 DEBUG cic.cs.unb.ca.jnetpcap.FlowGenerator    FlagFIN current has 68 flow
2022-06-29 15:39:23 INFO  cic.cs.unb.ca.flow.ui.FlowMonitorPane    Pcap stop listening
2022-06-29 15:39:23 INFO  cic.cs.unb.ca.flow.ui.FlowMonitorPane    path:C:\Users\kiran\Desktop\Nokia\CICIDS\CICFlowMeter\bin\data\daily\2022-06-29_Flow.csv
2022-06-29 15:39:23 DEBUG cic.cs.unb.ca.jnetpcap.worker.TrafficFlowWorker    break Packet loop
2022-06-29 15:39:44 INFO  cic.cs.unb.ca.jnetpcap.worker.TrafficFlowWorker    Pcap is listening...
2022-06-29 15:40:19 INFO  cic.cs.unb.ca.flow.ui.FlowMonitorPane    Pcap stop listening
2022-06-29 15:40:19 INFO  cic.cs.unb.ca.flow.ui.FlowMonitorPane    path:C:\Users\kiran\Desktop\Nokia\CICIDS\CICFlowMeter\bin\data\daily\2022-06-29_Flow.csv
2022-06-29 15:40:20 INFO  cic.cs.unb.ca.jnetpcap.worker.TrafficFlowWorker    Pcap is listening...
2022-06-29 15:40:24 INFO  cic.cs.unb.ca.flow.ui.FlowMonitorPane    Pcap stop listening
2022-06-29 15:40:24 INFO  cic.cs.unb.ca.flow.ui.FlowMonitorPane    path:C:\Users\kiran\Desktop\Nokia\CICIDS\CICFlowMeter\bin\data\daily\2022-06-29_Flow.csv
2022-06-29 15:40:26 INFO  cic.cs.unb.ca.jnetpcap.worker.TrafficFlowWorker    Pcap is listening...
2022-06-29 15:40:32 INFO  cic.cs.unb.ca.flow.ui.FlowMonitorPane    Pcap stop listening
2022-06-29 15:40:32 INFO  cic.cs.unb.ca.flow.ui.FlowMonitorPane    path:C:\Users\kiran\Desktop\Nokia\CICIDS\CICFlowMeter\bin\data\daily\2022-06-29_Flow.csv
2022-06-29 15:40:37 INFO  cic.cs.unb.ca.jnetpcap.worker.TrafficFlowWorker    Pcap is listening...
2022-06-29 15:41:50 INFO  cic.cs.unb.ca.flow.ui.FlowMonitorPane    Pcap stop listening
2022-06-29 15:41:50 INFO  cic.cs.unb.ca.flow.ui.FlowMonitorPane    path:C:\Users\kiran\Desktop\Nokia\CICIDS\CICFlowMeter\bin\data\daily\2022-06-29_Flow.csv
2022-06-29 15:42:01 INFO  cic.cs.unb.ca.jnetpcap.worker.TrafficFlowWorker    Pcap is listening...
2022-06-29 15:43:44 INFO  cic.cs.unb.ca.jnetpcap.worker.TrafficFlowWorker    Pcap is listening...
2022-06-29 15:43:53 DEBUG cic.cs.unb.ca.jnetpcap.FlowGenerator    FlagFIN current has 36 flow
2022-06-29 15:43:53 DEBUG cic.cs.unb.ca.jnetpcap.FlowGenerator    FlagFIN current has 35 flow
2022-06-29 15:43:53 DEBUG cic.cs.unb.ca.jnetpcap.FlowGenerator    FlagFIN current has 34 flow
2022-06-29 15:43:53 DEBUG cic.cs.unb.ca.jnetpcap.FlowGenerator    FlagFIN current has 36 flow
2022-06-29 15:43:53 DEBUG cic.cs.unb.ca.jnetpcap.FlowGenerator    FlagFIN current has 35 flow
2022-06-29 15:43:53 DEBUG cic.cs.unb.ca.jnetpcap.FlowGenerator    FlagFIN current has 34 flow
2022-06-29 15:43:53 DEBUG cic.cs.unb.ca.jnetpcap.FlowGenerator    FlagFIN current has 33 flow
2022-06-29 15:43:53 DEBUG cic.cs.unb.ca.jnetpcap.FlowGenerator    FlagFIN current has 33 flow
2022-06-29 15:43:53 DEBUG cic.cs.unb.ca.jnetpcap.FlowGenerator    FlagFIN current has 33 flow
2022-06-29 15:43:53 DEBUG cic.cs.unb.ca.jnetpcap.FlowGenerator    FlagFIN current has 33 flow
2022-06-29 15:43:56 DEBUG cic.cs.unb.ca.jnetpcap.FlowGenerator    FlagFIN current has 40 flow
2022-06-29 15:43:56 DEBUG cic.cs.unb.ca.jnetpcap.FlowGenerator    FlagFIN current has 39 flow
2022-06-29 15:43:56 DEBUG cic.cs.unb.ca.jnetpcap.FlowGenerator    FlagFIN current has 38 flow
2022-06-29 15:43:56 DEBUG cic.cs.unb.ca.jnetpcap.FlowGenerator    FlagFIN current has 37 flow
2022-06-29 15:43:56 DEBUG cic.cs.unb.ca.jnetpcap.FlowGenerator    FlagFIN current has 36 flow
2022-06-29 15:43:56 DEBUG cic.cs.unb.ca.jnetpcap.FlowGenerator    FlagFIN current has 35 flow
2022-06-29 15:43:56 DEBUG cic.cs.unb.ca.jnetpcap.FlowGenerator    FlagFIN current has 34 flow
2022-06-29 15:43:56 DEBUG cic.cs.unb.ca.jnetpcap.FlowGenerator    FlagFIN current has 33 flow
2022-06-29 15:43:56 DEBUG cic.cs.unb.ca.jnetpcap.FlowGenerator    FlagFIN current has 32 flow
2022-06-29 15:43:59 INFO  cic.cs.unb.ca.flow.ui.FlowMonitorPane    Pcap stop listening
2022-06-29 15:43:59 INFO  cic.cs.unb.ca.flow.ui.FlowMonitorPane    path:C:\Users\kiran\Desktop\Nokia\CICIDS\CICFlowMeter\bin\data\daily\2022-06-29_Flow.csv
2022-06-29 15:43:59 DEBUG cic.cs.unb.ca.jnetpcap.worker.TrafficFlowWorker    break Packet loop
2022-06-29 15:44:04 INFO  cic.cs.unb.ca.jnetpcap.worker.TrafficFlowWorker    Pcap is listening...
2022-06-29 15:44:10 DEBUG cic.cs.unb.ca.jnetpcap.FlowGenerator    FlagFIN current has 9 flow
2022-06-29 15:44:11 DEBUG cic.cs.unb.ca.jnetpcap.FlowGenerator    FlagFIN current has 13 flow
2022-06-29 15:44:11 DEBUG cic.cs.unb.ca.jnetpcap.FlowGenerator    FlagFIN current has 13 flow
2022-06-29 15:44:16 DEBUG cic.cs.unb.ca.jnetpcap.FlowGenerator    FlagFIN current has 26 flow
2022-06-29 15:44:17 DEBUG cic.cs.unb.ca.jnetpcap.FlowGenerator    FlagFIN current has 26 flow
2022-06-29 15:44:17 DEBUG cic.cs.unb.ca.jnetpcap.FlowGenerator    FlagFIN current has 27 flow
2022-06-29 15:44:17 DEBUG cic.cs.unb.ca.jnetpcap.FlowGenerator    FlagFIN current has 27 flow
2022-06-29 15:44:17 DEBUG cic.cs.unb.ca.jnetpcap.FlowGenerator    FlagFIN current has 28 flow
2022-06-29 15:44:17 DEBUG cic.cs.unb.ca.jnetpcap.FlowGenerator    FlagFIN current has 28 flow
2022-06-29 15:44:17 DEBUG cic.cs.unb.ca.jnetpcap.FlowGenerator    FlagFIN current has 28 flow
2022-06-29 15:44:17 DEBUG cic.cs.unb.ca.jnetpcap.FlowGenerator    FlagFIN current has 28 flow
2022-06-29 15:44:18 DEBUG cic.cs.unb.ca.jnetpcap.FlowGenerator    FlagFIN current has 31 flow
2022-06-29 15:44:18 DEBUG cic.cs.unb.ca.jnetpcap.FlowGenerator    FlagFIN current has 31 flow
2022-06-29 15:44:18 DEBUG cic.cs.unb.ca.jnetpcap.FlowGenerator    FlagFIN current has 31 flow
2022-06-29 15:44:18 DEBUG cic.cs.unb.ca.jnetpcap.FlowGenerator    FlagFIN current has 31 flow
2022-06-29 15:44:18 DEBUG cic.cs.unb.ca.jnetpcap.FlowGenerator    FlagFIN current has 33 flow
2022-06-29 15:44:18 DEBUG cic.cs.unb.ca.jnetpcap.FlowGenerator    FlagFIN current has 33 flow
2022-06-29 15:44:18 DEBUG cic.cs.unb.ca.jnetpcap.FlowGenerator    FlagFIN current has 32 flow
2022-06-29 15:44:18 DEBUG cic.cs.unb.ca.jnetpcap.FlowGenerator    FlagFIN current has 32 flow
2022-06-29 15:44:18 DEBUG cic.cs.unb.ca.jnetpcap.FlowGenerator    FlagFIN current has 31 flow
2022-06-29 15:44:18 DEBUG cic.cs.unb.ca.jnetpcap.FlowGenerator    FlagFIN current has 31 flow
2022-06-29 15:44:18 DEBUG cic.cs.unb.ca.jnetpcap.FlowGenerator    FlagFIN current has 31 flow
2022-06-29 15:44:18 DEBUG cic.cs.unb.ca.jnetpcap.FlowGenerator    FlagFIN current has 31 flow
2022-06-29 15:44:19 DEBUG cic.cs.unb.ca.jnetpcap.FlowGenerator    FlagFIN current has 31 flow
2022-06-29 15:44:19 DEBUG cic.cs.unb.ca.jnetpcap.FlowGenerator    FlagFIN current has 31 flow
2022-06-29 15:44:24 DEBUG cic.cs.unb.ca.jnetpcap.FlowGenerator    FlagFIN current has 40 flow
2022-06-29 15:44:24 DEBUG cic.cs.unb.ca.jnetpcap.FlowGenerator    FlagFIN current has 40 flow
2022-06-29 15:44:52 DEBUG cic.cs.unb.ca.jnetpcap.FlowGenerator    FlagFIN current has 63 flow
2022-06-29 15:44:52 DEBUG cic.cs.unb.ca.jnetpcap.FlowGenerator    FlagFIN current has 63 flow
2022-06-29 15:44:52 DEBUG cic.cs.unb.ca.jnetpcap.FlowGenerator    FlagFIN current has 62 flow
2022-06-29 15:44:52 DEBUG cic.cs.unb.ca.jnetpcap.FlowGenerator    FlagFIN current has 62 flow
2022-06-29 15:44:53 DEBUG cic.cs.unb.ca.jnetpcap.FlowGenerator    FlagFIN current has 63 flow
2022-06-29 15:44:53 DEBUG cic.cs.unb.ca.jnetpcap.FlowGenerator    FlagFIN current has 63 flow
2022-06-29 15:45:00 DEBUG cic.cs.unb.ca.jnetpcap.FlowGenerator    FlagFIN current has 82 flow
2022-06-29 15:45:00 DEBUG cic.cs.unb.ca.jnetpcap.FlowGenerator    FlagFIN current has 81 flow
2022-06-29 15:45:00 DEBUG cic.cs.unb.ca.jnetpcap.FlowGenerator    FlagFIN current has 80 flow
2022-06-29 15:45:00 DEBUG cic.cs.unb.ca.jnetpcap.FlowGenerator    FlagFIN current has 81 flow
2022-06-29 15:45:00 DEBUG cic.cs.unb.ca.jnetpcap.FlowGenerator    FlagFIN current has 80 flow
2022-06-29 15:45:00 DEBUG cic.cs.unb.ca.jnetpcap.FlowGenerator    FlagFIN current has 79 flow
2022-06-29 15:45:00 DEBUG cic.cs.unb.ca.jnetpcap.FlowGenerator    FlagFIN current has 79 flow
2022-06-29 15:45:00 DEBUG cic.cs.unb.ca.jnetpcap.FlowGenerator    FlagFIN current has 80 flow
2022-06-29 15:45:00 DEBUG cic.cs.unb.ca.jnetpcap.FlowGenerator    FlagFIN current has 80 flow
2022-06-29 15:45:00 DEBUG cic.cs.unb.ca.jnetpcap.FlowGenerator    FlagFIN current has 79 flow
2022-06-29 15:45:11 DEBUG cic.cs.unb.ca.jnetpcap.FlowGenerator    FlagFIN current has 92 flow
2022-06-29 15:45:11 DEBUG cic.cs.unb.ca.jnetpcap.FlowGenerator    FlagFIN current has 92 flow
2022-06-29 15:45:15 DEBUG cic.cs.unb.ca.jnetpcap.FlowGenerator    FlagFIN current has 93 flow
2022-06-29 15:45:15 DEBUG cic.cs.unb.ca.jnetpcap.FlowGenerator    FlagFIN current has 92 flow
2022-06-29 15:45:15 DEBUG cic.cs.unb.ca.jnetpcap.FlowGenerator    FlagFIN current has 91 flow
2022-06-29 15:45:15 DEBUG cic.cs.unb.ca.jnetpcap.FlowGenerator    FlagFIN current has 90 flow
2022-06-29 15:45:15 DEBUG cic.cs.unb.ca.jnetpcap.FlowGenerator    FlagFIN current has 89 flow
2022-06-29 15:45:15 DEBUG cic.cs.unb.ca.jnetpcap.FlowGenerator    FlagFIN current has 88 flow
2022-06-29 15:45:15 DEBUG cic.cs.unb.ca.jnetpcap.FlowGenerator    FlagFIN current has 87 flow
2022-06-29 15:45:15 DEBUG cic.cs.unb.ca.jnetpcap.FlowGenerator    FlagFIN current has 86 flow
2022-06-29 15:45:15 DEBUG cic.cs.unb.ca.jnetpcap.FlowGenerator    FlagFIN current has 85 flow
2022-06-29 15:45:15 DEBUG cic.cs.unb.ca.jnetpcap.FlowGenerator    FlagFIN current has 84 flow
2022-06-29 15:45:15 DEBUG cic.cs.unb.ca.jnetpcap.FlowGenerator    FlagFIN current has 83 flow
2022-06-29 15:45:15 DEBUG cic.cs.unb.ca.jnetpcap.FlowGenerator    FlagFIN current has 82 flow
2022-06-29 15:45:15 DEBUG cic.cs.unb.ca.jnetpcap.FlowGenerator    FlagFIN current has 81 flow
2022-06-29 15:45:15 DEBUG cic.cs.unb.ca.jnetpcap.FlowGenerator    FlagFIN current has 80 flow
2022-06-29 15:45:15 DEBUG cic.cs.unb.ca.jnetpcap.FlowGenerator    FlagFIN current has 93 flow
2022-06-29 15:45:21 DEBUG cic.cs.unb.ca.jnetpcap.FlowGenerator    FlagFIN current has 104 flow
2022-06-29 15:45:21 DEBUG cic.cs.unb.ca.jnetpcap.FlowGenerator    FlagFIN current has 103 flow
2022-06-29 15:45:21 DEBUG cic.cs.unb.ca.jnetpcap.FlowGenerator    FlagFIN current has 102 flow
2022-06-29 15:45:21 DEBUG cic.cs.unb.ca.jnetpcap.FlowGenerator    FlagFIN current has 101 flow
2022-06-29 15:45:21 DEBUG cic.cs.unb.ca.jnetpcap.FlowGenerator    FlagFIN current has 100 flow
2022-06-29 15:45:21 DEBUG cic.cs.unb.ca.jnetpcap.FlowGenerator    FlagFIN current has 104 flow
2022-06-29 15:45:21 DEBUG cic.cs.unb.ca.jnetpcap.FlowGenerator    FlagFIN current has 103 flow
2022-06-29 15:45:21 DEBUG cic.cs.unb.ca.jnetpcap.FlowGenerator    FlagFIN current has 102 flow
2022-06-29 15:45:21 DEBUG cic.cs.unb.ca.jnetpcap.FlowGenerator    FlagFIN current has 101 flow
2022-06-29 15:45:21 DEBUG cic.cs.unb.ca.jnetpcap.FlowGenerator    FlagFIN current has 100 flow
2022-06-29 15:45:35 DEBUG cic.cs.unb.ca.jnetpcap.FlowGenerator    FlagFIN current has 111 flow
2022-06-29 15:45:35 DEBUG cic.cs.unb.ca.jnetpcap.FlowGenerator    FlagFIN current has 110 flow
2022-06-29 15:45:35 DEBUG cic.cs.unb.ca.jnetpcap.FlowGenerator    FlagFIN current has 109 flow
2022-06-29 15:45:35 DEBUG cic.cs.unb.ca.jnetpcap.FlowGenerator    FlagFIN current has 108 flow
2022-06-29 15:45:35 DEBUG cic.cs.unb.ca.jnetpcap.FlowGenerator    FlagFIN current has 107 flow
2022-06-29 15:45:35 DEBUG cic.cs.unb.ca.jnetpcap.FlowGenerator    FlagFIN current has 106 flow
2022-06-29 15:45:35 DEBUG cic.cs.unb.ca.jnetpcap.FlowGenerator    FlagFIN current has 105 flow
2022-06-29 15:45:35 DEBUG cic.cs.unb.ca.jnetpcap.FlowGenerator    FlagFIN current has 105 flow
2022-06-29 15:45:35 DEBUG cic.cs.unb.ca.jnetpcap.FlowGenerator    FlagFIN current has 106 flow
2022-06-29 15:45:35 DEBUG cic.cs.unb.ca.jnetpcap.FlowGenerator    FlagFIN current has 107 flow
2022-06-29 15:45:35 DEBUG cic.cs.unb.ca.jnetpcap.FlowGenerator    FlagFIN current has 113 flow
2022-06-29 15:45:49 DEBUG cic.cs.unb.ca.jnetpcap.FlowGenerator    FlagFIN current has 119 flow
2022-06-29 15:45:49 DEBUG cic.cs.unb.ca.jnetpcap.FlowGenerator    FlagFIN current has 119 flow
2022-06-29 15:45:49 DEBUG cic.cs.unb.ca.jnetpcap.FlowGenerator    FlagFIN current has 119 flow
2022-06-29 15:45:49 DEBUG cic.cs.unb.ca.jnetpcap.FlowGenerator    FlagFIN current has 119 flow
2022-06-29 15:45:56 DEBUG cic.cs.unb.ca.jnetpcap.FlowGenerator    FlagFIN current has 127 flow
2022-06-29 15:45:56 DEBUG cic.cs.unb.ca.jnetpcap.FlowGenerator    FlagFIN current has 126 flow
2022-06-29 15:45:56 DEBUG cic.cs.unb.ca.jnetpcap.FlowGenerator    FlagFIN current has 125 flow
2022-06-29 15:45:56 DEBUG cic.cs.unb.ca.jnetpcap.FlowGenerator    FlagFIN current has 128 flow
2022-06-29 15:45:56 DEBUG cic.cs.unb.ca.jnetpcap.FlowGenerator    FlagFIN current has 127 flow
2022-06-29 15:45:56 DEBUG cic.cs.unb.ca.jnetpcap.FlowGenerator    FlagFIN current has 126 flow
2022-06-29 15:45:56 DEBUG cic.cs.unb.ca.jnetpcap.FlowGenerator    FlagFIN current has 125 flow
2022-06-29 15:45:56 DEBUG cic.cs.unb.ca.jnetpcap.FlowGenerator    FlagFIN current has 124 flow
2022-06-29 15:45:56 DEBUG cic.cs.unb.ca.jnetpcap.FlowGenerator    FlagFIN current has 123 flow
2022-06-29 15:45:56 DEBUG cic.cs.unb.ca.jnetpcap.FlowGenerator    FlagFIN current has 122 flow
2022-06-29 15:45:56 DEBUG cic.cs.unb.ca.jnetpcap.FlowGenerator    FlagFIN current has 121 flow
2022-06-29 15:45:56 DEBUG cic.cs.unb.ca.jnetpcap.FlowGenerator    FlagFIN current has 120 flow
2022-06-29 15:45:56 DEBUG cic.cs.unb.ca.jnetpcap.FlowGenerator    FlagFIN current has 119 flow
2022-06-29 15:45:56 DEBUG cic.cs.unb.ca.jnetpcap.FlowGenerator    FlagFIN current has 119 flow
2022-06-29 15:45:56 DEBUG cic.cs.unb.ca.jnetpcap.FlowGenerator    FlagFIN current has 120 flow
2022-06-29 15:45:56 DEBUG cic.cs.unb.ca.jnetpcap.FlowGenerator    FlagFIN current has 120 flow
2022-06-29 15:45:56 DEBUG cic.cs.unb.ca.jnetpcap.FlowGenerator    FlagFIN current has 120 flow
2022-06-29 15:46:11 INFO  cic.cs.unb.ca.flow.ui.FlowMonitorPane    Pcap stop listening
2022-06-29 15:46:11 INFO  cic.cs.unb.ca.flow.ui.FlowMonitorPane    path:C:\Users\kiran\Desktop\Nokia\CICIDS\CICFlowMeter\bin\data\daily\2022-06-29_Flow.csv
2022-06-29 15:55:41 INFO  cic.cs.unb.ca.jnetpcap.worker.TrafficFlowWorker    Pcap is listening...
2022-06-29 15:55:52 DEBUG cic.cs.unb.ca.jnetpcap.FlowGenerator    FlagFIN current has 14 flow
2022-06-29 15:55:52 DEBUG cic.cs.unb.ca.jnetpcap.FlowGenerator    FlagFIN current has 14 flow
2022-06-29 15:55:57 INFO  cic.cs.unb.ca.flow.ui.FlowMonitorPane    Pcap stop listening
2022-06-29 15:55:57 INFO  cic.cs.unb.ca.flow.ui.FlowMonitorPane    path:C:\Users\kiran\Desktop\Nokia\CICIDS\CICFlowMeter\bin\data\daily\2022-06-29_Flow.csv
2022-06-29 15:56:12 INFO  cic.cs.unb.ca.jnetpcap.worker.TrafficFlowWorker    Pcap is listening...
2022-06-29 15:56:40 INFO  cic.cs.unb.ca.ifm.Cmd    Please select pcap!
2022-06-29 15:56:56 INFO  cic.cs.unb.ca.jnetpcap.worker.TrafficFlowWorker    Pcap is listening...
2022-06-29 15:57:03 DEBUG cic.cs.unb.ca.jnetpcap.FlowGenerator    FlagFIN current has 8 flow
2022-06-29 15:57:03 DEBUG cic.cs.unb.ca.jnetpcap.FlowGenerator    FlagFIN current has 8 flow
2022-06-29 15:57:03 DEBUG cic.cs.unb.ca.jnetpcap.FlowGenerator    FlagFIN current has 8 flow
2022-06-29 15:57:03 DEBUG cic.cs.unb.ca.jnetpcap.FlowGenerator    FlagFIN current has 13 flow
2022-06-29 15:57:10 DEBUG cic.cs.unb.ca.jnetpcap.FlowGenerator    FlagFIN current has 13 flow
2022-06-29 15:57:11 DEBUG cic.cs.unb.ca.jnetpcap.FlowGenerator    FlagFIN current has 34 flow
2022-06-29 15:57:11 DEBUG cic.cs.unb.ca.jnetpcap.FlowGenerator    FlagFIN current has 33 flow
2022-06-29 15:57:11 DEBUG cic.cs.unb.ca.jnetpcap.FlowGenerator    FlagFIN current has 32 flow
2022-06-29 15:57:11 DEBUG cic.cs.unb.ca.jnetpcap.FlowGenerator    FlagFIN current has 34 flow
2022-06-29 15:57:11 DEBUG cic.cs.unb.ca.jnetpcap.FlowGenerator    FlagFIN current has 33 flow
2022-06-29 15:57:11 DEBUG cic.cs.unb.ca.jnetpcap.FlowGenerator    FlagFIN current has 32 flow
2022-06-29 15:57:11 DEBUG cic.cs.unb.ca.jnetpcap.FlowGenerator    FlagFIN current has 32 flow
2022-06-29 15:57:11 DEBUG cic.cs.unb.ca.jnetpcap.FlowGenerator    FlagFIN current has 33 flow
2022-06-29 15:57:11 DEBUG cic.cs.unb.ca.jnetpcap.FlowGenerator    FlagFIN current has 32 flow
2022-06-29 15:57:20 DEBUG cic.cs.unb.ca.jnetpcap.FlowGenerator    FlagFIN current has 40 flow
2022-06-29 15:57:20 DEBUG cic.cs.unb.ca.jnetpcap.FlowGenerator    FlagFIN current has 39 flow
2022-06-29 15:57:20 DEBUG cic.cs.unb.ca.jnetpcap.FlowGenerator    FlagFIN current has 38 flow
2022-06-29 15:57:20 DEBUG cic.cs.unb.ca.jnetpcap.FlowGenerator    FlagFIN current has 37 flow
2022-06-29 15:57:20 DEBUG cic.cs.unb.ca.jnetpcap.FlowGenerator    FlagFIN current has 36 flow
2022-06-29 15:57:20 DEBUG cic.cs.unb.ca.jnetpcap.FlowGenerator    FlagFIN current has 35 flow
2022-06-29 15:57:20 DEBUG cic.cs.unb.ca.jnetpcap.FlowGenerator    FlagFIN current has 34 flow
2022-06-29 15:57:20 DEBUG cic.cs.unb.ca.jnetpcap.FlowGenerator    FlagFIN current has 33 flow
2022-06-29 15:57:20 DEBUG cic.cs.unb.ca.jnetpcap.FlowGenerator    FlagFIN current has 32 flow
2022-06-29 15:57:20 DEBUG cic.cs.unb.ca.jnetpcap.FlowGenerator    FlagFIN current has 40 flow
2022-06-29 15:57:20 DEBUG cic.cs.unb.ca.jnetpcap.FlowGenerator    FlagFIN current has 43 flow
2022-06-29 15:57:20 DEBUG cic.cs.unb.ca.jnetpcap.FlowGenerator    FlagFIN current has 43 flow
2022-06-29 15:57:20 DEBUG cic.cs.unb.ca.jnetpcap.FlowGenerator    FlagFIN current has 44 flow
2022-06-29 15:57:20 DEBUG cic.cs.unb.ca.jnetpcap.FlowGenerator    FlagFIN current has 44 flow
2022-06-29 15:57:31 INFO  cic.cs.unb.ca.flow.ui.FlowMonitorPane    Pcap stop listening
2022-06-29 15:57:31 INFO  cic.cs.unb.ca.flow.ui.FlowMonitorPane    path:C:\Users\kiran\Desktop\Nokia\CICIDS\CICFlowMeter\bin\data\daily\2022-06-29_Flow.csv
2022-06-29 18:07:19 INFO  cic.cs.unb.ca.jnetpcap.worker.TrafficFlowWorker    Pcap is listening...
2022-06-29 18:07:37 INFO  cic.cs.unb.ca.flow.ui.FlowMonitorPane    Pcap stop listening
2022-06-29 18:07:37 INFO  cic.cs.unb.ca.flow.ui.FlowMonitorPane    path:C:\Users\kiran\Desktop\Nokia\CICIDS\CICFlowMeter\bin\data\daily\2022-06-29_Flow.csv
2022-06-29 18:07:49 INFO  cic.cs.unb.ca.jnetpcap.worker.TrafficFlowWorker    Pcap is listening...
2022-06-29 18:08:15 INFO  cic.cs.unb.ca.jnetpcap.worker.TrafficFlowWorker    Pcap is listening...
2022-06-29 18:08:37 DEBUG cic.cs.unb.ca.jnetpcap.FlowGenerator    FlagFIN current has 40 flow
2022-06-29 18:08:37 DEBUG cic.cs.unb.ca.jnetpcap.FlowGenerator    FlagFIN current has 39 flow
2022-06-29 18:08:37 DEBUG cic.cs.unb.ca.jnetpcap.FlowGenerator    FlagFIN current has 38 flow
2022-06-29 18:08:37 DEBUG cic.cs.unb.ca.jnetpcap.FlowGenerator    FlagFIN current has 38 flow
2022-06-29 18:08:37 DEBUG cic.cs.unb.ca.jnetpcap.FlowGenerator    FlagFIN current has 37 flow
2022-06-29 18:08:37 DEBUG cic.cs.unb.ca.jnetpcap.FlowGenerator    FlagFIN current has 36 flow
2022-06-29 18:08:37 DEBUG cic.cs.unb.ca.jnetpcap.FlowGenerator    FlagFIN current has 37 flow
2022-06-29 18:08:37 DEBUG cic.cs.unb.ca.jnetpcap.FlowGenerator    FlagFIN current has 36 flow
2022-06-29 18:08:37 DEBUG cic.cs.unb.ca.jnetpcap.FlowGenerator    FlagFIN current has 38 flow
2022-06-29 18:08:37 DEBUG cic.cs.unb.ca.jnetpcap.FlowGenerator    FlagFIN current has 37 flow
2022-06-29 18:08:37 DEBUG cic.cs.unb.ca.jnetpcap.FlowGenerator    FlagFIN current has 37 flow
2022-06-29 18:08:39 INFO  cic.cs.unb.ca.flow.ui.FlowMonitorPane    Pcap stop listening
2022-06-29 18:08:39 INFO  cic.cs.unb.ca.flow.ui.FlowMonitorPane    path:C:\Users\kiran\Desktop\Nokia\CICIDS\CICFlowMeter\bin\data\daily\2022-06-29_Flow.csv
2022-06-29 18:08:39 DEBUG cic.cs.unb.ca.jnetpcap.worker.TrafficFlowWorker    break Packet loop
