2022-10-28 09:41:38 INFO  cic.cs.unb.ca.jnetpcap.worker.TrafficFlowWorker    Pcap is listening...
2022-10-28 09:41:51 DEBUG cic.cs.unb.ca.jnetpcap.FlowGenerator    FlagFIN current has 30 flow
2022-10-28 09:41:51 DEBUG cic.cs.unb.ca.jnetpcap.FlowGenerator    FlagFIN current has 29 flow
2022-10-28 09:42:15 DEBUG cic.cs.unb.ca.jnetpcap.FlowGenerator    FlagFIN current has 58 flow
2022-10-28 09:42:15 DEBUG cic.cs.unb.ca.jnetpcap.FlowGenerator    FlagFIN current has 57 flow
2022-10-28 09:42:15 DEBUG cic.cs.unb.ca.jnetpcap.FlowGenerator    FlagFIN current has 56 flow
2022-10-28 09:42:15 DEBUG cic.cs.unb.ca.jnetpcap.FlowGenerator    FlagFIN current has 55 flow
2022-10-28 09:42:15 DEBUG cic.cs.unb.ca.jnetpcap.FlowGenerator    FlagFIN current has 54 flow
2022-10-28 09:42:15 DEBUG cic.cs.unb.ca.jnetpcap.FlowGenerator    FlagFIN current has 53 flow
2022-10-28 09:42:15 DEBUG cic.cs.unb.ca.jnetpcap.FlowGenerator    FlagFIN current has 52 flow
2022-10-28 09:42:15 DEBUG cic.cs.unb.ca.jnetpcap.FlowGenerator    FlagFIN current has 51 flow
2022-10-28 09:42:15 DEBUG cic.cs.unb.ca.jnetpcap.FlowGenerator    FlagFIN current has 50 flow
2022-10-28 09:42:15 DEBUG cic.cs.unb.ca.jnetpcap.FlowGenerator    FlagFIN current has 51 flow
2022-10-28 09:42:15 DEBUG cic.cs.unb.ca.jnetpcap.FlowGenerator    FlagFIN current has 50 flow
2022-10-28 09:42:15 DEBUG cic.cs.unb.ca.jnetpcap.FlowGenerator    FlagFIN current has 49 flow
2022-10-28 09:42:15 DEBUG cic.cs.unb.ca.jnetpcap.FlowGenerator    FlagFIN current has 48 flow
2022-10-28 09:42:15 DEBUG cic.cs.unb.ca.jnetpcap.FlowGenerator    FlagFIN current has 47 flow
2022-10-28 09:42:15 DEBUG cic.cs.unb.ca.jnetpcap.FlowGenerator    FlagFIN current has 46 flow
2022-10-28 09:42:15 DEBUG cic.cs.unb.ca.jnetpcap.FlowGenerator    FlagFIN current has 45 flow
2022-10-28 09:42:15 DEBUG cic.cs.unb.ca.jnetpcap.FlowGenerator    FlagFIN current has 44 flow
2022-10-28 09:42:15 DEBUG cic.cs.unb.ca.jnetpcap.FlowGenerator    FlagFIN current has 43 flow
2022-10-28 09:42:15 DEBUG cic.cs.unb.ca.jnetpcap.FlowGenerator    FlagFIN current has 42 flow
2022-10-28 09:42:15 DEBUG cic.cs.unb.ca.jnetpcap.FlowGenerator    FlagFIN current has 41 flow
2022-10-28 09:42:15 DEBUG cic.cs.unb.ca.jnetpcap.FlowGenerator    FlagFIN current has 40 flow
2022-10-28 09:42:15 DEBUG cic.cs.unb.ca.jnetpcap.FlowGenerator    FlagFIN current has 39 flow
2022-10-28 09:42:15 DEBUG cic.cs.unb.ca.jnetpcap.FlowGenerator    FlagFIN current has 38 flow
2022-10-28 09:42:15 DEBUG cic.cs.unb.ca.jnetpcap.FlowGenerator    FlagFIN current has 37 flow
2022-10-28 09:42:15 DEBUG cic.cs.unb.ca.jnetpcap.FlowGenerator    FlagFIN current has 36 flow
2022-10-28 09:42:15 DEBUG cic.cs.unb.ca.jnetpcap.FlowGenerator    FlagFIN current has 36 flow
2022-10-28 09:42:15 DEBUG cic.cs.unb.ca.jnetpcap.FlowGenerator    FlagFIN current has 36 flow
2022-10-28 09:42:15 DEBUG cic.cs.unb.ca.jnetpcap.FlowGenerator    FlagFIN current has 41 flow
2022-10-28 09:42:15 DEBUG cic.cs.unb.ca.jnetpcap.FlowGenerator    FlagFIN current has 41 flow
2022-10-28 09:42:15 DEBUG cic.cs.unb.ca.jnetpcap.FlowGenerator    FlagFIN current has 42 flow
2022-10-28 09:42:15 DEBUG cic.cs.unb.ca.jnetpcap.FlowGenerator    FlagFIN current has 46 flow
2022-10-28 09:42:15 DEBUG cic.cs.unb.ca.jnetpcap.FlowGenerator    FlagFIN current has 50 flow
2022-10-28 09:42:15 DEBUG cic.cs.unb.ca.jnetpcap.FlowGenerator    FlagFIN current has 51 flow
2022-10-28 09:42:15 DEBUG cic.cs.unb.ca.jnetpcap.FlowGenerator    FlagFIN current has 50 flow
2022-10-28 09:42:15 DEBUG cic.cs.unb.ca.jnetpcap.FlowGenerator    FlagFIN current has 49 flow
2022-10-28 09:42:15 DEBUG cic.cs.unb.ca.jnetpcap.FlowGenerator    FlagFIN current has 50 flow
2022-10-28 09:42:15 DEBUG cic.cs.unb.ca.jnetpcap.FlowGenerator    FlagFIN current has 51 flow
2022-10-28 09:42:15 DEBUG cic.cs.unb.ca.jnetpcap.FlowGenerator    FlagFIN current has 52 flow
2022-10-28 09:42:15 DEBUG cic.cs.unb.ca.jnetpcap.FlowGenerator    FlagFIN current has 53 flow
2022-10-28 09:42:18 DEBUG cic.cs.unb.ca.jnetpcap.FlowGenerator    FlagFIN current has 74 flow
2022-10-28 09:42:18 DEBUG cic.cs.unb.ca.jnetpcap.FlowGenerator    FlagFIN current has 73 flow
2022-10-28 09:42:18 DEBUG cic.cs.unb.ca.jnetpcap.FlowGenerator    FlagFIN current has 72 flow
2022-10-28 09:42:18 DEBUG cic.cs.unb.ca.jnetpcap.FlowGenerator    FlagFIN current has 71 flow
2022-10-28 09:42:18 DEBUG cic.cs.unb.ca.jnetpcap.FlowGenerator    FlagFIN current has 70 flow
2022-10-28 09:42:18 DEBUG cic.cs.unb.ca.jnetpcap.FlowGenerator    FlagFIN current has 73 flow
2022-10-28 09:42:18 DEBUG cic.cs.unb.ca.jnetpcap.FlowGenerator    FlagFIN current has 72 flow
2022-10-28 09:42:18 DEBUG cic.cs.unb.ca.jnetpcap.FlowGenerator    FlagFIN current has 72 flow
2022-10-28 09:42:18 DEBUG cic.cs.unb.ca.jnetpcap.FlowGenerator    FlagFIN current has 71 flow
2022-10-28 09:42:18 DEBUG cic.cs.unb.ca.jnetpcap.FlowGenerator    FlagFIN current has 74 flow
2022-10-28 09:42:19 DEBUG cic.cs.unb.ca.jnetpcap.FlowGenerator    FlagFIN current has 78 flow
2022-10-28 09:42:19 DEBUG cic.cs.unb.ca.jnetpcap.FlowGenerator    FlagFIN current has 78 flow
2022-10-28 09:42:26 DEBUG cic.cs.unb.ca.jnetpcap.FlowGenerator    FlagFIN current has 77 flow
2022-10-28 09:42:26 DEBUG cic.cs.unb.ca.jnetpcap.FlowGenerator    FlagFIN current has 76 flow
2022-10-28 09:42:26 DEBUG cic.cs.unb.ca.jnetpcap.FlowGenerator    FlagFIN current has 75 flow
2022-10-28 09:42:26 DEBUG cic.cs.unb.ca.jnetpcap.FlowGenerator    FlagFIN current has 74 flow
2022-10-28 09:42:26 DEBUG cic.cs.unb.ca.jnetpcap.FlowGenerator    FlagFIN current has 73 flow
2022-10-28 09:42:26 DEBUG cic.cs.unb.ca.jnetpcap.FlowGenerator    FlagFIN current has 72 flow
2022-10-28 09:42:26 DEBUG cic.cs.unb.ca.jnetpcap.FlowGenerator    FlagFIN current has 71 flow
2022-10-28 09:42:26 DEBUG cic.cs.unb.ca.jnetpcap.FlowGenerator    FlagFIN current has 70 flow
2022-10-28 09:42:26 DEBUG cic.cs.unb.ca.jnetpcap.FlowGenerator    FlagFIN current has 69 flow
2022-10-28 09:42:26 DEBUG cic.cs.unb.ca.jnetpcap.FlowGenerator    FlagFIN current has 69 flow
2022-10-28 09:42:26 DEBUG cic.cs.unb.ca.jnetpcap.FlowGenerator    FlagFIN current has 68 flow
2022-10-28 09:42:26 DEBUG cic.cs.unb.ca.jnetpcap.FlowGenerator    FlagFIN current has 67 flow
2022-10-28 09:42:26 DEBUG cic.cs.unb.ca.jnetpcap.FlowGenerator    FlagFIN current has 66 flow
2022-10-28 09:42:26 DEBUG cic.cs.unb.ca.jnetpcap.FlowGenerator    FlagFIN current has 65 flow
2022-10-28 09:42:26 DEBUG cic.cs.unb.ca.jnetpcap.FlowGenerator    FlagFIN current has 67 flow
2022-10-28 09:42:26 DEBUG cic.cs.unb.ca.jnetpcap.FlowGenerator    FlagFIN current has 68 flow
2022-10-28 09:42:26 DEBUG cic.cs.unb.ca.jnetpcap.FlowGenerator    FlagFIN current has 69 flow
2022-10-28 09:42:38 DEBUG cic.cs.unb.ca.jnetpcap.FlowGenerator    FlagFIN current has 80 flow
2022-10-28 09:42:38 DEBUG cic.cs.unb.ca.jnetpcap.FlowGenerator    FlagFIN current has 80 flow
2022-10-28 09:42:38 DEBUG cic.cs.unb.ca.jnetpcap.FlowGenerator    FlagFIN current has 79 flow
2022-10-28 09:42:38 DEBUG cic.cs.unb.ca.jnetpcap.FlowGenerator    FlagFIN current has 79 flow
2022-10-28 09:42:41 DEBUG cic.cs.unb.ca.jnetpcap.FlowGenerator    FlagFIN current has 81 flow
2022-10-28 09:42:41 DEBUG cic.cs.unb.ca.jnetpcap.FlowGenerator    FlagFIN current has 81 flow
2022-10-28 09:44:41 INFO  cic.cs.unb.ca.flow.ui.FlowMonitorPane    Pcap stop listening
2022-10-28 09:44:41 INFO  cic.cs.unb.ca.flow.ui.FlowMonitorPane    path:D:\Projects\Nokia\Network Intrusion Detection System\CICIDS\CICFlowMeter\bin\data\daily\2022-10-28_Flow.csv
2022-10-28 09:47:18 INFO  cic.cs.unb.ca.jnetpcap.worker.TrafficFlowWorker    Pcap is listening...
2022-10-28 09:47:24 DEBUG cic.cs.unb.ca.jnetpcap.FlowGenerator    FlagFIN current has 23 flow
2022-10-28 09:47:24 DEBUG cic.cs.unb.ca.jnetpcap.FlowGenerator    FlagFIN current has 22 flow
2022-10-28 09:47:24 DEBUG cic.cs.unb.ca.jnetpcap.FlowGenerator    FlagFIN current has 21 flow
2022-10-28 09:47:24 DEBUG cic.cs.unb.ca.jnetpcap.FlowGenerator    FlagFIN current has 20 flow
2022-10-28 09:47:24 DEBUG cic.cs.unb.ca.jnetpcap.FlowGenerator    FlagFIN current has 19 flow
2022-10-28 09:47:25 DEBUG cic.cs.unb.ca.jnetpcap.FlowGenerator    FlagFIN current has 23 flow
2022-10-28 09:47:25 DEBUG cic.cs.unb.ca.jnetpcap.FlowGenerator    FlagFIN current has 22 flow
2022-10-28 09:47:25 DEBUG cic.cs.unb.ca.jnetpcap.FlowGenerator    FlagFIN current has 21 flow
2022-10-28 09:47:25 DEBUG cic.cs.unb.ca.jnetpcap.FlowGenerator    FlagFIN current has 24 flow
2022-10-28 09:47:25 DEBUG cic.cs.unb.ca.jnetpcap.FlowGenerator    FlagFIN current has 23 flow
2022-10-28 09:47:36 DEBUG cic.cs.unb.ca.jnetpcap.FlowGenerator    FlagFIN current has 63 flow
2022-10-28 09:47:36 DEBUG cic.cs.unb.ca.jnetpcap.FlowGenerator    FlagFIN current has 63 flow
2022-10-28 09:47:36 DEBUG cic.cs.unb.ca.jnetpcap.FlowGenerator    FlagFIN current has 63 flow
2022-10-28 09:47:38 DEBUG cic.cs.unb.ca.jnetpcap.FlowGenerator    FlagFIN current has 65 flow
2022-10-28 09:47:38 DEBUG cic.cs.unb.ca.jnetpcap.FlowGenerator    FlagFIN current has 65 flow
2022-10-28 09:47:38 DEBUG cic.cs.unb.ca.jnetpcap.FlowGenerator    FlagFIN current has 64 flow
2022-10-28 09:47:38 DEBUG cic.cs.unb.ca.jnetpcap.FlowGenerator    FlagFIN current has 63 flow
2022-10-28 09:47:38 DEBUG cic.cs.unb.ca.jnetpcap.FlowGenerator    FlagFIN current has 62 flow
2022-10-28 09:47:38 DEBUG cic.cs.unb.ca.jnetpcap.FlowGenerator    FlagFIN current has 61 flow
2022-10-28 09:47:38 DEBUG cic.cs.unb.ca.jnetpcap.FlowGenerator    FlagFIN current has 60 flow
2022-10-28 09:47:38 DEBUG cic.cs.unb.ca.jnetpcap.FlowGenerator    FlagFIN current has 59 flow
2022-10-28 09:47:38 DEBUG cic.cs.unb.ca.jnetpcap.FlowGenerator    FlagFIN current has 58 flow
2022-10-28 09:47:38 DEBUG cic.cs.unb.ca.jnetpcap.FlowGenerator    FlagFIN current has 57 flow
2022-10-28 09:47:38 DEBUG cic.cs.unb.ca.jnetpcap.FlowGenerator    FlagFIN current has 56 flow
2022-10-28 09:47:38 DEBUG cic.cs.unb.ca.jnetpcap.FlowGenerator    FlagFIN current has 55 flow
2022-10-28 09:47:38 DEBUG cic.cs.unb.ca.jnetpcap.FlowGenerator    FlagFIN current has 54 flow
2022-10-28 09:47:38 DEBUG cic.cs.unb.ca.jnetpcap.FlowGenerator    FlagFIN current has 53 flow
2022-10-28 09:47:38 DEBUG cic.cs.unb.ca.jnetpcap.FlowGenerator    FlagFIN current has 52 flow
2022-10-28 09:47:38 DEBUG cic.cs.unb.ca.jnetpcap.FlowGenerator    FlagFIN current has 51 flow
2022-10-28 09:47:38 DEBUG cic.cs.unb.ca.jnetpcap.FlowGenerator    FlagFIN current has 50 flow
2022-10-28 09:47:38 DEBUG cic.cs.unb.ca.jnetpcap.FlowGenerator    FlagFIN current has 49 flow
2022-10-28 09:47:39 DEBUG cic.cs.unb.ca.jnetpcap.FlowGenerator    FlagFIN current has 49 flow
2022-10-28 09:47:39 DEBUG cic.cs.unb.ca.jnetpcap.FlowGenerator    FlagFIN current has 48 flow
2022-10-28 09:47:39 DEBUG cic.cs.unb.ca.jnetpcap.FlowGenerator    FlagFIN current has 47 flow
2022-10-28 09:47:39 DEBUG cic.cs.unb.ca.jnetpcap.FlowGenerator    FlagFIN current has 46 flow
2022-10-28 09:47:39 DEBUG cic.cs.unb.ca.jnetpcap.FlowGenerator    FlagFIN current has 45 flow
2022-10-28 09:47:39 DEBUG cic.cs.unb.ca.jnetpcap.FlowGenerator    FlagFIN current has 44 flow
2022-10-28 09:47:39 DEBUG cic.cs.unb.ca.jnetpcap.FlowGenerator    FlagFIN current has 43 flow
2022-10-28 09:47:39 DEBUG cic.cs.unb.ca.jnetpcap.FlowGenerator    FlagFIN current has 42 flow
2022-10-28 09:47:39 DEBUG cic.cs.unb.ca.jnetpcap.FlowGenerator    FlagFIN current has 51 flow
2022-10-28 09:47:39 DEBUG cic.cs.unb.ca.jnetpcap.FlowGenerator    FlagFIN current has 50 flow
2022-10-28 09:47:39 DEBUG cic.cs.unb.ca.jnetpcap.FlowGenerator    FlagFIN current has 49 flow
2022-10-28 09:47:39 DEBUG cic.cs.unb.ca.jnetpcap.FlowGenerator    FlagFIN current has 56 flow
2022-10-28 09:47:39 DEBUG cic.cs.unb.ca.jnetpcap.FlowGenerator    FlagFIN current has 57 flow
2022-10-28 09:47:39 DEBUG cic.cs.unb.ca.jnetpcap.FlowGenerator    FlagFIN current has 59 flow
2022-10-28 09:47:39 DEBUG cic.cs.unb.ca.jnetpcap.FlowGenerator    FlagFIN current has 59 flow
2022-10-28 09:47:52 DEBUG cic.cs.unb.ca.jnetpcap.FlowGenerator    FlagFIN current has 66 flow
2022-10-28 09:47:52 DEBUG cic.cs.unb.ca.jnetpcap.FlowGenerator    FlagFIN current has 66 flow
2022-10-28 09:47:55 DEBUG cic.cs.unb.ca.jnetpcap.FlowGenerator    FlagFIN current has 67 flow
2022-10-28 09:47:55 DEBUG cic.cs.unb.ca.jnetpcap.FlowGenerator    FlagFIN current has 67 flow
2022-10-28 09:47:58 DEBUG cic.cs.unb.ca.jnetpcap.FlowGenerator    FlagFIN current has 70 flow
2022-10-28 09:47:58 DEBUG cic.cs.unb.ca.jnetpcap.FlowGenerator    FlagFIN current has 70 flow
2022-10-28 09:47:58 DEBUG cic.cs.unb.ca.jnetpcap.FlowGenerator    FlagFIN current has 72 flow
2022-10-28 09:47:58 DEBUG cic.cs.unb.ca.jnetpcap.FlowGenerator    FlagFIN current has 73 flow
2022-10-28 09:47:58 DEBUG cic.cs.unb.ca.jnetpcap.FlowGenerator    FlagFIN current has 74 flow
2022-10-28 09:47:58 DEBUG cic.cs.unb.ca.jnetpcap.FlowGenerator    FlagFIN current has 76 flow
2022-10-28 09:47:58 DEBUG cic.cs.unb.ca.jnetpcap.FlowGenerator    FlagFIN current has 77 flow
2022-10-28 09:47:58 DEBUG cic.cs.unb.ca.jnetpcap.FlowGenerator    FlagFIN current has 77 flow
2022-10-28 09:47:59 DEBUG cic.cs.unb.ca.jnetpcap.FlowGenerator    FlagFIN current has 77 flow
2022-10-28 09:48:00 DEBUG cic.cs.unb.ca.jnetpcap.FlowGenerator    FlagFIN current has 77 flow
2022-10-28 09:48:00 DEBUG cic.cs.unb.ca.jnetpcap.FlowGenerator    FlagFIN current has 77 flow
2022-10-28 09:48:00 DEBUG cic.cs.unb.ca.jnetpcap.FlowGenerator    FlagFIN current has 79 flow
2022-10-28 09:48:00 DEBUG cic.cs.unb.ca.jnetpcap.FlowGenerator    FlagFIN current has 80 flow
2022-10-28 09:48:01 DEBUG cic.cs.unb.ca.jnetpcap.FlowGenerator    FlagFIN current has 80 flow
2022-10-28 09:48:01 DEBUG cic.cs.unb.ca.jnetpcap.FlowGenerator    FlagFIN current has 80 flow
2022-10-28 09:48:01 DEBUG cic.cs.unb.ca.jnetpcap.FlowGenerator    FlagFIN current has 79 flow
2022-10-28 09:48:01 DEBUG cic.cs.unb.ca.jnetpcap.FlowGenerator    FlagFIN current has 82 flow
2022-10-28 09:48:01 DEBUG cic.cs.unb.ca.jnetpcap.FlowGenerator    FlagFIN current has 84 flow
2022-10-28 09:48:01 DEBUG cic.cs.unb.ca.jnetpcap.FlowGenerator    FlagFIN current has 84 flow
2022-10-28 09:48:01 DEBUG cic.cs.unb.ca.jnetpcap.FlowGenerator    FlagFIN current has 84 flow
2022-10-28 09:48:02 DEBUG cic.cs.unb.ca.jnetpcap.FlowGenerator    FlagFIN current has 84 flow
2022-10-28 09:48:02 DEBUG cic.cs.unb.ca.jnetpcap.FlowGenerator    FlagFIN current has 86 flow
2022-10-28 09:48:03 DEBUG cic.cs.unb.ca.jnetpcap.FlowGenerator    FlagFIN current has 88 flow
2022-10-28 09:48:03 DEBUG cic.cs.unb.ca.jnetpcap.FlowGenerator    FlagFIN current has 88 flow
2022-10-28 09:48:03 DEBUG cic.cs.unb.ca.jnetpcap.FlowGenerator    FlagFIN current has 87 flow
2022-10-28 09:48:03 DEBUG cic.cs.unb.ca.jnetpcap.FlowGenerator    FlagFIN current has 87 flow
2022-10-28 09:48:03 DEBUG cic.cs.unb.ca.jnetpcap.FlowGenerator    FlagFIN current has 92 flow
2022-10-28 09:48:04 DEBUG cic.cs.unb.ca.jnetpcap.FlowGenerator    FlagFIN current has 94 flow
2022-10-28 09:48:04 DEBUG cic.cs.unb.ca.jnetpcap.FlowGenerator    FlagFIN current has 94 flow
2022-10-28 09:48:04 DEBUG cic.cs.unb.ca.jnetpcap.FlowGenerator    FlagFIN current has 93 flow
2022-10-28 09:48:04 DEBUG cic.cs.unb.ca.jnetpcap.FlowGenerator    FlagFIN current has 93 flow
2022-10-28 09:48:05 DEBUG cic.cs.unb.ca.jnetpcap.FlowGenerator    FlagFIN current has 98 flow
2022-10-28 09:48:05 DEBUG cic.cs.unb.ca.jnetpcap.FlowGenerator    FlagFIN current has 97 flow
2022-10-28 09:48:05 DEBUG cic.cs.unb.ca.jnetpcap.FlowGenerator    FlagFIN current has 100 flow
2022-10-28 09:48:05 DEBUG cic.cs.unb.ca.jnetpcap.FlowGenerator    FlagFIN current has 101 flow
2022-10-28 09:48:05 DEBUG cic.cs.unb.ca.jnetpcap.FlowGenerator    FlagFIN current has 101 flow
2022-10-28 09:48:05 DEBUG cic.cs.unb.ca.jnetpcap.FlowGenerator    FlagFIN current has 101 flow
2022-10-28 09:48:05 DEBUG cic.cs.unb.ca.jnetpcap.FlowGenerator    FlagFIN current has 101 flow
2022-10-28 09:48:06 DEBUG cic.cs.unb.ca.jnetpcap.FlowGenerator    FlagFIN current has 102 flow
2022-10-28 09:48:06 DEBUG cic.cs.unb.ca.jnetpcap.FlowGenerator    FlagFIN current has 103 flow
2022-10-28 09:48:06 DEBUG cic.cs.unb.ca.jnetpcap.FlowGenerator    FlagFIN current has 104 flow
2022-10-28 09:48:07 DEBUG cic.cs.unb.ca.jnetpcap.FlowGenerator    FlagFIN current has 105 flow
2022-10-28 09:48:07 DEBUG cic.cs.unb.ca.jnetpcap.FlowGenerator    FlagFIN current has 104 flow
2022-10-28 09:48:07 DEBUG cic.cs.unb.ca.jnetpcap.FlowGenerator    FlagFIN current has 107 flow
2022-10-28 09:48:08 DEBUG cic.cs.unb.ca.jnetpcap.FlowGenerator    FlagFIN current has 109 flow
2022-10-28 09:48:08 DEBUG cic.cs.unb.ca.jnetpcap.FlowGenerator    FlagFIN current has 111 flow
2022-10-28 09:48:08 DEBUG cic.cs.unb.ca.jnetpcap.FlowGenerator    FlagFIN current has 128 flow
2022-10-28 09:48:08 DEBUG cic.cs.unb.ca.jnetpcap.FlowGenerator    FlagFIN current has 129 flow
2022-10-28 09:48:10 DEBUG cic.cs.unb.ca.jnetpcap.FlowGenerator    FlagFIN current has 130 flow
2022-10-28 09:49:07 DEBUG cic.cs.unb.ca.jnetpcap.FlowGenerator    FlagFIN current has 144 flow
2022-10-28 09:49:39 DEBUG cic.cs.unb.ca.jnetpcap.FlowGenerator    FlagFIN current has 152 flow
2022-10-28 09:49:51 DEBUG cic.cs.unb.ca.jnetpcap.FlowGenerator    FlagFIN current has 155 flow
2022-10-28 09:49:51 DEBUG cic.cs.unb.ca.jnetpcap.FlowGenerator    FlagFIN current has 157 flow
2022-10-28 09:49:51 DEBUG cic.cs.unb.ca.jnetpcap.FlowGenerator    FlagFIN current has 157 flow
2022-10-28 09:49:51 DEBUG cic.cs.unb.ca.jnetpcap.FlowGenerator    FlagFIN current has 157 flow
2022-10-28 09:49:51 DEBUG cic.cs.unb.ca.jnetpcap.FlowGenerator    FlagFIN current has 156 flow
2022-10-28 09:49:51 DEBUG cic.cs.unb.ca.jnetpcap.FlowGenerator    FlagFIN current has 155 flow
2022-10-28 09:49:51 DEBUG cic.cs.unb.ca.jnetpcap.FlowGenerator    FlagFIN current has 154 flow
2022-10-28 09:49:51 DEBUG cic.cs.unb.ca.jnetpcap.FlowGenerator    FlagFIN current has 153 flow
2022-10-28 09:49:51 DEBUG cic.cs.unb.ca.jnetpcap.FlowGenerator    FlagFIN current has 153 flow
2022-10-28 09:49:54 INFO  cic.cs.unb.ca.flow.ui.FlowMonitorPane    Pcap stop listening
2022-10-28 09:49:54 INFO  cic.cs.unb.ca.flow.ui.FlowMonitorPane    path:D:\Projects\Nokia\Network Intrusion Detection System\CICIDS\CICFlowMeter\bin\data\daily\2022-10-28_Flow.csv
2022-10-28 09:50:15 DEBUG cic.cs.unb.ca.jnetpcap.worker.TrafficFlowWorker    break Packet loop
2022-10-28 09:53:12 INFO  cic.cs.unb.ca.jnetpcap.worker.TrafficFlowWorker    Pcap is listening...
2022-10-28 09:53:31 DEBUG cic.cs.unb.ca.jnetpcap.FlowGenerator    FlagFIN current has 4 flow
2022-10-28 09:53:31 DEBUG cic.cs.unb.ca.jnetpcap.FlowGenerator    FlagFIN current has 4 flow
2022-10-28 09:53:33 DEBUG cic.cs.unb.ca.jnetpcap.FlowGenerator    FlagFIN current has 6 flow
2022-10-28 09:53:33 DEBUG cic.cs.unb.ca.jnetpcap.FlowGenerator    FlagFIN current has 6 flow
2022-10-28 09:55:33 DEBUG cic.cs.unb.ca.jnetpcap.FlowGenerator    FlagFIN current has 27 flow
2022-10-28 09:55:33 DEBUG cic.cs.unb.ca.jnetpcap.FlowGenerator    FlagFIN current has 27 flow
2022-10-28 09:56:03 DEBUG cic.cs.unb.ca.jnetpcap.FlowGenerator    FlagFIN current has 31 flow
2022-10-28 09:56:03 DEBUG cic.cs.unb.ca.jnetpcap.FlowGenerator    FlagFIN current has 31 flow
2022-10-28 09:56:03 DEBUG cic.cs.unb.ca.jnetpcap.FlowGenerator    FlagFIN current has 30 flow
2022-10-28 09:56:03 DEBUG cic.cs.unb.ca.jnetpcap.FlowGenerator    FlagFIN current has 30 flow
2022-10-28 09:56:03 DEBUG cic.cs.unb.ca.jnetpcap.FlowGenerator    FlagFIN current has 33 flow
2022-10-28 09:56:03 DEBUG cic.cs.unb.ca.jnetpcap.FlowGenerator    FlagFIN current has 33 flow
2022-10-28 09:56:57 DEBUG cic.cs.unb.ca.jnetpcap.FlowGenerator    FlagFIN current has 37 flow
2022-10-28 09:56:57 DEBUG cic.cs.unb.ca.jnetpcap.FlowGenerator    FlagFIN current has 37 flow
2022-10-28 09:56:57 DEBUG cic.cs.unb.ca.jnetpcap.FlowGenerator    FlagFIN current has 39 flow
2022-10-28 09:57:03 DEBUG cic.cs.unb.ca.jnetpcap.FlowGenerator    FlagFIN current has 39 flow
2022-10-28 09:57:03 DEBUG cic.cs.unb.ca.jnetpcap.FlowGenerator    FlagFIN current has 40 flow
2022-10-28 09:57:03 DEBUG cic.cs.unb.ca.jnetpcap.FlowGenerator    FlagFIN current has 40 flow
2022-10-28 09:58:23 DEBUG cic.cs.unb.ca.jnetpcap.FlowGenerator    FlagFIN current has 44 flow
2022-10-28 09:58:23 DEBUG cic.cs.unb.ca.jnetpcap.FlowGenerator    FlagFIN current has 44 flow
2022-10-28 09:58:23 DEBUG cic.cs.unb.ca.jnetpcap.FlowGenerator    FlagFIN current has 43 flow
2022-10-28 09:58:23 DEBUG cic.cs.unb.ca.jnetpcap.FlowGenerator    FlagFIN current has 43 flow
2022-10-28 09:58:23 DEBUG cic.cs.unb.ca.jnetpcap.FlowGenerator    FlagFIN current has 48 flow
2022-10-28 09:58:23 DEBUG cic.cs.unb.ca.jnetpcap.FlowGenerator    FlagFIN current has 48 flow
2022-10-28 10:01:15 DEBUG cic.cs.unb.ca.jnetpcap.FlowGenerator    FlagFIN current has 71 flow
2022-10-28 10:01:36 DEBUG cic.cs.unb.ca.jnetpcap.FlowGenerator    FlagFIN current has 75 flow
2022-10-28 10:01:37 DEBUG cic.cs.unb.ca.jnetpcap.FlowGenerator    FlagFIN current has 92 flow
2022-10-28 10:01:37 DEBUG cic.cs.unb.ca.jnetpcap.FlowGenerator    FlagFIN current has 92 flow
2022-10-28 10:01:37 DEBUG cic.cs.unb.ca.jnetpcap.FlowGenerator    FlagFIN current has 91 flow
2022-10-28 10:01:37 DEBUG cic.cs.unb.ca.jnetpcap.FlowGenerator    FlagFIN current has 91 flow
2022-10-28 10:01:37 DEBUG cic.cs.unb.ca.jnetpcap.FlowGenerator    FlagFIN current has 90 flow
2022-10-28 10:01:37 DEBUG cic.cs.unb.ca.jnetpcap.FlowGenerator    FlagFIN current has 90 flow
2022-10-28 10:01:37 DEBUG cic.cs.unb.ca.jnetpcap.FlowGenerator    FlagFIN current has 89 flow
2022-10-28 10:01:37 DEBUG cic.cs.unb.ca.jnetpcap.FlowGenerator    FlagFIN current has 89 flow
2022-10-28 10:01:37 DEBUG cic.cs.unb.ca.jnetpcap.FlowGenerator    FlagFIN current has 89 flow
2022-10-28 10:01:37 DEBUG cic.cs.unb.ca.jnetpcap.FlowGenerator    FlagFIN current has 88 flow
2022-10-28 10:01:38 DEBUG cic.cs.unb.ca.jnetpcap.FlowGenerator    FlagFIN current has 89 flow
2022-10-28 10:01:38 DEBUG cic.cs.unb.ca.jnetpcap.FlowGenerator    FlagFIN current has 88 flow
2022-10-28 10:01:38 DEBUG cic.cs.unb.ca.jnetpcap.FlowGenerator    FlagFIN current has 87 flow
2022-10-28 10:01:38 DEBUG cic.cs.unb.ca.jnetpcap.FlowGenerator    FlagFIN current has 87 flow
2022-10-28 10:01:38 DEBUG cic.cs.unb.ca.jnetpcap.FlowGenerator    FlagFIN current has 86 flow
2022-10-28 10:01:38 DEBUG cic.cs.unb.ca.jnetpcap.FlowGenerator    FlagFIN current has 86 flow
2022-10-28 10:01:45 DEBUG cic.cs.unb.ca.jnetpcap.FlowGenerator    FlagFIN current has 92 flow
2022-10-28 10:01:45 DEBUG cic.cs.unb.ca.jnetpcap.FlowGenerator    FlagFIN current has 91 flow
2022-10-28 10:01:45 DEBUG cic.cs.unb.ca.jnetpcap.FlowGenerator    FlagFIN current has 90 flow
2022-10-28 10:01:45 DEBUG cic.cs.unb.ca.jnetpcap.FlowGenerator    FlagFIN current has 89 flow
2022-10-28 10:01:45 DEBUG cic.cs.unb.ca.jnetpcap.FlowGenerator    FlagFIN current has 88 flow
2022-10-28 10:01:45 DEBUG cic.cs.unb.ca.jnetpcap.FlowGenerator    FlagFIN current has 87 flow
2022-10-28 10:01:45 DEBUG cic.cs.unb.ca.jnetpcap.FlowGenerator    FlagFIN current has 86 flow
2022-10-28 10:01:45 DEBUG cic.cs.unb.ca.jnetpcap.FlowGenerator    FlagFIN current has 86 flow
2022-10-28 10:02:15 DEBUG cic.cs.unb.ca.jnetpcap.FlowGenerator    FlagFIN current has 95 flow
2022-10-28 10:02:15 DEBUG cic.cs.unb.ca.jnetpcap.FlowGenerator    FlagFIN current has 94 flow
2022-10-28 10:02:15 DEBUG cic.cs.unb.ca.jnetpcap.FlowGenerator    FlagFIN current has 93 flow
2022-10-28 10:02:15 DEBUG cic.cs.unb.ca.jnetpcap.FlowGenerator    FlagFIN current has 93 flow
2022-10-28 10:02:15 DEBUG cic.cs.unb.ca.jnetpcap.FlowGenerator    FlagFIN current has 92 flow
2022-10-28 10:02:15 DEBUG cic.cs.unb.ca.jnetpcap.FlowGenerator    FlagFIN current has 91 flow
2022-10-28 10:02:15 DEBUG cic.cs.unb.ca.jnetpcap.FlowGenerator    FlagFIN current has 90 flow
2022-10-28 10:02:44 DEBUG cic.cs.unb.ca.jnetpcap.FlowGenerator    FlagFIN current has 105 flow
2022-10-28 10:02:44 DEBUG cic.cs.unb.ca.jnetpcap.FlowGenerator    FlagFIN current has 105 flow
2022-10-28 10:02:44 DEBUG cic.cs.unb.ca.jnetpcap.FlowGenerator    FlagFIN current has 104 flow
2022-10-28 10:02:44 DEBUG cic.cs.unb.ca.jnetpcap.FlowGenerator    FlagFIN current has 104 flow
2022-10-28 10:02:46 DEBUG cic.cs.unb.ca.jnetpcap.FlowGenerator    FlagFIN current has 104 flow
2022-10-28 10:02:46 DEBUG cic.cs.unb.ca.jnetpcap.FlowGenerator    FlagFIN current has 104 flow
2022-10-28 10:02:46 DEBUG cic.cs.unb.ca.jnetpcap.FlowGenerator    FlagFIN current has 103 flow
2022-10-28 10:03:15 INFO  cic.cs.unb.ca.flow.ui.FlowMonitorPane    Pcap stop listening
2022-10-28 10:03:15 INFO  cic.cs.unb.ca.flow.ui.FlowMonitorPane    path:D:\Projects\Nokia\Network Intrusion Detection System\CICIDS\CICFlowMeter\bin\data\daily\2022-10-28_Flow.csv
2022-10-28 10:03:15 DEBUG cic.cs.unb.ca.jnetpcap.worker.TrafficFlowWorker    break Packet loop
