2021-09-27 14:32:31 - Pcap is listening...
2021-09-27 14:35:48 - Pcap stop listening
2021-09-27 14:35:48 - path:D:\cicflowmeter-4\CICFlowMeter-4.0\bin\data\daily\2021-09-27_Flow.csv
2021-09-27 14:42:50 - path:D:\cicflowmeter-4\CICFlowMeter-4.0\bin\data\daily\2021-09-27_Flow.csv
2021-09-27 14:49:50 - Pcap is listening...
2021-09-27 14:52:55 - Pcap stop listening
2021-09-27 14:52:55 - path:C:\Users\Network Lab\Desktop\J L Shreya\CICFlowMeter and ISCXFlowMeter\cicflowmeter-4\CICFlowMeter-4.0\bin\data\daily\2021-09-27_Flow.csv
2021-09-27 14:53:05 - Pcap is listening...
2021-09-27 14:54:31 - Pcap stop listening
2021-09-27 14:54:31 - path:C:\Users\Network Lab\Desktop\J L Shreya\CICFlowMeter and ISCXFlowMeter\cicflowmeter-4\CICFlowMeter-4.0\bin\data\daily\2021-09-27_Flow.csv
2021-09-27 14:54:49 - path:C:\Users\Network Lab\Desktop\J L Shreya\CICFlowMeter and ISCXFlowMeter\cicflowmeter-4\CICFlowMeter-4.0\bin\data\daily\2021-09-27_Flow.csv
2021-09-27 14:54:49 - path:C:\Users\Network Lab\Desktop\J L Shreya\CICFlowMeter and ISCXFlowMeter\cicflowmeter-4\CICFlowMeter-4.0\bin\data\daily\2021-09-27_Flow.csv
2021-09-27 14:56:26 - Pcap is listening...
2021-09-27 16:01:14 - Pcap stop listening
2021-09-27 16:01:14 - path:C:\Users\Network Lab\Desktop\J L Shreya\CICFlowMeter and ISCXFlowMeter\cicflowmeter-4\CICFlowMeter-4.0\bin\data\daily\2021-09-27_Flow.csv
2021-09-29 19:01:19 - Pcap is listening...
2021-09-29 19:04:20 - Pcap stop listening
2021-09-29 19:04:20 - path:C:\Users\Network Lab\Desktop\J L Shreya\CICFlowMeter and ISCXFlowMeter\cicflowmeter-4\CICFlowMeter-4.0\bin\data\daily\2021-09-29_Flow.csv
2021-09-29 19:07:47 - path:C:\Users\Network Lab\Desktop\J L Shreya\CICFlowMeter and ISCXFlowMeter\cicflowmeter-4\CICFlowMeter-4.0\bin\data\daily\2021-09-29_Flow.csv
2021-12-19 20:29:20 - Pcap is listening...
2021-12-19 20:34:17 - Pcap stop listening
2021-12-19 20:34:17 - path:F:\CICFlowMeter-4.0\bin\data\daily\2021-12-19_Flow.csv
2021-12-19 20:40:47 - Pcap is listening...
2021-12-19 20:41:21 - Pcap stop listening
2021-12-19 20:41:22 - path:F:\CICFlowMeter-4.0\bin\data\daily\2021-12-19_Flow.csv
2022-06-27 17:45:52 - Pcap is listening...
2022-06-27 17:47:00 - Pcap stop listening
2022-06-27 17:47:00 - path:C:\Users\kiran\Downloads\drive-download-20220627T111447Z-001\bin\data\daily\2022-06-27_Flow.csv
2022-06-27 17:49:40 - Pcap is listening...
2022-06-27 17:59:39 - Pcap stop listening
2022-06-27 17:59:39 - path:C:\Users\kiran\Desktop\Nokia\CICIDS\CICFlowMeter\bin\data\daily\2022-06-27_Flow.csv
2022-06-27 18:03:01 - path:C:\Users\kiran\Desktop\Nokia\CICIDS\CICFlowMeter\bin\data\daily\2022-06-27_Flow.csv
2022-06-27 18:03:37 - Pcap is listening...
2022-06-27 18:04:40 - Pcap stop listening
2022-06-27 18:04:40 - path:C:\Users\kiran\Desktop\Nokia\CICIDS\CICFlowMeter\bin\data\daily\2022-06-27_Flow.csv
2022-06-27 18:09:14 - path:C:\Users\kiran\Desktop\Nokia\CICIDS\CICFlowMeter\bin\data\daily\2022-06-27_Flow.csv
2022-06-27 18:09:23 - Pcap is listening...
2022-06-27 18:09:52 - Pcap stop listening
2022-06-27 18:09:52 - path:C:\Users\kiran\Desktop\Nokia\CICIDS\CICFlowMeter\bin\data\daily\2022-06-27_Flow.csv
2022-06-27 18:10:50 - Pcap is listening...
2022-06-27 18:11:10 - Pcap stop listening
2022-06-27 18:11:10 - path:C:\Users\kiran\Desktop\Nokia\CICIDS\CICFlowMeter\bin\data\daily\2022-06-27_Flow.csv
2022-06-27 18:49:23 - Pcap is listening...
2022-06-27 18:52:16 - Pcap stop listening
2022-06-27 18:52:16 - path:C:\Users\kiran\Desktop\Nokia\CICIDS\CICFlowMeter\bin\data\daily\2022-06-27_Flow.csv
2022-06-27 19:12:31 - Pcap is listening...
2022-06-27 19:13:33 - Pcap stop listening
2022-06-27 19:13:33 - path:C:\Users\kiran\Desktop\Nokia\CICIDS\CICFlowMeter\bin\data\daily\2022-06-27_Flow.csv
2022-06-27 19:13:49 - Pcap is listening...
2022-06-27 19:17:45 - Pcap stop listening
2022-06-27 19:17:45 - path:C:\Users\kiran\Desktop\Nokia\CICIDS\CICFlowMeter\bin\data\daily\2022-06-27_Flow.csv
2022-06-27 19:44:14 - Pcap is listening...
2022-06-27 19:44:42 - Pcap is listening...
2022-06-27 19:48:38 - Pcap stop listening
2022-06-27 19:48:38 - path:C:\Users\kiran\Desktop\Nokia\CICIDS\CICFlowMeter\bin\data\daily\2022-06-27_Flow.csv
2022-06-27 19:54:27 - Pcap is listening...
2022-06-27 19:55:17 - Pcap stop listening
2022-06-27 19:55:17 - path:C:\Users\kiran\Desktop\Nokia\CICIDS\CICFlowMeter\bin\data\daily\2022-06-27_Flow.csv
2022-06-27 19:55:30 - Pcap is listening...
2022-06-27 20:04:45 - Pcap stop listening
2022-06-27 20:04:45 - path:C:\Users\kiran\Desktop\Nokia\CICIDS\CICFlowMeter\bin\data\daily\2022-06-27_Flow.csv
2022-06-28 06:42:49 - Pcap is listening...
2022-06-28 06:43:05 - Pcap stop listening
2022-06-28 06:43:05 - path:C:\Users\kiran\Desktop\Nokia\CICIDS\CICFlowMeter\bin\data\daily\2022-06-28_Flow.csv
2022-06-28 06:43:20 - Pcap is listening...
2022-06-28 07:00:43 - Pcap stop listening
2022-06-28 07:00:43 - path:C:\Users\kiran\Desktop\Nokia\CICIDS\CICFlowMeter\bin\data\daily\2022-06-28_Flow.csv
2022-06-28 13:42:50 - Pcap is listening...
2022-06-28 13:43:13 - Pcap stop listening
2022-06-28 13:43:13 - path:C:\Users\kiran\Desktop\Nokia\CICIDS\CICFlowMeter\bin\data\daily\2022-06-28_Flow.csv
2022-06-28 13:43:27 - Pcap is listening...
2022-06-28 13:46:49 - Pcap stop listening
2022-06-28 13:46:49 - path:C:\Users\kiran\Desktop\Nokia\CICIDS\CICFlowMeter\bin\data\daily\2022-06-28_Flow.csv
2022-06-28 15:21:23 - Pcap is listening...
2022-06-28 15:21:42 - Pcap stop listening
2022-06-28 15:21:42 - path:C:\Users\kiran\Desktop\Nokia\CICIDS\CICFlowMeter\bin\data\daily\2022-06-28_Flow.csv
2022-06-28 15:22:37 - Pcap is listening...
2022-06-28 15:23:07 - Pcap stop listening
2022-06-28 15:23:07 - path:C:\Users\kiran\Desktop\Nokia\CICIDS\CICFlowMeter\bin\data\daily\2022-06-28_Flow.csv
2022-06-28 15:23:37 - Pcap is listening...
2022-06-28 15:26:16 - Pcap stop listening
2022-06-28 15:26:16 - path:C:\Users\kiran\Desktop\Nokia\CICIDS\CICFlowMeter\bin\data\daily\2022-06-28_Flow.csv
2022-06-29 15:20:21 - Pcap is listening...
2022-06-29 15:21:06 - Pcap stop listening
2022-06-29 15:21:06 - path:C:\Users\kiran\Desktop\Nokia\CICIDS\CICFlowMeter\bin\data\daily\2022-06-29_Flow.csv
2022-06-29 15:21:16 - Pcap is listening...
2022-06-29 15:27:38 - Pcap stop listening
2022-06-29 15:27:38 - path:C:\Users\kiran\Desktop\Nokia\CICIDS\CICFlowMeter\bin\data\daily\2022-06-29_Flow.csv
2022-06-29 15:29:27 - Pcap is listening...
2022-06-29 15:33:41 - Pcap stop listening
2022-06-29 15:33:41 - path:C:\Users\kiran\Desktop\Nokia\CICIDS\CICFlowMeter\bin\data\daily\2022-06-29_Flow.csv
2022-06-29 15:34:47 - Pcap is listening...
2022-06-29 15:35:06 - Pcap stop listening
2022-06-29 15:35:06 - path:C:\Users\kiran\Desktop\Nokia\CICIDS\CICFlowMeter\bin\data\daily\2022-06-29_Flow.csv
2022-06-29 15:35:08 - Pcap is listening...
2022-06-29 15:35:39 - Pcap is listening...
2022-06-29 15:36:20 - Pcap stop listening
2022-06-29 15:36:20 - path:C:\Users\kiran\Desktop\Nokia\CICIDS\CICFlowMeter\bin\data\daily\2022-06-29_Flow.csv
2022-06-29 15:37:13 - Pcap is listening...
2022-06-29 15:37:50 - Pcap stop listening
2022-06-29 15:37:50 - path:C:\Users\kiran\Desktop\Nokia\CICIDS\CICFlowMeter\bin\data\daily\2022-06-29_Flow.csv
2022-06-29 15:38:04 - Pcap is listening...
2022-06-29 15:39:23 - Pcap stop listening
2022-06-29 15:39:23 - path:C:\Users\kiran\Desktop\Nokia\CICIDS\CICFlowMeter\bin\data\daily\2022-06-29_Flow.csv
2022-06-29 15:39:44 - Pcap is listening...
2022-06-29 15:40:19 - Pcap stop listening
2022-06-29 15:40:19 - path:C:\Users\kiran\Desktop\Nokia\CICIDS\CICFlowMeter\bin\data\daily\2022-06-29_Flow.csv
2022-06-29 15:40:20 - Pcap is listening...
2022-06-29 15:40:24 - Pcap stop listening
2022-06-29 15:40:24 - path:C:\Users\kiran\Desktop\Nokia\CICIDS\CICFlowMeter\bin\data\daily\2022-06-29_Flow.csv
2022-06-29 15:40:26 - Pcap is listening...
2022-06-29 15:40:32 - Pcap stop listening
2022-06-29 15:40:32 - path:C:\Users\kiran\Desktop\Nokia\CICIDS\CICFlowMeter\bin\data\daily\2022-06-29_Flow.csv
2022-06-29 15:40:37 - Pcap is listening...
2022-06-29 15:41:50 - Pcap stop listening
2022-06-29 15:41:50 - path:C:\Users\kiran\Desktop\Nokia\CICIDS\CICFlowMeter\bin\data\daily\2022-06-29_Flow.csv
2022-06-29 15:42:01 - Pcap is listening...
2022-06-29 15:43:44 - Pcap is listening...
2022-06-29 15:43:59 - Pcap stop listening
2022-06-29 15:43:59 - path:C:\Users\kiran\Desktop\Nokia\CICIDS\CICFlowMeter\bin\data\daily\2022-06-29_Flow.csv
2022-06-29 15:44:04 - Pcap is listening...
2022-06-29 15:46:11 - Pcap stop listening
2022-06-29 15:46:11 - path:C:\Users\kiran\Desktop\Nokia\CICIDS\CICFlowMeter\bin\data\daily\2022-06-29_Flow.csv
2022-06-29 15:55:41 - Pcap is listening...
2022-06-29 15:55:57 - Pcap stop listening
2022-06-29 15:55:57 - path:C:\Users\kiran\Desktop\Nokia\CICIDS\CICFlowMeter\bin\data\daily\2022-06-29_Flow.csv
2022-06-29 15:56:12 - Pcap is listening...
2022-06-29 15:56:40 - Please select pcap!
2022-06-29 15:56:56 - Pcap is listening...
2022-06-29 15:57:31 - Pcap stop listening
2022-06-29 15:57:31 - path:C:\Users\kiran\Desktop\Nokia\CICIDS\CICFlowMeter\bin\data\daily\2022-06-29_Flow.csv
2022-06-29 18:07:19 - Pcap is listening...
2022-06-29 18:07:37 - Pcap stop listening
2022-06-29 18:07:37 - path:C:\Users\kiran\Desktop\Nokia\CICIDS\CICFlowMeter\bin\data\daily\2022-06-29_Flow.csv
2022-06-29 18:07:49 - Pcap is listening...
2022-06-29 18:08:15 - Pcap is listening...
2022-06-29 18:08:39 - Pcap stop listening
2022-06-29 18:08:39 - path:C:\Users\kiran\Desktop\Nokia\CICIDS\CICFlowMeter\bin\data\daily\2022-06-29_Flow.csv
2022-10-26 21:31:00 - Pcap is listening...
2022-10-26 21:35:45 - Pcap stop listening
2022-10-26 21:35:45 - path:D:\Projects\Nokia\Network Intrusion Detection System\CICIDS\CICFlowMeter\bin\data\daily\2022-10-26_Flow.csv
2022-10-26 21:36:03 - Pcap is listening...
2022-10-26 21:46:05 - Pcap stop listening
2022-10-26 21:46:05 - path:D:\Projects\Nokia\Network Intrusion Detection System\CICIDS\CICFlowMeter\bin\data\daily\2022-10-26_Flow.csv
2022-10-28 09:41:38 - Pcap is listening...
2022-10-28 09:44:41 - Pcap stop listening
2022-10-28 09:44:41 - path:D:\Projects\Nokia\Network Intrusion Detection System\CICIDS\CICFlowMeter\bin\data\daily\2022-10-28_Flow.csv
2022-10-28 09:47:18 - Pcap is listening...
2022-10-28 09:49:54 - Pcap stop listening
2022-10-28 09:49:54 - path:D:\Projects\Nokia\Network Intrusion Detection System\CICIDS\CICFlowMeter\bin\data\daily\2022-10-28_Flow.csv
2022-10-28 09:53:12 - Pcap is listening...
2022-10-28 10:03:15 - Pcap stop listening
2022-10-28 10:03:15 - path:D:\Projects\Nokia\Network Intrusion Detection System\CICIDS\CICFlowMeter\bin\data\daily\2022-10-28_Flow.csv
2022-11-01 11:54:45 - Pcap is listening...
2022-11-01 12:03:58 - Pcap stop listening
2022-11-01 12:03:58 - path:D:\Projects\Nokia\Network Intrusion Detection System\CICIDS\CICFlowMeter\bin\data\daily\2022-11-01_Flow.csv
2022-11-02 06:16:53 - Pcap is listening...
2022-11-02 06:36:56 - Pcap stop listening
2022-11-02 06:36:56 - path:D:\Projects\Nokia\Network Intrusion Detection System\CICIDS\CICFlowMeter\bin\data\daily\2022-11-02_Flow.csv
2022-11-02 06:37:35 - Pcap is listening...
2022-11-02 06:48:12 - Pcap stop listening
2022-11-02 06:48:12 - path:D:\Projects\Nokia\Network Intrusion Detection System\CICIDS\CICFlowMeter\bin\data\daily\2022-11-02_Flow.csv
2022-11-02 06:48:49 - Pcap is listening...
2022-11-02 06:53:47 - Pcap stop listening
2022-11-02 06:53:47 - path:D:\Projects\Nokia\Network Intrusion Detection System\CICIDS\CICFlowMeter\bin\data\daily\2022-11-02_Flow.csv
2022-11-02 06:55:28 - Pcap is listening...
2022-11-02 06:58:25 - Pcap stop listening
2022-11-02 06:58:25 - path:D:\Projects\Nokia\Network Intrusion Detection System\CICIDS\CICFlowMeter\bin\data\daily\2022-11-02_Flow.csv
2022-11-02 06:58:52 - Pcap is listening...
2022-11-02 07:01:18 - Pcap stop listening
2022-11-02 07:01:18 - path:D:\Projects\Nokia\Network Intrusion Detection System\CICIDS\CICFlowMeter\bin\data\daily\2022-11-02_Flow.csv
2022-11-02 07:02:04 - Pcap is listening...
2022-11-02 07:05:57 - Pcap stop listening
2022-11-02 07:05:57 - path:D:\Projects\Nokia\Network Intrusion Detection System\CICIDS\CICFlowMeter\bin\data\daily\2022-11-02_Flow.csv
2022-11-02 07:06:25 - Pcap is listening...
2022-11-02 07:09:04 - Pcap stop listening
2022-11-02 07:09:04 - path:D:\Projects\Nokia\Network Intrusion Detection System\CICIDS\CICFlowMeter\bin\data\daily\2022-11-02_Flow.csv
2022-11-02 10:11:01 - Pcap is listening...
2022-11-02 10:14:45 - Pcap stop listening
2022-11-02 10:14:45 - path:D:\Projects\Nokia\Network Intrusion Detection System\CICIDS\CICFlowMeter\bin\data\daily\2022-11-02_Flow.csv
2022-11-02 11:14:19 - Pcap is listening...
2022-11-02 11:34:04 - Pcap is listening...
2022-11-02 11:48:26 - Pcap stop listening
2022-11-02 11:48:26 - path:D:\Projects\Nokia\Network Intrusion Detection System\CICIDS\CICFlowMeter\bin\data\daily\2022-11-02_Flow.csv
2022-11-02 17:19:44 - Pcap is listening...
2022-11-02 17:23:01 - Pcap stop listening
2022-11-02 17:23:01 - path:D:\Projects\Nokia\Network Intrusion Detection System\CICIDS\CICFlowMeter\bin\data\daily\2022-11-02_Flow.csv
2022-11-03 10:27:10 - Pcap is listening...
2022-11-03 10:45:23 - Pcap stop listening
2022-11-03 10:45:23 - path:D:\Projects\Nokia\Network Intrusion Detection System\CICIDS\CICFlowMeter\bin\data\daily\2022-11-03_Flow.csv
2022-11-06 10:02:18 - Pcap is listening...
2022-11-06 10:06:45 - Pcap stop listening
2022-11-06 10:06:45 - path:D:\Projects\Nokia\Network Intrusion Detection System\CICIDS\CICFlowMeter\bin\data\daily\2022-11-06_Flow.csv
2022-11-06 20:41:18 - Pcap is listening...
2022-11-06 20:52:11 - Pcap stop listening
2022-11-06 20:52:11 - path:D:\Projects\Nokia\Network Intrusion Detection System\CICIDS\CICFlowMeter\bin\data\daily\2022-11-06_Flow.csv
2022-11-07 12:42:07 - Pcap is listening...
2022-11-07 12:45:10 - Pcap stop listening
2022-11-07 12:45:10 - path:D:\Projects\Nokia\Network Intrusion Detection System\CICIDS\CICFlowMeter\bin\data\daily\2022-11-07_Flow.csv
2022-11-07 13:28:46 - Pcap is listening...
2022-11-07 13:47:12 - Pcap is listening...
2022-11-07 13:56:50 - Pcap stop listening
2022-11-07 13:56:50 - path:D:\Projects\Nokia\Network Intrusion Detection System\CICIDS\CICFlowMeter\bin\data\daily\2022-11-07_Flow.csv
2022-11-07 13:58:23 - Pcap is listening...
2022-11-07 14:05:29 - Pcap stop listening
2022-11-07 14:05:29 - path:D:\Projects\Nokia\Network Intrusion Detection System\CICIDS\CICFlowMeter\bin\data\daily\2022-11-07_Flow.csv
2022-11-07 14:06:50 - Pcap is listening...
2022-11-07 14:12:12 - Pcap stop listening
2022-11-07 14:12:12 - path:D:\Projects\Nokia\Network Intrusion Detection System\CICIDS\CICFlowMeter\bin\data\daily\2022-11-07_Flow.csv
2022-11-07 14:13:55 - Pcap is listening...
2022-11-07 14:23:38 - Pcap stop listening
2022-11-07 14:23:38 - path:D:\Projects\Nokia\Network Intrusion Detection System\CICIDS\CICFlowMeter\bin\data\daily\2022-11-07_Flow.csv
2022-11-07 14:29:40 - Pcap is listening...
2022-11-07 14:41:53 - Pcap is listening...
2022-11-07 15:40:45 - Pcap stop listening
2022-11-07 15:40:45 - path:D:\Projects\Nokia\Network Intrusion Detection System\CICIDS\CICFlowMeter\bin\data\daily\2022-11-07_Flow.csv
2022-11-07 15:42:16 - Pcap is listening...
2022-11-07 15:46:15 - Pcap stop listening
2022-11-07 15:46:15 - path:D:\Projects\Nokia\Network Intrusion Detection System\CICIDS\CICFlowMeter\bin\data\daily\2022-11-07_Flow.csv
2022-11-07 15:48:28 - Pcap is listening...
2022-11-07 16:21:01 - Pcap stop listening
2022-11-07 16:21:01 - path:D:\Projects\Nokia\Network Intrusion Detection System\CICIDS\CICFlowMeter\bin\data\daily\2022-11-07_Flow.csv
2022-11-10 11:49:28 - Pcap is listening...
2022-11-10 11:49:30 - Pcap stop listening
2022-11-10 11:49:30 - path:D:\Projects\Nokia\Network Intrusion Detection System\CICIDS\CICFlowMeter\bin\data\daily\2022-11-10_Flow.csv
2022-11-10 11:49:38 - Pcap is listening...
2022-11-10 12:17:23 - Pcap stop listening
2022-11-10 12:17:23 - path:D:\Projects\Nokia\Network Intrusion Detection System\CICIDS\CICFlowMeter\bin\data\daily\2022-11-10_Flow.csv
2022-11-11 08:05:28 - Pcap is listening...
2022-11-11 08:10:56 - Pcap stop listening
2022-11-11 08:10:56 - path:D:\Projects\Nokia\Network Intrusion Detection System\CICIDS\CICFlowMeter\bin\data\daily\2022-11-11_Flow.csv
2022-11-11 10:15:51 - Pcap is listening...
2022-11-11 10:17:26 - Pcap stop listening
2022-11-11 10:17:26 - path:D:\Projects\Nokia\Network Intrusion Detection System\CICIDS\CICFlowMeter\bin\data\daily\2022-11-11_Flow.csv
2022-11-11 10:31:32 - Pcap is listening...
2022-11-11 11:10:25 - Pcap stop listening
2022-11-11 11:10:25 - path:D:\Projects\Nokia\Network Intrusion Detection System\CICIDS\CICFlowMeter\bin\data\daily\2022-11-11_Flow.csv
2022-11-11 11:41:15 - Pcap is listening...
2022-11-11 11:57:35 - Pcap stop listening
2022-11-11 11:57:35 - path:D:\Projects\Nokia\Network Intrusion Detection System\CICIDS\CICFlowMeter\bin\data\daily\2022-11-11_Flow.csv
2022-11-11 12:04:06 - Pcap is listening...
2022-11-11 12:51:05 - Pcap stop listening
2022-11-11 12:51:05 - path:D:\Projects\Nokia\Network Intrusion Detection System\CICIDS\CICFlowMeter\bin\data\daily\2022-11-11_Flow.csv
2022-11-11 13:10:45 - Pcap is listening...
2022-11-11 13:12:06 - Pcap stop listening
2022-11-11 13:12:06 - path:D:\Projects\Nokia\Network Intrusion Detection System\CICIDS\CICFlowMeter\bin\data\daily\2022-11-11_Flow.csv
2022-11-11 13:13:24 - Pcap is listening...
2022-11-11 13:32:00 - Pcap stop listening
2022-11-11 13:32:00 - path:D:\Projects\Nokia\Network Intrusion Detection System\CICIDS\CICFlowMeter\bin\data\daily\2022-11-11_Flow.csv
2022-11-11 18:20:48 - Pcap is listening...
2022-11-11 19:58:36 - Pcap stop listening
2022-11-11 19:58:36 - path:D:\Projects\Nokia\Network Intrusion Detection System\CICIDS\CICFlowMeter\bin\data\daily\2022-11-11_Flow.csv
